(lldb) target create "./build/platform/glfw/mbgl-glfw"
Current executable set to '/Users/admin/repos/maplibre-native/build/platform/glfw/mbgl-glfw' (arm64).
(lldb) settings set -- target.run-args  "--style" "https://demotiles.maplibre.org/style.json" "--zoom" "2"
(lldb) run
2025-09-18 23:41:17.259079+0200 mbgl-glfw[54490:637375] [WindowTab] Cannot index window tabs due to missing main bundle identifier
2025-09-18 23:41:17.364337+0200 mbgl-glfw[54490:637563] [INFO] {}[Render]: GLFW window visible: 1
2025-09-18 23:41:17.364373+0200 mbgl-glfw[54490:637563] [INFO] {}[Render]: Initializing Dawn WebGPU backend...
2025-09-18 23:41:17.366410+0200 mbgl-glfw[54490:637563] [INFO] {}[Render]: Dawn instance created successfully
2025-09-18 23:41:17.367310+0200 mbgl-glfw[54490:637563] [INFO] {}[Render]: Found 2 Dawn adapters
2025-09-18 23:41:17.367327+0200 mbgl-glfw[54490:637563] [INFO] {}[Render]: Using Dawn WebGPU implementation with native backend
2025-09-18 23:41:17.367335+0200 mbgl-glfw[54490:637563] [INFO] {}[Render]: Selected Dawn adapter for WebGPU rendering
2025-09-18 23:41:17.367343+0200 mbgl-glfw[54490:637563] [INFO] {}[Render]: Creating Dawn WebGPU device...
2025-09-18 23:41:17.368430+0200 mbgl-glfw[54490:637563] [INFO] {}[Render]: Dawn WebGPU device created successfully

================================================================================

- Press `S` to cycle through bundled styles
- Press `X` to reset the transform
- Press `N` to reset north
- Press `R` to enable the route demo
- Press `E` to insert an example building extrusion layer
- Press `O` to toggle online connectivity
- Press `Z` to cycle through north orientations
- Press `X` to cycle through the viewport modes
- Press `I` to delete existing database and re-initialize
- Press `A` to cycle through Mapbox offices in the world + dateline monument
- Press `B` to cycle through the color, stencil, and depth buffer
- Press `D` to cycle through camera bounds: inside, crossing IDL at left, crossing IDL at right, and disabled
- Press `T` to add custom geometry source
- Press `F` to enable feature-state demo
- Press `U` to toggle pitch bounds
- Press `H` to take a snapshot of a current map.
- Press `J` to take a snapshot of a current map with an extrusions overlay.
- Press `Y` to start a camera fly-by demo

- Press `1` through `6` to add increasing numbers of point annotations for testing
- Press `7` through `0` to add increasing numbers of shape annotations for testing

- Press `Q` to query annotations
- Press `C` to remove annotations
- Press `K` to add a random custom runtime imagery annotation
- Press `L` to add a random line annotation
- Press `W` to pop the last-added annotation off
- Press `V` to toggle custom drawable layer
- Press `B` to toggle rendering stats
- Press `P` to pause tile requests

- Hold `Control` + mouse drag to rotate
- Hold `Shift` + mouse drag to tilt

- Press `F1` to generate a render test for the current view

- Press `Tab` to cycle through the map debug options
- Press `F6` to cycle through Tile LOD modes
- Press `F7` to lower the zoom level without changing the camera
- Press `F8` to higher the zoom level without changing the camera
- Press `Esc` to quit

================================================================================

2025-09-18 23:41:17.433889+0200 mbgl-glfw[54490:637563] [DEBUG] {}[Database]: 283recovered 663 frames from WAL file /Users/admin/Library/HTTPStorages/mbgl-glfw/httpstorages.sqlite-wal
2025-09-18 23:41:17.522448+0200 mbgl-glfw[54490:637432] [Common] Unable to obtain a task name port right for pid 420: (os/kern) failure (0x5)
2025-09-18 23:41:17.549186+0200 mbgl-glfw[54490:637563] [INFO] {}[Style]: Style 'MapLibre' has 9 layers:
  None: 7
  Zoom: 2
2025-09-18 23:41:17.553597+0200 mbgl-glfw[54490:637563] [INFO] {}[Render]: TransformParameters: projMatrix[15]=1152.000000 projMatrix[11]=-0.000094 size=1024x768 scale=4.000000
2025-09-18 23:41:17.553620+0200 mbgl-glfw[54490:637563] [INFO] {}[Render]: TilePyramid::update called for crimea needsRendering=1 needsRelayout=1 zoomRange=[0,18] currentZoom=2.000000
2025-09-18 23:41:17.553651+0200 mbgl-glfw[54490:637563] [INFO] {}[Render]: TilePyramid::update calculated 6 ideal tiles at zoom 2/2
2025-09-18 23:41:17.553660+0200 mbgl-glfw[54490:637563] [INFO] {}[Render]:   First tile: 2/0/1=>2
2025-09-18 23:41:17.553886+0200 mbgl-glfw[54490:637563] [INFO] {}[Render]: TilePyramid::update finished with 0 rendered tiles, 6 total tiles
2025-09-18 23:41:17.553915+0200 mbgl-glfw[54490:637563] [INFO] {}[Render]: RenderTileSetSource::update called for maplibre needsRendering=1 tileset=present cachedTileset=null
2025-09-18 23:41:17.553929+0200 mbgl-glfw[54490:637563] [INFO] {}[Render]: TilePyramid::update called for maplibre needsRendering=1 needsRelayout=1 zoomRange=[0,6] currentZoom=2.000000
2025-09-18 23:41:17.553968+0200 mbgl-glfw[54490:637563] [INFO] {}[Render]: TilePyramid::update calculated 6 ideal tiles at zoom 2/2
2025-09-18 23:41:17.553977+0200 mbgl-glfw[54490:637563] [INFO] {}[Render]:   First tile: 2/0/1=>2
2025-09-18 23:41:17.554353+0200 mbgl-glfw[54490:637563] [INFO] {}[Render]: TilePyramid::update finished with 0 rendered tiles, 8 total tiles
2025-09-18 23:41:17.554378+0200 mbgl-glfw[54490:637563] [INFO] {}[Render]: TilePyramid::update called for org.maplibre.annotations needsRendering=1 needsRelayout=1 zoomRange=[0,16] currentZoom=2.000000
2025-09-18 23:41:17.554390+0200 mbgl-glfw[54490:637563] [INFO] {}[Render]: TilePyramid::update calculated 6 ideal tiles at zoom 2/2
2025-09-18 23:41:17.554398+0200 mbgl-glfw[54490:637563] [INFO] {}[Render]:   First tile: 2/0/1=>2
2025-09-18 23:41:17.554515+0200 mbgl-glfw[54490:637563] [INFO] {}[Render]: TilePyramid::update finished with 0 rendered tiles, 6 total tiles
2025-09-18 23:41:17.554538+0200 mbgl-glfw[54490:637563] [INFO] {}[Render]: RenderLayer::prepare called for coastline with 0 tiles
2025-09-18 23:41:17.554548+0200 mbgl-glfw[54490:637563] [INFO] {}[Render]: RenderLayer::prepare called for countries-fill with 0 tiles
2025-09-18 23:41:17.554554+0200 mbgl-glfw[54490:637563] [INFO] {}[Render]: RenderLayer::prepare called for countries-boundary with 0 tiles
2025-09-18 23:41:17.554560+0200 mbgl-glfw[54490:637563] [INFO] {}[Render]: RenderLayer::prepare called for geolines with 0 tiles
2025-09-18 23:41:17.554565+0200 mbgl-glfw[54490:637563] [INFO] {}[Render]: RenderLayer::prepare called for crimea-fill with 0 tiles
2025-09-18 23:41:17.554661+0200 mbgl-glfw[54490:637563] [INFO] {}[Render]: WebGPU Context: beginFrame()
2025-09-18 23:41:17.554679+0200 mbgl-glfw[54490:637563] [INFO] {}[Shader]: WebGPU: Registered shader group for 'BackgroundShader'
2025-09-18 23:41:17.554689+0200 mbgl-glfw[54490:637563] [INFO] {}[Shader]: WebGPU: Registered shader group for 'BackgroundPatternShader'
2025-09-18 23:41:17.554698+0200 mbgl-glfw[54490:637563] [INFO] {}[Shader]: WebGPU: Registered shader group for 'CircleShader'
2025-09-18 23:41:17.554708+0200 mbgl-glfw[54490:637563] [INFO] {}[Shader]: WebGPU: Registered shader group for 'ClippingMaskProgram'
2025-09-18 23:41:17.554722+0200 mbgl-glfw[54490:637563] [INFO] {}[Shader]: WebGPU: Registered shader group for 'CollisionBoxShader'
2025-09-18 23:41:17.554734+0200 mbgl-glfw[54490:637563] [INFO] {}[Shader]: WebGPU: Registered shader group for 'CollisionCircleShader'
2025-09-18 23:41:17.554741+0200 mbgl-glfw[54490:637563] [INFO] {}[Shader]: WebGPU: Registered shader group for 'CustomGeometryShader'
2025-09-18 23:41:17.554750+0200 mbgl-glfw[54490:637563] [INFO] {}[Shader]: WebGPU: Registered shader group for 'CustomSymbolIconShader'
2025-09-18 23:41:17.554756+0200 mbgl-glfw[54490:637563] [INFO] {}[Shader]: WebGPU: Registered shader group for 'DebugShader'
2025-09-18 23:41:17.554762+0200 mbgl-glfw[54490:637563] [INFO] {}[Shader]: WebGPU: Registered shader group for 'FillShader'
2025-09-18 23:41:17.554787+0200 mbgl-glfw[54490:637563] [INFO] {}[Shader]: WebGPU: Registered shader group for 'FillOutlineShader'
2025-09-18 23:41:17.554798+0200 mbgl-glfw[54490:637563] [INFO] {}[Shader]: WebGPU: Registered shader group for 'FillPatternShader'
2025-09-18 23:41:17.554806+0200 mbgl-glfw[54490:637563] [INFO] {}[Shader]: WebGPU: Registered shader group for 'FillOutlinePatternShader'
2025-09-18 23:41:17.554814+0200 mbgl-glfw[54490:637563] [INFO] {}[Shader]: WebGPU: Registered shader group for 'FillOutlineTriangulatedShader'
2025-09-18 23:41:17.554819+0200 mbgl-glfw[54490:637563] [INFO] {}[Shader]: WebGPU: Registered shader group for 'FillExtrusionShader'
2025-09-18 23:41:17.554826+0200 mbgl-glfw[54490:637563] [INFO] {}[Shader]: WebGPU: Registered shader group for 'FillExtrusionPatternShader'
2025-09-18 23:41:17.554832+0200 mbgl-glfw[54490:637563] [INFO] {}[Shader]: WebGPU: Registered shader group for 'HeatmapShader'
2025-09-18 23:41:17.554840+0200 mbgl-glfw[54490:637563] [INFO] {}[Shader]: WebGPU: Registered shader group for 'HeatmapTextureShader'
2025-09-18 23:41:17.554846+0200 mbgl-glfw[54490:637563] [INFO] {}[Shader]: WebGPU: Registered shader group for 'HillshadeShader'
2025-09-18 23:41:17.554851+0200 mbgl-glfw[54490:637563] [INFO] {}[Shader]: WebGPU: Registered shader group for 'HillshadePrepareShader'
2025-09-18 23:41:17.554856+0200 mbgl-glfw[54490:637563] [INFO] {}[Shader]: WebGPU: Registered shader group for 'LineShader'
2025-09-18 23:41:17.554862+0200 mbgl-glfw[54490:637563] [INFO] {}[Shader]: WebGPU: Registered shader group for 'LineGradientShader'
2025-09-18 23:41:17.554867+0200 mbgl-glfw[54490:637563] [INFO] {}[Shader]: WebGPU: Registered shader group for 'LinePatternShader'
2025-09-18 23:41:17.554873+0200 mbgl-glfw[54490:637563] [INFO] {}[Shader]: WebGPU: Registered shader group for 'LineSDFShader'
2025-09-18 23:41:17.554878+0200 mbgl-glfw[54490:637563] [INFO] {}[Shader]: WebGPU: Registered shader group for 'LocationIndicatorShader'
2025-09-18 23:41:17.554885+0200 mbgl-glfw[54490:637563] [INFO] {}[Shader]: WebGPU: Registered shader group for 'LocationIndicatorTexturedShader'
2025-09-18 23:41:17.554891+0200 mbgl-glfw[54490:637563] [INFO] {}[Shader]: WebGPU: Registered shader group for 'RasterShader'
2025-09-18 23:41:17.554896+0200 mbgl-glfw[54490:637563] [INFO] {}[Shader]: WebGPU: Registered shader group for 'SymbolIconShader'
2025-09-18 23:41:17.554901+0200 mbgl-glfw[54490:637563] [INFO] {}[Shader]: WebGPU: Registered shader group for 'SymbolSDFShader'
2025-09-18 23:41:17.554907+0200 mbgl-glfw[54490:637563] [INFO] {}[Shader]: WebGPU: Registered shader group for 'SymbolTextAndIconShader'
2025-09-18 23:41:17.554911+0200 mbgl-glfw[54490:637563] [INFO] {}[Shader]: WebGPU: Registered shader group for 'WideVectorShader'
2025-09-18 23:41:17.554916+0200 mbgl-glfw[54490:637563] [INFO] {}[Render]: WebGPU CommandEncoder: Creating upload pass: upload
2025-09-18 23:41:17.554922+0200 mbgl-glfw[54490:637563] [INFO] {}[Render]: WebGPU: Creating upload pass: upload
2025-09-18 23:41:17.554928+0200 mbgl-glfw[54490:637563] [INFO] {}[Render]: WebGPU: Creating vertex buffer resource, size=16
2025-09-18 23:41:17.555841+0200 mbgl-glfw[54490:637563] [INFO] {}[Render]:   Vertex buffer created successfully
2025-09-18 23:41:17.555891+0200 mbgl-glfw[54490:637563] [INFO] {}[Render]: RenderFillLayer::update called for countries-fill with 0 tiles
2025-09-18 23:41:17.555905+0200 mbgl-glfw[54490:637563] [INFO] {}[Render]: RenderFillLayer::update called for crimea-fill with 0 tiles
2025-09-18 23:41:17.555916+0200 mbgl-glfw[54490:637563] [INFO] {}[Render]: WebGPU CommandEncoder: Creating upload pass: layerGroup-upload
2025-09-18 23:41:17.555924+0200 mbgl-glfw[54490:637563] [INFO] {}[Render]: WebGPU: Creating upload pass: layerGroup-upload
2025-09-18 23:41:17.555929+0200 mbgl-glfw[54490:637563] [INFO] {}[Render]: RenderOrchestrator::visitLayerGroups called, group count: 0
2025-09-18 23:41:17.555935+0200 mbgl-glfw[54490:637563] [INFO] {}[Render]: RenderOrchestrator::visitLayerGroups called, group count: 0
2025-09-18 23:41:17.555940+0200 mbgl-glfw[54490:637563] [INFO] {}[Render]: About to call drawableTargetsPass()
2025-09-18 23:41:17.555947+0200 mbgl-glfw[54490:637563] [INFO] {}[Render]: About to call commonClearPass()
2025-09-18 23:41:17.555953+0200 mbgl-glfw[54490:637563] [INFO] {}[Render]: Getting surface texture #1
2025-09-18 23:41:17.556859+0200 mbgl-glfw[54490:637563] [INFO] {}[Render]: WebGPU: Acquired swapchain view = 44947574688
2025-09-18 23:41:17.556870+0200 mbgl-glfw[54490:637563] [INFO] {}[Render]: WebGPU: Clearing default framebuffer to black
2025-09-18 23:41:17.556875+0200 mbgl-glfw[54490:637563] [INFO] {}[Render]: WebGPU: Using depth stencil view = 44947572448
2025-09-18 23:41:17.556881+0200 mbgl-glfw[54490:637563] [INFO] {}[Render]: WebGPU: Beginning render pass
2025-09-18 23:41:17.556914+0200 mbgl-glfw[54490:637563] [INFO] {}[Render]: About to call bindGlobalUniformBuffers()
2025-09-18 23:41:17.556927+0200 mbgl-glfw[54490:637563] [INFO] {}[Render]: WebGPU Context::bindGlobalUniformBuffers called
2025-09-18 23:41:17.556935+0200 mbgl-glfw[54490:637563] [INFO] {}[Render]: About to call drawableOpaquePass()
2025-09-18 23:41:17.556941+0200 mbgl-glfw[54490:637563] [INFO] {}[Render]: Starting drawableOpaquePass with 0 layer groups
2025-09-18 23:41:17.556947+0200 mbgl-glfw[54490:637563] [INFO] {}[Render]: Finished drawableOpaquePass
2025-09-18 23:41:17.556952+0200 mbgl-glfw[54490:637563] [INFO] {}[Render]: About to call drawableTranslucentPass()
2025-09-18 23:41:17.556959+0200 mbgl-glfw[54490:637563] [INFO] {}[Render]: Starting drawableTranslucentPass with 0 layer groups
2025-09-18 23:41:17.556964+0200 mbgl-glfw[54490:637563] [INFO] {}[Render]: RenderOrchestrator::visitLayerGroups called, group count: 0
2025-09-18 23:41:17.556969+0200 mbgl-glfw[54490:637563] [INFO] {}[Render]: Finished drawableTranslucentPass
2025-09-18 23:41:17.556976+0200 mbgl-glfw[54490:637563] [INFO] {}[Render]: Skipping drawableDebugOverlays for WebGPU backend
2025-09-18 23:41:17.556983+0200 mbgl-glfw[54490:637563] [INFO] {}[Render]: RenderOrchestrator::visitLayerGroups called, group count: 0
2025-09-18 23:41:17.556989+0200 mbgl-glfw[54490:637563] [INFO] {}[Render]: WebGPU Context::unbindGlobalUniformBuffers called
2025-09-18 23:41:17.556995+0200 mbgl-glfw[54490:637563] [INFO] {}[Render]: WebGPU: Ending render pass (destructor called)
2025-09-18 23:41:17.557001+0200 mbgl-glfw[54490:637563] [INFO] {}[Render]: WebGPU: Render pass ended successfully
2025-09-18 23:41:17.557406+0200 mbgl-glfw[54490:637563] [INFO] {}[Render]: WebGPU: Command buffer submitted to queue
2025-09-18 23:41:18.060525+0200 mbgl-glfw[54490:637563] [INFO] {}[Render]: WebGPU Context: endFrame()
2025-09-18 23:41:18.060853+0200 mbgl-glfw[54490:637563] [INFO] {}[Render]: TransformParameters: projMatrix[15]=1152.000000 projMatrix[11]=-0.000094 size=1024x768 scale=4.000000
2025-09-18 23:41:18.060867+0200 mbgl-glfw[54490:637563] [INFO] {}[Render]: TilePyramid::update called for crimea needsRendering=1 needsRelayout=0 zoomRange=[0,18] currentZoom=2.000000
2025-09-18 23:41:18.060905+0200 mbgl-glfw[54490:637563] [INFO] {}[Render]: TilePyramid::update calculated 6 ideal tiles at zoom 2/2
2025-09-18 23:41:18.060922+0200 mbgl-glfw[54490:637563] [INFO] {}[Render]:   First tile: 2/0/1=>2
2025-09-18 23:41:18.060932+0200 mbgl-glfw[54490:637563] [INFO] {}[Render]: TilePyramid::update finished with 6 rendered tiles, 6 total tiles
2025-09-18 23:41:18.060963+0200 mbgl-glfw[54490:637563] [INFO] {}[Render]: RenderTileSetSource::update called for maplibre needsRendering=1 tileset=present cachedTileset=present
2025-09-18 23:41:18.060970+0200 mbgl-glfw[54490:637563] [INFO] {}[Render]: TilePyramid::update called for maplibre needsRendering=1 needsRelayout=0 zoomRange=[0,6] currentZoom=2.000000
2025-09-18 23:41:18.060999+0200 mbgl-glfw[54490:637563] [INFO] {}[Render]: TilePyramid::update calculated 6 ideal tiles at zoom 2/2
2025-09-18 23:41:18.061015+0200 mbgl-glfw[54490:637563] [INFO] {}[Render]:   First tile: 2/0/1=>2
2025-09-18 23:41:18.061100+0200 mbgl-glfw[54490:637563] [INFO] {}[Render]: TilePyramid::update finished with 0 rendered tiles, 10 total tiles
2025-09-18 23:41:18.061121+0200 mbgl-glfw[54490:637563] [INFO] {}[Render]: TilePyramid::update called for org.maplibre.annotations needsRendering=1 needsRelayout=0 zoomRange=[0,16] currentZoom=2.000000
2025-09-18 23:41:18.061152+0200 mbgl-glfw[54490:637563] [INFO] {}[Render]: TilePyramid::update calculated 6 ideal tiles at zoom 2/2
2025-09-18 23:41:18.061161+0200 mbgl-glfw[54490:637563] [INFO] {}[Render]:   First tile: 2/0/1=>2
2025-09-18 23:41:18.061167+0200 mbgl-glfw[54490:637563] [INFO] {}[Render]: TilePyramid::update finished with 6 rendered tiles, 6 total tiles
2025-09-18 23:41:18.061196+0200 mbgl-glfw[54490:637563] [INFO] {}[Render]: RenderLayer::prepare called for coastline with 0 tiles
2025-09-18 23:41:18.061205+0200 mbgl-glfw[54490:637563] [INFO] {}[Render]: RenderLayer::prepare called for countries-fill with 0 tiles
2025-09-18 23:41:18.061212+0200 mbgl-glfw[54490:637563] [INFO] {}[Render]: RenderLayer::prepare called for countries-boundary with 0 tiles
2025-09-18 23:41:18.061219+0200 mbgl-glfw[54490:637563] [INFO] {}[Render]: RenderLayer::prepare called for geolines with 0 tiles
2025-09-18 23:41:18.061226+0200 mbgl-glfw[54490:637563] [INFO] {}[Render]: RenderLayer::prepare called for crimea-fill with 6 tiles
2025-09-18 23:41:18.061340+0200 mbgl-glfw[54490:637563] [INFO] {}[Render]: WebGPU Context: beginFrame()
2025-09-18 23:41:18.061349+0200 mbgl-glfw[54490:637563] [INFO] {}[Render]: WebGPU CommandEncoder: Creating upload pass: upload
2025-09-18 23:41:18.061355+0200 mbgl-glfw[54490:637563] [INFO] {}[Render]: WebGPU: Creating upload pass: upload
2025-09-18 23:41:18.062003+0200 mbgl-glfw[54490:637563] [INFO] {}[Render]: RenderFillLayer::update called for countries-fill with 0 tiles
2025-09-18 23:41:18.062014+0200 mbgl-glfw[54490:637563] [INFO] {}[Render]: RenderFillLayer::update called for crimea-fill with 6 tiles
2025-09-18 23:41:18.062020+0200 mbgl-glfw[54490:637563] [INFO] {}[Render]: WebGPU: Creating TileLayerGroup: crimea-fill
2025-09-18 23:41:18.062027+0200 mbgl-glfw[54490:637563] [INFO] {}[Render]: RenderLayer::activateLayerGroup called for: crimea-fill activate=1
2025-09-18 23:41:18.062046+0200 mbgl-glfw[54490:637563] [INFO] {}[Render]: RenderFillLayer: Added FillLayerTweaker to crimea-fill
2025-09-18 23:41:18.062053+0200 mbgl-glfw[54490:637563] [INFO] {}[Render]: WebGPU: Creating TileLayerGroup: org.maplibre.annotations.points
2025-09-18 23:41:18.062059+0200 mbgl-glfw[54490:637563] [INFO] {}[Render]: RenderLayer::activateLayerGroup called for: org.maplibre.annotations.points activate=1
2025-09-18 23:41:18.062065+0200 mbgl-glfw[54490:637563] [INFO] {}[Render]: RenderOrchestrator::addLayerGroup called for: crimea-fill at index 7
2025-09-18 23:41:18.062070+0200 mbgl-glfw[54490:637563] [INFO] {}[Render]: RenderOrchestrator::addLayerGroup called for: org.maplibre.annotations.points at index 8
2025-09-18 23:41:18.062076+0200 mbgl-glfw[54490:637563] [INFO] {}[Render]: WebGPU CommandEncoder: Creating upload pass: layerGroup-upload
2025-09-18 23:41:18.062081+0200 mbgl-glfw[54490:637563] [INFO] {}[Render]: WebGPU: Creating upload pass: layerGroup-upload
2025-09-18 23:41:18.062087+0200 mbgl-glfw[54490:637563] [INFO] {}[Render]: RenderOrchestrator::visitLayerGroups called, group count: 2
2025-09-18 23:41:18.062110+0200 mbgl-glfw[54490:637563] [INFO] {}[Render]: Visiting layer group: crimea-fill
2025-09-18 23:41:18.062116+0200 mbgl-glfw[54490:637563] [INFO] {}[Render]: LayerGroupBase::runTweakers called for crimea-fill with 1 tweakers
2025-09-18 23:41:18.062122+0200 mbgl-glfw[54490:637563] [INFO] {}[Render]: FillLayerTweaker::execute called for crimea-fill with 0 drawables
2025-09-18 23:41:18.062127+0200 mbgl-glfw[54490:637563] [INFO] {}[Render]: Visiting layer group: org.maplibre.annotations.points
2025-09-18 23:41:18.062132+0200 mbgl-glfw[54490:637563] [INFO] {}[Render]: LayerGroupBase::runTweakers called for org.maplibre.annotations.points with 1 tweakers
2025-09-18 23:41:18.062137+0200 mbgl-glfw[54490:637563] [INFO] {}[Render]: RenderOrchestrator::visitLayerGroups called, group count: 2
2025-09-18 23:41:18.062312+0200 mbgl-glfw[54490:637563] [INFO] {}[Render]: Visiting layer group: crimea-fill
2025-09-18 23:41:18.062357+0200 mbgl-glfw[54490:637563] [INFO] {}[Render]: Visiting layer group: org.maplibre.annotations.points
2025-09-18 23:41:18.062366+0200 mbgl-glfw[54490:637563] [INFO] {}[Render]: About to call drawableTargetsPass()
2025-09-18 23:41:18.062373+0200 mbgl-glfw[54490:637563] [INFO] {}[Render]: About to call commonClearPass()
2025-09-18 23:41:18.062379+0200 mbgl-glfw[54490:637563] [INFO] {}[Render]: Getting surface texture #2
2025-09-18 23:41:18.062603+0200 mbgl-glfw[54490:637563] [INFO] {}[Render]: WebGPU: Acquired swapchain view = 44947578368
2025-09-18 23:41:18.062617+0200 mbgl-glfw[54490:637563] [INFO] {}[Render]: WebGPU: Clearing default framebuffer to black
2025-09-18 23:41:18.062623+0200 mbgl-glfw[54490:637563] [INFO] {}[Render]: WebGPU: Using depth stencil view = 44947572448
2025-09-18 23:41:18.062629+0200 mbgl-glfw[54490:637563] [INFO] {}[Render]: WebGPU: Beginning render pass
2025-09-18 23:41:18.062638+0200 mbgl-glfw[54490:637563] [INFO] {}[Render]: About to call bindGlobalUniformBuffers()
2025-09-18 23:41:18.062644+0200 mbgl-glfw[54490:637563] [INFO] {}[Render]: WebGPU Context::bindGlobalUniformBuffers called
2025-09-18 23:41:18.062652+0200 mbgl-glfw[54490:637563] [INFO] {}[Render]: About to call drawableOpaquePass()
2025-09-18 23:41:18.062658+0200 mbgl-glfw[54490:637563] [INFO] {}[Render]: Starting drawableOpaquePass with 2 layer groups
2025-09-18 23:41:18.062678+0200 mbgl-glfw[54490:637563] [INFO] {}[Render]: Calling render() on layer group: org.maplibre.annotations.points (opaque pass)
2025-09-18 23:41:18.062693+0200 mbgl-glfw[54490:637563] [INFO] {}[Render]: Calling render() on layer group: crimea-fill (opaque pass)
2025-09-18 23:41:18.062701+0200 mbgl-glfw[54490:637563] [INFO] {}[Render]: Finished drawableOpaquePass
2025-09-18 23:41:18.062707+0200 mbgl-glfw[54490:637563] [INFO] {}[Render]: About to call drawableTranslucentPass()
2025-09-18 23:41:18.062713+0200 mbgl-glfw[54490:637563] [INFO] {}[Render]: Starting drawableTranslucentPass with 2 layer groups
2025-09-18 23:41:18.062718+0200 mbgl-glfw[54490:637563] [INFO] {}[Render]: RenderOrchestrator::visitLayerGroups called, group count: 2
2025-09-18 23:41:18.062724+0200 mbgl-glfw[54490:637563] [INFO] {}[Render]: Visiting layer group: crimea-fill
2025-09-18 23:41:18.062729+0200 mbgl-glfw[54490:637563] [INFO] {}[Render]: Calling render() on layer group: crimea-fill (translucent pass)
2025-09-18 23:41:18.062797+0200 mbgl-glfw[54490:637563] [INFO] {}[Render]: Visiting layer group: org.maplibre.annotations.points
2025-09-18 23:41:18.062803+0200 mbgl-glfw[54490:637563] [INFO] {}[Render]: Calling render() on layer group: org.maplibre.annotations.points (translucent pass)
2025-09-18 23:41:18.062809+0200 mbgl-glfw[54490:637563] [INFO] {}[Render]: Finished drawableTranslucentPass
2025-09-18 23:41:18.062815+0200 mbgl-glfw[54490:637563] [INFO] {}[Render]: Skipping drawableDebugOverlays for WebGPU backend
2025-09-18 23:41:18.062820+0200 mbgl-glfw[54490:637563] [INFO] {}[Render]: RenderOrchestrator::visitLayerGroups called, group count: 2
2025-09-18 23:41:18.062825+0200 mbgl-glfw[54490:637563] [INFO] {}[Render]: Visiting layer group: crimea-fill
2025-09-18 23:41:18.062830+0200 mbgl-glfw[54490:637563] [INFO] {}[Render]: Visiting layer group: org.maplibre.annotations.points
2025-09-18 23:41:18.062840+0200 mbgl-glfw[54490:637563] [INFO] {}[Render]: WebGPU Context::unbindGlobalUniformBuffers called
2025-09-18 23:41:18.062885+0200 mbgl-glfw[54490:637563] [INFO] {}[Render]: WebGPU: Ending render pass (destructor called)
2025-09-18 23:41:18.062896+0200 mbgl-glfw[54490:637563] [INFO] {}[Render]: WebGPU: Render pass ended successfully
2025-09-18 23:41:18.062903+0200 mbgl-glfw[54490:637563] [INFO] {}[Render]: WebGPU: Command buffer submitted to queue
2025-09-18 23:41:18.566817+0200 mbgl-glfw[54490:637563] [INFO] {}[Render]: WebGPU Context: endFrame()
2025-09-18 23:41:18.567712+0200 mbgl-glfw[54490:637563] [INFO] {}[Render]: TransformParameters: projMatrix[15]=1152.000000 projMatrix[11]=-0.000094 size=1024x768 scale=4.000000
2025-09-18 23:41:18.567744+0200 mbgl-glfw[54490:637563] [INFO] {}[Render]: TilePyramid::update called for crimea needsRendering=1 needsRelayout=0 zoomRange=[0,18] currentZoom=2.000000
2025-09-18 23:41:18.567897+0200 mbgl-glfw[54490:637563] [INFO] {}[Render]: TilePyramid::update calculated 6 ideal tiles at zoom 2/2
2025-09-18 23:41:18.567926+0200 mbgl-glfw[54490:637563] [INFO] {}[Render]:   First tile: 2/0/1=>2
2025-09-18 23:41:18.567942+0200 mbgl-glfw[54490:637563] [INFO] {}[Render]: TilePyramid::update finished with 6 rendered tiles, 6 total tiles
2025-09-18 23:41:18.567998+0200 mbgl-glfw[54490:637563] [INFO] {}[Render]: RenderLayer::activateLayerGroup called for: org.maplibre.annotations.points activate=0
2025-09-18 23:41:18.568021+0200 mbgl-glfw[54490:637563] [INFO] {}[Render]: RenderTileSetSource::update called for maplibre needsRendering=1 tileset=present cachedTileset=present
2025-09-18 23:41:18.568036+0200 mbgl-glfw[54490:637563] [INFO] {}[Render]: TilePyramid::update called for maplibre needsRendering=1 needsRelayout=0 zoomRange=[0,6] currentZoom=2.000000
2025-09-18 23:41:18.568158+0200 mbgl-glfw[54490:637563] [INFO] {}[Render]: TilePyramid::update calculated 6 ideal tiles at zoom 2/2
2025-09-18 23:41:18.568184+0200 mbgl-glfw[54490:637563] [INFO] {}[Render]:   First tile: 2/0/1=>2
2025-09-18 23:41:18.568253+0200 mbgl-glfw[54490:637563] [INFO] {}[Render]: TilePyramid::update finished with 2 rendered tiles, 10 total tiles
2025-09-18 23:41:18.568323+0200 mbgl-glfw[54490:637563] [INFO] {}[Render]: TilePyramid::update called for org.maplibre.annotations needsRendering=1 needsRelayout=0 zoomRange=[0,16] currentZoom=2.000000
2025-09-18 23:41:18.568396+0200 mbgl-glfw[54490:637563] [INFO] {}[Render]: TilePyramid::update calculated 6 ideal tiles at zoom 2/2
2025-09-18 23:41:18.568423+0200 mbgl-glfw[54490:637563] [INFO] {}[Render]:   First tile: 2/0/1=>2
2025-09-18 23:41:18.568440+0200 mbgl-glfw[54490:637563] [INFO] {}[Render]: TilePyramid::update finished with 6 rendered tiles, 6 total tiles
2025-09-18 23:41:18.568464+0200 mbgl-glfw[54490:637563] [INFO] {}[Render]: RenderLayer::activateLayerGroup called for: org.maplibre.annotations.points activate=1
2025-09-18 23:41:18.568969+0200 mbgl-glfw[54490:637563] [INFO] {}[Render]: WebGPU Context: beginFrame()
2025-09-18 23:41:18.569033+0200 mbgl-glfw[54490:637563] [INFO] {}[Render]: WebGPU CommandEncoder: Creating upload pass: upload
2025-09-18 23:41:18.569061+0200 mbgl-glfw[54490:637563] [INFO] {}[Render]: WebGPU: Creating upload pass: upload
2025-09-18 23:41:18.569390+0200 mbgl-glfw[54490:637563] [INFO] {}[Render]: WebGPU: Creating TileLayerGroup: coastline
2025-09-18 23:41:18.569418+0200 mbgl-glfw[54490:637563] [INFO] {}[Render]: RenderLayer::activateLayerGroup called for: coastline activate=1
2025-09-18 23:41:18.569535+0200 mbgl-glfw[54490:637563] [INFO] {}[Render]: WGSL vertex snippet for ContextShader

// Constants
const PI: f32 = 3.14159265358979323846;
const LINE_NORMAL_SCALE: f32 = 1.0 / 63.5;  // 1.0 / (127 / 2)
const MAX_LINE_DISTANCE: f32 = 32767.0;
const SDF_PX: f32 = 8.0;

// Helper functio
2025-09-18 23:41:18.571428+0200 mbgl-glfw[54490:637563] [INFO] {}[Render]: Successfully created vertex shader module for ContextShader
2025-09-18 23:41:18.572596+0200 mbgl-glfw[54490:637563] [INFO] {}[Render]: Successfully created fragment shader module for ContextShader
2025-09-18 23:41:18.577407+0200 mbgl-glfw[54490:637563] [INFO] {}[Render]: DrawableBuilder::flush called for line, curVertexCount=200101, impl->rawVerticesCount=200101, currentDrawable=null
2025-09-18 23:41:18.577453+0200 mbgl-glfw[54490:637563] [INFO] {}[Render]:   Entering vertex processing block
2025-09-18 23:41:18.577479+0200 mbgl-glfw[54490:637563] [INFO] {}[Render]:   Getting drawable
2025-09-18 23:41:18.577493+0200 mbgl-glfw[54490:637563] [INFO] {}[Render]: WebGPU: Creating drawable: line
2025-09-18 23:41:18.577505+0200 mbgl-glfw[54490:637563] [INFO] {}[Render]:   About to call init()
2025-09-18 23:41:18.577517+0200 mbgl-glfw[54490:637563] [INFO] {}[Render]: WebGPU DrawableBuilder::init() called
2025-09-18 23:41:18.577528+0200 mbgl-glfw[54490:637563] [INFO] {}[Render]: DrawableBuilder::init for line rawVerticesCount=200101 rawVertices.size=0 segments.size=4 sharedIndexes=yes vertexAttrs=present
2025-09-18 23:41:18.577542+0200 mbgl-glfw[54490:637563] [INFO] {}[Render]:   Setting index data: 547458 indices, 4 segments
2025-09-18 23:41:18.577553+0200 mbgl-glfw[54490:637563] [INFO] {}[Render]: WebGPU DrawableBuilder::init() completed for line
2025-09-18 23:41:18.577564+0200 mbgl-glfw[54490:637563] [INFO] {}[Render]:   Returned from init()
2025-09-18 23:41:18.577574+0200 mbgl-glfw[54490:637563] [INFO] {}[Render]:   Moving drawable to drawables vector
2025-09-18 23:41:18.582179+0200 mbgl-glfw[54490:637563] [INFO] {}[Render]: DrawableBuilder::flush called for line, curVertexCount=200101, impl->rawVerticesCount=200101, currentDrawable=null
2025-09-18 23:41:18.582198+0200 mbgl-glfw[54490:637563] [INFO] {}[Render]:   Entering vertex processing block
2025-09-18 23:41:18.582208+0200 mbgl-glfw[54490:637563] [INFO] {}[Render]:   Getting drawable
2025-09-18 23:41:18.582216+0200 mbgl-glfw[54490:637563] [INFO] {}[Render]: WebGPU: Creating drawable: line
2025-09-18 23:41:18.582224+0200 mbgl-glfw[54490:637563] [INFO] {}[Render]:   About to call init()
2025-09-18 23:41:18.582235+0200 mbgl-glfw[54490:637563] [INFO] {}[Render]: WebGPU DrawableBuilder::init() called
2025-09-18 23:41:18.582244+0200 mbgl-glfw[54490:637563] [INFO] {}[Render]: DrawableBuilder::init for line rawVerticesCount=200101 rawVertices.size=0 segments.size=4 sharedIndexes=yes vertexAttrs=present
2025-09-18 23:41:18.582262+0200 mbgl-glfw[54490:637563] [INFO] {}[Render]:   Setting index data: 547458 indices, 4 segments
2025-09-18 23:41:18.582272+0200 mbgl-glfw[54490:637563] [INFO] {}[Render]: WebGPU DrawableBuilder::init() completed for line
2025-09-18 23:41:18.582280+0200 mbgl-glfw[54490:637563] [INFO] {}[Render]:   Returned from init()
2025-09-18 23:41:18.582290+0200 mbgl-glfw[54490:637563] [INFO] {}[Render]:   Moving drawable to drawables vector
2025-09-18 23:41:18.582298+0200 mbgl-glfw[54490:637563] [INFO] {}[Render]: RenderFillLayer::update called for countries-fill with 2 tiles
2025-09-18 23:41:18.582307+0200 mbgl-glfw[54490:637563] [INFO] {}[Render]: WebGPU: Creating TileLayerGroup: countries-fill
2025-09-18 23:41:18.582316+0200 mbgl-glfw[54490:637563] [INFO] {}[Render]: RenderLayer::activateLayerGroup called for: countries-fill activate=1
2025-09-18 23:41:18.582325+0200 mbgl-glfw[54490:637563] [INFO] {}[Render]: RenderFillLayer: Added FillLayerTweaker to countries-fill
2025-09-18 23:41:18.582334+0200 mbgl-glfw[54490:637563] [INFO] {}[Render]: Creating new drawables for tile 0/0/0=>0
2025-09-18 23:41:18.582362+0200 mbgl-glfw[54490:637563] [INFO] {}[Render]: WGSL vertex snippet for ContextShader

// Constants
const PI: f32 = 3.14159265358979323846;
const LINE_NORMAL_SCALE: f32 = 1.0 / 63.5;  // 1.0 / (127 / 2)
const MAX_LINE_DISTANCE: f32 = 32767.0;
const SDF_PX: f32 = 8.0;

// Helper functio
2025-09-18 23:41:18.582997+0200 mbgl-glfw[54490:637563] [INFO] {}[Render]: Successfully created vertex shader module for ContextShader
2025-09-18 23:41:18.583488+0200 mbgl-glfw[54490:637563] [INFO] {}[Render]: Successfully created fragment shader module for ContextShader
2025-09-18 23:41:18.583526+0200 mbgl-glfw[54490:637563] [INFO] {}[Render]: WGSL vertex snippet for ContextShader

// Constants
const PI: f32 = 3.14159265358979323846;
const LINE_NORMAL_SCALE: f32 = 1.0 / 63.5;  // 1.0 / (127 / 2)
const MAX_LINE_DISTANCE: f32 = 32767.0;
const SDF_PX: f32 = 8.0;

// Helper functio
2025-09-18 23:41:18.584231+0200 mbgl-glfw[54490:637563] [INFO] {}[Render]: Successfully created vertex shader module for ContextShader
2025-09-18 23:41:18.584260+0200 mbgl-glfw[54490:637563] [INFO] {}[Render]: Successfully created fragment shader module for ContextShader
2025-09-18 23:41:18.584763+0200 mbgl-glfw[54490:637563] [INFO] {}[Render]: DrawableBuilder::flush called for countries-fill/fill, curVertexCount=33837, impl->rawVerticesCount=33837, currentDrawable=null
2025-09-18 23:41:18.584773+0200 mbgl-glfw[54490:637563] [INFO] {}[Render]:   Entering vertex processing block
2025-09-18 23:41:18.584778+0200 mbgl-glfw[54490:637563] [INFO] {}[Render]:   Getting drawable
2025-09-18 23:41:18.584784+0200 mbgl-glfw[54490:637563] [INFO] {}[Render]: WebGPU: Creating drawable: countries-fill/fill
2025-09-18 23:41:18.584788+0200 mbgl-glfw[54490:637563] [INFO] {}[Render]:   About to call init()
2025-09-18 23:41:18.584793+0200 mbgl-glfw[54490:637563] [INFO] {}[Render]: WebGPU DrawableBuilder::init() called
2025-09-18 23:41:18.584874+0200 mbgl-glfw[54490:637563] [INFO] {}[Render]: DrawableBuilder::init for countries-fill/fill rawVerticesCount=33837 rawVertices.size=0 segments.size=1 sharedIndexes=yes vertexAttrs=present
2025-09-18 23:41:18.584901+0200 mbgl-glfw[54490:637563] [INFO] {}[Render]:   Setting index data: 72453 indices, 1 segments
2025-09-18 23:41:18.584919+0200 mbgl-glfw[54490:637563] [INFO] {}[Render]: WebGPU DrawableBuilder::init() completed for countries-fill/fill
2025-09-18 23:41:18.584937+0200 mbgl-glfw[54490:637563] [INFO] {}[Render]:   Returned from init()
2025-09-18 23:41:18.584946+0200 mbgl-glfw[54490:637563] [INFO] {}[Render]:   Moving drawable to drawables vector
2025-09-18 23:41:18.584956+0200 mbgl-glfw[54490:637563] [INFO] {}[Render]: Got 1 drawables from builder
2025-09-18 23:41:18.584966+0200 mbgl-glfw[54490:637563] [INFO] {}[Render]:   Adding drawable to layer group for tile 0/0/0=>0
2025-09-18 23:41:18.584979+0200 mbgl-glfw[54490:637563] [INFO] {}[Render]:   Total drawables added: 1
2025-09-18 23:41:18.585101+0200 mbgl-glfw[54490:637563] [INFO] {}[Render]: DrawableBuilder::flush called for countries-fill/fill-outline, curVertexCount=33837, impl->rawVerticesCount=33837, currentDrawable=null
2025-09-18 23:41:18.585120+0200 mbgl-glfw[54490:637563] [INFO] {}[Render]:   Entering vertex processing block
2025-09-18 23:41:18.585126+0200 mbgl-glfw[54490:637563] [INFO] {}[Render]:   Getting drawable
2025-09-18 23:41:18.585132+0200 mbgl-glfw[54490:637563] [INFO] {}[Render]: WebGPU: Creating drawable: countries-fill/fill-outline
2025-09-18 23:41:18.585137+0200 mbgl-glfw[54490:637563] [INFO] {}[Render]:   About to call init()
2025-09-18 23:41:18.585142+0200 mbgl-glfw[54490:637563] [INFO] {}[Render]: WebGPU DrawableBuilder::init() called
2025-09-18 23:41:18.585148+0200 mbgl-glfw[54490:637563] [INFO] {}[Render]: DrawableBuilder::init for countries-fill/fill-outline rawVerticesCount=33837 rawVertices.size=0 segments.size=1 sharedIndexes=yes vertexAttrs=present
2025-09-18 23:41:18.585155+0200 mbgl-glfw[54490:637563] [INFO] {}[Render]:   Setting index data: 67674 indices, 1 segments
2025-09-18 23:41:18.585161+0200 mbgl-glfw[54490:637563] [INFO] {}[Render]: WebGPU DrawableBuilder::init() completed for countries-fill/fill-outline
2025-09-18 23:41:18.585167+0200 mbgl-glfw[54490:637563] [INFO] {}[Render]:   Returned from init()
2025-09-18 23:41:18.585172+0200 mbgl-glfw[54490:637563] [INFO] {}[Render]:   Moving drawable to drawables vector
2025-09-18 23:41:18.585177+0200 mbgl-glfw[54490:637563] [INFO] {}[Render]: Got 1 drawables from builder
2025-09-18 23:41:18.585185+0200 mbgl-glfw[54490:637563] [INFO] {}[Render]:   Adding drawable to layer group for tile 0/0/0=>0
2025-09-18 23:41:18.585190+0200 mbgl-glfw[54490:637563] [INFO] {}[Render]:   Total drawables added: 2
2025-09-18 23:41:18.585196+0200 mbgl-glfw[54490:637563] [INFO] {}[Render]: Creating new drawables for tile 0/0/0=>0
2025-09-18 23:41:18.585444+0200 mbgl-glfw[54490:637563] [INFO] {}[Render]: DrawableBuilder::flush called for countries-fill/fill, curVertexCount=33837, impl->rawVerticesCount=33837, currentDrawable=null
2025-09-18 23:41:18.585456+0200 mbgl-glfw[54490:637563] [INFO] {}[Render]:   Entering vertex processing block
2025-09-18 23:41:18.585461+0200 mbgl-glfw[54490:637563] [INFO] {}[Render]:   Getting drawable
2025-09-18 23:41:18.585465+0200 mbgl-glfw[54490:637563] [INFO] {}[Render]: WebGPU: Creating drawable: countries-fill/fill
2025-09-18 23:41:18.585470+0200 mbgl-glfw[54490:637563] [INFO] {}[Render]:   About to call init()
2025-09-18 23:41:18.585474+0200 mbgl-glfw[54490:637563] [INFO] {}[Render]: WebGPU DrawableBuilder::init() called
2025-09-18 23:41:18.585478+0200 mbgl-glfw[54490:637563] [INFO] {}[Render]: DrawableBuilder::init for countries-fill/fill rawVerticesCount=33837 rawVertices.size=0 segments.size=1 sharedIndexes=yes vertexAttrs=present
2025-09-18 23:41:18.585484+0200 mbgl-glfw[54490:637563] [INFO] {}[Render]:   Setting index data: 72453 indices, 1 segments
2025-09-18 23:41:18.585489+0200 mbgl-glfw[54490:637563] [INFO] {}[Render]: WebGPU DrawableBuilder::init() completed for countries-fill/fill
2025-09-18 23:41:18.585494+0200 mbgl-glfw[54490:637563] [INFO] {}[Render]:   Returned from init()
2025-09-18 23:41:18.585499+0200 mbgl-glfw[54490:637563] [INFO] {}[Render]:   Moving drawable to drawables vector
2025-09-18 23:41:18.585504+0200 mbgl-glfw[54490:637563] [INFO] {}[Render]: Got 1 drawables from builder
2025-09-18 23:41:18.585509+0200 mbgl-glfw[54490:637563] [INFO] {}[Render]:   Adding drawable to layer group for tile 0/0/0=>0
2025-09-18 23:41:18.585516+0200 mbgl-glfw[54490:637563] [INFO] {}[Render]:   Total drawables added: 3
2025-09-18 23:41:18.585755+0200 mbgl-glfw[54490:637563] [INFO] {}[Render]: DrawableBuilder::flush called for countries-fill/fill-outline, curVertexCount=33837, impl->rawVerticesCount=33837, currentDrawable=null
2025-09-18 23:41:18.585766+0200 mbgl-glfw[54490:637563] [INFO] {}[Render]:   Entering vertex processing block
2025-09-18 23:41:18.585773+0200 mbgl-glfw[54490:637563] [INFO] {}[Render]:   Getting drawable
2025-09-18 23:41:18.585777+0200 mbgl-glfw[54490:637563] [INFO] {}[Render]: WebGPU: Creating drawable: countries-fill/fill-outline
2025-09-18 23:41:18.585782+0200 mbgl-glfw[54490:637563] [INFO] {}[Render]:   About to call init()
2025-09-18 23:41:18.585789+0200 mbgl-glfw[54490:637563] [INFO] {}[Render]: WebGPU DrawableBuilder::init() called
2025-09-18 23:41:18.589287+0200 mbgl-glfw[54490:637563] [INFO] {}[Render]: DrawableBuilder::init for countries-fill/fill-outline rawVerticesCount=33837 rawVertices.size=0 segments.size=1 sharedIndexes=yes vertexAttrs=present
2025-09-18 23:41:18.589298+0200 mbgl-glfw[54490:637563] [INFO] {}[Render]:   Setting index data: 67674 indices, 1 segments
2025-09-18 23:41:18.589303+0200 mbgl-glfw[54490:637563] [INFO] {}[Render]: WebGPU DrawableBuilder::init() completed for countries-fill/fill-outline
2025-09-18 23:41:18.589308+0200 mbgl-glfw[54490:637563] [INFO] {}[Render]:   Returned from init()
2025-09-18 23:41:18.589312+0200 mbgl-glfw[54490:637563] [INFO] {}[Render]:   Moving drawable to drawables vector
2025-09-18 23:41:18.589317+0200 mbgl-glfw[54490:637563] [INFO] {}[Render]: Got 1 drawables from builder
2025-09-18 23:41:18.589322+0200 mbgl-glfw[54490:637563] [INFO] {}[Render]:   Adding drawable to layer group for tile 0/0/0=>0
2025-09-18 23:41:18.589327+0200 mbgl-glfw[54490:637563] [INFO] {}[Render]:   Total drawables added: 4
2025-09-18 23:41:18.589334+0200 mbgl-glfw[54490:637563] [INFO] {}[Render]: WebGPU: Creating TileLayerGroup: countries-boundary
2025-09-18 23:41:18.589339+0200 mbgl-glfw[54490:637563] [INFO] {}[Render]: RenderLayer::activateLayerGroup called for: countries-boundary activate=1
2025-09-18 23:41:18.589343+0200 mbgl-glfw[54490:637563] [INFO] {}[Render]: DrawableBuilder::flush called for line, curVertexCount=200101, impl->rawVerticesCount=200101, currentDrawable=null
2025-09-18 23:41:18.589348+0200 mbgl-glfw[54490:637563] [INFO] {}[Render]:   Entering vertex processing block
2025-09-18 23:41:18.589353+0200 mbgl-glfw[54490:637563] [INFO] {}[Render]:   Getting drawable
2025-09-18 23:41:18.589358+0200 mbgl-glfw[54490:637563] [INFO] {}[Render]: WebGPU: Creating drawable: line
2025-09-18 23:41:18.589362+0200 mbgl-glfw[54490:637563] [INFO] {}[Render]:   About to call init()
2025-09-18 23:41:18.589366+0200 mbgl-glfw[54490:637563] [INFO] {}[Render]: WebGPU DrawableBuilder::init() called
2025-09-18 23:41:18.589371+0200 mbgl-glfw[54490:637563] [INFO] {}[Render]: DrawableBuilder::init for line rawVerticesCount=200101 rawVertices.size=0 segments.size=4 sharedIndexes=yes vertexAttrs=present
2025-09-18 23:41:18.589377+0200 mbgl-glfw[54490:637563] [INFO] {}[Render]:   Setting index data: 547458 indices, 4 segments
2025-09-18 23:41:18.589382+0200 mbgl-glfw[54490:637563] [INFO] {}[Render]: WebGPU DrawableBuilder::init() completed for line
2025-09-18 23:41:18.589387+0200 mbgl-glfw[54490:637563] [INFO] {}[Render]:   Returned from init()
2025-09-18 23:41:18.589392+0200 mbgl-glfw[54490:637563] [INFO] {}[Render]:   Moving drawable to drawables vector
2025-09-18 23:41:18.590480+0200 mbgl-glfw[54490:637563] [INFO] {}[Render]: DrawableBuilder::flush called for line, curVertexCount=200101, impl->rawVerticesCount=200101, currentDrawable=null
2025-09-18 23:41:18.590509+0200 mbgl-glfw[54490:637563] [INFO] {}[Render]:   Entering vertex processing block
2025-09-18 23:41:18.590515+0200 mbgl-glfw[54490:637563] [INFO] {}[Render]:   Getting drawable
2025-09-18 23:41:18.590520+0200 mbgl-glfw[54490:637563] [INFO] {}[Render]: WebGPU: Creating drawable: line
2025-09-18 23:41:18.590527+0200 mbgl-glfw[54490:637563] [INFO] {}[Render]:   About to call init()
2025-09-18 23:41:18.590532+0200 mbgl-glfw[54490:637563] [INFO] {}[Render]: WebGPU DrawableBuilder::init() called
2025-09-18 23:41:18.590537+0200 mbgl-glfw[54490:637563] [INFO] {}[Render]: DrawableBuilder::init for line rawVerticesCount=200101 rawVertices.size=0 segments.size=4 sharedIndexes=yes vertexAttrs=present
2025-09-18 23:41:18.590542+0200 mbgl-glfw[54490:637563] [INFO] {}[Render]:   Setting index data: 547458 indices, 4 segments
2025-09-18 23:41:18.590547+0200 mbgl-glfw[54490:637563] [INFO] {}[Render]: WebGPU DrawableBuilder::init() completed for line
2025-09-18 23:41:18.590552+0200 mbgl-glfw[54490:637563] [INFO] {}[Render]:   Returned from init()
2025-09-18 23:41:18.590557+0200 mbgl-glfw[54490:637563] [INFO] {}[Render]:   Moving drawable to drawables vector
2025-09-18 23:41:18.590569+0200 mbgl-glfw[54490:637563] [INFO] {}[Render]: WebGPU: Creating TileLayerGroup: geolines
2025-09-18 23:41:18.590575+0200 mbgl-glfw[54490:637563] [INFO] {}[Render]: RenderLayer::activateLayerGroup called for: geolines activate=1
2025-09-18 23:41:18.590582+0200 mbgl-glfw[54490:637563] [INFO] {}[Render]: WGSL vertex snippet for ContextShader

// Constants
const PI: f32 = 3.14159265358979323846;
const LINE_NORMAL_SCALE: f32 = 1.0 / 63.5;  // 1.0 / (127 / 2)
const MAX_LINE_DISTANCE: f32 = 32767.0;
const SDF_PX: f32 = 8.0;

// Helper functio
2025-09-18 23:41:18.591280+0200 mbgl-glfw[54490:637563] [INFO] {}[Render]: Successfully created vertex shader module for ContextShader
2025-09-18 23:41:18.591679+0200 mbgl-glfw[54490:637563] [INFO] {}[Render]: Successfully created fragment shader module for ContextShader
2025-09-18 23:41:18.591777+0200 mbgl-glfw[54490:637563] [INFO] {}[Render]: DrawableBuilder::flush called for lineSDF, curVertexCount=3614, impl->rawVerticesCount=3614, currentDrawable=null
2025-09-18 23:41:18.591785+0200 mbgl-glfw[54490:637563] [INFO] {}[Render]:   Entering vertex processing block
2025-09-18 23:41:18.591789+0200 mbgl-glfw[54490:637563] [INFO] {}[Render]:   Getting drawable
2025-09-18 23:41:18.591794+0200 mbgl-glfw[54490:637563] [INFO] {}[Render]: WebGPU: Creating drawable: lineSDF
2025-09-18 23:41:18.591798+0200 mbgl-glfw[54490:637563] [INFO] {}[Render]:   About to call init()
2025-09-18 23:41:18.591803+0200 mbgl-glfw[54490:637563] [INFO] {}[Render]: WebGPU DrawableBuilder::init() called
2025-09-18 23:41:18.591807+0200 mbgl-glfw[54490:637563] [INFO] {}[Render]: DrawableBuilder::init for lineSDF rawVerticesCount=3614 rawVertices.size=0 segments.size=1 sharedIndexes=yes vertexAttrs=present
2025-09-18 23:41:18.591812+0200 mbgl-glfw[54490:637563] [INFO] {}[Render]:   Setting index data: 10812 indices, 1 segments
2025-09-18 23:41:18.591817+0200 mbgl-glfw[54490:637563] [INFO] {}[Render]: WebGPU DrawableBuilder::init() completed for lineSDF
2025-09-18 23:41:18.591822+0200 mbgl-glfw[54490:637563] [INFO] {}[Render]:   Returned from init()
2025-09-18 23:41:18.591835+0200 mbgl-glfw[54490:637563] [INFO] {}[Render]:   Moving drawable to drawables vector
2025-09-18 23:41:18.591841+0200 mbgl-glfw[54490:637563] [INFO] {}[Render]: DrawableBuilder::flush called for lineSDF, curVertexCount=3614, impl->rawVerticesCount=3614, currentDrawable=null
2025-09-18 23:41:18.591850+0200 mbgl-glfw[54490:637563] [INFO] {}[Render]:   Entering vertex processing block
2025-09-18 23:41:18.591854+0200 mbgl-glfw[54490:637563] [INFO] {}[Render]:   Getting drawable
2025-09-18 23:41:18.591859+0200 mbgl-glfw[54490:637563] [INFO] {}[Render]: WebGPU: Creating drawable: lineSDF
2025-09-18 23:41:18.591865+0200 mbgl-glfw[54490:637563] [INFO] {}[Render]:   About to call init()
2025-09-18 23:41:18.591870+0200 mbgl-glfw[54490:637563] [INFO] {}[Render]: WebGPU DrawableBuilder::init() called
2025-09-18 23:41:18.591875+0200 mbgl-glfw[54490:637563] [INFO] {}[Render]: DrawableBuilder::init for lineSDF rawVerticesCount=3614 rawVertices.size=0 segments.size=1 sharedIndexes=yes vertexAttrs=present
2025-09-18 23:41:18.591879+0200 mbgl-glfw[54490:637563] [INFO] {}[Render]:   Setting index data: 10812 indices, 1 segments
2025-09-18 23:41:18.591885+0200 mbgl-glfw[54490:637563] [INFO] {}[Render]: WebGPU DrawableBuilder::init() completed for lineSDF
2025-09-18 23:41:18.591890+0200 mbgl-glfw[54490:637563] [INFO] {}[Render]:   Returned from init()
2025-09-18 23:41:18.591895+0200 mbgl-glfw[54490:637563] [INFO] {}[Render]:   Moving drawable to drawables vector
2025-09-18 23:41:18.591901+0200 mbgl-glfw[54490:637563] [INFO] {}[Render]: WebGPU: Creating TileLayerGroup: geolines-label
2025-09-18 23:41:18.591906+0200 mbgl-glfw[54490:637563] [INFO] {}[Render]: RenderLayer::activateLayerGroup called for: geolines-label activate=1
2025-09-18 23:41:18.591911+0200 mbgl-glfw[54490:637563] [INFO] {}[Render]: WebGPU: Creating TileLayerGroup: countries-label
2025-09-18 23:41:18.591919+0200 mbgl-glfw[54490:637563] [INFO] {}[Render]: RenderLayer::activateLayerGroup called for: countries-label activate=1
2025-09-18 23:41:18.591925+0200 mbgl-glfw[54490:637563] [INFO] {}[Render]: RenderOrchestrator::removeLayerGroup called for: org.maplibre.annotations.points
2025-09-18 23:41:18.591930+0200 mbgl-glfw[54490:637563] [INFO] {}[Render]: RenderOrchestrator::addLayerGroup called for: org.maplibre.annotations.points at index 8
2025-09-18 23:41:18.591934+0200 mbgl-glfw[54490:637563] [INFO] {}[Render]: RenderOrchestrator::addLayerGroup called for: coastline at index 1
2025-09-18 23:41:18.591940+0200 mbgl-glfw[54490:637563] [INFO] {}[Render]: RenderOrchestrator::addLayerGroup called for: countries-fill at index 2
2025-09-18 23:41:18.591944+0200 mbgl-glfw[54490:637563] [INFO] {}[Render]: RenderOrchestrator::addLayerGroup called for: countries-boundary at index 3
2025-09-18 23:41:18.591950+0200 mbgl-glfw[54490:637563] [INFO] {}[Render]: RenderOrchestrator::addLayerGroup called for: geolines at index 4
2025-09-18 23:41:18.591954+0200 mbgl-glfw[54490:637563] [INFO] {}[Render]: RenderOrchestrator::addLayerGroup called for: geolines-label at index 5
2025-09-18 23:41:18.591958+0200 mbgl-glfw[54490:637563] [INFO] {}[Render]: RenderOrchestrator::addLayerGroup called for: countries-label at index 6
2025-09-18 23:41:18.591964+0200 mbgl-glfw[54490:637563] [INFO] {}[Render]: WebGPU CommandEncoder: Creating upload pass: layerGroup-upload
2025-09-18 23:41:18.591969+0200 mbgl-glfw[54490:637563] [INFO] {}[Render]: WebGPU: Creating upload pass: layerGroup-upload
2025-09-18 23:41:18.591974+0200 mbgl-glfw[54490:637563] [INFO] {}[Render]: RenderOrchestrator::visitLayerGroups called, group count: 8
2025-09-18 23:41:18.591980+0200 mbgl-glfw[54490:637563] [INFO] {}[Render]: Visiting layer group: coastline
2025-09-18 23:41:18.591985+0200 mbgl-glfw[54490:637563] [INFO] {}[Render]: LayerGroupBase::runTweakers called for coastline with 1 tweakers
2025-09-18 23:41:18.591991+0200 mbgl-glfw[54490:637563] [INFO] {}[Render]: WebGPU: Creating new uniform buffer, size: 48
2025-09-18 23:41:18.591996+0200 mbgl-glfw[54490:637563] [INFO] {}[Render]: WebGPU: Creating new uniform buffer, size: 1568
2025-09-18 23:41:18.592002+0200 mbgl-glfw[54490:637563] [INFO] {}[Render]: getTileMatrix: After matrixFor, matrix[15]=1.000000
2025-09-18 23:41:18.592007+0200 mbgl-glfw[54490:637563] [INFO] {}[Render]: getTileMatrix: After projection multiply, matrix[15]=1152.000000
2025-09-18 23:41:18.592012+0200 mbgl-glfw[54490:637563] [INFO] {}[Render]: getTileMatrix: After matrixFor, matrix[15]=1.000000
2025-09-18 23:41:18.592017+0200 mbgl-glfw[54490:637563] [INFO] {}[Render]: getTileMatrix: After projection multiply, matrix[15]=1152.000000
2025-09-18 23:41:18.592022+0200 mbgl-glfw[54490:637563] [INFO] {}[Render]: Visiting layer group: countries-fill
2025-09-18 23:41:18.592027+0200 mbgl-glfw[54490:637563] [INFO] {}[Render]: LayerGroupBase::runTweakers called for countries-fill with 1 tweakers
2025-09-18 23:41:18.592031+0200 mbgl-glfw[54490:637563] [INFO] {}[Render]: FillLayerTweaker::execute called for countries-fill with 4 drawables
2025-09-18 23:41:18.592036+0200 mbgl-glfw[54490:637563] [INFO] {}[Render]: WebGPU: Creating new uniform buffer, size: 48
2025-09-18 23:41:18.592040+0200 mbgl-glfw[54490:637563] [INFO] {}[Render]: getTileMatrix: After matrixFor, matrix[15]=1.000000
2025-09-18 23:41:18.592045+0200 mbgl-glfw[54490:637563] [INFO] {}[Render]: getTileMatrix: After projection multiply, matrix[15]=1152.000000
2025-09-18 23:41:18.592049+0200 mbgl-glfw[54490:637563] [INFO] {}[Render]: Visiting layer group: countries-boundary
2025-09-18 23:41:18.592053+0200 mbgl-glfw[54490:637563] [INFO] {}[Render]: LayerGroupBase::runTweakers called for countries-boundary with 1 tweakers
2025-09-18 23:41:18.592057+0200 mbgl-glfw[54490:637563] [INFO] {}[Render]: WebGPU: Creating new uniform buffer, size: 48
2025-09-18 23:41:18.592062+0200 mbgl-glfw[54490:637563] [INFO] {}[Render]: WebGPU: Creating new uniform buffer, size: 1568
2025-09-18 23:41:18.592068+0200 mbgl-glfw[54490:637563] [INFO] {}[Render]: Visiting layer group: geolines
2025-09-18 23:41:18.592077+0200 mbgl-glfw[54490:637563] [INFO] {}[Render]: LayerGroupBase::runTweakers called for geolines with 1 tweakers
2025-09-18 23:41:18.592083+0200 mbgl-glfw[54490:637563] [INFO] {}[Render]: WebGPU: Creating new uniform buffer, size: 48
2025-09-18 23:41:18.592090+0200 mbgl-glfw[54490:637563] [INFO] {}[Render]: WebGPU: Creating new uniform buffer, size: 1568
2025-09-18 23:41:18.592140+0200 mbgl-glfw[54490:637563] [INFO] {}[Render]: Visiting layer group: geolines-label
2025-09-18 23:41:18.592147+0200 mbgl-glfw[54490:637563] [INFO] {}[Render]: LayerGroupBase::runTweakers called for geolines-label with 1 tweakers
2025-09-18 23:41:18.592152+0200 mbgl-glfw[54490:637563] [INFO] {}[Render]: Visiting layer group: countries-label
2025-09-18 23:41:18.592156+0200 mbgl-glfw[54490:637563] [INFO] {}[Render]: LayerGroupBase::runTweakers called for countries-label with 1 tweakers
2025-09-18 23:41:18.592161+0200 mbgl-glfw[54490:637563] [INFO] {}[Render]: Visiting layer group: crimea-fill
2025-09-18 23:41:18.592165+0200 mbgl-glfw[54490:637563] [INFO] {}[Render]: LayerGroupBase::runTweakers called for crimea-fill with 1 tweakers
2025-09-18 23:41:18.592170+0200 mbgl-glfw[54490:637563] [INFO] {}[Render]: FillLayerTweaker::execute called for crimea-fill with 0 drawables
2025-09-18 23:41:18.592174+0200 mbgl-glfw[54490:637563] [INFO] {}[Render]: Visiting layer group: org.maplibre.annotations.points
2025-09-18 23:41:18.592179+0200 mbgl-glfw[54490:637563] [INFO] {}[Render]: LayerGroupBase::runTweakers called for org.maplibre.annotations.points with 1 tweakers
2025-09-18 23:41:18.592184+0200 mbgl-glfw[54490:637563] [INFO] {}[Render]: RenderOrchestrator::visitLayerGroups called, group count: 8
2025-09-18 23:41:18.592190+0200 mbgl-glfw[54490:637563] [INFO] {}[Render]: Visiting layer group: coastline
2025-09-18 23:41:18.597735+0200 mbgl-glfw[54490:637563] [INFO] {}[Render]: WebGPU buildAttributeBindings called with vertexCount=200101 vertexData.size=0
2025-09-18 23:41:18.597750+0200 mbgl-glfw[54490:637563] [INFO] {}[Render]:   Override attribute -1 has shared data: yes stride=0
2025-09-18 23:41:18.597756+0200 mbgl-glfw[54490:637563] [INFO] {}[Render]:   Override attribute -1 has shared data: yes stride=0
2025-09-18 23:41:18.597762+0200 mbgl-glfw[54490:637563] [INFO] {}[Render]:   Total override attributes: 2
2025-09-18 23:41:18.597768+0200 mbgl-glfw[54490:637563] [INFO] {}[Render]: WebGPU: Creating vertex buffer resource, size=1600808
2025-09-18 23:41:18.606143+0200 mbgl-glfw[54490:637563] [INFO] {}[Render]:   Vertex buffer created successfully
2025-09-18 23:41:18.606168+0200 mbgl-glfw[54490:637563] [INFO] {}[Render]:     Created binding for attribute 6 from shared buffer. First verts: [13549, 8004]
2025-09-18 23:41:18.606249+0200 mbgl-glfw[54490:637563] [INFO] {}[Render]:     Created binding for attribute 7 from shared buffer. First verts: [13549, 8004]
2025-09-18 23:41:18.622140+0200 mbgl-glfw[54490:637563] [INFO] {}[Render]: WebGPU: Creating vertex buffer resource, size=3201616
2025-09-18 23:41:18.636616+0200 mbgl-glfw[54490:637563] [INFO] {}[Render]:   Vertex buffer created successfully
2025-09-18 23:41:18.636638+0200 mbgl-glfw[54490:637563] [INFO] {}[Render]: Created dummy buffer for missing attribute 8 size=3201616
2025-09-18 23:41:18.652541+0200 mbgl-glfw[54490:637563] [INFO] {}[Render]: WebGPU: Creating vertex buffer resource, size=1600808
2025-09-18 23:41:18.658839+0200 mbgl-glfw[54490:637563] [INFO] {}[Render]:   Vertex buffer created successfully
2025-09-18 23:41:18.658847+0200 mbgl-glfw[54490:637563] [INFO] {}[Render]: Created dummy buffer for missing attribute 9 size=1600808
2025-09-18 23:41:18.669603+0200 mbgl-glfw[54490:637563] [INFO] {}[Render]: WebGPU: Creating vertex buffer resource, size=1600808
2025-09-18 23:41:18.675939+0200 mbgl-glfw[54490:637563] [INFO] {}[Render]:   Vertex buffer created successfully
2025-09-18 23:41:18.675950+0200 mbgl-glfw[54490:637563] [INFO] {}[Render]: Created dummy buffer for missing attribute 10 size=1600808
2025-09-18 23:41:18.686635+0200 mbgl-glfw[54490:637563] [INFO] {}[Render]: WebGPU: Creating vertex buffer resource, size=1600808
2025-09-18 23:41:18.692983+0200 mbgl-glfw[54490:637563] [INFO] {}[Render]:   Vertex buffer created successfully
2025-09-18 23:41:18.692992+0200 mbgl-glfw[54490:637563] [INFO] {}[Render]: Created dummy buffer for missing attribute 11 size=1600808
2025-09-18 23:41:18.703726+0200 mbgl-glfw[54490:637563] [INFO] {}[Render]: WebGPU: Creating vertex buffer resource, size=1600808
2025-09-18 23:41:18.710061+0200 mbgl-glfw[54490:637563] [INFO] {}[Render]:   Vertex buffer created successfully
2025-09-18 23:41:18.710069+0200 mbgl-glfw[54490:637563] [INFO] {}[Render]: Created dummy buffer for missing attribute 12 size=1600808
2025-09-18 23:41:18.720746+0200 mbgl-glfw[54490:637563] [INFO] {}[Render]: WebGPU: Creating vertex buffer resource, size=1600808
2025-09-18 23:41:18.727175+0200 mbgl-glfw[54490:637563] [INFO] {}[Render]:   Vertex buffer created successfully
2025-09-18 23:41:18.727193+0200 mbgl-glfw[54490:637563] [INFO] {}[Render]: Created dummy buffer for missing attribute 13 size=1600808
2025-09-18 23:41:18.736418+0200 mbgl-glfw[54490:637563] [INFO] {}[Render]: WebGPU buildAttributeBindings called with vertexCount=200101 vertexData.size=0
2025-09-18 23:41:18.736440+0200 mbgl-glfw[54490:637563] [INFO] {}[Render]:   Override attribute -1 has shared data: yes stride=0
2025-09-18 23:41:18.736446+0200 mbgl-glfw[54490:637563] [INFO] {}[Render]:   Override attribute -1 has shared data: yes stride=0
2025-09-18 23:41:18.736451+0200 mbgl-glfw[54490:637563] [INFO] {}[Render]:   Total override attributes: 2
2025-09-18 23:41:18.736459+0200 mbgl-glfw[54490:637563] [INFO] {}[Render]: WebGPU: Creating vertex buffer resource, size=1600808
2025-09-18 23:41:18.742736+0200 mbgl-glfw[54490:637563] [INFO] {}[Render]:   Vertex buffer created successfully
2025-09-18 23:41:18.742750+0200 mbgl-glfw[54490:637563] [INFO] {}[Render]:     Created binding for attribute 6 from shared buffer. First verts: [13549, 8004]
2025-09-18 23:41:18.742898+0200 mbgl-glfw[54490:637563] [INFO] {}[Render]:     Created binding for attribute 7 from shared buffer. First verts: [13549, 8004]
2025-09-18 23:41:18.755409+0200 mbgl-glfw[54490:637563] [INFO] {}[Render]: WebGPU: Creating vertex buffer resource, size=3201616
2025-09-18 23:41:18.768067+0200 mbgl-glfw[54490:637563] [INFO] {}[Render]:   Vertex buffer created successfully
2025-09-18 23:41:18.768078+0200 mbgl-glfw[54490:637563] [INFO] {}[Render]: Created dummy buffer for missing attribute 8 size=3201616
2025-09-18 23:41:18.783370+0200 mbgl-glfw[54490:637563] [INFO] {}[Render]: WebGPU: Creating vertex buffer resource, size=1600808
2025-09-18 23:41:18.789668+0200 mbgl-glfw[54490:637563] [INFO] {}[Render]:   Vertex buffer created successfully
2025-09-18 23:41:18.789677+0200 mbgl-glfw[54490:637563] [INFO] {}[Render]: Created dummy buffer for missing attribute 9 size=1600808
2025-09-18 23:41:18.800402+0200 mbgl-glfw[54490:637563] [INFO] {}[Render]: WebGPU: Creating vertex buffer resource, size=1600808
2025-09-18 23:41:18.806722+0200 mbgl-glfw[54490:637563] [INFO] {}[Render]:   Vertex buffer created successfully
2025-09-18 23:41:18.806738+0200 mbgl-glfw[54490:637563] [INFO] {}[Render]: Created dummy buffer for missing attribute 10 size=1600808
2025-09-18 23:41:18.817386+0200 mbgl-glfw[54490:637563] [INFO] {}[Render]: WebGPU: Creating vertex buffer resource, size=1600808
2025-09-18 23:41:18.823719+0200 mbgl-glfw[54490:637563] [INFO] {}[Render]:   Vertex buffer created successfully
2025-09-18 23:41:18.823727+0200 mbgl-glfw[54490:637563] [INFO] {}[Render]: Created dummy buffer for missing attribute 11 size=1600808
2025-09-18 23:41:18.834421+0200 mbgl-glfw[54490:637563] [INFO] {}[Render]: WebGPU: Creating vertex buffer resource, size=1600808
2025-09-18 23:41:18.840711+0200 mbgl-glfw[54490:637563] [INFO] {}[Render]:   Vertex buffer created successfully
2025-09-18 23:41:18.840721+0200 mbgl-glfw[54490:637563] [INFO] {}[Render]: Created dummy buffer for missing attribute 12 size=1600808
2025-09-18 23:41:18.851400+0200 mbgl-glfw[54490:637563] [INFO] {}[Render]: WebGPU: Creating vertex buffer resource, size=1600808
2025-09-18 23:41:18.857733+0200 mbgl-glfw[54490:637563] [INFO] {}[Render]:   Vertex buffer created successfully
2025-09-18 23:41:18.857741+0200 mbgl-glfw[54490:637563] [INFO] {}[Render]: Created dummy buffer for missing attribute 13 size=1600808
2025-09-18 23:41:18.862218+0200 mbgl-glfw[54490:637563] [INFO] {}[Render]: Visiting layer group: countries-fill
2025-09-18 23:41:18.862812+0200 mbgl-glfw[54490:637563] [INFO] {}[Render]: WebGPU buildAttributeBindings called with vertexCount=33837 vertexData.size=0
2025-09-18 23:41:18.862820+0200 mbgl-glfw[54490:637563] [INFO] {}[Render]:   Override attribute -1 has shared data: yes stride=0
2025-09-18 23:41:18.862825+0200 mbgl-glfw[54490:637563] [INFO] {}[Render]:   Override attribute -1 has shared data: yes stride=0
2025-09-18 23:41:18.862829+0200 mbgl-glfw[54490:637563] [INFO] {}[Render]:   Override attribute -1 has shared data: yes stride=0
2025-09-18 23:41:18.862834+0200 mbgl-glfw[54490:637563] [INFO] {}[Render]:   Total override attributes: 3
2025-09-18 23:41:18.862839+0200 mbgl-glfw[54490:637563] [INFO] {}[Render]: WebGPU: Creating vertex buffer resource, size=135348
2025-09-18 23:41:18.863395+0200 mbgl-glfw[54490:637563] [INFO] {}[Render]:   Vertex buffer created successfully
2025-09-18 23:41:18.863402+0200 mbgl-glfw[54490:637563] [INFO] {}[Render]:     Created binding for attribute 0 from shared buffer. First verts: [6774, 4002]
2025-09-18 23:41:18.863407+0200 mbgl-glfw[54490:637563] [INFO] {}[Render]: WebGPU: Creating vertex buffer resource, size=270696
2025-09-18 23:41:18.864484+0200 mbgl-glfw[54490:637563] [INFO] {}[Render]:   Vertex buffer created successfully
2025-09-18 23:41:18.864492+0200 mbgl-glfw[54490:637563] [INFO] {}[Render]:     Created binding for attribute 1 from shared buffer. First verts: [-6912, 18241]
2025-09-18 23:41:18.865581+0200 mbgl-glfw[54490:637563] [INFO] {}[Render]: WebGPU: Creating vertex buffer resource, size=270696
2025-09-18 23:41:18.866704+0200 mbgl-glfw[54490:637563] [INFO] {}[Render]:   Vertex buffer created successfully
2025-09-18 23:41:18.866718+0200 mbgl-glfw[54490:637563] [INFO] {}[Render]: Created dummy buffer for missing attribute 2 size=270696
2025-09-18 23:41:18.868058+0200 mbgl-glfw[54490:637563] [INFO] {}[Render]: WebGPU buildAttributeBindings called with vertexCount=33837 vertexData.size=0
2025-09-18 23:41:18.868067+0200 mbgl-glfw[54490:637563] [INFO] {}[Render]:   Override attribute -1 has shared data: yes stride=0
2025-09-18 23:41:18.868072+0200 mbgl-glfw[54490:637563] [INFO] {}[Render]:   Override attribute -1 has shared data: yes stride=0
2025-09-18 23:41:18.868085+0200 mbgl-glfw[54490:637563] [INFO] {}[Render]:   Override attribute -1 has shared data: yes stride=0
2025-09-18 23:41:18.868090+0200 mbgl-glfw[54490:637563] [INFO] {}[Render]:   Total override attributes: 3
2025-09-18 23:41:18.868094+0200 mbgl-glfw[54490:637563] [INFO] {}[Render]:     Created binding for attribute 5 from shared buffer. First verts: [6774, 4002]
2025-09-18 23:41:18.869150+0200 mbgl-glfw[54490:637563] [INFO] {}[Render]: WebGPU: Creating vertex buffer resource, size=270696
2025-09-18 23:41:18.870221+0200 mbgl-glfw[54490:637563] [INFO] {}[Render]:   Vertex buffer created successfully
2025-09-18 23:41:18.870228+0200 mbgl-glfw[54490:637563] [INFO] {}[Render]: Created dummy buffer for missing attribute 7 size=270696
2025-09-18 23:41:18.870989+0200 mbgl-glfw[54490:637563] [INFO] {}[Render]: WebGPU: Creating vertex buffer resource, size=270696
2025-09-18 23:41:18.872071+0200 mbgl-glfw[54490:637563] [INFO] {}[Render]:   Vertex buffer created successfully
2025-09-18 23:41:18.872079+0200 mbgl-glfw[54490:637563] [INFO] {}[Render]:     Created binding for attribute 6 from shared buffer. First verts: [-6912, 18241]
2025-09-18 23:41:18.872648+0200 mbgl-glfw[54490:637563] [INFO] {}[Render]: WebGPU buildAttributeBindings called with vertexCount=33837 vertexData.size=0
2025-09-18 23:41:18.872655+0200 mbgl-glfw[54490:637563] [INFO] {}[Render]:   Override attribute -1 has shared data: yes stride=0
2025-09-18 23:41:18.872660+0200 mbgl-glfw[54490:637563] [INFO] {}[Render]:   Override attribute -1 has shared data: yes stride=0
2025-09-18 23:41:18.872664+0200 mbgl-glfw[54490:637563] [INFO] {}[Render]:   Override attribute -1 has shared data: yes stride=0
2025-09-18 23:41:18.872668+0200 mbgl-glfw[54490:637563] [INFO] {}[Render]:   Total override attributes: 3
2025-09-18 23:41:18.872673+0200 mbgl-glfw[54490:637563] [INFO] {}[Render]: WebGPU: Creating vertex buffer resource, size=135348
2025-09-18 23:41:18.873217+0200 mbgl-glfw[54490:637563] [INFO] {}[Render]:   Vertex buffer created successfully
2025-09-18 23:41:18.873224+0200 mbgl-glfw[54490:637563] [INFO] {}[Render]:     Created binding for attribute 0 from shared buffer. First verts: [6774, 4002]
2025-09-18 23:41:18.873228+0200 mbgl-glfw[54490:637563] [INFO] {}[Render]: WebGPU: Creating vertex buffer resource, size=270696
2025-09-18 23:41:18.874313+0200 mbgl-glfw[54490:637563] [INFO] {}[Render]:   Vertex buffer created successfully
2025-09-18 23:41:18.874320+0200 mbgl-glfw[54490:637563] [INFO] {}[Render]:     Created binding for attribute 1 from shared buffer. First verts: [-6912, 18241]
2025-09-18 23:41:18.875416+0200 mbgl-glfw[54490:637563] [INFO] {}[Render]: WebGPU: Creating vertex buffer resource, size=270696
2025-09-18 23:41:18.876493+0200 mbgl-glfw[54490:637563] [INFO] {}[Render]:   Vertex buffer created successfully
2025-09-18 23:41:18.876500+0200 mbgl-glfw[54490:637563] [INFO] {}[Render]: Created dummy buffer for missing attribute 2 size=270696
2025-09-18 23:41:18.877797+0200 mbgl-glfw[54490:637563] [INFO] {}[Render]: WebGPU buildAttributeBindings called with vertexCount=33837 vertexData.size=0
2025-09-18 23:41:18.877806+0200 mbgl-glfw[54490:637563] [INFO] {}[Render]:   Override attribute -1 has shared data: yes stride=0
2025-09-18 23:41:18.877812+0200 mbgl-glfw[54490:637563] [INFO] {}[Render]:   Override attribute -1 has shared data: yes stride=0
2025-09-18 23:41:18.877816+0200 mbgl-glfw[54490:637563] [INFO] {}[Render]:   Override attribute -1 has shared data: yes stride=0
2025-09-18 23:41:18.877820+0200 mbgl-glfw[54490:637563] [INFO] {}[Render]:   Total override attributes: 3
2025-09-18 23:41:18.877832+0200 mbgl-glfw[54490:637563] [INFO] {}[Render]:     Created binding for attribute 5 from shared buffer. First verts: [6774, 4002]
2025-09-18 23:41:18.878944+0200 mbgl-glfw[54490:637563] [INFO] {}[Render]: WebGPU: Creating vertex buffer resource, size=270696
2025-09-18 23:41:18.880037+0200 mbgl-glfw[54490:637563] [INFO] {}[Render]:   Vertex buffer created successfully
2025-09-18 23:41:18.880043+0200 mbgl-glfw[54490:637563] [INFO] {}[Render]: Created dummy buffer for missing attribute 7 size=270696
2025-09-18 23:41:18.880806+0200 mbgl-glfw[54490:637563] [INFO] {}[Render]: WebGPU: Creating vertex buffer resource, size=270696
2025-09-18 23:41:18.881883+0200 mbgl-glfw[54490:637563] [INFO] {}[Render]:   Vertex buffer created successfully
2025-09-18 23:41:18.881890+0200 mbgl-glfw[54490:637563] [INFO] {}[Render]:     Created binding for attribute 6 from shared buffer. First verts: [-6912, 18241]
2025-09-18 23:41:18.881894+0200 mbgl-glfw[54490:637563] [INFO] {}[Render]: Visiting layer group: countries-boundary
2025-09-18 23:41:18.886178+0200 mbgl-glfw[54490:637563] [INFO] {}[Render]: WebGPU buildAttributeBindings called with vertexCount=200101 vertexData.size=0
2025-09-18 23:41:18.886188+0200 mbgl-glfw[54490:637563] [INFO] {}[Render]:   Override attribute -1 has shared data: yes stride=0
2025-09-18 23:41:18.886193+0200 mbgl-glfw[54490:637563] [INFO] {}[Render]:   Override attribute -1 has shared data: yes stride=0
2025-09-18 23:41:18.886198+0200 mbgl-glfw[54490:637563] [INFO] {}[Render]:   Total override attributes: 2
2025-09-18 23:41:18.886203+0200 mbgl-glfw[54490:637563] [INFO] {}[Render]: WebGPU: Creating vertex buffer resource, size=1600808
2025-09-18 23:41:18.893076+0200 mbgl-glfw[54490:637563] [INFO] {}[Render]:   Vertex buffer created successfully
2025-09-18 23:41:18.893094+0200 mbgl-glfw[54490:637563] [INFO] {}[Render]:     Created binding for attribute 6 from shared buffer. First verts: [13549, 8004]
2025-09-18 23:41:18.893507+0200 mbgl-glfw[54490:637563] [INFO] {}[Render]:     Created binding for attribute 7 from shared buffer. First verts: [13549, 8004]
2025-09-18 23:41:18.906091+0200 mbgl-glfw[54490:637563] [INFO] {}[Render]: WebGPU: Creating vertex buffer resource, size=3201616
2025-09-18 23:41:18.918727+0200 mbgl-glfw[54490:637563] [INFO] {}[Render]:   Vertex buffer created successfully
2025-09-18 23:41:18.918737+0200 mbgl-glfw[54490:637563] [INFO] {}[Render]: Created dummy buffer for missing attribute 8 size=3201616
2025-09-18 23:41:18.934043+0200 mbgl-glfw[54490:637563] [INFO] {}[Render]: WebGPU: Creating vertex buffer resource, size=1600808
2025-09-18 23:41:18.940458+0200 mbgl-glfw[54490:637563] [INFO] {}[Render]:   Vertex buffer created successfully
2025-09-18 23:41:18.940475+0200 mbgl-glfw[54490:637563] [INFO] {}[Render]: Created dummy buffer for missing attribute 9 size=1600808
2025-09-18 23:41:18.951127+0200 mbgl-glfw[54490:637563] [INFO] {}[Render]: WebGPU: Creating vertex buffer resource, size=1600808
2025-09-18 23:41:18.957438+0200 mbgl-glfw[54490:637563] [INFO] {}[Render]:   Vertex buffer created successfully
2025-09-18 23:41:18.957446+0200 mbgl-glfw[54490:637563] [INFO] {}[Render]: Created dummy buffer for missing attribute 10 size=1600808
2025-09-18 23:41:18.968142+0200 mbgl-glfw[54490:637563] [INFO] {}[Render]: WebGPU: Creating vertex buffer resource, size=1600808
2025-09-18 23:41:18.974451+0200 mbgl-glfw[54490:637563] [INFO] {}[Render]:   Vertex buffer created successfully
2025-09-18 23:41:18.974459+0200 mbgl-glfw[54490:637563] [INFO] {}[Render]: Created dummy buffer for missing attribute 11 size=1600808
2025-09-18 23:41:18.985112+0200 mbgl-glfw[54490:637563] [INFO] {}[Render]: WebGPU: Creating vertex buffer resource, size=1600808
2025-09-18 23:41:18.991504+0200 mbgl-glfw[54490:637563] [INFO] {}[Render]:   Vertex buffer created successfully
2025-09-18 23:41:18.991512+0200 mbgl-glfw[54490:637563] [INFO] {}[Render]: Created dummy buffer for missing attribute 12 size=1600808
2025-09-18 23:41:19.002182+0200 mbgl-glfw[54490:637563] [INFO] {}[Render]: WebGPU: Creating vertex buffer resource, size=1600808
2025-09-18 23:41:19.008520+0200 mbgl-glfw[54490:637563] [INFO] {}[Render]:   Vertex buffer created successfully
2025-09-18 23:41:19.008530+0200 mbgl-glfw[54490:637563] [INFO] {}[Render]: Created dummy buffer for missing attribute 13 size=1600808
2025-09-18 23:41:19.017333+0200 mbgl-glfw[54490:637563] [INFO] {}[Render]: WebGPU buildAttributeBindings called with vertexCount=200101 vertexData.size=0
2025-09-18 23:41:19.017342+0200 mbgl-glfw[54490:637563] [INFO] {}[Render]:   Override attribute -1 has shared data: yes stride=0
2025-09-18 23:41:19.017347+0200 mbgl-glfw[54490:637563] [INFO] {}[Render]:   Override attribute -1 has shared data: yes stride=0
2025-09-18 23:41:19.017351+0200 mbgl-glfw[54490:637563] [INFO] {}[Render]:   Total override attributes: 2
2025-09-18 23:41:19.017366+0200 mbgl-glfw[54490:637563] [INFO] {}[Render]: WebGPU: Creating vertex buffer resource, size=1600808
2025-09-18 23:41:19.023575+0200 mbgl-glfw[54490:637563] [INFO] {}[Render]:   Vertex buffer created successfully
2025-09-18 23:41:19.023590+0200 mbgl-glfw[54490:637563] [INFO] {}[Render]:     Created binding for attribute 6 from shared buffer. First verts: [13549, 8004]
2025-09-18 23:41:19.023659+0200 mbgl-glfw[54490:637563] [INFO] {}[Render]:     Created binding for attribute 7 from shared buffer. First verts: [13549, 8004]
2025-09-18 23:41:19.036123+0200 mbgl-glfw[54490:637563] [INFO] {}[Render]: WebGPU: Creating vertex buffer resource, size=3201616
2025-09-18 23:41:19.048867+0200 mbgl-glfw[54490:637563] [INFO] {}[Render]:   Vertex buffer created successfully
2025-09-18 23:41:19.048884+0200 mbgl-glfw[54490:637563] [INFO] {}[Render]: Created dummy buffer for missing attribute 8 size=3201616
2025-09-18 23:41:19.064205+0200 mbgl-glfw[54490:637563] [INFO] {}[Render]: WebGPU: Creating vertex buffer resource, size=1600808
2025-09-18 23:41:19.070565+0200 mbgl-glfw[54490:637563] [INFO] {}[Render]:   Vertex buffer created successfully
2025-09-18 23:41:19.070573+0200 mbgl-glfw[54490:637563] [INFO] {}[Render]: Created dummy buffer for missing attribute 9 size=1600808
2025-09-18 23:41:19.081242+0200 mbgl-glfw[54490:637563] [INFO] {}[Render]: WebGPU: Creating vertex buffer resource, size=1600808
2025-09-18 23:41:19.087626+0200 mbgl-glfw[54490:637563] [INFO] {}[Render]:   Vertex buffer created successfully
2025-09-18 23:41:19.087634+0200 mbgl-glfw[54490:637563] [INFO] {}[Render]: Created dummy buffer for missing attribute 10 size=1600808
2025-09-18 23:41:19.098297+0200 mbgl-glfw[54490:637563] [INFO] {}[Render]: WebGPU: Creating vertex buffer resource, size=1600808
2025-09-18 23:41:19.104655+0200 mbgl-glfw[54490:637563] [INFO] {}[Render]:   Vertex buffer created successfully
2025-09-18 23:41:19.104666+0200 mbgl-glfw[54490:637563] [INFO] {}[Render]: Created dummy buffer for missing attribute 11 size=1600808
2025-09-18 23:41:19.115351+0200 mbgl-glfw[54490:637563] [INFO] {}[Render]: WebGPU: Creating vertex buffer resource, size=1600808
2025-09-18 23:41:19.121663+0200 mbgl-glfw[54490:637563] [INFO] {}[Render]:   Vertex buffer created successfully
2025-09-18 23:41:19.121671+0200 mbgl-glfw[54490:637563] [INFO] {}[Render]: Created dummy buffer for missing attribute 12 size=1600808
2025-09-18 23:41:19.132371+0200 mbgl-glfw[54490:637563] [INFO] {}[Render]: WebGPU: Creating vertex buffer resource, size=1600808
2025-09-18 23:41:19.138783+0200 mbgl-glfw[54490:637563] [INFO] {}[Render]:   Vertex buffer created successfully
2025-09-18 23:41:19.138791+0200 mbgl-glfw[54490:637563] [INFO] {}[Render]: Created dummy buffer for missing attribute 13 size=1600808
2025-09-18 23:41:19.143282+0200 mbgl-glfw[54490:637563] [INFO] {}[Render]: Visiting layer group: geolines
2025-09-18 23:41:19.143400+0200 mbgl-glfw[54490:637563] [INFO] {}[Render]: WebGPU buildAttributeBindings called with vertexCount=3614 vertexData.size=0
2025-09-18 23:41:19.143408+0200 mbgl-glfw[54490:637563] [INFO] {}[Render]:   Override attribute -1 has shared data: yes stride=0
2025-09-18 23:41:19.143413+0200 mbgl-glfw[54490:637563] [INFO] {}[Render]:   Override attribute -1 has shared data: yes stride=0
2025-09-18 23:41:19.143418+0200 mbgl-glfw[54490:637563] [INFO] {}[Render]:   Total override attributes: 2
2025-09-18 23:41:19.143422+0200 mbgl-glfw[54490:637563] [INFO] {}[Render]: WebGPU: Creating vertex buffer resource, size=28912
2025-09-18 23:41:19.143538+0200 mbgl-glfw[54490:637563] [INFO] {}[Render]:   Vertex buffer created successfully
2025-09-18 23:41:19.143545+0200 mbgl-glfw[54490:637563] [INFO] {}[Render]:     Created binding for attribute 6 from shared buffer. First verts: [0, 9296]
2025-09-18 23:41:19.143550+0200 mbgl-glfw[54490:637563] [INFO] {}[Render]:     Created binding for attribute 7 from shared buffer. First verts: [0, 9296]
2025-09-18 23:41:19.143777+0200 mbgl-glfw[54490:637563] [INFO] {}[Render]: WebGPU: Creating vertex buffer resource, size=57824
2025-09-18 23:41:19.144017+0200 mbgl-glfw[54490:637563] [INFO] {}[Render]:   Vertex buffer created successfully
2025-09-18 23:41:19.144031+0200 mbgl-glfw[54490:637563] [INFO] {}[Render]: Created dummy buffer for missing attribute 8 size=57824
2025-09-18 23:41:19.144316+0200 mbgl-glfw[54490:637563] [INFO] {}[Render]: WebGPU: Creating vertex buffer resource, size=28912
2025-09-18 23:41:19.144452+0200 mbgl-glfw[54490:637563] [INFO] {}[Render]:   Vertex buffer created successfully
2025-09-18 23:41:19.144459+0200 mbgl-glfw[54490:637563] [INFO] {}[Render]: Created dummy buffer for missing attribute 9 size=28912
2025-09-18 23:41:19.144651+0200 mbgl-glfw[54490:637563] [INFO] {}[Render]: WebGPU: Creating vertex buffer resource, size=28912
2025-09-18 23:41:19.144784+0200 mbgl-glfw[54490:637563] [INFO] {}[Render]:   Vertex buffer created successfully
2025-09-18 23:41:19.144791+0200 mbgl-glfw[54490:637563] [INFO] {}[Render]: Created dummy buffer for missing attribute 10 size=28912
2025-09-18 23:41:19.144998+0200 mbgl-glfw[54490:637563] [INFO] {}[Render]: WebGPU: Creating vertex buffer resource, size=28912
2025-09-18 23:41:19.145123+0200 mbgl-glfw[54490:637563] [INFO] {}[Render]:   Vertex buffer created successfully
2025-09-18 23:41:19.145133+0200 mbgl-glfw[54490:637563] [INFO] {}[Render]: Created dummy buffer for missing attribute 11 size=28912
2025-09-18 23:41:19.145326+0200 mbgl-glfw[54490:637563] [INFO] {}[Render]: WebGPU: Creating vertex buffer resource, size=28912
2025-09-18 23:41:19.145450+0200 mbgl-glfw[54490:637563] [INFO] {}[Render]:   Vertex buffer created successfully
2025-09-18 23:41:19.145457+0200 mbgl-glfw[54490:637563] [INFO] {}[Render]: Created dummy buffer for missing attribute 12 size=28912
2025-09-18 23:41:19.145650+0200 mbgl-glfw[54490:637563] [INFO] {}[Render]: WebGPU: Creating vertex buffer resource, size=28912
2025-09-18 23:41:19.145778+0200 mbgl-glfw[54490:637563] [INFO] {}[Render]:   Vertex buffer created successfully
2025-09-18 23:41:19.145785+0200 mbgl-glfw[54490:637563] [INFO] {}[Render]: Created dummy buffer for missing attribute 13 size=28912
2025-09-18 23:41:19.145983+0200 mbgl-glfw[54490:637563] [INFO] {}[Render]: WebGPU: Creating vertex buffer resource, size=28912
2025-09-18 23:41:19.146116+0200 mbgl-glfw[54490:637563] [INFO] {}[Render]:   Vertex buffer created successfully
2025-09-18 23:41:19.146123+0200 mbgl-glfw[54490:637563] [INFO] {}[Render]: Created dummy buffer for missing attribute 14 size=28912
2025-09-18 23:41:19.146301+0200 mbgl-glfw[54490:637563] [INFO] {}[Render]: WebGPU buildAttributeBindings called with vertexCount=3614 vertexData.size=0
2025-09-18 23:41:19.146310+0200 mbgl-glfw[54490:637563] [INFO] {}[Render]:   Override attribute -1 has shared data: yes stride=0
2025-09-18 23:41:19.146318+0200 mbgl-glfw[54490:637563] [INFO] {}[Render]:   Override attribute -1 has shared data: yes stride=0
2025-09-18 23:41:19.146327+0200 mbgl-glfw[54490:637563] [INFO] {}[Render]:   Total override attributes: 2
2025-09-18 23:41:19.146332+0200 mbgl-glfw[54490:637563] [INFO] {}[Render]: WebGPU: Creating vertex buffer resource, size=28912
2025-09-18 23:41:19.146458+0200 mbgl-glfw[54490:637563] [INFO] {}[Render]:   Vertex buffer created successfully
2025-09-18 23:41:19.146468+0200 mbgl-glfw[54490:637563] [INFO] {}[Render]:     Created binding for attribute 6 from shared buffer. First verts: [0, 9296]
2025-09-18 23:41:19.146473+0200 mbgl-glfw[54490:637563] [INFO] {}[Render]:     Created binding for attribute 7 from shared buffer. First verts: [0, 9296]
2025-09-18 23:41:19.146690+0200 mbgl-glfw[54490:637563] [INFO] {}[Render]: WebGPU: Creating vertex buffer resource, size=57824
2025-09-18 23:41:19.146946+0200 mbgl-glfw[54490:637563] [INFO] {}[Render]:   Vertex buffer created successfully
2025-09-18 23:41:19.146953+0200 mbgl-glfw[54490:637563] [INFO] {}[Render]: Created dummy buffer for missing attribute 8 size=57824
2025-09-18 23:41:19.147233+0200 mbgl-glfw[54490:637563] [INFO] {}[Render]: WebGPU: Creating vertex buffer resource, size=28912
2025-09-18 23:41:19.147367+0200 mbgl-glfw[54490:637563] [INFO] {}[Render]:   Vertex buffer created successfully
2025-09-18 23:41:19.147374+0200 mbgl-glfw[54490:637563] [INFO] {}[Render]: Created dummy buffer for missing attribute 9 size=28912
2025-09-18 23:41:19.147567+0200 mbgl-glfw[54490:637563] [INFO] {}[Render]: WebGPU: Creating vertex buffer resource, size=28912
2025-09-18 23:41:19.147702+0200 mbgl-glfw[54490:637563] [INFO] {}[Render]:   Vertex buffer created successfully
2025-09-18 23:41:19.147711+0200 mbgl-glfw[54490:637563] [INFO] {}[Render]: Created dummy buffer for missing attribute 10 size=28912
2025-09-18 23:41:19.147915+0200 mbgl-glfw[54490:637563] [INFO] {}[Render]: WebGPU: Creating vertex buffer resource, size=28912
2025-09-18 23:41:19.148034+0200 mbgl-glfw[54490:637563] [INFO] {}[Render]:   Vertex buffer created successfully
2025-09-18 23:41:19.148041+0200 mbgl-glfw[54490:637563] [INFO] {}[Render]: Created dummy buffer for missing attribute 11 size=28912
2025-09-18 23:41:19.148237+0200 mbgl-glfw[54490:637563] [INFO] {}[Render]: WebGPU: Creating vertex buffer resource, size=28912
2025-09-18 23:41:19.148370+0200 mbgl-glfw[54490:637563] [INFO] {}[Render]:   Vertex buffer created successfully
2025-09-18 23:41:19.148377+0200 mbgl-glfw[54490:637563] [INFO] {}[Render]: Created dummy buffer for missing attribute 12 size=28912
2025-09-18 23:41:19.148570+0200 mbgl-glfw[54490:637563] [INFO] {}[Render]: WebGPU: Creating vertex buffer resource, size=28912
2025-09-18 23:41:19.148704+0200 mbgl-glfw[54490:637563] [INFO] {}[Render]:   Vertex buffer created successfully
2025-09-18 23:41:19.148711+0200 mbgl-glfw[54490:637563] [INFO] {}[Render]: Created dummy buffer for missing attribute 13 size=28912
2025-09-18 23:41:19.148903+0200 mbgl-glfw[54490:637563] [INFO] {}[Render]: WebGPU: Creating vertex buffer resource, size=28912
2025-09-18 23:41:19.149036+0200 mbgl-glfw[54490:637563] [INFO] {}[Render]:   Vertex buffer created successfully
2025-09-18 23:41:19.149043+0200 mbgl-glfw[54490:637563] [INFO] {}[Render]: Created dummy buffer for missing attribute 14 size=28912
2025-09-18 23:41:19.149126+0200 mbgl-glfw[54490:637563] [INFO] {}[Render]: Visiting layer group: geolines-label
2025-09-18 23:41:19.149133+0200 mbgl-glfw[54490:637563] [INFO] {}[Render]: Visiting layer group: countries-label
2025-09-18 23:41:19.149138+0200 mbgl-glfw[54490:637563] [INFO] {}[Render]: Visiting layer group: crimea-fill
2025-09-18 23:41:19.149142+0200 mbgl-glfw[54490:637563] [INFO] {}[Render]: Visiting layer group: org.maplibre.annotations.points
2025-09-18 23:41:19.149147+0200 mbgl-glfw[54490:637563] [INFO] {}[Render]: About to call drawableTargetsPass()
2025-09-18 23:41:19.149151+0200 mbgl-glfw[54490:637563] [INFO] {}[Render]: About to call commonClearPass()
2025-09-18 23:41:19.149156+0200 mbgl-glfw[54490:637563] [INFO] {}[Render]: Getting surface texture #3
2025-09-18 23:41:19.149202+0200 mbgl-glfw[54490:637563] [INFO] {}[Render]: WebGPU: Acquired swapchain view = 44947578848
2025-09-18 23:41:19.149209+0200 mbgl-glfw[54490:637563] [INFO] {}[Render]: WebGPU: Clearing default framebuffer to black
2025-09-18 23:41:19.149214+0200 mbgl-glfw[54490:637563] [INFO] {}[Render]: WebGPU: Using depth stencil view = 44947572448
2025-09-18 23:41:19.149219+0200 mbgl-glfw[54490:637563] [INFO] {}[Render]: WebGPU: Beginning render pass
Process 54490 launched: '/Users/admin/repos/maplibre-native/build/platform/glfw/mbgl-glfw' (arm64)
Process 54490 stopped
* thread #1, queue = 'com.apple.main-thread', stop reason = EXC_BAD_ACCESS (code=1, address=0x2a)
    frame #0: 0x000000010023ca54 mbgl-glfw`dawn::native::AbslFormatConvert(dawn::native::ApiObjectBase const*, absl::FormatConversionSpec const&, absl::FormatSink*) + 412
mbgl-glfw`dawn::native::AbslFormatConvert:
->  0x10023ca54 <+412>: ldr    x8, [x8, #0x28]
    0x10023ca58 <+416>: mov    x0, x20
    0x10023ca5c <+420>: mov    x1, x19
    0x10023ca60 <+424>: blr    x8
Target 0: (mbgl-glfw) stopped.
(lldb) bt
* thread #1, queue = 'com.apple.main-thread', stop reason = EXC_BAD_ACCESS (code=1, address=0x2a)
  * frame #0: 0x000000010023ca54 mbgl-glfw`dawn::native::AbslFormatConvert(dawn::native::ApiObjectBase const*, absl::FormatConversionSpec const&, absl::FormatSink*) + 412
    frame #1: 0x0000000101184154 mbgl-glfw`bool absl::str_format_internal::FormatArgImpl::Dispatch<dawn::native::ApiObjectBase const*>(absl::str_format_internal::FormatArgImpl::Data, absl::str_format_internal::FormatConversionSpecImpl, void*) + 44
    frame #2: 0x00000001000fe7a4 mbgl-glfw`absl::str_format_internal::(anonymous namespace)::ConverterConsumer<absl::str_format_internal::(anonymous namespace)::DefaultConverter>::ConvertOne(absl::str_format_internal::UnboundConversion const&, std::__1::basic_string_view<char, std::__1::char_traits<char>>) + 396
    frame #3: 0x00000001000fdb20 mbgl-glfw`absl::str_format_internal::FormatUntyped(absl::str_format_internal::FormatRawSinkImpl, absl::str_format_internal::UntypedFormatSpecImpl, absl::Span<absl::str_format_internal::FormatArgImpl const>) + 360
    frame #4: 0x00000001000fde84 mbgl-glfw`absl::str_format_internal::FormatPack(absl::str_format_internal::UntypedFormatSpecImpl, absl::Span<absl::str_format_internal::FormatArgImpl const>) + 56
    frame #5: 0x00000001001a1fec mbgl-glfw`std::__1::basic_string<char, std::__1::char_traits<char>, std::__1::allocator<char>> absl::StrFormat<dawn::native::ApiObjectBase const*, dawn::native::DeviceBase*, dawn::native::DeviceBase const*>(absl::str_format_internal::FormatSpecTemplate<str_format_internal::ArgumentToConv<dawn::native::ApiObjectBase const*>(), str_format_internal::ArgumentToConv<dawn::native::DeviceBase*>(), str_format_internal::ArgumentToConv<dawn::native::DeviceBase const*>()> const&, dawn::native::ApiObjectBase const* const&, dawn::native::DeviceBase* const&, dawn::native::DeviceBase const* const&) + 100
    frame #6: 0x00000001001a1ec4 mbgl-glfw`dawn::native::DeviceBase::ValidateObject(dawn::native::ApiObjectBase const*) const + 180
    frame #7: 0x0000000100189d1c mbgl-glfw`dawn::native::(anonymous namespace)::ValidateRenderPassDescriptor(dawn::native::DeviceBase*, dawn::native::UnpackedPtr<dawn::native::RenderPassDescriptor>, dawn::native::UsageValidationMode, dawn::native::(anonymous namespace)::RenderPassValidationState*) + 4772
    frame #8: 0x0000000100182e34 mbgl-glfw`dawn::native::CommandEncoder::BeginRenderPass(dawn::native::RenderPassDescriptor const*) + 464
    frame #9: 0x0000000100182c18 mbgl-glfw`dawn::native::CommandEncoder::APIBeginRenderPass(dawn::native::RenderPassDescriptor const*) + 68
    frame #10: 0x0000000100ddcc74 mbgl-glfw`mbgl::webgpu::RenderPass::RenderPass(this=0x0000000a77927110, commandEncoder_=0x0000000a77cf40e0, name="main buffer", descriptor_=0x000000016fdf9d88) at render_pass.cpp:116:21
    frame #11: 0x0000000100ddcf8c mbgl-glfw`mbgl::webgpu::RenderPass::RenderPass(this=0x0000000a77927110, commandEncoder_=0x0000000a77cf40e0, name="main buffer", descriptor_=0x000000016fdf9d88) at render_pass.cpp:31:38
    frame #12: 0x0000000100d8a004 mbgl-glfw`std::__1::unique_ptr<mbgl::webgpu::RenderPass, std::__1::default_delete<mbgl::webgpu::RenderPass>> std::__1::make_unique[abi:ne200100]<mbgl::webgpu::RenderPass, mbgl::webgpu::CommandEncoder&, char const*&, mbgl::gfx::RenderPassDescriptor const&, 0>(__args=0x0000000a77cf40e0, __args=0x000000016fdf9d28, __args=0x000000016fdf9d88) at unique_ptr.h:767:30
    frame #13: 0x0000000100d89fa4 mbgl-glfw`mbgl::webgpu::CommandEncoder::createRenderPass(this=0x0000000a77cf40e0, name="main buffer", descriptor=0x000000016fdf9d88) at command_encoder.cpp:41:12
    frame #14: 0x0000000100869564 mbgl-glfw`mbgl::Renderer::Impl::render(mbgl::RenderTree const&, std::__1::shared_ptr<mbgl::UpdateParameters> const&)::$_8::operator()(this=0x000000016fdfa048) const at renderer_impl.cpp:342:57
    frame #15: 0x0000000100868638 mbgl-glfw`mbgl::Renderer::Impl::render(this=0x0000000a77283800, renderTree=0x0000000a76c08280, updateParameters=std::__1::shared_ptr<mbgl::UpdateParameters>::element_type @ 0x0000000a76f5f218 strong=3 weak=0) at renderer_impl.cpp:421:5
    frame #16: 0x00000001008634f0 mbgl-glfw`mbgl::Renderer::render(this=0x0000000a76d20c20, updateParameters=std::__1::shared_ptr<mbgl::UpdateParameters>::element_type @ 0x0000000a76f5f218 strong=3 weak=0) at renderer.cpp:44:15
    frame #17: 0x000000010007625c mbgl-glfw`GLFWRendererFrontend::render(this=0x000000016fdfc630) at glfw_renderer_frontend.cpp:49:15
    frame #18: 0x000000010004c798 mbgl-glfw`GLFWView::render(this=0x000000016fdfd4f0) at glfw_view.cpp:1200:27
    frame #19: 0x000000010006d700 mbgl-glfw`GLFWView::run()::$_0::operator()(this=0x0000000a7780cd58) const at glfw_view.cpp:1245:9
    frame #26: 0x0000000100047544 mbgl-glfw`std::__1::function<void ()>::operator()(this= Lambda in File glfw_view.cpp at Line 1229) const at function.h:995:10
    frame #27: 0x0000000100df9bd8 mbgl-glfw`mbgl::util::Timer::Impl::perform((null)=0x0000000a77195b00, info=0x0000000a7780cd50) at timer.cpp:33:58
    frame #28: 0x0000000190242290 CoreFoundation`__CFRUNLOOP_IS_CALLING_OUT_TO_A_TIMER_CALLBACK_FUNCTION__ + 32
    frame #29: 0x0000000190241f50 CoreFoundation`__CFRunLoopDoTimer + 980
    frame #30: 0x0000000190241ac8 CoreFoundation`__CFRunLoopDoTimers + 280
    frame #31: 0x000000019023284c CoreFoundation`__CFRunLoopRun + 1816
    frame #32: 0x00000001902f0898 CoreFoundation`_CFRunLoopRunSpecificWithOptions + 532
    frame #33: 0x000000019cc2f730 HIToolbox`RunCurrentEventLoopInMode + 316
    frame #34: 0x000000019cc329d0 HIToolbox`ReceiveNextEventCommon + 488
    frame #35: 0x000000019cdbc1f4 HIToolbox`_BlockUntilNextEventMatchingListInMode + 48
    frame #36: 0x0000000194b0a308 AppKit`_DPSBlockUntilNextEventMatchingListInMode + 236
    frame #37: 0x0000000194620edc AppKit`_DPSNextEvent + 588
    frame #38: 0x0000000195073a04 AppKit`-[NSApplication(NSEventRouting) _nextEventMatchingEventMask:untilDate:inMode:dequeue:] + 688
    frame #39: 0x0000000195073710 AppKit`-[NSApplication(NSEventRouting) nextEventMatchingMask:untilDate:inMode:dequeue:] + 72
    frame #40: 0x0000000103c5bae4 libglfw.3.dylib`_glfwPollEventsCocoa + 140
    frame #41: 0x00000001000db9f4 mbgl-glfw`GLFWWebGPUBackend::swap(this=0x0000000a772debc0) at glfw_webgpu_backend.cpp:468:5
    frame #42: 0x000000010004c814 mbgl-glfw`GLFWView::render(this=0x000000016fdfd4f0) at glfw_view.cpp:1212:28
    frame #43: 0x000000010004cf64 mbgl-glfw`GLFWView::run(this=0x000000016fdfd4f0) at glfw_view.cpp:1274:9
    frame #44: 0x000000010000a0a0 mbgl-glfw`main(argc=5, argv=0x000000016fdfefa0) at main.cpp:214:11
    frame #45: 0x000000018fdd5d54 dyld`start + 7184
(lldb) quit
