[INFO] {mbgl-glfw}[Render]: GLFW window visible: 1
[INFO] {mbgl-glfw}[Render]: Initializing Dawn WebGPU backend...
[INFO] {mbgl-glfw}[Render]: Dawn instance created successfully
Warning: maxDynamicUniformBuffersPerPipelineLayout artificially reduced from 32 to 16 to fit dynamic offset allocation limit.
Warning: maxDynamicStorageBuffersPerPipelineLayout artificially reduced from 32 to 16 to fit dynamic offset allocation limit.
Warning: maxDynamicUniformBuffersPerPipelineLayout artificially reduced from 500000 to 16 to fit dynamic offset allocation limit.
Warning: maxDynamicStorageBuffersPerPipelineLayout artificially reduced from 500000 to 16 to fit dynamic offset allocation limit.
[INFO] {mbgl-glfw}[Render]: Found 3 Dawn adapters
[INFO] {mbgl-glfw}[Render]: Using Dawn WebGPU implementation with native backend
[INFO] {mbgl-glfw}[Render]: Selected Dawn adapter for WebGPU rendering
[INFO] {mbgl-glfw}[Render]: Creating Dawn WebGPU device...
[INFO] {mbgl-glfw}[Render]: Dawn WebGPU device created successfully
[INFO] {mbgl-glfw}[Render]: Window size: 1024x768
[INFO] {mbgl-glfw}[Render]: Creating surface for WebGPU...
[INFO] {mbgl-glfw}[Render]: Using X11 surface (may be through XWayland)
[INFO] {mbgl-glfw}[Render]: Dawn WebGPU X11 surface created
[INFO] {mbgl-glfw}[Render]: Dawn WebGPU surface configured successfully

================================================================================

- Press `S` to cycle through bundled styles
- Press `X` to reset the transform
- Press `N` to reset north
- Press `R` to enable the route demo
- Press `E` to insert an example building extrusion layer
- Press `O` to toggle online connectivity
- Press `Z` to cycle through north orientations
- Press `X` to cycle through the viewport modes
- Press `I` to delete existing database and re-initialize
- Press `A` to cycle through Mapbox offices in the world + dateline monument
- Press `B` to cycle through the color, stencil, and depth buffer
- Press `D` to cycle through camera bounds: inside, crossing IDL at left, crossing IDL at right, and disabled
- Press `T` to add custom geometry source
- Press `F` to enable feature-state demo
- Press `U` to toggle pitch bounds
- Press `H` to take a snapshot of a current map.
- Press `J` to take a snapshot of a current map with an extrusions overlay.
- Press `Y` to start a camera fly-by demo

- Press `1` through `6` to add increasing numbers of point annotations for testing
- Press `7` through `0` to add increasing numbers of shape annotations for testing

- Press `Q` to query annotations
- Press `C` to remove annotations
- Press `K` to add a random custom runtime imagery annotation
- Press `L` to add a random line annotation
- Press `W` to pop the last-added annotation off
- Press `V` to toggle custom drawable layer
- Press `B` to toggle rendering stats
- Press `P` to pause tile requests

- Hold `Control` + mouse drag to rotate
- Hold `Shift` + mouse drag to tilt

- Press `F1` to generate a render test for the current view

- Press `Tab` to cycle through the map debug options
- Press `F6` to cycle through Tile LOD modes
- Press `F7` to lower the zoom level without changing the camera
- Press `F8` to higher the zoom level without changing the camera
- Press `Esc` to quit

================================================================================

[INFO] {mbgl-glfw}[Render]: TransformParameters: projMatrix[15]=-54680245.664534 projMatrix[11]=-2.208959 size=1024x768 scale=262144.000000
[INFO] {mbgl-glfw}[Render]: WebGPU Context: beginFrame()
[INFO] {mbgl-glfw}[Shader]: WebGPU: Registered shader group for 'BackgroundShader'
[INFO] {mbgl-glfw}[Shader]: WebGPU: Registered shader group for 'BackgroundPatternShader'
[INFO] {mbgl-glfw}[Shader]: WebGPU: Registered shader group for 'CircleShader'
[INFO] {mbgl-glfw}[Shader]: WebGPU: Registered shader group for 'ClippingMaskProgram'
[INFO] {mbgl-glfw}[Shader]: WebGPU: Registered shader group for 'CollisionBoxShader'
[INFO] {mbgl-glfw}[Shader]: WebGPU: Registered shader group for 'CollisionCircleShader'
[INFO] {mbgl-glfw}[Shader]: WebGPU: Registered shader group for 'CustomGeometryShader'
[INFO] {mbgl-glfw}[Shader]: WebGPU: Registered shader group for 'CustomSymbolIconShader'
[INFO] {mbgl-glfw}[Shader]: WebGPU: Registered shader group for 'DebugShader'
[INFO] {mbgl-glfw}[Shader]: WebGPU: Registered shader group for 'FillShader'
[INFO] {mbgl-glfw}[Shader]: WebGPU: Registered shader group for 'FillOutlineShader'
[INFO] {mbgl-glfw}[Shader]: WebGPU: Registered shader group for 'FillPatternShader'
[INFO] {mbgl-glfw}[Shader]: WebGPU: Registered shader group for 'FillOutlinePatternShader'
[INFO] {mbgl-glfw}[Shader]: WebGPU: Registered shader group for 'FillOutlineTriangulatedShader'
[INFO] {mbgl-glfw}[Shader]: WebGPU: Registered shader group for 'FillExtrusionShader'
[INFO] {mbgl-glfw}[Shader]: WebGPU: Registered shader group for 'FillExtrusionPatternShader'
[INFO] {mbgl-glfw}[Shader]: WebGPU: Registered shader group for 'HeatmapShader'
[INFO] {mbgl-glfw}[Shader]: WebGPU: Registered shader group for 'HeatmapTextureShader'
[INFO] {mbgl-glfw}[Shader]: WebGPU: Registered shader group for 'HillshadeShader'
[INFO] {mbgl-glfw}[Shader]: WebGPU: Registered shader group for 'HillshadePrepareShader'
[INFO] {mbgl-glfw}[Shader]: WebGPU: Registered shader group for 'LineShader'
[INFO] {mbgl-glfw}[Shader]: WebGPU: Registered shader group for 'LineGradientShader'
[INFO] {mbgl-glfw}[Shader]: WebGPU: Registered shader group for 'LinePatternShader'
[INFO] {mbgl-glfw}[Shader]: WebGPU: Registered shader group for 'LineSDFShader'
[INFO] {mbgl-glfw}[Shader]: WebGPU: Registered shader group for 'LocationIndicatorShader'
[INFO] {mbgl-glfw}[Shader]: WebGPU: Registered shader group for 'LocationIndicatorTexturedShader'
[INFO] {mbgl-glfw}[Shader]: WebGPU: Registered shader group for 'RasterShader'
[INFO] {mbgl-glfw}[Shader]: WebGPU: Registered shader group for 'SymbolIconShader'
[INFO] {mbgl-glfw}[Shader]: WebGPU: Registered shader group for 'SymbolSDFShader'
[INFO] {mbgl-glfw}[Shader]: WebGPU: Registered shader group for 'SymbolTextAndIconShader'
[INFO] {mbgl-glfw}[Shader]: WebGPU: Registered shader group for 'WideVectorShader'
[INFO] {mbgl-glfw}[Render]: WebGPU CommandEncoder: Creating upload pass: upload
[INFO] {mbgl-glfw}[Render]: WebGPU: Creating upload pass: upload
[INFO] {mbgl-glfw}[Render]: WebGPU: Creating vertex buffer resource, size=16
[INFO] {mbgl-glfw}[Render]:   Vertex buffer created successfully
[INFO] {mbgl-glfw}[Render]: WebGPU CommandEncoder: Creating upload pass: layerGroup-upload
[INFO] {mbgl-glfw}[Render]: WebGPU: Creating upload pass: layerGroup-upload
[INFO] {mbgl-glfw}[Render]: RenderOrchestrator::visitLayerGroups called, group count: 0
[INFO] {mbgl-glfw}[Render]: RenderOrchestrator::visitLayerGroups called, group count: 0
[INFO] {mbgl-glfw}[Render]: About to call drawableTargetsPass()
[INFO] {mbgl-glfw}[Render]: About to call commonClearPass()
[INFO] {mbgl-glfw}[Render]: Getting surface texture #1
[INFO] {mbgl-glfw}[Render]: WebGPU: Acquired swapchain view = 980041216
[INFO] {mbgl-glfw}[Render]: WebGPU: Clearing default framebuffer to black
[INFO] {mbgl-glfw}[Render]: WebGPU: Using depth stencil view = 980737104
[INFO] {mbgl-glfw}[Render]: WebGPU: Beginning render pass
[INFO] {mbgl-glfw}[Render]: About to call bindGlobalUniformBuffers()
[INFO] {mbgl-glfw}[Render]: WebGPU Context::bindGlobalUniformBuffers called
[INFO] {mbgl-glfw}[Render]: About to call drawableOpaquePass()
[INFO] {mbgl-glfw}[Render]: Starting drawableOpaquePass with 0 layer groups
[INFO] {mbgl-glfw}[Render]: Finished drawableOpaquePass
[INFO] {mbgl-glfw}[Render]: About to call drawableTranslucentPass()
[INFO] {mbgl-glfw}[Render]: Starting drawableTranslucentPass with 0 layer groups
[INFO] {mbgl-glfw}[Render]: RenderOrchestrator::visitLayerGroups called, group count: 0
[INFO] {mbgl-glfw}[Render]: Finished drawableTranslucentPass
[INFO] {mbgl-glfw}[Render]: About to call drawableDebugOverlays()
[INFO] {mbgl-glfw}[Render]: RenderOrchestrator::visitLayerGroups called, group count: 0
[INFO] {mbgl-glfw}[Render]: WebGPU Context::unbindGlobalUniformBuffers called
[INFO] {mbgl-glfw}[Render]: WebGPU: Ending render pass (destructor called)
[INFO] {mbgl-glfw}[Render]: WebGPU: Render pass ended successfully
[INFO] {mbgl-glfw}[Render]: WebGPU: Command buffer submitted to queue
[INFO] {mbgl-glfw}[Render]: Debug triangle draw submitted
[INFO] {mbgl-glfw}[Render]: WebGPU Context: endFrame()
[INFO] {mbgl-glfw}[Render]: TransformParameters: projMatrix[15]=-40584868.624233 projMatrix[11]=-3.384298 size=1024x768 scale=262144.000000
[INFO] {mbgl-glfw}[Render]: TilePyramid::update called for crimea needsRendering=1 needsRelayout=1 zoomRange=[0,18] currentZoom=18.000000
[INFO] {mbgl-glfw}[Render]: TilePyramid::update calculated 11 ideal tiles at zoom 18/18
[INFO] {mbgl-glfw}[Render]:   First tile: 18/77176/98571=>18
[INFO] {mbgl-glfw}[Render]: TilePyramid::update finished with 0 rendered tiles, 11 total tiles
[INFO] {mbgl-glfw}[Render]: RenderTileSetSource::update called for maplibre needsRendering=1 tileset=null cachedTileset=null
[INFO] {mbgl-glfw}[Render]: RenderTileSetSource::update returning early - no cachedTileset
[INFO] {mbgl-glfw}[Render]: TilePyramid::update called for org.maplibre.annotations needsRendering=1 needsRelayout=1 zoomRange=[0,16] currentZoom=18.000000
[INFO] {mbgl-glfw}[Render]: TilePyramid::update calculated 4 ideal tiles at zoom 16/18
[INFO] {mbgl-glfw}[Render]:   First tile: 16/19294/24642=>18
[INFO] {mbgl-glfw}[Render]: TilePyramid::update finished with 0 rendered tiles, 4 total tiles
[INFO] {mbgl-glfw}[Render]: RenderLayer::prepare called for coastline with 0 tiles
[INFO] {mbgl-glfw}[Render]: RenderLayer::prepare called for countries-fill with 0 tiles
[INFO] {mbgl-glfw}[Render]: RenderLayer::prepare called for countries-boundary with 0 tiles
[INFO] {mbgl-glfw}[Render]: RenderLayer::prepare called for geolines with 0 tiles
[INFO] {mbgl-glfw}[Render]: RenderLayer::prepare called for crimea-fill with 0 tiles
[INFO] {mbgl-glfw}[Render]: WebGPU Context: beginFrame()
[INFO] {mbgl-glfw}[Render]: WebGPU CommandEncoder: Creating upload pass: upload
[INFO] {mbgl-glfw}[Render]: WebGPU: Creating upload pass: upload
[INFO] {mbgl-glfw}[Render]: RenderFillLayer::update called for countries-fill with 0 tiles
[INFO] {mbgl-glfw}[Render]: RenderFillLayer::update called for crimea-fill with 0 tiles
[INFO] {mbgl-glfw}[Render]: WebGPU CommandEncoder: Creating upload pass: layerGroup-upload
[INFO] {mbgl-glfw}[Render]: WebGPU: Creating upload pass: layerGroup-upload
[INFO] {mbgl-glfw}[Render]: RenderOrchestrator::visitLayerGroups called, group count: 0
[INFO] {mbgl-glfw}[Render]: RenderOrchestrator::visitLayerGroups called, group count: 0
[INFO] {mbgl-glfw}[Render]: About to call drawableTargetsPass()
[INFO] {mbgl-glfw}[Render]: About to call commonClearPass()
[INFO] {mbgl-glfw}[Render]: Getting surface texture #2
[INFO] {mbgl-glfw}[Render]: WebGPU: Acquired swapchain view = 981070736
[INFO] {mbgl-glfw}[Render]: WebGPU: Clearing default framebuffer to black
[INFO] {mbgl-glfw}[Render]: WebGPU: Using depth stencil view = 980737104
[INFO] {mbgl-glfw}[Render]: WebGPU: Beginning render pass
[INFO] {mbgl-glfw}[Render]: About to call bindGlobalUniformBuffers()
[INFO] {mbgl-glfw}[Render]: WebGPU Context::bindGlobalUniformBuffers called
[INFO] {mbgl-glfw}[Render]: About to call drawableOpaquePass()
[INFO] {mbgl-glfw}[Render]: Starting drawableOpaquePass with 0 layer groups
[INFO] {mbgl-glfw}[Render]: Finished drawableOpaquePass
[INFO] {mbgl-glfw}[Render]: About to call drawableTranslucentPass()
[INFO] {mbgl-glfw}[Render]: Starting drawableTranslucentPass with 0 layer groups
[INFO] {mbgl-glfw}[Render]: RenderOrchestrator::visitLayerGroups called, group count: 0
[INFO] {mbgl-glfw}[Render]: Finished drawableTranslucentPass
[INFO] {mbgl-glfw}[Render]: About to call drawableDebugOverlays()
[INFO] {mbgl-glfw}[Render]: RenderOrchestrator::visitLayerGroups called, group count: 0
[INFO] {mbgl-glfw}[Render]: WebGPU Context::unbindGlobalUniformBuffers called
[INFO] {mbgl-glfw}[Render]: WebGPU: Ending render pass (destructor called)
[INFO] {mbgl-glfw}[Render]: WebGPU: Render pass ended successfully
[INFO] {mbgl-glfw}[Render]: WebGPU: Command buffer submitted to queue
[INFO] {mbgl-glfw}[Render]: Debug triangle draw submitted
[INFO] {mbgl-glfw}[Render]: WebGPU Context: endFrame()
[INFO] {mbgl-glfw}[Render]: TransformParameters: projMatrix[15]=-40584868.624233 projMatrix[11]=-3.384298 size=1024x768 scale=262144.000000
[INFO] {mbgl-glfw}[Render]: TilePyramid::update called for crimea needsRendering=1 needsRelayout=0 zoomRange=[0,18] currentZoom=18.000000
[INFO] {mbgl-glfw}[Render]: TilePyramid::update calculated 11 ideal tiles at zoom 18/18
[INFO] {mbgl-glfw}[Render]:   First tile: 18/77176/98571=>18
[INFO] {mbgl-glfw}[Render]: TilePyramid::update finished with 11 rendered tiles, 11 total tiles
[INFO] {mbgl-glfw}[Render]: RenderTileSetSource::update called for maplibre needsRendering=1 tileset=present cachedTileset=null
[INFO] {mbgl-glfw}[Render]: TilePyramid::update called for maplibre needsRendering=1 needsRelayout=0 zoomRange=[0,6] currentZoom=18.000000
[INFO] {mbgl-glfw}[Render]: TilePyramid::update calculated 1 ideal tiles at zoom 6/18
[INFO] {mbgl-glfw}[Render]:   First tile: 6/18/24=>18
[INFO] {mbgl-glfw}[Render]: TilePyramid::update finished with 0 rendered tiles, 1 total tiles
[INFO] {mbgl-glfw}[Render]: TilePyramid::update called for org.maplibre.annotations needsRendering=1 needsRelayout=0 zoomRange=[0,16] currentZoom=18.000000
[INFO] {mbgl-glfw}[Render]: TilePyramid::update calculated 4 ideal tiles at zoom 16/18
[INFO] {mbgl-glfw}[Render]:   First tile: 16/19294/24642=>18
[INFO] {mbgl-glfw}[Render]: TilePyramid::update finished with 4 rendered tiles, 4 total tiles
[INFO] {mbgl-glfw}[Render]: RenderLayer::prepare called for coastline with 0 tiles
[INFO] {mbgl-glfw}[Render]: RenderLayer::prepare called for countries-fill with 0 tiles
[INFO] {mbgl-glfw}[Render]: RenderLayer::prepare called for countries-boundary with 0 tiles
[INFO] {mbgl-glfw}[Render]: RenderLayer::prepare called for geolines with 0 tiles
[INFO] {mbgl-glfw}[Render]: RenderLayer::prepare called for crimea-fill with 11 tiles
[INFO] {mbgl-glfw}[Render]: WebGPU Context: beginFrame()
[INFO] {mbgl-glfw}[Render]: WebGPU CommandEncoder: Creating upload pass: upload
[INFO] {mbgl-glfw}[Render]: WebGPU: Creating upload pass: upload
[INFO] {mbgl-glfw}[Render]: RenderFillLayer::update called for countries-fill with 0 tiles
[INFO] {mbgl-glfw}[Render]: RenderFillLayer::update called for crimea-fill with 11 tiles
[INFO] {mbgl-glfw}[Render]: WebGPU: Creating TileLayerGroup: crimea-fill
[INFO] {mbgl-glfw}[Render]: RenderLayer::activateLayerGroup called for: crimea-fill activate=1
[INFO] {mbgl-glfw}[Render]: RenderFillLayer: Added FillLayerTweaker to crimea-fill
[INFO] {mbgl-glfw}[Render]: WebGPU: Creating TileLayerGroup: org.maplibre.annotations.points
[INFO] {mbgl-glfw}[Render]: RenderLayer::activateLayerGroup called for: org.maplibre.annotations.points activate=1
[INFO] {mbgl-glfw}[Render]: RenderOrchestrator::addLayerGroup called for: crimea-fill at index 7
[INFO] {mbgl-glfw}[Render]: RenderOrchestrator::addLayerGroup called for: org.maplibre.annotations.points at index 8
[INFO] {mbgl-glfw}[Render]: WebGPU CommandEncoder: Creating upload pass: layerGroup-upload
[INFO] {mbgl-glfw}[Render]: WebGPU: Creating upload pass: layerGroup-upload
[INFO] {mbgl-glfw}[Render]: RenderOrchestrator::visitLayerGroups called, group count: 2
[INFO] {mbgl-glfw}[Render]: Visiting layer group: crimea-fill
[INFO] {mbgl-glfw}[Render]: LayerGroupBase::runTweakers called for crimea-fill with 1 tweakers
[INFO] {mbgl-glfw}[Render]: FillLayerTweaker::execute called for crimea-fill with 0 drawables
[INFO] {mbgl-glfw}[Render]: Visiting layer group: org.maplibre.annotations.points
[