2025-09-19 19:43:44.992 mbgl-glfw[5998:4456082] [INFO] {}[Render]: GLFW window visible: 1
2025-09-19 19:43:44.992 mbgl-glfw[5998:4456082] [INFO] {}[Render]: Initializing Dawn WebGPU backend...
2025-09-19 19:43:45.002 mbgl-glfw[5998:4456082] [INFO] {}[Render]: Dawn instance created successfully
2025-09-19 19:43:45.005 mbgl-glfw[5998:4456082] [INFO] {}[Render]: Found 2 Dawn adapters
2025-09-19 19:43:45.005 mbgl-glfw[5998:4456082] [INFO] {}[Render]: Using Dawn WebGPU implementation with native backend
2025-09-19 19:43:45.005 mbgl-glfw[5998:4456082] [INFO] {}[Render]: Selected Dawn adapter for WebGPU rendering
2025-09-19 19:43:45.005 mbgl-glfw[5998:4456082] [INFO] {}[Render]: Creating Dawn WebGPU device...
2025-09-19 19:43:45.006 mbgl-glfw[5998:4456082] [INFO] {}[Render]: Dawn WebGPU device created successfully
2025-09-19 19:43:45.007 mbgl-glfw[5998:4456082] [INFO] {}[Render]: WebGPU: selected surface format BGRA8Unorm
2025-09-19 19:43:45.080 mbgl-glfw[5998:4456082] [DEBUG] {}[Database]: 283recovered 851 frames from WAL file /Users/admin/Library/HTTPStorages/mbgl-glfw/httpstorages.sqlite-wal
2025-09-19 19:43:45.120 mbgl-glfw[5998:4456082] [INFO] {}[Style]: Style 'MapLibre' has 9 layers:
  None: 7
  Zoom: 2
2025-09-19 19:43:45.124 mbgl-glfw[5998:4456082] [INFO] {}[Render]: TransformParameters: projMatrix[15]=1113.251495 projMatrix[11]=-0.000048 size=1024x768 scale=4.000000
2025-09-19 19:43:45.124 mbgl-glfw[5998:4456082] [INFO] {}[Render]: TilePyramid::update called for crimea needsRendering=1 needsRelayout=1 zoomRange=[0,18] currentZoom=2.000000
2025-09-19 19:43:45.124 mbgl-glfw[5998:4456082] [INFO] {}[Render]: TilePyramid::update calculated 9 ideal tiles at zoom 2/2
2025-09-19 19:43:45.124 mbgl-glfw[5998:4456082] [INFO] {}[Render]:   First tile: 2/2/1=>2
2025-09-19 19:43:45.124 mbgl-glfw[5998:4456082] [INFO] {}[Render]: TilePyramid::update finished with 0 rendered tiles, 9 total tiles
2025-09-19 19:43:45.124 mbgl-glfw[5998:4456082] [INFO] {}[Render]: RenderTileSetSource::update called for maplibre needsRendering=1 tileset=present cachedTileset=null
2025-09-19 19:43:45.124 mbgl-glfw[5998:4456082] [INFO] {}[Render]: TilePyramid::update called for maplibre needsRendering=1 needsRelayout=1 zoomRange=[0,6] currentZoom=2.000000
2025-09-19 19:43:45.124 mbgl-glfw[5998:4456082] [INFO] {}[Render]: TilePyramid::update calculated 9 ideal tiles at zoom 2/2
2025-09-19 19:43:45.124 mbgl-glfw[5998:4456082] [INFO] {}[Render]:   First tile: 2/2/1=>2
2025-09-19 19:43:45.125 mbgl-glfw[5998:4456082] [INFO] {}[Render]: TilePyramid::update finished with 0 rendered tiles, 10 total tiles
2025-09-19 19:43:45.125 mbgl-glfw[5998:4456082] [INFO] {}[Render]: TilePyramid::update called for org.maplibre.annotations needsRendering=1 needsRelayout=1 zoomRange=[0,16] currentZoom=2.000000
2025-09-19 19:43:45.125 mbgl-glfw[5998:4456082] [INFO] {}[Render]: TilePyramid::update calculated 9 ideal tiles at zoom 2/2
2025-09-19 19:43:45.125 mbgl-glfw[5998:4456082] [INFO] {}[Render]:   First tile: 2/2/1=>2
2025-09-19 19:43:45.125 mbgl-glfw[5998:4456082] [INFO] {}[Render]: TilePyramid::update finished with 0 rendered tiles, 9 total tiles
2025-09-19 19:43:45.125 mbgl-glfw[5998:4456082] [INFO] {}[Render]: RenderLayer::prepare called for coastline with 0 tiles
2025-09-19 19:43:45.125 mbgl-glfw[5998:4456082] [INFO] {}[Render]: RenderLayer::prepare called for countries-fill with 0 tiles
2025-09-19 19:43:45.125 mbgl-glfw[5998:4456082] [INFO] {}[Render]: RenderLayer::prepare called for countries-boundary with 0 tiles
2025-09-19 19:43:45.125 mbgl-glfw[5998:4456082] [INFO] {}[Render]: RenderLayer::prepare called for geolines with 0 tiles
2025-09-19 19:43:45.125 mbgl-glfw[5998:4456082] [INFO] {}[Render]: RenderLayer::prepare called for crimea-fill with 0 tiles
2025-09-19 19:43:45.125 mbgl-glfw[5998:4456082] [INFO] {}[Shader]: WebGPU: Registered shader group for 'BackgroundShader'
2025-09-19 19:43:45.125 mbgl-glfw[5998:4456082] [INFO] {}[Shader]: WebGPU: Registered shader group for 'BackgroundPatternShader'
2025-09-19 19:43:45.125 mbgl-glfw[5998:4456082] [INFO] {}[Shader]: WebGPU: Registered shader group for 'CircleShader'
2025-09-19 19:43:45.125 mbgl-glfw[5998:4456082] [INFO] {}[Shader]: WebGPU: Registered shader group for 'ClippingMaskProgram'
2025-09-19 19:43:45.125 mbgl-glfw[5998:4456082] [INFO] {}[Shader]: WebGPU: Registered shader group for 'CollisionBoxShader'
2025-09-19 19:43:45.125 mbgl-glfw[5998:4456082] [INFO] {}[Shader]: WebGPU: Registered shader group for 'CollisionCircleShader'
2025-09-19 19:43:45.126 mbgl-glfw[5998:4456082] [INFO] {}[Shader]: WebGPU: Registered shader group for 'CustomGeometryShader'
2025-09-19 19:43:45.126 mbgl-glfw[5998:4456082] [INFO] {}[Shader]: WebGPU: Registered shader group for 'CustomSymbolIconShader'
2025-09-19 19:43:45.126 mbgl-glfw[5998:4456082] [INFO] {}[Shader]: WebGPU: Registered shader group for 'DebugShader'
2025-09-19 19:43:45.126 mbgl-glfw[5998:4456082] [INFO] {}[Shader]: WebGPU: Registered shader group for 'FillShader'
2025-09-19 19:43:45.126 mbgl-glfw[5998:4456082] [INFO] {}[Shader]: WebGPU: Registered shader group for 'FillOutlineShader'
2025-09-19 19:43:45.126 mbgl-glfw[5998:4456082] [INFO] {}[Shader]: WebGPU: Registered shader group for 'FillPatternShader'
2025-09-19 19:43:45.126 mbgl-glfw[5998:4456082] [INFO] {}[Shader]: WebGPU: Registered shader group for 'FillOutlinePatternShader'
2025-09-19 19:43:45.126 mbgl-glfw[5998:4456082] [INFO] {}[Shader]: WebGPU: Registered shader group for 'FillOutlineTriangulatedShader'
2025-09-19 19:43:45.126 mbgl-glfw[5998:4456082] [INFO] {}[Shader]: WebGPU: Registered shader group for 'FillExtrusionShader'
2025-09-19 19:43:45.126 mbgl-glfw[5998:4456082] [INFO] {}[Shader]: WebGPU: Registered shader group for 'FillExtrusionPatternShader'
2025-09-19 19:43:45.126 mbgl-glfw[5998:4456082] [INFO] {}[Shader]: WebGPU: Registered shader group for 'HeatmapShader'
2025-09-19 19:43:45.126 mbgl-glfw[5998:4456082] [INFO] {}[Shader]: WebGPU: Registered shader group for 'HeatmapTextureShader'
2025-09-19 19:43:45.126 mbgl-glfw[5998:4456082] [INFO] {}[Shader]: WebGPU: Registered shader group for 'HillshadeShader'
2025-09-19 19:43:45.126 mbgl-glfw[5998:4456082] [INFO] {}[Shader]: WebGPU: Registered shader group for 'HillshadePrepareShader'
2025-09-19 19:43:45.126 mbgl-glfw[5998:4456082] [INFO] {}[Shader]: WebGPU: Registered shader group for 'LineShader'
2025-09-19 19:43:45.126 mbgl-glfw[5998:4456082] [INFO] {}[Shader]: WebGPU: Registered shader group for 'LineGradientShader'
2025-09-19 19:43:45.126 mbgl-glfw[5998:4456082] [INFO] {}[Shader]: WebGPU: Registered shader group for 'LinePatternShader'
2025-09-19 19:43:45.126 mbgl-glfw[5998:4456082] [INFO] {}[Shader]: WebGPU: Registered shader group for 'LineSDFShader'
2025-09-19 19:43:45.126 mbgl-glfw[5998:4456082] [INFO] {}[Shader]: WebGPU: Registered shader group for 'LocationIndicatorShader'
2025-09-19 19:43:45.126 mbgl-glfw[5998:4456082] [INFO] {}[Shader]: WebGPU: Registered shader group for 'LocationIndicatorTexturedShader'
2025-09-19 19:43:45.126 mbgl-glfw[5998:4456082] [INFO] {}[Shader]: WebGPU: Registered shader group for 'RasterShader'
2025-09-19 19:43:45.126 mbgl-glfw[5998:4456082] [INFO] {}[Shader]: WebGPU: Registered shader group for 'SymbolIconShader'
2025-09-19 19:43:45.126 mbgl-glfw[5998:4456082] [INFO] {}[Shader]: WebGPU: Registered shader group for 'SymbolSDFShader'
2025-09-19 19:43:45.126 mbgl-glfw[5998:4456082] [INFO] {}[Shader]: WebGPU: Registered shader group for 'SymbolTextAndIconShader'
2025-09-19 19:43:45.126 mbgl-glfw[5998:4456082] [INFO] {}[Shader]: WebGPU: Registered shader group for 'WideVectorShader'
2025-09-19 19:43:45.128 mbgl-glfw[5998:4456082] [INFO] {}[Render]: WebGPU: Creating TileLayerGroup: background
2025-09-19 19:43:45.128 mbgl-glfw[5998:4456082] [INFO] {}[Render]: WGSL vertex snippet for ContextShader

// Constants
const PI: f32 = 3.14159265358979323846;
const LINE_NORMAL_SCALE: f32 = 1.0 / 63.5;  // 1.0 / (127 / 2)
const MAX_LINE_DISTANCE: f32 = 32767.0;
const SDF_PX: f32 = 8.0;

// Helper functio
2025-09-19 19:43:45.129 mbgl-glfw[5998:4456082] [INFO] {}[Render]: Successfully created vertex shader module for ContextShader
2025-09-19 19:43:45.130 mbgl-glfw[5998:4456082] [INFO] {}[Render]: Successfully created fragment shader module for ContextShader
2025-09-19 19:43:45.130 mbgl-glfw[5998:4456082] [INFO] {}[Render]: RenderFillLayer::update called for countries-fill with 0 tiles
2025-09-19 19:43:45.130 mbgl-glfw[5998:4456082] [INFO] {}[Render]: RenderFillLayer::update called for crimea-fill with 0 tiles
2025-09-19 19:43:45.130 mbgl-glfw[5998:4456082] [INFO] {}[Render]: LayerGroupBase::runTweakers called for background with 1 tweakers
2025-09-19 19:43:45.130 mbgl-glfw[5998:4456082] [INFO] {}[Render]: WGSL vertex snippet for ContextShader

// Constants
const PI: f32 = 3.14159265358979323846;
const LINE_NORMAL_SCALE: f32 = 1.0 / 63.5;  // 1.0 / (127 / 2)
const MAX_LINE_DISTANCE: f32 = 32767.0;
const SDF_PX: f32 = 8.0;

// Helper functio
2025-09-19 19:43:45.130 mbgl-glfw[5998:4456082] [INFO] {}[Render]: Successfully created vertex shader module for ContextShader
2025-09-19 19:43:45.131 mbgl-glfw[5998:4456082] [INFO] {}[Render]: Successfully created fragment shader module for ContextShader
2025-09-19 19:43:45.131 mbgl-glfw[5998:4456082] [INFO] {}[Render]: getTileMatrix: After matrixFor, matrix[15]=1.000000
2025-09-19 19:43:45.131 mbgl-glfw[5998:4456082] [INFO] {}[Render]: getTileMatrix: After projection multiply, matrix[15]=1190.247800
2025-09-19 19:43:45.131 mbgl-glfw[5998:4456082] [INFO] {}[Render]: getTileMatrix: After matrixFor, matrix[15]=1.000000
2025-09-19 19:43:45.131 mbgl-glfw[5998:4456082] [INFO] {}[Render]: getTileMatrix: After projection multiply, matrix[15]=1072.595799
2025-09-19 19:43:45.131 mbgl-glfw[5998:4456082] [INFO] {}[Render]: getTileMatrix: After matrixFor, matrix[15]=1.000000
2025-09-19 19:43:45.131 mbgl-glfw[5998:4456082] [INFO] {}[Render]: getTileMatrix: After projection multiply, matrix[15]=1348.555498
2025-09-19 19:43:45.132 mbgl-glfw[5998:4456082] [INFO] {}[Render]: Creating pipeline with color mask R=1 G=1 B=1 A=1
2025-09-19 19:43:45.135 mbgl-glfw[5998:4456082] [INFO] {}[Render]: Creating pipeline with color mask R=1 G=1 B=1 A=1
2025-09-19 19:43:45.135 mbgl-glfw[5998:4456082] [INFO] {}[Render]: Creating pipeline with color mask R=1 G=1 B=1 A=1
2025-09-19 19:43:45.135 mbgl-glfw[5998:4456082] [INFO] {}[Render]: Creating pipeline with color mask R=1 G=1 B=1 A=1
2025-09-19 19:43:45.135 mbgl-glfw[5998:4456082] [INFO] {}[Render]: Creating pipeline with color mask R=1 G=1 B=1 A=1
2025-09-19 19:43:45.135 mbgl-glfw[5998:4456082] [INFO] {}[Render]: Creating pipeline with color mask R=1 G=1 B=1 A=1
2025-09-19 19:43:45.135 mbgl-glfw[5998:4456082] [INFO] {}[Render]: Creating pipeline with color mask R=1 G=1 B=1 A=1
2025-09-19 19:43:45.135 mbgl-glfw[5998:4456082] [INFO] {}[Render]: Creating pipeline with color mask R=1 G=1 B=1 A=1
2025-09-19 19:43:45.135 mbgl-glfw[5998:4456082] [INFO] {}[Render]: Creating pipeline with color mask R=1 G=1 B=1 A=1
2025-09-19 19:43:45.642 mbgl-glfw[5998:4456082] [INFO] {}[Render]: TransformParameters: projMatrix[15]=1113.251495 projMatrix[11]=-0.000048 size=1024x768 scale=4.000000
2025-09-19 19:43:45.642 mbgl-glfw[5998:4456082] [INFO] {}[Render]: TilePyramid::update called for crimea needsRendering=1 needsRelayout=0 zoomRange=[0,18] currentZoom=2.000000
2025-09-19 19:43:45.642 mbgl-glfw[5998:4456082] [INFO] {}[Render]: TilePyramid::update calculated 9 ideal tiles at zoom 2/2
2025-09-19 19:43:45.642 mbgl-glfw[5998:4456082] [INFO] {}[Render]:   First tile: 2/2/1=>2
2025-09-19 19:43:45.642 mbgl-glfw[5998:4456082] [INFO] {}[Render]: TilePyramid::update finished with 9 rendered tiles, 9 total tiles
2025-09-19 19:43:45.642 mbgl-glfw[5998:4456082] [INFO] {}[Render]: RenderTileSetSource::update called for maplibre needsRendering=1 tileset=present cachedTileset=present
2025-09-19 19:43:45.642 mbgl-glfw[5998:4456082] [INFO] {}[Render]: TilePyramid::update called for maplibre needsRendering=1 needsRelayout=0 zoomRange=[0,6] currentZoom=2.000000
2025-09-19 19:43:45.642 mbgl-glfw[5998:4456082] [INFO] {}[Render]: TilePyramid::update calculated 9 ideal tiles at zoom 2/2
2025-09-19 19:43:45.642 mbgl-glfw[5998:4456082] [INFO] {}[Render]:   First tile: 2/2/1=>2
2025-09-19 19:43:45.642 mbgl-glfw[5998:4456082] [INFO] {}[Render]: TilePyramid::update finished with 0 rendered tiles, 14 total tiles
2025-09-19 19:43:45.642 mbgl-glfw[5998:4456082] [INFO] {}[Render]: TilePyramid::update called for org.maplibre.annotations needsRendering=1 needsRelayout=0 zoomRange=[0,16] currentZoom=2.000000
2025-09-19 19:43:45.642 mbgl-glfw[5998:4456082] [INFO] {}[Render]: TilePyramid::update calculated 9 ideal tiles at zoom 2/2
2025-09-19 19:43:45.642 mbgl-glfw[5998:4456082] [INFO] {}[Render]:   First tile: 2/2/1=>2
2025-09-19 19:43:45.642 mbgl-glfw[5998:4456082] [INFO] {}[Render]: TilePyramid::update finished with 9 rendered tiles, 9 total tiles
2025-09-19 19:43:45.642 mbgl-glfw[5998:4456082] [INFO] {}[Render]: RenderLayer::prepare called for coastline with 0 tiles
2025-09-19 19:43:45.642 mbgl-glfw[5998:4456082] [INFO] {}[Render]: RenderLayer::prepare called for countries-fill with 0 tiles
2025-09-19 19:43:45.642 mbgl-glfw[5998:4456082] [INFO] {}[Render]: RenderLayer::prepare called for countries-boundary with 0 tiles
2025-09-19 19:43:45.642 mbgl-glfw[5998:4456082] [INFO] {}[Render]: RenderLayer::prepare called for geolines with 0 tiles
2025-09-19 19:43:45.642 mbgl-glfw[5998:4456082] [INFO] {}[Render]: RenderLayer::prepare called for crimea-fill with 9 tiles
2025-09-19 19:43:45.643 mbgl-glfw[5998:4456082] [INFO] {}[Render]: RenderFillLayer::update called for countries-fill with 0 tiles
2025-09-19 19:43:45.643 mbgl-glfw[5998:4456082] [INFO] {}[Render]: RenderFillLayer::update called for crimea-fill with 9 tiles
2025-09-19 19:43:45.643 mbgl-glfw[5998:4456082] [INFO] {}[Render]: WebGPU: Creating TileLayerGroup: crimea-fill
2025-09-19 19:43:45.643 mbgl-glfw[5998:4456082] [INFO] {}[Render]: RenderFillLayer: Added FillLayerTweaker to crimea-fill
2025-09-19 19:43:45.643 mbgl-glfw[5998:4456082] [INFO] {}[Render]: WGSL vertex snippet for ContextShader

// Constants
const PI: f32 = 3.14159265358979323846;
const LINE_NORMAL_SCALE: f32 = 1.0 / 63.5;  // 1.0 / (127 / 2)
const MAX_LINE_DISTANCE: f32 = 32767.0;
const SDF_PX: f32 = 8.0;

// Helper functio
2025-09-19 19:43:45.643 mbgl-glfw[5998:4456082] [INFO] {}[Render]: Successfully created vertex shader module for ContextShader
2025-09-19 19:43:45.644 mbgl-glfw[5998:4456082] [INFO] {}[Render]: Successfully created fragment shader module for ContextShader
2025-09-19 19:43:45.644 mbgl-glfw[5998:4456082] [INFO] {}[Render]: WGSL vertex snippet for ContextShader

// Constants
const PI: f32 = 3.14159265358979323846;
const LINE_NORMAL_SCALE: f32 = 1.0 / 63.5;  // 1.0 / (127 / 2)
const MAX_LINE_DISTANCE: f32 = 32767.0;
const SDF_PX: f32 = 8.0;

// Helper functio
2025-09-19 19:43:45.644 mbgl-glfw[5998:4456082] [INFO] {}[Render]: Successfully created vertex shader module for ContextShader
2025-09-19 19:43:45.645 mbgl-glfw[5998:4456082] [INFO] {}[Render]: Successfully created fragment shader module for ContextShader
2025-09-19 19:43:45.645 mbgl-glfw[5998:4456082] [INFO] {}[Render]: WGSL vertex snippet for ContextShader

// Constants
const PI: f32 = 3.14159265358979323846;
const LINE_NORMAL_SCALE: f32 = 1.0 / 63.5;  // 1.0 / (127 / 2)
const MAX_LINE_DISTANCE: f32 = 32767.0;
const SDF_PX: f32 = 8.0;

// Helper functio
2025-09-19 19:43:45.645 mbgl-glfw[5998:4456082] [INFO] {}[Render]: Successfully created vertex shader module for ContextShader
2025-09-19 19:43:45.645 mbgl-glfw[5998:4456082] [INFO] {}[Render]: Successfully created fragment shader module for ContextShader
2025-09-19 19:43:45.645 mbgl-glfw[5998:4456082] [INFO] {}[Render]: Got 1 drawables from builder
2025-09-19 19:43:45.645 mbgl-glfw[5998:4456082] [INFO] {}[Render]: Drawable color mask before storing crimea-fill/fill: R=1 G=1 B=1 A=1
2025-09-19 19:43:45.645 mbgl-glfw[5998:4456082] [INFO] {}[Render]:   Adding drawable to layer group for tile 2/2/1=>2
2025-09-19 19:43:45.645 mbgl-glfw[5998:4456082] [INFO] {}[Render]:   Total drawables added: 1
2025-09-19 19:43:45.645 mbgl-glfw[5998:4456082] [INFO] {}[Render]: Got 1 drawables from builder
2025-09-19 19:43:45.645 mbgl-glfw[5998:4456082] [INFO] {}[Render]: Drawable color mask before storing crimea-fill/fill-outline: R=1 G=1 B=1 A=1
2025-09-19 19:43:45.645 mbgl-glfw[5998:4456082] [INFO] {}[Render]:   Adding drawable to layer group for tile 2/2/1=>2
2025-09-19 19:43:45.645 mbgl-glfw[5998:4456082] [INFO] {}[Render]:   Total drawables added: 2
2025-09-19 19:43:45.645 mbgl-glfw[5998:4456082] [INFO] {}[Render]: WebGPU: Creating TileLayerGroup: org.maplibre.annotations.points
2025-09-19 19:43:45.645 mbgl-glfw[5998:4456082] [INFO] {}[Render]: LayerGroupBase::runTweakers called for background with 1 tweakers
2025-09-19 19:43:45.645 mbgl-glfw[5998:4456082] [INFO] {}[Render]: LayerGroupBase::runTweakers called for crimea-fill with 1 tweakers
2025-09-19 19:43:45.645 mbgl-glfw[5998:4456082] [INFO] {}[Render]: FillLayerTweaker::execute called for crimea-fill with 2 drawables
2025-09-19 19:43:45.645 mbgl-glfw[5998:4456082] [INFO] {}[Render]: LayerGroupBase::runTweakers called for org.maplibre.annotations.points with 1 tweakers
2025-09-19 19:43:45.646 mbgl-glfw[5998:4456082] [INFO] {}[Render]: WGSL vertex snippet for ContextShader

// Constants
const PI: f32 = 3.14159265358979323846;
const LINE_NORMAL_SCALE: f32 = 1.0 / 63.5;  // 1.0 / (127 / 2)
const MAX_LINE_DISTANCE: f32 = 32767.0;
const SDF_PX: f32 = 8.0;

// Helper functio
2025-09-19 19:43:45.646 mbgl-glfw[5998:4456082] [INFO] {}[Render]: Successfully created vertex shader module for ContextShader
2025-09-19 19:43:45.647 mbgl-glfw[5998:4456082] [INFO] {}[Render]: Successfully created fragment shader module for ContextShader
2025-09-19 19:43:45.648 mbgl-glfw[5998:4456082] [INFO] {}[Render]: Creating pipeline with color mask R=1 G=1 B=1 A=1
2025-09-19 19:43:45.650 mbgl-glfw[5998:4456082] [INFO] {}[Render]: Unique vertex buffer bindings: 3
2025-09-19 19:43:45.650 mbgl-glfw[5998:4456082] [INFO] {}[Render]: Creating pipeline with color mask R=1 G=1 B=1 A=1
2025-09-19 19:43:45.739 mbgl-glfw[5998:4456082] [INFO] {}[Render]: Unique vertex buffer bindings: 1
2025-09-19 19:43:45.739 mbgl-glfw[5998:4456082] [INFO] {}[Render]: Unique vertex buffer bindings: 3
2025-09-19 19:43:45.739 mbgl-glfw[5998:4456082] [INFO] {}[Render]: Unique vertex buffer bindings: 1
2025-09-19 19:43:46.253 mbgl-glfw[5998:4456082] [INFO] {}[Render]: TransformParameters: projMatrix[15]=1113.251495 projMatrix[11]=-0.000048 size=1024x768 scale=4.000000
2025-09-19 19:43:46.253 mbgl-glfw[5998:4456082] [INFO] {}[Render]: TilePyramid::update called for crimea needsRendering=1 needsRelayout=0 zoomRange=[0,18] currentZoom=2.000000
2025-09-19 19:43:46.253 mbgl-glfw[5998:4456082] [INFO] {}[Render]: TilePyramid::update calculated 9 ideal tiles at zoom 2/2
2025-09-19 19:43:46.253 mbgl-glfw[5998:4456082] [INFO] {}[Render]:   First tile: 2/2/1=>2
2025-09-19 19:43:46.253 mbgl-glfw[5998:4456082] [INFO] {}[Render]: TilePyramid::update finished with 9 rendered tiles, 9 total tiles
2025-09-19 19:43:46.253 mbgl-glfw[5998:4456082] [INFO] {}[Render]: RenderTileSetSource::update called for maplibre needsRendering=1 tileset=present cachedTileset=present
2025-09-19 19:43:46.253 mbgl-glfw[5998:4456082] [INFO] {}[Render]: TilePyramid::update called for maplibre needsRendering=1 needsRelayout=0 zoomRange=[0,6] currentZoom=2.000000
2025-09-19 19:43:46.253 mbgl-glfw[5998:4456082] [INFO] {}[Render]: TilePyramid::update calculated 9 ideal tiles at zoom 2/2
2025-09-19 19:43:46.253 mbgl-glfw[5998:4456082] [INFO] {}[Render]:   First tile: 2/2/1=>2
2025-09-19 19:43:46.253 mbgl-glfw[5998:4456082] [INFO] {}[Render]: TilePyramid::update finished with 1 rendered tiles, 14 total tiles
2025-09-19 19:43:46.253 mbgl-glfw[5998:4456082] [INFO] {}[Render]: TilePyramid::update called for org.maplibre.annotations needsRendering=1 needsRelayout=0 zoomRange=[0,16] currentZoom=2.000000
2025-09-19 19:43:46.253 mbgl-glfw[5998:4456082] [INFO] {}[Render]: TilePyramid::update calculated 9 ideal tiles at zoom 2/2
2025-09-19 19:43:46.253 mbgl-glfw[5998:4456082] [INFO] {}[Render]:   First tile: 2/2/1=>2
2025-09-19 19:43:46.253 mbgl-glfw[5998:4456082] [INFO] {}[Render]: TilePyramid::update finished with 9 rendered tiles, 9 total tiles
2025-09-19 19:43:46.254 mbgl-glfw[5998:4456082] [INFO] {}[Render]: WebGPU: Creating TileLayerGroup: coastline
2025-09-19 19:43:46.254 mbgl-glfw[5998:4456082] [INFO] {}[Render]: WGSL vertex snippet for ContextShader

// Constants
const PI: f32 = 3.14159265358979323846;
const LINE_NORMAL_SCALE: f32 = 1.0 / 63.5;  // 1.0 / (127 / 2)
const MAX_LINE_DISTANCE: f32 = 32767.0;
const SDF_PX: f32 = 8.0;

// Helper functio
2025-09-19 19:43:46.255 mbgl-glfw[5998:4456082] [INFO] {}[Render]: Successfully created vertex shader module for ContextShader
2025-09-19 19:43:46.255 mbgl-glfw[5998:4456082] [INFO] {}[Render]: Successfully created fragment shader module for ContextShader
2025-09-19 19:43:46.258 mbgl-glfw[5998:4456082] [INFO] {}[Render]: RenderFillLayer::update called for countries-fill with 1 tiles
2025-09-19 19:43:46.258 mbgl-glfw[5998:4456082] [INFO] {}[Render]: WebGPU: Creating TileLayerGroup: countries-fill
2025-09-19 19:43:46.258 mbgl-glfw[5998:4456082] [INFO] {}[Render]: RenderFillLayer: Added FillLayerTweaker to countries-fill
2025-09-19 19:43:46.258 mbgl-glfw[5998:4456082] [INFO] {}[Render]: WGSL vertex snippet for ContextShader

// Constants
const PI: f32 = 3.14159265358979323846;
const LINE_NORMAL_SCALE: f32 = 1.0 / 63.5;  // 1.0 / (127 / 2)
const MAX_LINE_DISTANCE: f32 = 32767.0;
const SDF_PX: f32 = 8.0;

// Helper functio
2025-09-19 19:43:46.258 mbgl-glfw[5998:4456082] [INFO] {}[Render]: Successfully created vertex shader module for ContextShader
2025-09-19 19:43:46.258 mbgl-glfw[5998:4456082] [INFO] {}[Render]: Successfully created fragment shader module for ContextShader
2025-09-19 19:43:46.258 mbgl-glfw[5998:4456082] [INFO] {}[Render]: WGSL vertex snippet for ContextShader

// Constants
const PI: f32 = 3.14159265358979323846;
const LINE_NORMAL_SCALE: f32 = 1.0 / 63.5;  // 1.0 / (127 / 2)
const MAX_LINE_DISTANCE: f32 = 32767.0;
const SDF_PX: f32 = 8.0;

// Helper functio
2025-09-19 19:43:46.258 mbgl-glfw[5998:4456082] [INFO] {}[Render]: Successfully created vertex shader module for ContextShader
2025-09-19 19:43:46.258 mbgl-glfw[5998:4456082] [INFO] {}[Render]: Successfully created fragment shader module for ContextShader
2025-09-19 19:43:46.258 mbgl-glfw[5998:4456082] [INFO] {}[Render]: Got 1 drawables from builder
2025-09-19 19:43:46.258 mbgl-glfw[5998:4456082] [INFO] {}[Render]: Drawable color mask before storing countries-fill/fill: R=1 G=1 B=1 A=1
2025-09-19 19:43:46.258 mbgl-glfw[5998:4456082] [INFO] {}[Render]:   Adding drawable to layer group for tile 0/0/0=>0
2025-09-19 19:43:46.259 mbgl-glfw[5998:4456082] [INFO] {}[Render]:   Total drawables added: 1
2025-09-19 19:43:46.259 mbgl-glfw[5998:4456082] [INFO] {}[Render]: Got 1 drawables from builder
2025-09-19 19:43:46.259 mbgl-glfw[5998:4456082] [INFO] {}[Render]: Drawable color mask before storing countries-fill/fill-outline: R=1 G=1 B=1 A=1
2025-09-19 19:43:46.259 mbgl-glfw[5998:4456082] [INFO] {}[Render]:   Adding drawable to layer group for tile 0/0/0=>0
2025-09-19 19:43:46.259 mbgl-glfw[5998:4456082] [INFO] {}[Render]:   Total drawables added: 2
2025-09-19 19:43:46.259 mbgl-glfw[5998:4456082] [INFO] {}[Render]: WebGPU: Creating TileLayerGroup: countries-boundary
2025-09-19 19:43:46.261 mbgl-glfw[5998:4456082] [INFO] {}[Render]: WebGPU: Creating TileLayerGroup: geolines
2025-09-19 19:43:46.261 mbgl-glfw[5998:4456082] [INFO] {}[Render]: WGSL vertex snippet for ContextShader

// Constants
const PI: f32 = 3.14159265358979323846;
const LINE_NORMAL_SCALE: f32 = 1.0 / 63.5;  // 1.0 / (127 / 2)
const MAX_LINE_DISTANCE: f32 = 32767.0;
const SDF_PX: f32 = 8.0;

// Helper functio
2025-09-19 19:43:46.262 mbgl-glfw[5998:4456082] [INFO] {}[Render]: Successfully created vertex shader module for ContextShader
2025-09-19 19:43:46.263 mbgl-glfw[5998:4456082] [INFO] {}[Render]: Successfully created fragment shader module for ContextShader
2025-09-19 19:43:46.263 mbgl-glfw[5998:4456082] [INFO] {}[Render]: WebGPU: Creating TileLayerGroup: geolines-label
2025-09-19 19:43:46.263 mbgl-glfw[5998:4456082] [INFO] {}[Render]: WebGPU: Creating TileLayerGroup: countries-label
2025-09-19 19:43:46.263 mbgl-glfw[5998:4456082] [INFO] {}[Render]: LayerGroupBase::runTweakers called for background with 1 tweakers
2025-09-19 19:43:46.263 mbgl-glfw[5998:4456082] [INFO] {}[Render]: LayerGroupBase::runTweakers called for coastline with 1 tweakers
2025-09-19 19:43:46.263 mbgl-glfw[5998:4456082] [INFO] {}[Render]: LayerGroupBase::runTweakers called for countries-fill with 1 tweakers
2025-09-19 19:43:46.263 mbgl-glfw[5998:4456082] [INFO] {}[Render]: FillLayerTweaker::execute called for countries-fill with 2 drawables
2025-09-19 19:43:46.263 mbgl-glfw[5998:4456082] [INFO] {}[Render]: LayerGroupBase::runTweakers called for countries-boundary with 1 tweakers
2025-09-19 19:43:46.263 mbgl-glfw[5998:4456082] [INFO] {}[Render]: LayerGroupBase::runTweakers called for geolines with 1 tweakers
2025-09-19 19:43:46.263 mbgl-glfw[5998:4456082] [INFO] {}[Render]: LayerGroupBase::runTweakers called for geolines-label with 1 tweakers
2025-09-19 19:43:46.263 mbgl-glfw[5998:4456082] [INFO] {}[Render]: FillLayerTweaker::execute called for crimea-fill with 2 drawables
2025-09-19 19:43:46.551 mbgl-glfw[5998:4456082] [INFO] {}[Render]: Creating pipeline with color mask R=1 G=1 B=1 A=1
2025-09-19 19:43:46.551 mbgl-glfw[5998:4456082] [INFO] {}[Render]: Unique vertex buffer bindings: 3
2025-09-19 19:43:46.551 mbgl-glfw[5998:4456082] [INFO] {}[Render]: Unique vertex buffer bindings: 1
2025-09-19 19:43:46.551 mbgl-glfw[5998:4456082] [WARNING] {}[Render]: geolines visited 1 drawables but drew none!
2025-09-19 19:43:46.551 mbgl-glfw[5998:4456082] [WARNING] {}[Render]: countries-boundary visited 1 drawables but drew none!
2025-09-19 19:43:46.551 mbgl-glfw[5998:4456082] [INFO] {}[Render]: Creating pipeline with color mask R=1 G=1 B=1 A=1
2025-09-19 19:43:46.552 mbgl-glfw[5998:4456082] [INFO] {}[Render]: Unique vertex buffer bindings: 3
2025-09-19 19:43:46.552 mbgl-glfw[5998:4456082] [INFO] {}[Render]: Creating pipeline with color mask R=1 G=1 B=1 A=1
2025-09-19 19:43:46.553 mbgl-glfw[5998:4456082] [INFO] {}[Render]: Unique vertex buffer bindings: 3
2025-09-19 19:43:46.553 mbgl-glfw[5998:4456082] [WARNING] {}[Render]: coastline visited 1 drawables but drew none!
2025-09-19 19:43:46.553 mbgl-glfw[5998:4456082] [INFO] {}[Render]: Creating pipeline with color mask R=1 G=1 B=1 A=1
2025-09-19 19:43:46.555 mbgl-glfw[5998:4456082] [INFO] {}[Render]: Unique vertex buffer bindings: 3
2025-09-19 19:43:46.555 mbgl-glfw[5998:4456082] [INFO] {}[Render]: Unique vertex buffer bindings: 3
2025-09-19 19:43:46.555 mbgl-glfw[5998:4456082] [INFO] {}[Render]: Creating pipeline with color mask R=1 G=1 B=1 A=1
2025-09-19 19:43:46.555 mbgl-glfw[5998:4456082] [INFO] {}[Render]: Creating pipeline with color mask R=1 G=1 B=1 A=1
2025-09-19 19:43:46.557 mbgl-glfw[5998:4456082] [INFO] {}[Render]: Creating pipeline with color mask R=1 G=1 B=1 A=1
2025-09-19 19:43:46.557 mbgl-glfw[5998:4456082] [INFO] {}[Render]: Unique vertex buffer bindings: 3
2025-09-19 19:43:46.557 mbgl-glfw[5998:4456082] [INFO] {}[Render]: Creating pipeline with color mask R=1 G=1 B=1 A=1
2025-09-19 19:43:46.557 mbgl-glfw[5998:4456082] [INFO] {}[Render]: Unique vertex buffer bindings: 1
2025-09-19 19:43:47.067 mbgl-glfw[5998:4456082] [INFO] {}[Render]: TilePyramid::update called for crimea needsRendering=1 needsRelayout=0 zoomRange=[0,18] currentZoom=2.000000
2025-09-19 19:43:47.067 mbgl-glfw[5998:4456082] [INFO] {}[Render]: RenderTileSetSource::update called for maplibre needsRendering=1 tileset=present cachedTileset=present
2025-09-19 19:43:47.069 mbgl-glfw[5998:4456082] [INFO] {}[Render]: Got 1 drawables from builder
2025-09-19 19:43:47.069 mbgl-glfw[5998:4456082] [INFO] {}[Render]: Drawable color mask before storing countries-fill/fill: R=1 G=1 B=1 A=1
2025-09-19 19:43:47.069 mbgl-glfw[5998:4456082] [INFO] {}[Render]:   Adding drawable to layer group for tile 2/1/0=>2
2025-09-19 19:43:47.069 mbgl-glfw[5998:4456082] [INFO] {}[Render]:   Total drawables added: 3
2025-09-19 19:43:47.069 mbgl-glfw[5998:4456082] [INFO] {}[Render]: Got 1 drawables from builder
2025-09-19 19:43:47.069 mbgl-glfw[5998:4456082] [INFO] {}[Render]: Drawable color mask before storing countries-fill/fill-outline: R=1 G=1 B=1 A=1
2025-09-19 19:43:47.069 mbgl-glfw[5998:4456082] [INFO] {}[Render]:   Adding drawable to layer group for tile 2/1/0=>2
2025-09-19 19:43:47.069 mbgl-glfw[5998:4456082] [INFO] {}[Render]:   Total drawables added: 4
2025-09-19 19:43:47.070 mbgl-glfw[5998:4456082] [INFO] {}[Render]: WGSL vertex snippet for ContextShader

// Constants
const PI: f32 = 3.14159265358979323846;
const LINE_NORMAL_SCALE: f32 = 1.0 / 63.5;  // 1.0 / (127 / 2)
const MAX_LINE_DISTANCE: f32 = 32767.0;
const SDF_PX: f32 = 8.0;

// Helper functio
2025-09-19 19:43:47.071 mbgl-glfw[5998:4456082] [INFO] {}[Render]: Successfully created vertex shader module for ContextShader
2025-09-19 19:43:47.072 mbgl-glfw[5998:4456082] [INFO] {}[Render]: Successfully created fragment shader module for ContextShader
2025-09-19 19:43:47.072 mbgl-glfw[5998:4456082] [INFO] {}[Render]: FillLayerTweaker::execute called for countries-fill with 4 drawables
2025-09-19 19:43:47.072 mbgl-glfw[5998:4456082] [INFO] {}[Render]: FillLayerTweaker::execute called for crimea-fill with 2 drawables
2025-09-19 19:43:47.168 mbgl-glfw[5998:4456082] [INFO] {}[Render]: Creating pipeline with color mask R=1 G=1 B=1 A=1
2025-09-19 19:43:47.168 mbgl-glfw[5998:4456082] [INFO] {}[Render]: Unique vertex buffer bindings: 3
2025-09-19 19:43:47.168 mbgl-glfw[5998:4456082] [INFO] {}[Render]: Creating pipeline with color mask R=1 G=1 B=1 A=1
2025-09-19 19:43:47.168 mbgl-glfw[5998:4456082] [INFO] {}[Render]: Unique vertex buffer bindings: 1
2025-09-19 19:43:47.168 mbgl-glfw[5998:4456082] [WARNING] {}[Render]: countries-label visited 2 drawables but drew none!
2025-09-19 19:43:47.168 mbgl-glfw[5998:4456082] [WARNING] {}[Render]: geolines-label visited 2 drawables but drew none!
2025-09-19 19:43:47.168 mbgl-glfw[5998:4456082] [WARNING] {}[Render]: geolines visited 2 drawables but drew none!
2025-09-19 19:43:47.168 mbgl-glfw[5998:4456082] [WARNING] {}[Render]: countries-boundary visited 2 drawables but drew none!
2025-09-19 19:43:47.168 mbgl-glfw[5998:4456082] [INFO] {}[Render]: Creating pipeline with color mask R=1 G=1 B=1 A=1
2025-09-19 19:43:47.168 mbgl-glfw[5998:4456082] [INFO] {}[Render]: Unique vertex buffer bindings: 3
2025-09-19 19:43:47.168 mbgl-glfw[5998:4456082] [INFO] {}[Render]: Creating pipeline with color mask R=1 G=1 B=1 A=1
2025-09-19 19:43:47.168 mbgl-glfw[5998:4456082] [INFO] {}[Render]: Unique vertex buffer bindings: 3
2025-09-19 19:43:47.168 mbgl-glfw[5998:4456082] [INFO] {}[Render]: Creating pipeline with color mask R=1 G=1 B=1 A=1
2025-09-19 19:43:47.168 mbgl-glfw[5998:4456082] [INFO] {}[Render]: Unique vertex buffer bindings: 3
2025-09-19 19:43:47.168 mbgl-glfw[5998:4456082] [INFO] {}[Render]: Creating pipeline with color mask R=1 G=1 B=1 A=1
2025-09-19 19:43:47.168 mbgl-glfw[5998:4456082] [INFO] {}[Render]: Unique vertex buffer bindings: 3
2025-09-19 19:43:47.168 mbgl-glfw[5998:4456082] [WARNING] {}[Render]: coastline visited 2 drawables but drew none!
2025-09-19 19:43:47.168 mbgl-glfw[5998:4456082] [INFO] {}[Render]: Creating pipeline with color mask R=1 G=1 B=1 A=1
2025-09-19 19:43:47.168 mbgl-glfw[5998:4456082] [INFO] {}[Render]: Unique vertex buffer bindings: 3
2025-09-19 19:43:47.168 mbgl-glfw[5998:4456082] [INFO] {}[Render]: Unique vertex buffer bindings: 3
2025-09-19 19:43:47.168 mbgl-glfw[5998:4456082] [INFO] {}[Render]: Unique vertex buffer bindings: 3
2025-09-19 19:43:47.168 mbgl-glfw[5998:4456082] [INFO] {}[Render]: Unique vertex buffer bindings: 3
2025-09-19 19:43:47.170 mbgl-glfw[5998:4456082] [INFO] {}[Render]: Unique vertex buffer bindings: 3
2025-09-19 19:43:47.170 mbgl-glfw[5998:4456082] [INFO] {}[Render]: Unique vertex buffer bindings: 1
2025-09-19 19:43:47.674 mbgl-glfw[5998:4456082] [INFO] {}[Render]: RenderTileSetSource::update called for maplibre needsRendering=1 tileset=present cachedTileset=present
2025-09-19 19:43:47.720 mbgl-glfw[5998:4456082] [INFO] {}[Render]: Got 1 drawables from builder
2025-09-19 19:43:47.720 mbgl-glfw[5998:4456082] [INFO] {}[Render]: Drawable color mask before storing countries-fill/fill: R=1 G=1 B=1 A=1
2025-09-19 19:43:47.720 mbgl-glfw[5998:4456082] [INFO] {}[Render]:   Adding drawable to layer group for tile 2/1/1=>2
2025-09-19 19:43:47.720 mbgl-glfw[5998:4456082] [INFO] {}[Render]:   Total drawables added: 5
2025-09-19 19:43:47.720 mbgl-glfw[5998:4456082] [INFO] {}[Render]: Got 1 drawables from builder
2025-09-19 19:43:47.720 mbgl-glfw[5998:4456082] [INFO] {}[Render]: Drawable color mask before storing countries-fill/fill-outline: R=1 G=1 B=1 A=1
2025-09-19 19:43:47.720 mbgl-glfw[5998:4456082] [INFO] {}[Render]:   Adding drawable to layer group for tile 2/1/1=>2
2025-09-19 19:43:47.720 mbgl-glfw[5998:4456082] [INFO] {}[Render]:   Total drawables added: 6
2025-09-19 19:43:47.720 mbgl-glfw[5998:4456082] [INFO] {}[Render]: Got 1 drawables from builder
2025-09-19 19:43:47.720 mbgl-glfw[5998:4456082] [INFO] {}[Render]: Drawable color mask before storing countries-fill/fill: R=1 G=1 B=1 A=1
2025-09-19 19:43:47.720 mbgl-glfw[5998:4456082] [INFO] {}[Render]:   Adding drawable to layer group for tile 2/1/2=>2
2025-09-19 19:43:47.720 mbgl-glfw[5998:4456082] [INFO] {}[Render]:   Total drawables added: 7
2025-09-19 19:43:47.720 mbgl-glfw[5998:4456082] [INFO] {}[Render]: Got 1 drawables from builder
2025-09-19 19:43:47.720 mbgl-glfw[5998:4456082] [INFO] {}[Render]: Drawable color mask before storing countries-fill/fill-outline: R=1 G=1 B=1 A=1
2025-09-19 19:43:47.720 mbgl-glfw[5998:4456082] [INFO] {}[Render]:   Adding drawable to layer group for tile 2/1/2=>2
2025-09-19 19:43:47.720 mbgl-glfw[5998:4456082] [INFO] {}[Render]:   Total drawables added: 8
2025-09-19 19:43:47.720 mbgl-glfw[5998:4456082] [INFO] {}[Render]: Got 1 drawables from builder
2025-09-19 19:43:47.720 mbgl-glfw[5998:4456082] [INFO] {}[Render]: Drawable color mask before storing countries-fill/fill: R=1 G=1 B=1 A=1
2025-09-19 19:43:47.720 mbgl-glfw[5998:4456082] [INFO] {}[Render]:   Adding drawable to layer group for tile 2/2/0=>2
2025-09-19 19:43:47.720 mbgl-glfw[5998:4456082] [INFO] {}[Render]:   Total drawables added: 9
2025-09-19 19:43:47.720 mbgl-glfw[5998:4456082] [INFO] {}[Render]: Got 1 drawables from builder
2025-09-19 19:43:47.720 mbgl-glfw[5998:4456082] [INFO] {}[Render]: Drawable color mask before storing countries-fill/fill-outline: R=1 G=1 B=1 A=1
2025-09-19 19:43:47.720 mbgl-glfw[5998:4456082] [INFO] {}[Render]:   Adding drawable to layer group for tile 2/2/0=>2
2025-09-19 19:43:47.720 mbgl-glfw[5998:4456082] [INFO] {}[Render]:   Total drawables added: 10
2025-09-19 19:43:47.721 mbgl-glfw[5998:4456082] [INFO] {}[Render]: Got 1 drawables from builder
2025-09-19 19:43:47.721 mbgl-glfw[5998:4456082] [INFO] {}[Render]: Drawable color mask before storing countries-fill/fill: R=1 G=1 B=1 A=1
2025-09-19 19:43:47.721 mbgl-glfw[5998:4456082] [INFO] {}[Render]:   Adding drawable to layer group for tile 2/2/1=>2
2025-09-19 19:43:47.721 mbgl-glfw[5998:4456082] [INFO] {}[Render]:   Total drawables added: 11
2025-09-19 19:43:47.721 mbgl-glfw[5998:4456082] [INFO] {}[Render]: Got 1 drawables from builder
2025-09-19 19:43:47.721 mbgl-glfw[5998:4456082] [INFO] {}[Render]: Drawable color mask before storing countries-fill/fill-outline: R=1 G=1 B=1 A=1
2025-09-19 19:43:47.721 mbgl-glfw[5998:4456082] [INFO] {}[Render]:   Adding drawable to layer group for tile 2/2/1=>2
2025-09-19 19:43:47.721 mbgl-glfw[5998:4456082] [INFO] {}[Render]:   Total drawables added: 12
2025-09-19 19:43:47.721 mbgl-glfw[5998:4456082] [INFO] {}[Render]: Got 1 drawables from builder
2025-09-19 19:43:47.721 mbgl-glfw[5998:4456082] [INFO] {}[Render]: Drawable color mask before storing countries-fill/fill: R=1 G=1 B=1 A=1
2025-09-19 19:43:47.721 mbgl-glfw[5998:4456082] [INFO] {}[Render]:   Adding drawable to layer group for tile 2/2/2=>2
2025-09-19 19:43:47.721 mbgl-glfw[5998:4456082] [INFO] {}[Render]:   Total drawables added: 13
2025-09-19 19:43:47.721 mbgl-glfw[5998:4456082] [INFO] {}[Render]: Got 1 drawables from builder
2025-09-19 19:43:47.721 mbgl-glfw[5998:4456082] [INFO] {}[Render]: Drawable color mask before storing countries-fill/fill-outline: R=1 G=1 B=1 A=1
2025-09-19 19:43:47.721 mbgl-glfw[5998:4456082] [INFO] {}[Render]:   Adding drawable to layer group for tile 2/2/2=>2
2025-09-19 19:43:47.721 mbgl-glfw[5998:4456082] [INFO] {}[Render]:   Total drawables added: 14
2025-09-19 19:43:47.721 mbgl-glfw[5998:4456082] [INFO] {}[Render]: Got 1 drawables from builder
2025-09-19 19:43:47.721 mbgl-glfw[5998:4456082] [INFO] {}[Render]: Drawable color mask before storing countries-fill/fill: R=1 G=1 B=1 A=1
2025-09-19 19:43:47.721 mbgl-glfw[5998:4456082] [INFO] {}[Render]:   Adding drawable to layer group for tile 2/3/0=>2
2025-09-19 19:43:47.721 mbgl-glfw[5998:4456082] [INFO] {}[Render]:   Total drawables added: 15
2025-09-19 19:43:47.721 mbgl-glfw[5998:4456082] [INFO] {}[Render]: Got 1 drawables from builder
2025-09-19 19:43:47.721 mbgl-glfw[5998:4456082] [INFO] {}[Render]: Drawable color mask before storing countries-fill/fill-outline: R=1 G=1 B=1 A=1
2025-09-19 19:43:47.721 mbgl-glfw[5998:4456082] [INFO] {}[Render]:   Adding drawable to layer group for tile 2/3/0=>2
2025-09-19 19:43:47.721 mbgl-glfw[5998:4456082] [INFO] {}[Render]:   Total drawables added: 16
2025-09-19 19:43:47.721 mbgl-glfw[5998:4456082] [INFO] {}[Render]: Got 1 drawables from builder
2025-09-19 19:43:47.721 mbgl-glfw[5998:4456082] [INFO] {}[Render]: Drawable color mask before storing countries-fill/fill: R=1 G=1 B=1 A=1
2025-09-19 19:43:47.721 mbgl-glfw[5998:4456082] [INFO] {}[Render]:   Adding drawable to layer group for tile 2/3/1=>2
2025-09-19 19:43:47.721 mbgl-glfw[5998:4456082] [INFO] {}[Render]:   Total drawables added: 17
2025-09-19 19:43:47.721 mbgl-glfw[5998:4456082] [INFO] {}[Render]: Got 1 drawables from builder
2025-09-19 19:43:47.721 mbgl-glfw[5998:4456082] [INFO] {}[Render]: Drawable color mask before storing countries-fill/fill-outline: R=1 G=1 B=1 A=1
2025-09-19 19:43:47.721 mbgl-glfw[5998:4456082] [INFO] {}[Render]:   Adding drawable to layer group for tile 2/3/1=>2
2025-09-19 19:43:47.721 mbgl-glfw[5998:4456082] [INFO] {}[Render]:   Total drawables added: 18
2025-09-19 19:43:47.722 mbgl-glfw[5998:4456082] [INFO] {}[Render]: Got 1 drawables from builder
2025-09-19 19:43:47.722 mbgl-glfw[5998:4456082] [INFO] {}[Render]: Drawable color mask before storing countries-fill/fill: R=1 G=1 B=1 A=1
2025-09-19 19:43:47.722 mbgl-glfw[5998:4456082] [INFO] {}[Render]:   Adding drawable to layer group for tile 2/3/2=>2
2025-09-19 19:43:47.722 mbgl-glfw[5998:4456082] [INFO] {}[Render]:   Total drawables added: 19
2025-09-19 19:43:47.722 mbgl-glfw[5998:4456082] [INFO] {}[Render]: Got 1 drawables from builder
2025-09-19 19:43:47.722 mbgl-glfw[5998:4456082] [INFO] {}[Render]: Drawable color mask before storing countries-fill/fill-outline: R=1 G=1 B=1 A=1
2025-09-19 19:43:47.722 mbgl-glfw[5998:4456082] [INFO] {}[Render]:   Adding drawable to layer group for tile 2/3/2=>2
2025-09-19 19:43:47.722 mbgl-glfw[5998:4456082] [INFO] {}[Render]:   Total drawables added: 20
2025-09-19 19:43:47.762 mbgl-glfw[5998:4456082] [INFO] {}[Render]: FillLayerTweaker::execute called for countries-fill with 18 drawables
2025-09-19 19:43:47.763 mbgl-glfw[5998:4456082] [INFO] {}[Render]: FillLayerTweaker::execute called for crimea-fill with 2 drawables
2025-09-19 19:43:48.621 mbgl-glfw[5998:4456082] [INFO] {}[Render]: Unique vertex buffer bindings: 3
2025-09-19 19:43:48.621 mbgl-glfw[5998:4456082] [INFO] {}[Render]: Unique vertex buffer bindings: 1
2025-09-19 19:43:48.621 mbgl-glfw[5998:4456082] [WARNING] {}[Render]: countries-label visited 14 drawables but drew none!
2025-09-19 19:43:48.621 mbgl-glfw[5998:4456082] [WARNING] {}[Render]: geolines-label visited 18 drawables but drew none!
2025-09-19 19:43:48.621 mbgl-glfw[5998:4456082] [WARNING] {}[Render]: geolines visited 9 drawables but drew none!
2025-09-19 19:43:48.621 mbgl-glfw[5998:4456082] [WARNING] {}[Render]: countries-boundary visited 9 drawables but drew none!
2025-09-19 19:43:48.621 mbgl-glfw[5998:4456082] [INFO] {}[Render]: Unique vertex buffer bindings: 3
2025-09-19 19:43:48.621 mbgl-glfw[5998:4456082] [INFO] {}[Render]: Unique vertex buffer bindings: 3
2025-09-19 19:43:48.621 mbgl-glfw[5998:4456082] [INFO] {}[Render]: Unique vertex buffer bindings: 3
2025-09-19 19:43:48.621 mbgl-glfw[5998:4456082] [INFO] {}[Render]: Unique vertex buffer bindings: 3
2025-09-19 19:43:48.621 mbgl-glfw[5998:4456082] [INFO] {}[Render]: Unique vertex buffer bindings: 3
2025-09-19 19:43:48.621 mbgl-glfw[5998:4456082] [INFO] {}[Render]: Unique vertex buffer bindings: 3
2025-09-19 19:43:48.621 mbgl-glfw[5998:4456082] [INFO] {}[Render]: Unique vertex buffer bindings: 3
2025-09-19 19:43:48.621 mbgl-glfw[5998:4456082] [INFO] {}[Render]: Unique vertex buffer bindings: 3
2025-09-19 19:43:48.621 mbgl-glfw[5998:4456082] [INFO] {}[Render]: Unique vertex buffer bindings: 3
2025-09-19 19:43:48.621 mbgl-glfw[5998:4456082] [INFO] {}[Render]: Unique vertex buffer bindings: 3
2025-09-19 19:43:48.621 mbgl-glfw[5998:4456082] [INFO] {}[Render]: Unique vertex buffer bindings: 3
2025-09-19 19:43:48.621 mbgl-glfw[5998:4456082] [INFO] {}[Render]: Unique vertex buffer bindings: 3
2025-09-19 19:43:48.621 mbgl-glfw[5998:4456082] [INFO] {}[Render]: Unique vertex buffer bindings: 3
2025-09-19 19:43:48.621 mbgl-glfw[5998:4456082] [INFO] {}[Render]: Unique vertex buffer bindings: 3
2025-09-19 19:43:48.621 mbgl-glfw[5998:4456082] [INFO] {}[Render]: Unique vertex buffer bindings: 3
2025-09-19 19:43:48.621 mbgl-glfw[5998:4456082] [INFO] {}[Render]: Unique vertex buffer bindings: 3
2025-09-19 19:43:48.621 mbgl-glfw[5998:4456082] [INFO] {}[Render]: Unique vertex buffer bindings: 3
2025-09-19 19:43:48.621 mbgl-glfw[5998:4456082] [INFO] {}[Render]: Unique vertex buffer bindings: 3
2025-09-19 19:43:48.621 mbgl-glfw[5998:4456082] [WARNING] {}[Render]: coastline visited 9 drawables but drew none!
2025-09-19 19:43:48.622 mbgl-glfw[5998:4456082] [INFO] {}[Render]: Unique vertex buffer bindings: 3
2025-09-19 19:43:48.622 mbgl-glfw[5998:4456082] [INFO] {}[Render]: Unique vertex buffer bindings: 3
2025-09-19 19:43:48.622 mbgl-glfw[5998:4456082] [INFO] {}[Render]: Unique vertex buffer bindings: 3
2025-09-19 19:43:48.622 mbgl-glfw[5998:4456082] [INFO] {}[Render]: Unique vertex buffer bindings: 3
2025-09-19 19:43:48.622 mbgl-glfw[5998:4456082] [INFO] {}[Render]: Unique vertex buffer bindings: 3
2025-09-19 19:43:48.622 mbgl-glfw[5998:4456082] [INFO] {}[Render]: Unique vertex buffer bindings: 3
2025-09-19 19:43:48.622 mbgl-glfw[5998:4456082] [INFO] {}[Render]: Unique vertex buffer bindings: 3
2025-09-19 19:43:48.622 mbgl-glfw[5998:4456082] [INFO] {}[Render]: Unique vertex buffer bindings: 3
2025-09-19 19:43:48.622 mbgl-glfw[5998:4456082] [INFO] {}[Render]: Unique vertex buffer bindings: 3
2025-09-19 19:43:48.622 mbgl-glfw[5998:4456082] [INFO] {}[Render]: Unique vertex buffer bindings: 3
2025-09-19 19:43:48.622 mbgl-glfw[5998:4456082] [INFO] {}[Render]: Unique vertex buffer bindings: 3
2025-09-19 19:43:48.622 mbgl-glfw[5998:4456082] [INFO] {}[Render]: Unique vertex buffer bindings: 3
2025-09-19 19:43:48.622 mbgl-glfw[5998:4456082] [INFO] {}[Render]: Unique vertex buffer bindings: 3
2025-09-19 19:43:48.622 mbgl-glfw[5998:4456082] [INFO] {}[Render]: Unique vertex buffer bindings: 3
2025-09-19 19:43:48.622 mbgl-glfw[5998:4456082] [INFO] {}[Render]: Unique vertex buffer bindings: 3
2025-09-19 19:43:48.622 mbgl-glfw[5998:4456082] [INFO] {}[Render]: Unique vertex buffer bindings: 3
2025-09-19 19:43:48.622 mbgl-glfw[5998:4456082] [INFO] {}[Render]: Unique vertex buffer bindings: 3
2025-09-19 19:43:48.622 mbgl-glfw[5998:4456082] [INFO] {}[Render]: Unique vertex buffer bindings: 3
2025-09-19 19:43:49.129 mbgl-glfw[5998:4456082] [INFO] {}[Render]: RenderTileSetSource::update called for maplibre needsRendering=1 tileset=present cachedTileset=present
2025-09-19 19:43:49.201 mbgl-glfw[5998:4456082] [INFO] {}[Render]: FillLayerTweaker::execute called for countries-fill with 12 drawables
2025-09-19 19:43:49.201 mbgl-glfw[5998:4456082] [INFO] {}[Render]: FillLayerTweaker::execute called for crimea-fill with 2 drawables
2025-09-19 19:43:49.230 mbgl-glfw[5998:4456082] [WARNING] {}[Render]: countries-label visited 14 drawables but drew none!
2025-09-19 19:43:49.230 mbgl-glfw[5998:4456082] [WARNING] {}[Render]: geolines-label visited 18 drawables but drew none!
2025-09-19 19:43:49.230 mbgl-glfw[5998:4456082] [WARNING] {}[Render]: geolines visited 6 drawables but drew none!
2025-09-19 19:43:49.230 mbgl-glfw[5998:4456082] [WARNING] {}[Render]: countries-boundary visited 6 drawables but drew none!
2025-09-19 19:43:49.230 mbgl-glfw[5998:4456082] [WARNING] {}[Render]: coastline visited 6 drawables but drew none!
2025-09-19 19:43:49.734 mbgl-glfw[5998:4456082] [INFO] {}[Render]: RenderTileSetSource::update called for maplibre needsRendering=1 tileset=present cachedTileset=present
2025-09-19 19:43:49.739 mbgl-glfw[5998:4456082] [INFO] {}[Render]: FillLayerTweaker::execute called for countries-fill with 12 drawables
2025-09-19 19:43:49.769 mbgl-glfw[5998:4456082] [WARNING] {}[Render]: countries-label visited 14 drawables but drew none!
2025-09-19 19:43:49.769 mbgl-glfw[5998:4456082] [WARNING] {}[Render]: geolines-label visited 18 drawables but drew none!
2025-09-19 19:43:49.769 mbgl-glfw[5998:4456082] [WARNING] {}[Render]: geolines visited 6 drawables but drew none!
2025-09-19 19:43:49.769 mbgl-glfw[5998:4456082] [WARNING] {}[Render]: countries-boundary visited 6 drawables but drew none!
2025-09-19 19:43:49.769 mbgl-glfw[5998:4456082] [WARNING] {}[Render]: coastline visited 6 drawables but drew none!
2025-09-19 19:43:50.273 mbgl-glfw[5998:4456082] [INFO] {}[Render]: RenderTileSetSource::update called for maplibre needsRendering=1 tileset=present cachedTileset=present
2025-09-19 19:43:50.313 mbgl-glfw[5998:4456082] [WARNING] {}[Render]: countries-label visited 10 drawables but drew none!
2025-09-19 19:43:50.313 mbgl-glfw[5998:4456082] [WARNING] {}[Render]: geolines-label visited 12 drawables but drew none!
2025-09-19 19:43:50.313 mbgl-glfw[5998:4456082] [WARNING] {}[Render]: geolines visited 6 drawables but drew none!
2025-09-19 19:43:50.313 mbgl-glfw[5998:4456082] [WARNING] {}[Render]: countries-boundary visited 6 drawables but drew none!
2025-09-19 19:43:50.313 mbgl-glfw[5998:4456082] [WARNING] {}[Render]: coastline visited 6 drawables but drew none!
2025-09-19 19:43:50.815 mbgl-glfw[5998:4456082] [INFO] {}[Render]: RenderTileSetSource::update called for maplibre needsRendering=1 tileset=present cachedTileset=present
2025-09-19 19:43:50.848 mbgl-glfw[5998:4456082] [WARNING] {}[Render]: countries-label visited 10 drawables but drew none!
2025-09-19 19:43:50.848 mbgl-glfw[5998:4456082] [WARNING] {}[Render]: geolines-label visited 12 drawables but drew none!
2025-09-19 19:43:50.848 mbgl-glfw[5998:4456082] [WARNING] {}[Render]: geolines visited 6 drawables but drew none!
2025-09-19 19:43:50.848 mbgl-glfw[5998:4456082] [WARNING] {}[Render]: countries-boundary visited 6 drawables but drew none!
2025-09-19 19:43:50.848 mbgl-glfw[5998:4456082] [WARNING] {}[Render]: coastline visited 6 drawables but drew none!
2025-09-19 19:43:52.004 mbgl-glfw[5998:4456082] [INFO] {}[Render]: RenderTileSetSource::update called for maplibre needsRendering=1 tileset=present cachedTileset=present
2025-09-19 19:43:52.034 mbgl-glfw[5998:4456082] [WARNING] {}[Render]: countries-label visited 10 drawables but drew none!
2025-09-19 19:43:52.034 mbgl-glfw[5998:4456082] [WARNING] {}[Render]: geolines-label visited 12 drawables but drew none!
2025-09-19 19:43:52.034 mbgl-glfw[5998:4456082] [WARNING] {}[Render]: geolines visited 6 drawables but drew none!
2025-09-19 19:43:52.034 mbgl-glfw[5998:4456082] [WARNING] {}[Render]: countries-boundary visited 6 drawables but drew none!
2025-09-19 19:43:52.034 mbgl-glfw[5998:4456082] [WARNING] {}[Render]: coastline visited 6 drawables but drew none!
2025-09-19 19:43:52.620 mbgl-glfw[5998:4456082] [WARNING] {}[Render]: countries-label visited 10 drawables but drew none!
2025-09-19 19:43:52.620 mbgl-glfw[5998:4456082] [WARNING] {}[Render]: geolines-label visited 12 drawables but drew none!
2025-09-19 19:43:52.620 mbgl-glfw[5998:4456082] [WARNING] {}[Render]: geolines visited 4 drawables but drew none!
2025-09-19 19:43:52.620 mbgl-glfw[5998:4456082] [WARNING] {}[Render]: countries-boundary visited 4 drawables but drew none!
2025-09-19 19:43:52.620 mbgl-glfw[5998:4456082] [WARNING] {}[Render]: coastline visited 4 drawables but drew none!
2025-09-19 19:43:53.159 mbgl-glfw[5998:4456082] [WARNING] {}[Render]: countries-label visited 10 drawables but drew none!
2025-09-19 19:43:53.159 mbgl-glfw[5998:4456082] [WARNING] {}[Render]: geolines-label visited 12 drawables but drew none!
2025-09-19 19:43:53.159 mbgl-glfw[5998:4456082] [WARNING] {}[Render]: geolines visited 4 drawables but drew none!
2025-09-19 19:43:53.159 mbgl-glfw[5998:4456082] [WARNING] {}[Render]: countries-boundary visited 4 drawables but drew none!
2025-09-19 19:43:53.159 mbgl-glfw[5998:4456082] [WARNING] {}[Render]: coastline visited 4 drawables but drew none!
2025-09-19 19:43:53.688 mbgl-glfw[5998:4456082] [INFO] {}[Render]: Got 1 drawables from builder
2025-09-19 19:43:53.688 mbgl-glfw[5998:4456082] [INFO] {}[Render]: Drawable color mask before storing countries-fill/fill: R=1 G=1 B=1 A=1
2025-09-19 19:43:53.688 mbgl-glfw[5998:4456082] [INFO] {}[Render]:   Adding drawable to layer group for tile 3/4/1=>3
2025-09-19 19:43:53.689 mbgl-glfw[5998:4456082] [INFO] {}[Render]:   Total drawables added: 21
2025-09-19 19:43:53.689 mbgl-glfw[5998:4456082] [INFO] {}[Render]: Got 1 drawables from builder
2025-09-19 19:43:53.689 mbgl-glfw[5998:4456082] [INFO] {}[Render]: Drawable color mask before storing countries-fill/fill-outline: R=1 G=1 B=1 A=1
2025-09-19 19:43:53.689 mbgl-glfw[5998:4456082] [INFO] {}[Render]:   Adding drawable to layer group for tile 3/4/1=>3
2025-09-19 19:43:53.689 mbgl-glfw[5998:4456082] [INFO] {}[Render]:   Total drawables added: 22
2025-09-19 19:43:53.689 mbgl-glfw[5998:4456082] [INFO] {}[Render]: Got 1 drawables from builder
2025-09-19 19:43:53.689 mbgl-glfw[5998:4456082] [INFO] {}[Render]: Drawable color mask before storing countries-fill/fill: R=1 G=1 B=1 A=1
2025-09-19 19:43:53.689 mbgl-glfw[5998:4456082] [INFO] {}[Render]:   Adding drawable to layer group for tile 3/5/2=>3
2025-09-19 19:43:53.689 mbgl-glfw[5998:4456082] [INFO] {}[Render]:   Total drawables added: 23
2025-09-19 19:43:53.689 mbgl-glfw[5998:4456082] [INFO] {}[Render]: Got 1 drawables from builder
2025-09-19 19:43:53.689 mbgl-glfw[5998:4456082] [INFO] {}[Render]: Drawable color mask before storing countries-fill/fill-outline: R=1 G=1 B=1 A=1
2025-09-19 19:43:53.689 mbgl-glfw[5998:4456082] [INFO] {}[Render]:   Adding drawable to layer group for tile 3/5/2=>3
2025-09-19 19:43:53.689 mbgl-glfw[5998:4456082] [INFO] {}[Render]:   Total drawables added: 24
2025-09-19 19:43:53.704 mbgl-glfw[5998:4456082] [INFO] {}[Render]: Got 1 drawables from builder
2025-09-19 19:43:53.704 mbgl-glfw[5998:4456082] [INFO] {}[Render]: Drawable color mask before storing crimea-fill/fill: R=1 G=1 B=1 A=1
2025-09-19 19:43:53.704 mbgl-glfw[5998:4456082] [INFO] {}[Render]:   Adding drawable to layer group for tile 3/4/2=>3
2025-09-19 19:43:53.704 mbgl-glfw[5998:4456082] [INFO] {}[Render]:   Total drawables added: 3
2025-09-19 19:43:53.704 mbgl-glfw[5998:4456082] [INFO] {}[Render]: Got 1 drawables from builder
2025-09-19 19:43:53.704 mbgl-glfw[5998:4456082] [INFO] {}[Render]: Drawable color mask before storing crimea-fill/fill-outline: R=1 G=1 B=1 A=1
2025-09-19 19:43:53.704 mbgl-glfw[5998:4456082] [INFO] {}[Render]:   Adding drawable to layer group for tile 3/4/2=>3
2025-09-19 19:43:53.704 mbgl-glfw[5998:4456082] [INFO] {}[Render]:   Total drawables added: 4
2025-09-19 19:43:53.704 mbgl-glfw[5998:4456082] [INFO] {}[Render]: Got 1 drawables from builder
2025-09-19 19:43:53.704 mbgl-glfw[5998:4456082] [INFO] {}[Render]: Drawable color mask before storing crimea-fill/fill: R=1 G=1 B=1 A=1
2025-09-19 19:43:53.704 mbgl-glfw[5998:4456082] [INFO] {}[Render]:   Adding drawable to layer group for tile 3/4/3=>3
2025-09-19 19:43:53.704 mbgl-glfw[5998:4456082] [INFO] {}[Render]:   Total drawables added: 5
2025-09-19 19:43:53.704 mbgl-glfw[5998:4456082] [INFO] {}[Render]: Got 1 drawables from builder
2025-09-19 19:43:53.704 mbgl-glfw[5998:4456082] [INFO] {}[Render]: Drawable color mask before storing crimea-fill/fill-outline: R=1 G=1 B=1 A=1
2025-09-19 19:43:53.704 mbgl-glfw[5998:4456082] [INFO] {}[Render]:   Adding drawable to layer group for tile 3/4/3=>3
2025-09-19 19:43:53.704 mbgl-glfw[5998:4456082] [INFO] {}[Render]:   Total drawables added: 6
2025-09-19 19:43:53.704 mbgl-glfw[5998:4456082] [INFO] {}[Render]: Got 1 drawables from builder
2025-09-19 19:43:53.704 mbgl-glfw[5998:4456082] [INFO] {}[Render]: Drawable color mask before storing crimea-fill/fill: R=1 G=1 B=1 A=1
2025-09-19 19:43:53.704 mbgl-glfw[5998:4456082] [INFO] {}[Render]:   Adding drawable to layer group for tile 3/5/2=>3
2025-09-19 19:43:53.704 mbgl-glfw[5998:4456082] [INFO] {}[Render]:   Total drawables added: 7
2025-09-19 19:43:53.704 mbgl-glfw[5998:4456082] [INFO] {}[Render]: Got 1 drawables from builder
2025-09-19 19:43:53.704 mbgl-glfw[5998:4456082] [INFO] {}[Render]: Drawable color mask before storing crimea-fill/fill-outline: R=1 G=1 B=1 A=1
2025-09-19 19:43:53.704 mbgl-glfw[5998:4456082] [INFO] {}[Render]:   Adding drawable to layer group for tile 3/5/2=>3
2025-09-19 19:43:53.704 mbgl-glfw[5998:4456082] [INFO] {}[Render]:   Total drawables added: 8
2025-09-19 19:43:53.704 mbgl-glfw[5998:4456082] [INFO] {}[Render]: Got 1 drawables from builder
2025-09-19 19:43:53.704 mbgl-glfw[5998:4456082] [INFO] {}[Render]: Drawable color mask before storing crimea-fill/fill: R=1 G=1 B=1 A=1
2025-09-19 19:43:53.704 mbgl-glfw[5998:4456082] [INFO] {}[Render]:   Adding drawable to layer group for tile 3/5/3=>3
2025-09-19 19:43:53.704 mbgl-glfw[5998:4456082] [INFO] {}[Render]:   Total drawables added: 9
2025-09-19 19:43:53.705 mbgl-glfw[5998:4456082] [INFO] {}[Render]: Got 1 drawables from builder
2025-09-19 19:43:53.705 mbgl-glfw[5998:4456082] [INFO] {}[Render]: Drawable color mask before storing crimea-fill/fill-outline: R=1 G=1 B=1 A=1
2025-09-19 19:43:53.705 mbgl-glfw[5998:4456082] [INFO] {}[Render]:   Adding drawable to layer group for tile 3/5/3=>3
2025-09-19 19:43:53.705 mbgl-glfw[5998:4456082] [INFO] {}[Render]:   Total drawables added: 10
2025-09-19 19:43:53.832 mbgl-glfw[5998:4456082] [WARNING] {}[Render]: countries-label visited 8 drawables but drew none!
2025-09-19 19:43:53.832 mbgl-glfw[5998:4456082] [WARNING] {}[Render]: geolines-label visited 10 drawables but drew none!
2025-09-19 19:43:53.832 mbgl-glfw[5998:4456082] [WARNING] {}[Render]: geolines visited 5 drawables but drew none!
2025-09-19 19:43:53.832 mbgl-glfw[5998:4456082] [WARNING] {}[Render]: countries-boundary visited 5 drawables but drew none!
2025-09-19 19:43:53.832 mbgl-glfw[5998:4456082] [WARNING] {}[Render]: coastline visited 5 drawables but drew none!
2025-09-19 19:43:54.418 mbgl-glfw[5998:4456082] [INFO] {}[Render]: Got 1 drawables from builder
2025-09-19 19:43:54.418 mbgl-glfw[5998:4456082] [INFO] {}[Render]: Drawable color mask before storing countries-fill/fill: R=1 G=1 B=1 A=1
2025-09-19 19:43:54.418 mbgl-glfw[5998:4456082] [INFO] {}[Render]:   Adding drawable to layer group for tile 3/3/2=>3
2025-09-19 19:43:54.418 mbgl-glfw[5998:4456082] [INFO] {}[Render]:   Total drawables added: 25
2025-09-19 19:43:54.418 mbgl-glfw[5998:4456082] [INFO] {}[Render]: Got 1 drawables from builder
2025-09-19 19:43:54.419 mbgl-glfw[5998:4456082] [INFO] {}[Render]: Drawable color mask before storing countries-fill/fill-outline: R=1 G=1 B=1 A=1
2025-09-19 19:43:54.419 mbgl-glfw[5998:4456082] [INFO] {}[Render]:   Adding drawable to layer group for tile 3/3/2=>3
2025-09-19 19:43:54.419 mbgl-glfw[5998:4456082] [INFO] {}[Render]:   Total drawables added: 26
2025-09-19 19:43:54.419 mbgl-glfw[5998:4456082] [INFO] {}[Render]: Got 1 drawables from builder
2025-09-19 19:43:54.419 mbgl-glfw[5998:4456082] [INFO] {}[Render]: Drawable color mask before storing countries-fill/fill: R=1 G=1 B=1 A=1
2025-09-19 19:43:54.419 mbgl-glfw[5998:4456082] [INFO] {}[Render]:   Adding drawable to layer group for tile 3/4/2=>3
2025-09-19 19:43:54.419 mbgl-glfw[5998:4456082] [INFO] {}[Render]:   Total drawables added: 27
2025-09-19 19:43:54.419 mbgl-glfw[5998:4456082] [INFO] {}[Render]: Got 1 drawables from builder
2025-09-19 19:43:54.419 mbgl-glfw[5998:4456082] [INFO] {}[Render]: Drawable color mask before storing countries-fill/fill-outline: R=1 G=1 B=1 A=1
2025-09-19 19:43:54.419 mbgl-glfw[5998:4456082] [INFO] {}[Render]:   Adding drawable to layer group for tile 3/4/2=>3
2025-09-19 19:43:54.419 mbgl-glfw[5998:4456082] [INFO] {}[Render]:   Total drawables added: 28
2025-09-19 19:43:54.419 mbgl-glfw[5998:4456082] [INFO] {}[Render]: Got 1 drawables from builder
2025-09-19 19:43:54.419 mbgl-glfw[5998:4456082] [INFO] {}[Render]: Drawable color mask before storing countries-fill/fill: R=1 G=1 B=1 A=1
2025-09-19 19:43:54.419 mbgl-glfw[5998:4456082] [INFO] {}[Render]:   Adding drawable to layer group for tile 3/4/3=>3
2025-09-19 19:43:54.419 mbgl-glfw[5998:4456082] [INFO] {}[Render]:   Total drawables added: 29
2025-09-19 19:43:54.419 mbgl-glfw[5998:4456082] [INFO] {}[Render]: Got 1 drawables from builder
2025-09-19 19:43:54.419 mbgl-glfw[5998:4456082] [INFO] {}[Render]: Drawable color mask before storing countries-fill/fill-outline: R=1 G=1 B=1 A=1
2025-09-19 19:43:54.419 mbgl-glfw[5998:4456082] [INFO] {}[Render]:   Adding drawable to layer group for tile 3/4/3=>3
2025-09-19 19:43:54.419 mbgl-glfw[5998:4456082] [INFO] {}[Render]:   Total drawables added: 30
2025-09-19 19:43:54.420 mbgl-glfw[5998:4456082] [INFO] {}[Render]: Got 1 drawables from builder
2025-09-19 19:43:54.420 mbgl-glfw[5998:4456082] [INFO] {}[Render]: Drawable color mask before storing countries-fill/fill: R=1 G=1 B=1 A=1
2025-09-19 19:43:54.420 mbgl-glfw[5998:4456082] [INFO] {}[Render]:   Adding drawable to layer group for tile 3/5/3=>3
2025-09-19 19:43:54.420 mbgl-glfw[5998:4456082] [INFO] {}[Render]:   Total drawables added: 31
2025-09-19 19:43:54.420 mbgl-glfw[5998:4456082] [INFO] {}[Render]: Got 1 drawables from builder
2025-09-19 19:43:54.420 mbgl-glfw[5998:4456082] [INFO] {}[Render]: Drawable color mask before storing countries-fill/fill-outline: R=1 G=1 B=1 A=1
2025-09-19 19:43:54.420 mbgl-glfw[5998:4456082] [INFO] {}[Render]:   Adding drawable to layer group for tile 3/5/3=>3
2025-09-19 19:43:54.420 mbgl-glfw[5998:4456082] [INFO] {}[Render]:   Total drawables added: 32
2025-09-19 19:43:54.956 mbgl-glfw[5998:4456082] [WARNING] {}[Render]: countries-label visited 16 drawables but drew none!
2025-09-19 19:43:54.956 mbgl-glfw[5998:4456082] [WARNING] {}[Render]: geolines-label visited 14 drawables but drew none!
2025-09-19 19:43:54.956 mbgl-glfw[5998:4456082] [WARNING] {}[Render]: geolines visited 6 drawables but drew none!
2025-09-19 19:43:54.956 mbgl-glfw[5998:4456082] [WARNING] {}[Render]: countries-boundary visited 6 drawables but drew none!
2025-09-19 19:43:54.956 mbgl-glfw[5998:4456082] [WARNING] {}[Render]: coastline visited 6 drawables but drew none!
2025-09-19 19:43:55.557 mbgl-glfw[5998:4456082] [WARNING] {}[Render]: countries-label visited 16 drawables but drew none!
2025-09-19 19:43:55.557 mbgl-glfw[5998:4456082] [WARNING] {}[Render]: geolines-label visited 12 drawables but drew none!
2025-09-19 19:43:55.557 mbgl-glfw[5998:4456082] [WARNING] {}[Render]: geolines visited 3 drawables but drew none!
2025-09-19 19:43:55.557 mbgl-glfw[5998:4456082] [WARNING] {}[Render]: countries-boundary visited 3 drawables but drew none!
2025-09-19 19:43:55.557 mbgl-glfw[5998:4456082] [WARNING] {}[Render]: coastline visited 3 drawables but drew none!
2025-09-19 19:43:56.084 mbgl-glfw[5998:4456082] [WARNING] {}[Render]: countries-label visited 10 drawables but drew none!
2025-09-19 19:43:56.084 mbgl-glfw[5998:4456082] [WARNING] {}[Render]: geolines-label visited 6 drawables but drew none!
2025-09-19 19:43:56.084 mbgl-glfw[5998:4456082] [WARNING] {}[Render]: geolines visited 3 drawables but drew none!
2025-09-19 19:43:56.084 mbgl-glfw[5998:4456082] [WARNING] {}[Render]: countries-boundary visited 3 drawables but drew none!
2025-09-19 19:43:56.085 mbgl-glfw[5998:4456082] [WARNING] {}[Render]: coastline visited 3 drawables but drew none!
2025-09-19 19:43:56.589 mbgl-glfw[5998:4456082] [INFO] {}[Render]: Got 1 drawables from builder
2025-09-19 19:43:56.589 mbgl-glfw[5998:4456082] [INFO] {}[Render]: Drawable color mask before storing crimea-fill/fill: R=1 G=1 B=1 A=1
2025-09-19 19:43:56.589 mbgl-glfw[5998:4456082] [INFO] {}[Render]:   Adding drawable to layer group for tile 4/9/5=>4
2025-09-19 19:43:56.589 mbgl-glfw[5998:4456082] [INFO] {}[Render]:   Total drawables added: 11
2025-09-19 19:43:56.589 mbgl-glfw[5998:4456082] [INFO] {}[Render]: Got 1 drawables from builder
2025-09-19 19:43:56.589 mbgl-glfw[5998:4456082] [INFO] {}[Render]: Drawable color mask before storing crimea-fill/fill-outline: R=1 G=1 B=1 A=1
2025-09-19 19:43:56.589 mbgl-glfw[5998:4456082] [INFO] {}[Render]:   Adding drawable to layer group for tile 4/9/5=>4
2025-09-19 19:43:56.589 mbgl-glfw[5998:4456082] [INFO] {}[Render]:   Total drawables added: 12
2025-09-19 19:43:56.589 mbgl-glfw[5998:4456082] [INFO] {}[Render]: Got 1 drawables from builder
2025-09-19 19:43:56.589 mbgl-glfw[5998:4456082] [INFO] {}[Render]: Drawable color mask before storing crimea-fill/fill: R=1 G=1 B=1 A=1
2025-09-19 19:43:56.589 mbgl-glfw[5998:4456082] [INFO] {}[Render]:   Adding drawable to layer group for tile 4/9/6=>4
2025-09-19 19:43:56.589 mbgl-glfw[5998:4456082] [INFO] {}[Render]:   Total drawables added: 13
2025-09-19 19:43:56.589 mbgl-glfw[5998:4456082] [INFO] {}[Render]: Got 1 drawables from builder
2025-09-19 19:43:56.589 mbgl-glfw[5998:4456082] [INFO] {}[Render]: Drawable color mask before storing crimea-fill/fill-outline: R=1 G=1 B=1 A=1
2025-09-19 19:43:56.589 mbgl-glfw[5998:4456082] [INFO] {}[Render]:   Adding drawable to layer group for tile 4/9/6=>4
2025-09-19 19:43:56.589 mbgl-glfw[5998:4456082] [INFO] {}[Render]:   Total drawables added: 14
2025-09-19 19:43:56.606 mbgl-glfw[5998:4456082] [WARNING] {}[Render]: countries-label visited 6 drawables but drew none!
2025-09-19 19:43:56.606 mbgl-glfw[5998:4456082] [WARNING] {}[Render]: geolines-label visited 2 drawables but drew none!
2025-09-19 19:43:56.606 mbgl-glfw[5998:4456082] [WARNING] {}[Render]: geolines visited 3 drawables but drew none!
2025-09-19 19:43:56.606 mbgl-glfw[5998:4456082] [WARNING] {}[Render]: countries-boundary visited 3 drawables but drew none!
2025-09-19 19:43:56.606 mbgl-glfw[5998:4456082] [WARNING] {}[Render]: coastline visited 3 drawables but drew none!
2025-09-19 19:43:57.179 mbgl-glfw[5998:4456082] [INFO] {}[Render]: Got 1 drawables from builder
2025-09-19 19:43:57.179 mbgl-glfw[5998:4456082] [INFO] {}[Render]: Drawable color mask before storing countries-fill/fill: R=1 G=1 B=1 A=1
2025-09-19 19:43:57.179 mbgl-glfw[5998:4456082] [INFO] {}[Render]:   Adding drawable to layer group for tile 4/8/5=>4
2025-09-19 19:43:57.179 mbgl-glfw[5998:4456082] [INFO] {}[Render]:   Total drawables added: 33
2025-09-19 19:43:57.180 mbgl-glfw[5998:4456082] [INFO] {}[Render]: Got 1 drawables from builder
2025-09-19 19:43:57.180 mbgl-glfw[5998:4456082] [INFO] {}[Render]: Drawable color mask before storing countries-fill/fill-outline: R=1 G=1 B=1 A=1
2025-09-19 19:43:57.180 mbgl-glfw[5998:4456082] [INFO] {}[Render]:   Adding drawable to layer group for tile 4/8/5=>4
2025-09-19 19:43:57.180 mbgl-glfw[5998:4456082] [INFO] {}[Render]:   Total drawables added: 34
2025-09-19 19:43:57.180 mbgl-glfw[5998:4456082] [INFO] {}[Render]: Got 1 drawables from builder
2025-09-19 19:43:57.180 mbgl-glfw[5998:4456082] [INFO] {}[Render]: Drawable color mask before storing countries-fill/fill: R=1 G=1 B=1 A=1
2025-09-19 19:43:57.180 mbgl-glfw[5998:4456082] [INFO] {}[Render]:   Adding drawable to layer group for tile 4/9/4=>4
2025-09-19 19:43:57.180 mbgl-glfw[5998:4456082] [INFO] {}[Render]:   Total drawables added: 35
2025-09-19 19:43:57.180 mbgl-glfw[5998:4456082] [INFO] {}[Render]: Got 1 drawables from builder
2025-09-19 19:43:57.180 mbgl-glfw[5998:4456082] [INFO] {}[Render]: Drawable color mask before storing countries-fill/fill-outline: R=1 G=1 B=1 A=1
2025-09-19 19:43:57.180 mbgl-glfw[5998:4456082] [INFO] {}[Render]:   Adding drawable to layer group for tile 4/9/4=>4
2025-09-19 19:43:57.180 mbgl-glfw[5998:4456082] [INFO] {}[Render]:   Total drawables added: 36
2025-09-19 19:43:57.180 mbgl-glfw[5998:4456082] [INFO] {}[Render]: Got 1 drawables from builder
2025-09-19 19:43:57.180 mbgl-glfw[5998:4456082] [INFO] {}[Render]: Drawable color mask before storing countries-fill/fill: R=1 G=1 B=1 A=1
2025-09-19 19:43:57.180 mbgl-glfw[5998:4456082] [INFO] {}[Render]:   Adding drawable to layer group for tile 4/9/5=>4
2025-09-19 19:43:57.180 mbgl-glfw[5998:4456082] [INFO] {}[Render]:   Total drawables added: 37
2025-09-19 19:43:57.180 mbgl-glfw[5998:4456082] [INFO] {}[Render]: Got 1 drawables from builder
2025-09-19 19:43:57.180 mbgl-glfw[5998:4456082] [INFO] {}[Render]: Drawable color mask before storing countries-fill/fill-outline: R=1 G=1 B=1 A=1
2025-09-19 19:43:57.180 mbgl-glfw[5998:4456082] [INFO] {}[Render]:   Adding drawable to layer group for tile 4/9/5=>4
2025-09-19 19:43:57.180 mbgl-glfw[5998:4456082] [INFO] {}[Render]:   Total drawables added: 38
2025-09-19 19:43:57.180 mbgl-glfw[5998:4456082] [INFO] {}[Render]: Got 1 drawables from builder
2025-09-19 19:43:57.180 mbgl-glfw[5998:4456082] [INFO] {}[Render]: Drawable color mask before storing countries-fill/fill: R=1 G=1 B=1 A=1
2025-09-19 19:43:57.180 mbgl-glfw[5998:4456082] [INFO] {}[Render]:   Adding drawable to layer group for tile 4/9/6=>4
2025-09-19 19:43:57.180 mbgl-glfw[5998:4456082] [INFO] {}[Render]:   Total drawables added: 39
2025-09-19 19:43:57.180 mbgl-glfw[5998:4456082] [INFO] {}[Render]: Got 1 drawables from builder
2025-09-19 19:43:57.180 mbgl-glfw[5998:4456082] [INFO] {}[Render]: Drawable color mask before storing countries-fill/fill-outline: R=1 G=1 B=1 A=1
2025-09-19 19:43:57.180 mbgl-glfw[5998:4456082] [INFO] {}[Render]:   Adding drawable to layer group for tile 4/9/6=>4
2025-09-19 19:43:57.180 mbgl-glfw[5998:4456082] [INFO] {}[Render]:   Total drawables added: 40
2025-09-19 19:43:57.180 mbgl-glfw[5998:4456082] [INFO] {}[Render]: Got 1 drawables from builder
2025-09-19 19:43:57.180 mbgl-glfw[5998:4456082] [INFO] {}[Render]: Drawable color mask before storing countries-fill/fill: R=1 G=1 B=1 A=1
2025-09-19 19:43:57.180 mbgl-glfw[5998:4456082] [INFO] {}[Render]:   Adding drawable to layer group for tile 4/10/5=>4
2025-09-19 19:43:57.180 mbgl-glfw[5998:4456082] [INFO] {}[Render]:   Total drawables added: 41
2025-09-19 19:43:57.180 mbgl-glfw[5998:4456082] [INFO] {}[Render]: Got 1 drawables from builder
2025-09-19 19:43:57.180 mbgl-glfw[5998:4456082] [INFO] {}[Render]: Drawable color mask before storing countries-fill/fill-outline: R=1 G=1 B=1 A=1
2025-09-19 19:43:57.180 mbgl-glfw[5998:4456082] [INFO] {}[Render]:   Adding drawable to layer group for tile 4/10/5=>4
2025-09-19 19:43:57.180 mbgl-glfw[5998:4456082] [INFO] {}[Render]:   Total drawables added: 42
2025-09-19 19:43:57.565 mbgl-glfw[5998:4456082] [WARNING] {}[Render]: countries-label visited 16 drawables but drew none!
2025-09-19 19:43:57.566 mbgl-glfw[5998:4456082] [WARNING] {}[Render]: geolines-label visited 4 drawables but drew none!
2025-09-19 19:43:57.566 mbgl-glfw[5998:4456082] [WARNING] {}[Render]: geolines visited 2 drawables but drew none!
2025-09-19 19:43:57.566 mbgl-glfw[5998:4456082] [WARNING] {}[Render]: countries-boundary visited 5 drawables but drew none!
2025-09-19 19:43:57.566 mbgl-glfw[5998:4456082] [WARNING] {}[Render]: coastline visited 5 drawables but drew none!
2025-09-19 19:43:58.107 mbgl-glfw[5998:4456082] [WARNING] {}[Render]: countries-label visited 16 drawables but drew none!
2025-09-19 19:43:58.107 mbgl-glfw[5998:4456082] [WARNING] {}[Render]: geolines-label visited 4 drawables but drew none!
2025-09-19 19:43:58.107 mbgl-glfw[5998:4456082] [WARNING] {}[Render]: geolines visited 2 drawables but drew none!
2025-09-19 19:43:58.107 mbgl-glfw[5998:4456082] [WARNING] {}[Render]: countries-boundary visited 5 drawables but drew none!
2025-09-19 19:43:58.107 mbgl-glfw[5998:4456082] [WARNING] {}[Render]: coastline visited 5 drawables but drew none!
2025-09-19 19:43:58.620 mbgl-glfw[5998:4456082] [INFO] {}[Render]: Got 1 drawables from builder
2025-09-19 19:43:58.621 mbgl-glfw[5998:4456082] [INFO] {}[Render]: Drawable color mask before storing countries-fill/fill: R=1 G=1 B=1 A=1
2025-09-19 19:43:58.621 mbgl-glfw[5998:4456082] [INFO] {}[Render]:   Adding drawable to layer group for tile 0/0/0=>0
2025-09-19 19:43:58.621 mbgl-glfw[5998:4456082] [INFO] {}[Render]:   Total drawables added: 43
2025-09-19 19:43:58.621 mbgl-glfw[5998:4456082] [INFO] {}[Render]: Got 1 drawables from builder
2025-09-19 19:43:58.621 mbgl-glfw[5998:4456082] [INFO] {}[Render]: Drawable color mask before storing countries-fill/fill-outline: R=1 G=1 B=1 A=1
2025-09-19 19:43:58.621 mbgl-glfw[5998:4456082] [INFO] {}[Render]:   Adding drawable to layer group for tile 0/0/0=>0
2025-09-19 19:43:58.621 mbgl-glfw[5998:4456082] [INFO] {}[Render]:   Total drawables added: 44
2025-09-19 19:43:58.621 mbgl-glfw[5998:4456082] [INFO] {}[Render]: Got 1 drawables from builder
2025-09-19 19:43:58.621 mbgl-glfw[5998:4456082] [INFO] {}[Render]: Drawable color mask before storing countries-fill/fill: R=1 G=1 B=1 A=1
2025-09-19 19:43:58.621 mbgl-glfw[5998:4456082] [INFO] {}[Render]:   Adding drawable to layer group for tile 3/4/2=>3
2025-09-19 19:43:58.621 mbgl-glfw[5998:4456082] [INFO] {}[Render]:   Total drawables added: 45
2025-09-19 19:43:58.621 mbgl-glfw[5998:4456082] [INFO] {}[Render]: Got 1 drawables from builder
2025-09-19 19:43:58.621 mbgl-glfw[5998:4456082] [INFO] {}[Render]: Drawable color mask before storing countries-fill/fill-outline: R=1 G=1 B=1 A=1
2025-09-19 19:43:58.621 mbgl-glfw[5998:4456082] [INFO] {}[Render]:   Adding drawable to layer group for tile 3/4/2=>3
2025-09-19 19:43:58.621 mbgl-glfw[5998:4456082] [INFO] {}[Render]:   Total drawables added: 46
2025-09-19 19:43:58.621 mbgl-glfw[5998:4456082] [INFO] {}[Render]: Got 1 drawables from builder
2025-09-19 19:43:58.622 mbgl-glfw[5998:4456082] [INFO] {}[Render]: Drawable color mask before storing countries-fill/fill: R=1 G=1 B=1 A=1
2025-09-19 19:43:58.622 mbgl-glfw[5998:4456082] [INFO] {}[Render]:   Adding drawable to layer group for tile 3/4/3=>3
2025-09-19 19:43:58.622 mbgl-glfw[5998:4456082] [INFO] {}[Render]:   Total drawables added: 47
2025-09-19 19:43:58.622 mbgl-glfw[5998:4456082] [INFO] {}[Render]: Got 1 drawables from builder
2025-09-19 19:43:58.622 mbgl-glfw[5998:4456082] [INFO] {}[Render]: Drawable color mask before storing countries-fill/fill-outline: R=1 G=1 B=1 A=1
2025-09-19 19:43:58.622 mbgl-glfw[5998:4456082] [INFO] {}[Render]:   Adding drawable to layer group for tile 3/4/3=>3
2025-09-19 19:43:58.622 mbgl-glfw[5998:4456082] [INFO] {}[Render]:   Total drawables added: 48
2025-09-19 19:43:59.176 mbgl-glfw[5998:4456082] [WARNING] {}[Render]: countries-label visited 14 drawables but drew none!
2025-09-19 19:43:59.176 mbgl-glfw[5998:4456082] [WARNING] {}[Render]: geolines-label visited 4 drawables but drew none!
2025-09-19 19:43:59.176 mbgl-glfw[5998:4456082] [WARNING] {}[Render]: geolines visited 5 drawables but drew none!
2025-09-19 19:43:59.176 mbgl-glfw[5998:4456082] [WARNING] {}[Render]: countries-boundary visited 8 drawables but drew none!
2025-09-19 19:43:59.176 mbgl-glfw[5998:4456082] [WARNING] {}[Render]: coastline visited 8 drawables but drew none!
2025-09-19 19:43:59.870 mbgl-glfw[5998:4456082] [WARNING] {}[Render]: countries-label visited 14 drawables but drew none!
2025-09-19 19:43:59.871 mbgl-glfw[5998:4456082] [WARNING] {}[Render]: geolines-label visited 4 drawables but drew none!
2025-09-19 19:43:59.871 mbgl-glfw[5998:4456082] [WARNING] {}[Render]: geolines visited 1 drawables but drew none!
2025-09-19 19:43:59.871 mbgl-glfw[5998:4456082] [WARNING] {}[Render]: countries-boundary visited 4 drawables but drew none!
2025-09-19 19:43:59.871 mbgl-glfw[5998:4456082] [WARNING] {}[Render]: coastline visited 4 drawables but drew none!
2025-09-19 19:44:00.429 mbgl-glfw[5998:4456082] [WARNING] {}[Render]: countries-label visited 14 drawables but drew none!
2025-09-19 19:44:00.429 mbgl-glfw[5998:4456082] [WARNING] {}[Render]: geolines-label visited 4 drawables but drew none!
2025-09-19 19:44:00.429 mbgl-glfw[5998:4456082] [WARNING] {}[Render]: geolines visited 1 drawables but drew none!
2025-09-19 19:44:00.429 mbgl-glfw[5998:4456082] [WARNING] {}[Render]: countries-boundary visited 2 drawables but drew none!
2025-09-19 19:44:00.429 mbgl-glfw[5998:4456082] [WARNING] {}[Render]: coastline visited 2 drawables but drew none!
2025-09-19 19:44:00.936 mbgl-glfw[5998:4456082] [INFO] {}[Render]: Got 1 drawables from builder
2025-09-19 19:44:00.936 mbgl-glfw[5998:4456082] [INFO] {}[Render]: Drawable color mask before storing countries-fill/fill: R=1 G=1 B=1 A=1
2025-09-19 19:44:00.936 mbgl-glfw[5998:4456082] [INFO] {}[Render]:   Adding drawable to layer group for tile 5/19/10=>5
2025-09-19 19:44:00.936 mbgl-glfw[5998:4456082] [INFO] {}[Render]:   Total drawables added: 49
2025-09-19 19:44:00.936 mbgl-glfw[5998:4456082] [INFO] {}[Render]: Got 1 drawables from builder
2025-09-19 19:44:00.936 mbgl-glfw[5998:4456082] [INFO] {}[Render]: Drawable color mask before storing countries-fill/fill-outline: R=1 G=1 B=1 A=1
2025-09-19 19:44:00.936 mbgl-glfw[5998:4456082] [INFO] {}[Render]:   Adding drawable to layer group for tile 5/19/10=>5
2025-09-19 19:44:00.936 mbgl-glfw[5998:4456082] [INFO] {}[Render]:   Total drawables added: 50
2025-09-19 19:44:00.937 mbgl-glfw[5998:4456082] [INFO] {}[Render]: Got 1 drawables from builder
2025-09-19 19:44:00.937 mbgl-glfw[5998:4456082] [INFO] {}[Render]: Drawable color mask before storing crimea-fill/fill: R=1 G=1 B=1 A=1
2025-09-19 19:44:00.937 mbgl-glfw[5998:4456082] [INFO] {}[Render]:   Adding drawable to layer group for tile 5/18/11=>5
2025-09-19 19:44:00.937 mbgl-glfw[5998:4456082] [INFO] {}[Render]:   Total drawables added: 15
2025-09-19 19:44:00.937 mbgl-glfw[5998:4456082] [INFO] {}[Render]: Got 1 drawables from builder
2025-09-19 19:44:00.937 mbgl-glfw[5998:4456082] [INFO] {}[Render]: Drawable color mask before storing crimea-fill/fill-outline: R=1 G=1 B=1 A=1
2025-09-19 19:44:00.937 mbgl-glfw[5998:4456082] [INFO] {}[Render]:   Adding drawable to layer group for tile 5/18/11=>5
2025-09-19 19:44:00.937 mbgl-glfw[5998:4456082] [INFO] {}[Render]:   Total drawables added: 16
2025-09-19 19:44:00.937 mbgl-glfw[5998:4456082] [INFO] {}[Render]: Got 1 drawables from builder
2025-09-19 19:44:00.937 mbgl-glfw[5998:4456082] [INFO] {}[Render]: Drawable color mask before storing crimea-fill/fill: R=1 G=1 B=1 A=1
2025-09-19 19:44:00.938 mbgl-glfw[5998:4456082] [INFO] {}[Render]:   Adding drawable to layer group for tile 5/19/11=>5
2025-09-19 19:44:00.938 mbgl-glfw[5998:4456082] [INFO] {}[Render]:   Total drawables added: 17
2025-09-19 19:44:00.938 mbgl-glfw[5998:4456082] [INFO] {}[Render]: Got 1 drawables from builder
2025-09-19 19:44:00.938 mbgl-glfw[5998:4456082] [INFO] {}[Render]: Drawable color mask before storing crimea-fill/fill-outline: R=1 G=1 B=1 A=1
2025-09-19 19:44:00.938 mbgl-glfw[5998:4456082] [INFO] {}[Render]:   Adding drawable to layer group for tile 5/19/11=>5
2025-09-19 19:44:00.938 mbgl-glfw[5998:4456082] [INFO] {}[Render]:   Total drawables added: 18
2025-09-19 19:44:00.957 mbgl-glfw[5998:4456082] [WARNING] {}[Render]: countries-label visited 8 drawables but drew none!
2025-09-19 19:44:00.957 mbgl-glfw[5998:4456082] [WARNING] {}[Render]: geolines-label visited 2 drawables but drew none!
2025-09-19 19:44:00.957 mbgl-glfw[5998:4456082] [WARNING] {}[Render]: geolines visited 1 drawables but drew none!
2025-09-19 19:44:00.957 mbgl-glfw[5998:4456082] [WARNING] {}[Render]: countries-boundary visited 3 drawables but drew none!
2025-09-19 19:44:00.957 mbgl-glfw[5998:4456082] [WARNING] {}[Render]: coastline visited 3 drawables but drew none!
2025-09-19 19:44:01.482 mbgl-glfw[5998:4456082] [INFO] {}[Render]: Got 1 drawables from builder
2025-09-19 19:44:01.482 mbgl-glfw[5998:4456082] [INFO] {}[Render]: Drawable color mask before storing countries-fill/fill: R=1 G=1 B=1 A=1
2025-09-19 19:44:01.482 mbgl-glfw[5998:4456082] [INFO] {}[Render]:   Adding drawable to layer group for tile 5/18/10=>5
2025-09-19 19:44:01.482 mbgl-glfw[5998:4456082] [INFO] {}[Render]:   Total drawables added: 51
2025-09-19 19:44:01.482 mbgl-glfw[5998:4456082] [INFO] {}[Render]: Got 1 drawables from builder
2025-09-19 19:44:01.482 mbgl-glfw[5998:4456082] [INFO] {}[Render]: Drawable color mask before storing countries-fill/fill-outline: R=1 G=1 B=1 A=1
2025-09-19 19:44:01.482 mbgl-glfw[5998:4456082] [INFO] {}[Render]:   Adding drawable to layer group for tile 5/18/10=>5
2025-09-19 19:44:01.482 mbgl-glfw[5998:4456082] [INFO] {}[Render]:   Total drawables added: 52
2025-09-19 19:44:01.482 mbgl-glfw[5998:4456082] [INFO] {}[Render]: Got 1 drawables from builder
2025-09-19 19:44:01.482 mbgl-glfw[5998:4456082] [INFO] {}[Render]: Drawable color mask before storing countries-fill/fill: R=1 G=1 B=1 A=1
2025-09-19 19:44:01.482 mbgl-glfw[5998:4456082] [INFO] {}[Render]:   Adding drawable to layer group for tile 5/18/11=>5
2025-09-19 19:44:01.482 mbgl-glfw[5998:4456082] [INFO] {}[Render]:   Total drawables added: 53
2025-09-19 19:44:01.482 mbgl-glfw[5998:4456082] [INFO] {}[Render]: Got 1 drawables from builder
2025-09-19 19:44:01.482 mbgl-glfw[5998:4456082] [INFO] {}[Render]: Drawable color mask before storing countries-fill/fill-outline: R=1 G=1 B=1 A=1
2025-09-19 19:44:01.482 mbgl-glfw[5998:4456082] [INFO] {}[Render]:   Adding drawable to layer group for tile 5/18/11=>5
2025-09-19 19:44:01.483 mbgl-glfw[5998:4456082] [INFO] {}[Render]:   Total drawables added: 54
2025-09-19 19:44:01.483 mbgl-glfw[5998:4456082] [INFO] {}[Render]: Got 1 drawables from builder
2025-09-19 19:44:01.483 mbgl-glfw[5998:4456082] [INFO] {}[Render]: Drawable color mask before storing countries-fill/fill: R=1 G=1 B=1 A=1
2025-09-19 19:44:01.483 mbgl-glfw[5998:4456082] [INFO] {}[Render]:   Adding drawable to layer group for tile 5/19/11=>5
2025-09-19 19:44:01.483 mbgl-glfw[5998:4456082] [INFO] {}[Render]:   Total drawables added: 55
2025-09-19 19:44:01.483 mbgl-glfw[5998:4456082] [INFO] {}[Render]: Got 1 drawables from builder
2025-09-19 19:44:01.483 mbgl-glfw[5998:4456082] [INFO] {}[Render]: Drawable color mask before storing countries-fill/fill-outline: R=1 G=1 B=1 A=1
2025-09-19 19:44:01.483 mbgl-glfw[5998:4456082] [INFO] {}[Render]:   Adding drawable to layer group for tile 5/19/11=>5
2025-09-19 19:44:01.483 mbgl-glfw[5998:4456082] [INFO] {}[Render]:   Total drawables added: 56
2025-09-19 19:44:01.578 mbgl-glfw[5998:4456082] [WARNING] {}[Render]: countries-label visited 10 drawables but drew none!
2025-09-19 19:44:01.578 mbgl-glfw[5998:4456082] [WARNING] {}[Render]: geolines-label visited 2 drawables but drew none!
2025-09-19 19:44:01.578 mbgl-glfw[5998:4456082] [WARNING] {}[Render]: countries-boundary visited 4 drawables but drew none!
2025-09-19 19:44:01.578 mbgl-glfw[5998:4456082] [WARNING] {}[Render]: coastline visited 4 drawables but drew none!
2025-09-19 19:44:02.091 mbgl-glfw[5998:4456082] [WARNING] {}[Render]: countries-label visited 10 drawables but drew none!
2025-09-19 19:44:02.092 mbgl-glfw[5998:4456082] [WARNING] {}[Render]: geolines-label visited 2 drawables but drew none!
2025-09-19 19:44:02.092 mbgl-glfw[5998:4456082] [WARNING] {}[Render]: countries-boundary visited 4 drawables but drew none!
2025-09-19 19:44:02.092 mbgl-glfw[5998:4456082] [WARNING] {}[Render]: coastline visited 4 drawables but drew none!
2025-09-19 19:44:02.604 mbgl-glfw[5998:4456082] [INFO] {}[Render]: Got 1 drawables from builder
2025-09-19 19:44:02.605 mbgl-glfw[5998:4456082] [INFO] {}[Render]: Drawable color mask before storing countries-fill/fill: R=1 G=1 B=1 A=1
2025-09-19 19:44:02.605 mbgl-glfw[5998:4456082] [INFO] {}[Render]:   Adding drawable to layer group for tile 6/37/23=>6
2025-09-19 19:44:02.605 mbgl-glfw[5998:4456082] [INFO] {}[Render]:   Total drawables added: 57
2025-09-19 19:44:02.605 mbgl-glfw[5998:4456082] [INFO] {}[Render]: Got 1 drawables from builder
2025-09-19 19:44:02.605 mbgl-glfw[5998:4456082] [INFO] {}[Render]: Drawable color mask before storing countries-fill/fill-outline: R=1 G=1 B=1 A=1
2025-09-19 19:44:02.605 mbgl-glfw[5998:4456082] [INFO] {}[Render]:   Adding drawable to layer group for tile 6/37/23=>6
2025-09-19 19:44:02.605 mbgl-glfw[5998:4456082] [INFO] {}[Render]:   Total drawables added: 58
2025-09-19 19:44:02.605 mbgl-glfw[5998:4456082] [INFO] {}[Render]: Got 1 drawables from builder
2025-09-19 19:44:02.605 mbgl-glfw[5998:4456082] [INFO] {}[Render]: Drawable color mask before storing countries-fill/fill: R=1 G=1 B=1 A=1
2025-09-19 19:44:02.605 mbgl-glfw[5998:4456082] [INFO] {}[Render]:   Adding drawable to layer group for tile 6/38/22=>6
2025-09-19 19:44:02.605 mbgl-glfw[5998:4456082] [INFO] {}[Render]:   Total drawables added: 59
2025-09-19 19:44:02.605 mbgl-glfw[5998:4456082] [INFO] {}[Render]: Got 1 drawables from builder
2025-09-19 19:44:02.605 mbgl-glfw[5998:4456082] [INFO] {}[Render]: Drawable color mask before storing countries-fill/fill-outline: R=1 G=1 B=1 A=1
2025-09-19 19:44:02.605 mbgl-glfw[5998:4456082] [INFO] {}[Render]:   Adding drawable to layer group for tile 6/38/22=>6
2025-09-19 19:44:02.605 mbgl-glfw[5998:4456082] [INFO] {}[Render]:   Total drawables added: 60
2025-09-19 19:44:02.605 mbgl-glfw[5998:4456082] [INFO] {}[Render]: Got 1 drawables from builder
2025-09-19 19:44:02.605 mbgl-glfw[5998:4456082] [INFO] {}[Render]: Drawable color mask before storing countries-fill/fill: R=1 G=1 B=1 A=1
2025-09-19 19:44:02.605 mbgl-glfw[5998:4456082] [INFO] {}[Render]:   Adding drawable to layer group for tile 6/38/23=>6
2025-09-19 19:44:02.605 mbgl-glfw[5998:4456082] [INFO] {}[Render]:   Total drawables added: 61
2025-09-19 19:44:02.605 mbgl-glfw[5998:4456082] [INFO] {}[Render]: Got 1 drawables from builder
2025-09-19 19:44:02.605 mbgl-glfw[5998:4456082] [INFO] {}[Render]: Drawable color mask before storing countries-fill/fill-outline: R=1 G=1 B=1 A=1
2025-09-19 19:44:02.605 mbgl-glfw[5998:4456082] [INFO] {}[Render]:   Adding drawable to layer group for tile 6/38/23=>6
2025-09-19 19:44:02.605 mbgl-glfw[5998:4456082] [INFO] {}[Render]:   Total drawables added: 62
2025-09-19 19:44:02.610 mbgl-glfw[5998:4456082] [INFO] {}[Render]: Got 1 drawables from builder
2025-09-19 19:44:02.610 mbgl-glfw[5998:4456082] [INFO] {}[Render]: Drawable color mask before storing crimea-fill/fill: R=1 G=1 B=1 A=1
2025-09-19 19:44:02.610 mbgl-glfw[5998:4456082] [INFO] {}[Render]:   Adding drawable to layer group for tile 6/37/22=>6
2025-09-19 19:44:02.610 mbgl-glfw[5998:4456082] [INFO] {}[Render]:   Total drawables added: 19
2025-09-19 19:44:02.610 mbgl-glfw[5998:4456082] [INFO] {}[Render]: Got 1 drawables from builder
2025-09-19 19:44:02.610 mbgl-glfw[5998:4456082] [INFO] {}[Render]: Drawable color mask before storing crimea-fill/fill-outline: R=1 G=1 B=1 A=1
2025-09-19 19:44:02.611 mbgl-glfw[5998:4456082] [INFO] {}[Render]:   Adding drawable to layer group for tile 6/37/22=>6
2025-09-19 19:44:02.611 mbgl-glfw[5998:4456082] [INFO] {}[Render]:   Total drawables added: 20
2025-09-19 19:44:02.611 mbgl-glfw[5998:4456082] [INFO] {}[Render]: Got 1 drawables from builder
2025-09-19 19:44:02.611 mbgl-glfw[5998:4456082] [INFO] {}[Render]: Drawable color mask before storing crimea-fill/fill: R=1 G=1 B=1 A=1
2025-09-19 19:44:02.611 mbgl-glfw[5998:4456082] [INFO] {}[Render]:   Adding drawable to layer group for tile 6/37/23=>6
2025-09-19 19:44:02.611 mbgl-glfw[5998:4456082] [INFO] {}[Render]:   Total drawables added: 21
2025-09-19 19:44:02.611 mbgl-glfw[5998:4456082] [INFO] {}[Render]: Got 1 drawables from builder
2025-09-19 19:44:02.611 mbgl-glfw[5998:4456082] [INFO] {}[Render]: Drawable color mask before storing crimea-fill/fill-outline: R=1 G=1 B=1 A=1
2025-09-19 19:44:02.611 mbgl-glfw[5998:4456082] [INFO] {}[Render]:   Adding drawable to layer group for tile 6/37/23=>6
2025-09-19 19:44:02.611 mbgl-glfw[5998:4456082] [INFO] {}[Render]:   Total drawables added: 22
2025-09-19 19:44:02.611 mbgl-glfw[5998:4456082] [INFO] {}[Render]: Got 1 drawables from builder
2025-09-19 19:44:02.611 mbgl-glfw[5998:4456082] [INFO] {}[Render]: Drawable color mask before storing crimea-fill/fill: R=1 G=1 B=1 A=1
2025-09-19 19:44:02.611 mbgl-glfw[5998:4456082] [INFO] {}[Render]:   Adding drawable to layer group for tile 6/38/22=>6
2025-09-19 19:44:02.611 mbgl-glfw[5998:4456082] [INFO] {}[Render]:   Total drawables added: 23
2025-09-19 19:44:02.611 mbgl-glfw[5998:4456082] [INFO] {}[Render]: Got 1 drawables from builder
2025-09-19 19:44:02.611 mbgl-glfw[5998:4456082] [INFO] {}[Render]: Drawable color mask before storing crimea-fill/fill-outline: R=1 G=1 B=1 A=1
2025-09-19 19:44:02.611 mbgl-glfw[5998:4456082] [INFO] {}[Render]:   Adding drawable to layer group for tile 6/38/22=>6
2025-09-19 19:44:02.611 mbgl-glfw[5998:4456082] [INFO] {}[Render]:   Total drawables added: 24
2025-09-19 19:44:02.611 mbgl-glfw[5998:4456082] [INFO] {}[Render]: Got 1 drawables from builder
2025-09-19 19:44:02.611 mbgl-glfw[5998:4456082] [INFO] {}[Render]: Drawable color mask before storing crimea-fill/fill: R=1 G=1 B=1 A=1
2025-09-19 19:44:02.611 mbgl-glfw[5998:4456082] [INFO] {}[Render]:   Adding drawable to layer group for tile 6/38/23=>6
2025-09-19 19:44:02.611 mbgl-glfw[5998:4456082] [INFO] {}[Render]:   Total drawables added: 25
2025-09-19 19:44:02.611 mbgl-glfw[5998:4456082] [INFO] {}[Render]: Got 1 drawables from builder
2025-09-19 19:44:02.611 mbgl-glfw[5998:4456082] [INFO] {}[Render]: Drawable color mask before storing crimea-fill/fill-outline: R=1 G=1 B=1 A=1
2025-09-19 19:44:02.611 mbgl-glfw[5998:4456082] [INFO] {}[Render]:   Adding drawable to layer group for tile 6/38/23=>6
2025-09-19 19:44:02.611 mbgl-glfw[5998:4456082] [INFO] {}[Render]:   Total drawables added: 26
2025-09-19 19:44:02.628 mbgl-glfw[5998:4456082] [WARNING] {}[Render]: countries-label visited 6 drawables but drew none!
2025-09-19 19:44:02.628 mbgl-glfw[5998:4456082] [WARNING] {}[Render]: countries-boundary visited 4 drawables but drew none!
2025-09-19 19:44:02.628 mbgl-glfw[5998:4456082] [WARNING] {}[Render]: coastline visited 4 drawables but drew none!
2025-09-19 19:44:03.146 mbgl-glfw[5998:4456082] [INFO] {}[Render]: Got 1 drawables from builder
2025-09-19 19:44:03.146 mbgl-glfw[5998:4456082] [INFO] {}[Render]: Drawable color mask before storing countries-fill/fill: R=1 G=1 B=1 A=1
2025-09-19 19:44:03.146 mbgl-glfw[5998:4456082] [INFO] {}[Render]:   Adding drawable to layer group for tile 6/37/22=>6
2025-09-19 19:44:03.146 mbgl-glfw[5998:4456082] [INFO] {}[Render]:   Total drawables added: 63
2025-09-19 19:44:03.146 mbgl-glfw[5998:4456082] [INFO] {}[Render]: Got 1 drawables from builder
2025-09-19 19:44:03.146 mbgl-glfw[5998:4456082] [INFO] {}[Render]: Drawable color mask before storing countries-fill/fill-outline: R=1 G=1 B=1 A=1
2025-09-19 19:44:03.146 mbgl-glfw[5998:4456082] [INFO] {}[Render]:   Adding drawable to layer group for tile 6/37/22=>6
2025-09-19 19:44:03.146 mbgl-glfw[5998:4456082] [INFO] {}[Render]:   Total drawables added: 64
2025-09-19 19:44:03.177 mbgl-glfw[5998:4456082] [WARNING] {}[Render]: countries-label visited 8 drawables but drew none!
2025-09-19 19:44:03.177 mbgl-glfw[5998:4456082] [WARNING] {}[Render]: countries-boundary visited 4 drawables but drew none!
2025-09-19 19:44:03.177 mbgl-glfw[5998:4456082] [WARNING] {}[Render]: coastline visited 4 drawables but drew none!
2025-09-19 19:44:03.682 mbgl-glfw[5998:4456082] [INFO] {}[Render]: Got 1 drawables from builder
2025-09-19 19:44:03.682 mbgl-glfw[5998:4456082] [INFO] {}[Render]: Drawable color mask before storing countries-fill/fill: R=1 G=1 B=1 A=1
2025-09-19 19:44:03.682 mbgl-glfw[5998:4456082] [INFO] {}[Render]:   Adding drawable to layer group for tile 6/37/21=>6
2025-09-19 19:44:03.683 mbgl-glfw[5998:4456082] [INFO] {}[Render]:   Total drawables added: 65
2025-09-19 19:44:03.683 mbgl-glfw[5998:4456082] [INFO] {}[Render]: Got 1 drawables from builder
2025-09-19 19:44:03.683 mbgl-glfw[5998:4456082] [INFO] {}[Render]: Drawable color mask before storing countries-fill/fill-outline: R=1 G=1 B=1 A=1
2025-09-19 19:44:03.683 mbgl-glfw[5998:4456082] [INFO] {}[Render]:   Adding drawable to layer group for tile 6/37/21=>6
2025-09-19 19:44:03.683 mbgl-glfw[5998:4456082] [INFO] {}[Render]:   Total drawables added: 66
2025-09-19 19:44:03.683 mbgl-glfw[5998:4456082] [INFO] {}[Render]: Got 1 drawables from builder
2025-09-19 19:44:03.683 mbgl-glfw[5998:4456082] [INFO] {}[Render]: Drawable color mask before storing countries-fill/fill: R=1 G=1 B=1 A=1
2025-09-19 19:44:03.683 mbgl-glfw[5998:4456082] [INFO] {}[Render]:   Adding drawable to layer group for tile 6/38/21=>6
2025-09-19 19:44:03.683 mbgl-glfw[5998:4456082] [INFO] {}[Render]:   Total drawables added: 67
2025-09-19 19:44:03.683 mbgl-glfw[5998:4456082] [INFO] {}[Render]: Got 1 drawables from builder
2025-09-19 19:44:03.683 mbgl-glfw[5998:4456082] [INFO] {}[Render]: Drawable color mask before storing countries-fill/fill-outline: R=1 G=1 B=1 A=1
2025-09-19 19:44:03.683 mbgl-glfw[5998:4456082] [INFO] {}[Render]:   Adding drawable to layer group for tile 6/38/21=>6
2025-09-19 19:44:03.683 mbgl-glfw[5998:4456082] [INFO] {}[Render]:   Total drawables added: 68
2025-09-19 19:44:03.683 mbgl-glfw[5998:4456082] [INFO] {}[Render]: Got 1 drawables from builder
2025-09-19 19:44:03.683 mbgl-glfw[5998:4456082] [INFO] {}[Render]: Drawable color mask before storing countries-fill/fill: R=1 G=1 B=1 A=1
2025-09-19 19:44:03.683 mbgl-glfw[5998:4456082] [INFO] {}[Render]:   Adding drawable to layer group for tile 6/39/22=>6
2025-09-19 19:44:03.683 mbgl-glfw[5998:4456082] [INFO] {}[Render]:   Total drawables added: 69
2025-09-19 19:44:03.683 mbgl-glfw[5998:4456082] [INFO] {}[Render]: Got 1 drawables from builder
2025-09-19 19:44:03.683 mbgl-glfw[5998:4456082] [INFO] {}[Render]: Drawable color mask before storing countries-fill/fill-outline: R=1 G=1 B=1 A=1
2025-09-19 19:44:03.683 mbgl-glfw[5998:4456082] [INFO] {}[Render]:   Adding drawable to layer group for tile 6/39/22=>6
2025-09-19 19:44:03.683 mbgl-glfw[5998:4456082] [INFO] {}[Render]:   Total drawables added: 70
2025-09-19 19:44:03.696 mbgl-glfw[5998:4456082] [WARNING] {}[Render]: countries-label visited 6 drawables but drew none!
2025-09-19 19:44:03.696 mbgl-glfw[5998:4456082] [WARNING] {}[Render]: countries-boundary visited 7 drawables but drew none!
2025-09-19 19:44:03.697 mbgl-glfw[5998:4456082] [WARNING] {}[Render]: coastline visited 7 drawables but drew none!
