2025-09-19 22:11:21.739 mbgl-glfw[86105:5326241] [INFO] {}[Render]: GLFW window visible: 1
2025-09-19 22:11:21.739 mbgl-glfw[86105:5326241] [INFO] {}[Render]: Initializing Dawn WebGPU backend...
2025-09-19 22:11:21.747 mbgl-glfw[86105:5326241] [INFO] {}[Render]: Dawn instance created successfully
2025-09-19 22:11:21.749 mbgl-glfw[86105:5326241] [INFO] {}[Render]: Found 2 Dawn adapters
2025-09-19 22:11:21.749 mbgl-glfw[86105:5326241] [INFO] {}[Render]: Using Dawn WebGPU implementation with native backend
2025-09-19 22:11:21.749 mbgl-glfw[86105:5326241] [INFO] {}[Render]: Selected Dawn adapter for WebGPU rendering
2025-09-19 22:11:21.749 mbgl-glfw[86105:5326241] [INFO] {}[Render]: Creating Dawn WebGPU device...
2025-09-19 22:11:21.750 mbgl-glfw[86105:5326241] [INFO] {}[Render]: Dawn WebGPU device created successfully
2025-09-19 22:11:21.751 mbgl-glfw[86105:5326241] [INFO] {}[Render]: WebGPU: selected surface format BGRA8Unorm
2025-09-19 22:11:21.821 mbgl-glfw[86105:5326241] [DEBUG] {}[Database]: 283recovered 877 frames from WAL file /Users/admin/Library/HTTPStorages/mbgl-glfw/httpstorages.sqlite-wal
2025-09-19 22:11:21.880 mbgl-glfw[86105:5326241] [INFO] {}[Style]: Style 'MapLibre' has 9 layers:
  None: 7
  Zoom: 2
2025-09-19 22:11:21.892 mbgl-glfw[86105:5326241] [INFO] {}[Render]: TransformParameters: projMatrix[15]=1152.000000 projMatrix[11]=-0.000071 size=1024x768 scale=4.000000
2025-09-19 22:11:21.892 mbgl-glfw[86105:5326241] [INFO] {}[Render]: TilePyramid::update called for crimea needsRendering=1 needsRelayout=1 zoomRange=[0,18] currentZoom=2.000000
2025-09-19 22:11:21.893 mbgl-glfw[86105:5326241] [INFO] {}[Render]: TilePyramid::update calculated 9 ideal tiles at zoom 2/2
2025-09-19 22:11:21.893 mbgl-glfw[86105:5326241] [INFO] {}[Render]:   First tile: 2/2/1=>2
2025-09-19 22:11:21.893 mbgl-glfw[86105:5326241] [INFO] {}[Render]: TilePyramid::update finished with 0 rendered tiles, 9 total tiles
2025-09-19 22:11:21.893 mbgl-glfw[86105:5326241] [INFO] {}[Render]: RenderTileSetSource::update called for maplibre needsRendering=1 tileset=present cachedTileset=null
2025-09-19 22:11:21.893 mbgl-glfw[86105:5326241] [INFO] {}[Render]: TilePyramid::update called for maplibre needsRendering=1 needsRelayout=1 zoomRange=[0,6] currentZoom=2.000000
2025-09-19 22:11:21.893 mbgl-glfw[86105:5326241] [INFO] {}[Render]: TilePyramid::update calculated 9 ideal tiles at zoom 2/2
2025-09-19 22:11:21.893 mbgl-glfw[86105:5326241] [INFO] {}[Render]:   First tile: 2/2/1=>2
2025-09-19 22:11:21.893 mbgl-glfw[86105:5326241] [INFO] {}[Render]: TilePyramid::update finished with 0 rendered tiles, 10 total tiles
2025-09-19 22:11:21.893 mbgl-glfw[86105:5326241] [INFO] {}[Render]: TilePyramid::update called for org.maplibre.annotations needsRendering=1 needsRelayout=1 zoomRange=[0,16] currentZoom=2.000000
2025-09-19 22:11:21.894 mbgl-glfw[86105:5326241] [INFO] {}[Render]: TilePyramid::update calculated 9 ideal tiles at zoom 2/2
2025-09-19 22:11:21.894 mbgl-glfw[86105:5326241] [INFO] {}[Render]:   First tile: 2/2/1=>2
2025-09-19 22:11:21.894 mbgl-glfw[86105:5326241] [INFO] {}[Render]: TilePyramid::update finished with 0 rendered tiles, 9 total tiles
2025-09-19 22:11:21.894 mbgl-glfw[86105:5326241] [INFO] {}[Render]: RenderLayer::prepare called for coastline with 0 tiles
2025-09-19 22:11:21.894 mbgl-glfw[86105:5326241] [INFO] {}[Render]: RenderLayer::prepare called for countries-fill with 0 tiles
2025-09-19 22:11:21.894 mbgl-glfw[86105:5326241] [INFO] {}[Render]: RenderLayer::prepare called for countries-boundary with 0 tiles
2025-09-19 22:11:21.894 mbgl-glfw[86105:5326241] [INFO] {}[Render]: RenderLayer::prepare called for geolines with 0 tiles
2025-09-19 22:11:21.894 mbgl-glfw[86105:5326241] [INFO] {}[Render]: RenderLayer::prepare called for crimea-fill with 0 tiles
2025-09-19 22:11:21.894 mbgl-glfw[86105:5326241] [INFO] {}[Shader]: WebGPU: Registered shader group for 'BackgroundShader'
2025-09-19 22:11:21.894 mbgl-glfw[86105:5326241] [INFO] {}[Shader]: WebGPU: Registered shader group for 'BackgroundPatternShader'
2025-09-19 22:11:21.894 mbgl-glfw[86105:5326241] [INFO] {}[Shader]: WebGPU: Registered shader group for 'CircleShader'
2025-09-19 22:11:21.894 mbgl-glfw[86105:5326241] [INFO] {}[Shader]: WebGPU: Registered shader group for 'ClippingMaskProgram'
2025-09-19 22:11:21.894 mbgl-glfw[86105:5326241] [INFO] {}[Shader]: WebGPU: Registered shader group for 'CollisionBoxShader'
2025-09-19 22:11:21.894 mbgl-glfw[86105:5326241] [INFO] {}[Shader]: WebGPU: Registered shader group for 'CollisionCircleShader'
2025-09-19 22:11:21.894 mbgl-glfw[86105:5326241] [INFO] {}[Shader]: WebGPU: Registered shader group for 'CustomGeometryShader'
2025-09-19 22:11:21.894 mbgl-glfw[86105:5326241] [INFO] {}[Shader]: WebGPU: Registered shader group for 'CustomSymbolIconShader'
2025-09-19 22:11:21.894 mbgl-glfw[86105:5326241] [INFO] {}[Shader]: WebGPU: Registered shader group for 'DebugShader'
2025-09-19 22:11:21.894 mbgl-glfw[86105:5326241] [INFO] {}[Shader]: WebGPU: Registered shader group for 'FillShader'
2025-09-19 22:11:21.894 mbgl-glfw[86105:5326241] [INFO] {}[Shader]: WebGPU: Registered shader group for 'FillOutlineShader'
2025-09-19 22:11:21.894 mbgl-glfw[86105:5326241] [INFO] {}[Shader]: WebGPU: Registered shader group for 'FillPatternShader'
2025-09-19 22:11:21.894 mbgl-glfw[86105:5326241] [INFO] {}[Shader]: WebGPU: Registered shader group for 'FillOutlinePatternShader'
2025-09-19 22:11:21.894 mbgl-glfw[86105:5326241] [INFO] {}[Shader]: WebGPU: Registered shader group for 'FillOutlineTriangulatedShader'
2025-09-19 22:11:21.894 mbgl-glfw[86105:5326241] [INFO] {}[Shader]: WebGPU: Registered shader group for 'FillExtrusionShader'
2025-09-19 22:11:21.894 mbgl-glfw[86105:5326241] [INFO] {}[Shader]: WebGPU: Registered shader group for 'FillExtrusionPatternShader'
2025-09-19 22:11:21.894 mbgl-glfw[86105:5326241] [INFO] {}[Shader]: WebGPU: Registered shader group for 'HeatmapShader'
2025-09-19 22:11:21.894 mbgl-glfw[86105:5326241] [INFO] {}[Shader]: WebGPU: Registered shader group for 'HeatmapTextureShader'
2025-09-19 22:11:21.894 mbgl-glfw[86105:5326241] [INFO] {}[Shader]: WebGPU: Registered shader group for 'HillshadeShader'
2025-09-19 22:11:21.894 mbgl-glfw[86105:5326241] [INFO] {}[Shader]: WebGPU: Registered shader group for 'HillshadePrepareShader'
2025-09-19 22:11:21.894 mbgl-glfw[86105:5326241] [INFO] {}[Shader]: WebGPU: Registered shader group for 'LineShader'
2025-09-19 22:11:21.894 mbgl-glfw[86105:5326241] [INFO] {}[Shader]: WebGPU: Registered shader group for 'LineGradientShader'
2025-09-19 22:11:21.894 mbgl-glfw[86105:5326241] [INFO] {}[Shader]: WebGPU: Registered shader group for 'LinePatternShader'
2025-09-19 22:11:21.894 mbgl-glfw[86105:5326241] [INFO] {}[Shader]: WebGPU: Registered shader group for 'LineSDFShader'
2025-09-19 22:11:21.894 mbgl-glfw[86105:5326241] [INFO] {}[Shader]: WebGPU: Registered shader group for 'LocationIndicatorShader'
2025-09-19 22:11:21.894 mbgl-glfw[86105:5326241] [INFO] {}[Shader]: WebGPU: Registered shader group for 'LocationIndicatorTexturedShader'
2025-09-19 22:11:21.894 mbgl-glfw[86105:5326241] [INFO] {}[Shader]: WebGPU: Registered shader group for 'RasterShader'
2025-09-19 22:11:21.894 mbgl-glfw[86105:5326241] [INFO] {}[Shader]: WebGPU: Registered shader group for 'SymbolIconShader'
2025-09-19 22:11:21.894 mbgl-glfw[86105:5326241] [INFO] {}[Shader]: WebGPU: Registered shader group for 'SymbolSDFShader'
2025-09-19 22:11:21.894 mbgl-glfw[86105:5326241] [INFO] {}[Shader]: WebGPU: Registered shader group for 'SymbolTextAndIconShader'
2025-09-19 22:11:21.894 mbgl-glfw[86105:5326241] [INFO] {}[Shader]: WebGPU: Registered shader group for 'WideVectorShader'
2025-09-19 22:11:21.896 mbgl-glfw[86105:5326241] [INFO] {}[Render]: WebGPU: Creating TileLayerGroup: background
2025-09-19 22:11:21.897 mbgl-glfw[86105:5326241] [INFO] {}[Render]: WGSL vertex snippet for ContextShader

// Constants
const PI: f32 = 3.14159265358979323846;
const LINE_NORMAL_SCALE: f32 = 1.0 / 63.5;  // 1.0 / (127 / 2)
const MAX_LINE_DISTANCE: f32 = 32767.0;
const SDF_PX: f32 = 8.0;

// Helper functio
2025-09-19 22:11:21.898 mbgl-glfw[86105:5326241] [INFO] {}[Render]: Successfully created vertex shader module for ContextShader
2025-09-19 22:11:21.898 mbgl-glfw[86105:5326241] [INFO] {}[Render]: Successfully created fragment shader module for ContextShader
2025-09-19 22:11:21.899 mbgl-glfw[86105:5326241] [INFO] {}[Render]: RenderFillLayer::update called for countries-fill with 0 tiles
2025-09-19 22:11:21.899 mbgl-glfw[86105:5326241] [INFO] {}[Render]: RenderFillLayer::update called for crimea-fill with 0 tiles
2025-09-19 22:11:21.899 mbgl-glfw[86105:5326241] [INFO] {}[Render]: LayerGroupBase::runTweakers called for background with 1 tweakers
2025-09-19 22:11:21.899 mbgl-glfw[86105:5326241] [INFO] {}[Render]: WGSL vertex snippet for ContextShader

// Constants
const PI: f32 = 3.14159265358979323846;
const LINE_NORMAL_SCALE: f32 = 1.0 / 63.5;  // 1.0 / (127 / 2)
const MAX_LINE_DISTANCE: f32 = 32767.0;
const SDF_PX: f32 = 8.0;

// Helper functio
2025-09-19 22:11:21.899 mbgl-glfw[86105:5326241] [INFO] {}[Render]: Successfully created vertex shader module for ContextShader
2025-09-19 22:11:21.900 mbgl-glfw[86105:5326241] [INFO] {}[Render]: Successfully created fragment shader module for ContextShader
2025-09-19 22:11:21.900 mbgl-glfw[86105:5326241] [INFO] {}[Render]: getTileMatrix: After matrixFor, matrix[15]=1.000000
2025-09-19 22:11:21.900 mbgl-glfw[86105:5326241] [INFO] {}[Render]: getTileMatrix: After projection multiply, matrix[15]=1152.000000
2025-09-19 22:11:21.900 mbgl-glfw[86105:5326241] [INFO] {}[Render]: getTileMatrix: After matrixFor, matrix[15]=1.000000
2025-09-19 22:11:21.900 mbgl-glfw[86105:5326241] [INFO] {}[Render]: getTileMatrix: After projection multiply, matrix[15]=1152.000000
2025-09-19 22:11:21.900 mbgl-glfw[86105:5326241] [INFO] {}[Render]: getTileMatrix: After matrixFor, matrix[15]=1.000000
2025-09-19 22:11:21.900 mbgl-glfw[86105:5326241] [INFO] {}[Render]: getTileMatrix: After projection multiply, matrix[15]=1152.000000
2025-09-19 22:11:21.901 mbgl-glfw[86105:5326241] [INFO] {}[Render]: Creating pipeline with color mask R=1 G=1 B=1 A=1
2025-09-19 22:11:21.904 mbgl-glfw[86105:5326241] [INFO] {}[Render]: Creating pipeline with color mask R=1 G=1 B=1 A=1
2025-09-19 22:11:21.904 mbgl-glfw[86105:5326241] [INFO] {}[Render]: Creating pipeline with color mask R=1 G=1 B=1 A=1
2025-09-19 22:11:21.904 mbgl-glfw[86105:5326241] [INFO] {}[Render]: Creating pipeline with color mask R=1 G=1 B=1 A=1
2025-09-19 22:11:21.904 mbgl-glfw[86105:5326241] [INFO] {}[Render]: Creating pipeline with color mask R=1 G=1 B=1 A=1
2025-09-19 22:11:21.904 mbgl-glfw[86105:5326241] [INFO] {}[Render]: Creating pipeline with color mask R=1 G=1 B=1 A=1
2025-09-19 22:11:21.904 mbgl-glfw[86105:5326241] [INFO] {}[Render]: Creating pipeline with color mask R=1 G=1 B=1 A=1
2025-09-19 22:11:21.904 mbgl-glfw[86105:5326241] [INFO] {}[Render]: Creating pipeline with color mask R=1 G=1 B=1 A=1
2025-09-19 22:11:21.904 mbgl-glfw[86105:5326241] [INFO] {}[Render]: Creating pipeline with color mask R=1 G=1 B=1 A=1
2025-09-19 22:11:22.413 mbgl-glfw[86105:5326241] [INFO] {}[Render]: TransformParameters: projMatrix[15]=1152.000000 projMatrix[11]=-0.000071 size=1024x768 scale=4.000000
2025-09-19 22:11:22.413 mbgl-glfw[86105:5326241] [INFO] {}[Render]: TilePyramid::update called for crimea needsRendering=1 needsRelayout=0 zoomRange=[0,18] currentZoom=2.000000
2025-09-19 22:11:22.413 mbgl-glfw[86105:5326241] [INFO] {}[Render]: TilePyramid::update calculated 9 ideal tiles at zoom 2/2
2025-09-19 22:11:22.414 mbgl-glfw[86105:5326241] [INFO] {}[Render]:   First tile: 2/2/1=>2
2025-09-19 22:11:22.414 mbgl-glfw[86105:5326241] [INFO] {}[Render]: TilePyramid::update finished with 9 rendered tiles, 9 total tiles
2025-09-19 22:11:22.414 mbgl-glfw[86105:5326241] [INFO] {}[Render]: RenderTileSetSource::update called for maplibre needsRendering=1 tileset=present cachedTileset=present
2025-09-19 22:11:22.414 mbgl-glfw[86105:5326241] [INFO] {}[Render]: TilePyramid::update called for maplibre needsRendering=1 needsRelayout=0 zoomRange=[0,6] currentZoom=2.000000
2025-09-19 22:11:22.414 mbgl-glfw[86105:5326241] [INFO] {}[Render]: TilePyramid::update calculated 9 ideal tiles at zoom 2/2
2025-09-19 22:11:22.414 mbgl-glfw[86105:5326241] [INFO] {}[Render]:   First tile: 2/2/1=>2
2025-09-19 22:11:22.414 mbgl-glfw[86105:5326241] [INFO] {}[Render]: TilePyramid::update finished with 0 rendered tiles, 14 total tiles
2025-09-19 22:11:22.414 mbgl-glfw[86105:5326241] [INFO] {}[Render]: TilePyramid::update called for org.maplibre.annotations needsRendering=1 needsRelayout=0 zoomRange=[0,16] currentZoom=2.000000
2025-09-19 22:11:22.414 mbgl-glfw[86105:5326241] [INFO] {}[Render]: TilePyramid::update calculated 9 ideal tiles at zoom 2/2
2025-09-19 22:11:22.414 mbgl-glfw[86105:5326241] [INFO] {}[Render]:   First tile: 2/2/1=>2
2025-09-19 22:11:22.414 mbgl-glfw[86105:5326241] [INFO] {}[Render]: TilePyramid::update finished with 9 rendered tiles, 9 total tiles
2025-09-19 22:11:22.414 mbgl-glfw[86105:5326241] [INFO] {}[Render]: RenderLayer::prepare called for coastline with 0 tiles
2025-09-19 22:11:22.414 mbgl-glfw[86105:5326241] [INFO] {}[Render]: RenderLayer::prepare called for countries-fill with 0 tiles
2025-09-19 22:11:22.414 mbgl-glfw[86105:5326241] [INFO] {}[Render]: RenderLayer::prepare called for countries-boundary with 0 tiles
2025-09-19 22:11:22.414 mbgl-glfw[86105:5326241] [INFO] {}[Render]: RenderLayer::prepare called for geolines with 0 tiles
2025-09-19 22:11:22.414 mbgl-glfw[86105:5326241] [INFO] {}[Render]: RenderLayer::prepare called for crimea-fill with 9 tiles
2025-09-19 22:11:22.414 mbgl-glfw[86105:5326241] [INFO] {}[Render]: RenderFillLayer::update called for countries-fill with 0 tiles
2025-09-19 22:11:22.414 mbgl-glfw[86105:5326241] [INFO] {}[Render]: RenderFillLayer::update called for crimea-fill with 9 tiles
2025-09-19 22:11:22.414 mbgl-glfw[86105:5326241] [INFO] {}[Render]: WebGPU: Creating TileLayerGroup: crimea-fill
2025-09-19 22:11:22.414 mbgl-glfw[86105:5326241] [INFO] {}[Render]: RenderFillLayer: Added FillLayerTweaker to crimea-fill
2025-09-19 22:11:22.414 mbgl-glfw[86105:5326241] [INFO] {}[Render]: WGSL vertex snippet for ContextShader

// Constants
const PI: f32 = 3.14159265358979323846;
const LINE_NORMAL_SCALE: f32 = 1.0 / 63.5;  // 1.0 / (127 / 2)
const MAX_LINE_DISTANCE: f32 = 32767.0;
const SDF_PX: f32 = 8.0;

// Helper functio
2025-09-19 22:11:22.415 mbgl-glfw[86105:5326241] [INFO] {}[Render]: Successfully created vertex shader module for ContextShader
2025-09-19 22:11:22.416 mbgl-glfw[86105:5326241] [INFO] {}[Render]: Successfully created fragment shader module for ContextShader
2025-09-19 22:11:22.416 mbgl-glfw[86105:5326241] [INFO] {}[Render]: WGSL vertex snippet for ContextShader

// Constants
const PI: f32 = 3.14159265358979323846;
const LINE_NORMAL_SCALE: f32 = 1.0 / 63.5;  // 1.0 / (127 / 2)
const MAX_LINE_DISTANCE: f32 = 32767.0;
const SDF_PX: f32 = 8.0;

// Helper functio
2025-09-19 22:11:22.416 mbgl-glfw[86105:5326241] [INFO] {}[Render]: Successfully created vertex shader module for ContextShader
2025-09-19 22:11:22.417 mbgl-glfw[86105:5326241] [INFO] {}[Render]: Successfully created fragment shader module for ContextShader
2025-09-19 22:11:22.417 mbgl-glfw[86105:5326241] [INFO] {}[Render]: WGSL vertex snippet for ContextShader

// Constants
const PI: f32 = 3.14159265358979323846;
const LINE_NORMAL_SCALE: f32 = 1.0 / 63.5;  // 1.0 / (127 / 2)
const MAX_LINE_DISTANCE: f32 = 32767.0;
const SDF_PX: f32 = 8.0;

// Helper functio
2025-09-19 22:11:22.417 mbgl-glfw[86105:5326241] [INFO] {}[Render]: Successfully created vertex shader module for ContextShader
2025-09-19 22:11:22.417 mbgl-glfw[86105:5326241] [INFO] {}[Render]: Successfully created fragment shader module for ContextShader
2025-09-19 22:11:22.417 mbgl-glfw[86105:5326241] [INFO] {}[Render]: Got 1 drawables from builder
2025-09-19 22:11:22.418 mbgl-glfw[86105:5326241] [INFO] {}[Render]: Drawable color mask before storing crimea-fill/fill: R=1 G=1 B=1 A=1
2025-09-19 22:11:22.418 mbgl-glfw[86105:5326241] [INFO] {}[Render]:   Adding drawable to layer group for tile 2/2/1=>2
2025-09-19 22:11:22.418 mbgl-glfw[86105:5326241] [INFO] {}[Render]:   Total drawables added: 1
2025-09-19 22:11:22.418 mbgl-glfw[86105:5326241] [INFO] {}[Render]: Got 1 drawables from builder
2025-09-19 22:11:22.418 mbgl-glfw[86105:5326241] [INFO] {}[Render]: Drawable color mask before storing crimea-fill/fill-outline: R=1 G=1 B=1 A=1
2025-09-19 22:11:22.418 mbgl-glfw[86105:5326241] [INFO] {}[Render]:   Adding drawable to layer group for tile 2/2/1=>2
2025-09-19 22:11:22.418 mbgl-glfw[86105:5326241] [INFO] {}[Render]:   Total drawables added: 2
2025-09-19 22:11:22.418 mbgl-glfw[86105:5326241] [INFO] {}[Render]: WebGPU: Creating TileLayerGroup: org.maplibre.annotations.points
2025-09-19 22:11:22.418 mbgl-glfw[86105:5326241] [INFO] {}[Render]: LayerGroupBase::runTweakers called for background with 1 tweakers
2025-09-19 22:11:22.418 mbgl-glfw[86105:5326241] [INFO] {}[Render]: LayerGroupBase::runTweakers called for crimea-fill with 1 tweakers
2025-09-19 22:11:22.418 mbgl-glfw[86105:5326241] [INFO] {}[Render]: FillLayerTweaker::execute called for crimea-fill with 2 drawables
2025-09-19 22:11:22.418 mbgl-glfw[86105:5326241] [INFO] {}[Render]: LayerGroupBase::runTweakers called for org.maplibre.annotations.points with 1 tweakers
2025-09-19 22:11:22.418 mbgl-glfw[86105:5326241] [INFO] {}[Render]: WGSL vertex snippet for ContextShader

// Constants
const PI: f32 = 3.14159265358979323846;
const LINE_NORMAL_SCALE: f32 = 1.0 / 63.5;  // 1.0 / (127 / 2)
const MAX_LINE_DISTANCE: f32 = 32767.0;
const SDF_PX: f32 = 8.0;

// Helper functio
2025-09-19 22:11:22.418 mbgl-glfw[86105:5326241] [INFO] {}[Render]: Successfully created vertex shader module for ContextShader
2025-09-19 22:11:22.419 mbgl-glfw[86105:5326241] [INFO] {}[Render]: Successfully created fragment shader module for ContextShader
2025-09-19 22:11:22.421 mbgl-glfw[86105:5326241] [INFO] {}[Render]: Creating pipeline with color mask R=1 G=1 B=1 A=1
2025-09-19 22:11:22.546 mbgl-glfw[86105:5326241] [INFO] {}[Render]: Unique vertex buffer bindings: 3
2025-09-19 22:11:22.546 mbgl-glfw[86105:5326241] [INFO] {}[Render]: Creating pipeline with color mask R=1 G=1 B=1 A=1
2025-09-19 22:11:22.548 mbgl-glfw[86105:5326241] [INFO] {}[Render]: Unique vertex buffer bindings: 1
2025-09-19 22:11:22.548 mbgl-glfw[86105:5326241] [INFO] {}[Render]: Unique vertex buffer bindings: 3
2025-09-19 22:11:22.548 mbgl-glfw[86105:5326241] [INFO] {}[Render]: Unique vertex buffer bindings: 1
2025-09-19 22:11:23.054 mbgl-glfw[86105:5326241] [INFO] {}[Render]: TransformParameters: projMatrix[15]=1152.000000 projMatrix[11]=-0.000071 size=1024x768 scale=4.000000
2025-09-19 22:11:23.054 mbgl-glfw[86105:5326241] [INFO] {}[Render]: TilePyramid::update called for crimea needsRendering=1 needsRelayout=0 zoomRange=[0,18] currentZoom=2.000000
2025-09-19 22:11:23.054 mbgl-glfw[86105:5326241] [INFO] {}[Render]: TilePyramid::update calculated 9 ideal tiles at zoom 2/2
2025-09-19 22:11:23.054 mbgl-glfw[86105:5326241] [INFO] {}[Render]:   First tile: 2/2/1=>2
2025-09-19 22:11:23.054 mbgl-glfw[86105:5326241] [INFO] {}[Render]: TilePyramid::update finished with 9 rendered tiles, 9 total tiles
2025-09-19 22:11:23.054 mbgl-glfw[86105:5326241] [INFO] {}[Render]: RenderTileSetSource::update called for maplibre needsRendering=1 tileset=present cachedTileset=present
2025-09-19 22:11:23.054 mbgl-glfw[86105:5326241] [INFO] {}[Render]: TilePyramid::update called for maplibre needsRendering=1 needsRelayout=0 zoomRange=[0,6] currentZoom=2.000000
2025-09-19 22:11:23.054 mbgl-glfw[86105:5326241] [INFO] {}[Render]: TilePyramid::update calculated 9 ideal tiles at zoom 2/2
2025-09-19 22:11:23.054 mbgl-glfw[86105:5326241] [INFO] {}[Render]:   First tile: 2/2/1=>2
2025-09-19 22:11:23.054 mbgl-glfw[86105:5326241] [INFO] {}[Render]: TilePyramid::update finished with 1 rendered tiles, 14 total tiles
2025-09-19 22:11:23.054 mbgl-glfw[86105:5326241] [INFO] {}[Render]: TilePyramid::update called for org.maplibre.annotations needsRendering=1 needsRelayout=0 zoomRange=[0,16] currentZoom=2.000000
2025-09-19 22:11:23.054 mbgl-glfw[86105:5326241] [INFO] {}[Render]: TilePyramid::update calculated 9 ideal tiles at zoom 2/2
2025-09-19 22:11:23.054 mbgl-glfw[86105:5326241] [INFO] {}[Render]:   First tile: 2/2/1=>2
2025-09-19 22:11:23.054 mbgl-glfw[86105:5326241] [INFO] {}[Render]: TilePyramid::update finished with 9 rendered tiles, 9 total tiles
2025-09-19 22:11:23.055 mbgl-glfw[86105:5326241] [INFO] {}[Render]: WebGPU: Creating TileLayerGroup: coastline
2025-09-19 22:11:23.055 mbgl-glfw[86105:5326241] [INFO] {}[Render]: WGSL vertex snippet for ContextShader

// Constants
const PI: f32 = 3.14159265358979323846;
const LINE_NORMAL_SCALE: f32 = 1.0 / 63.5;  // 1.0 / (127 / 2)
const MAX_LINE_DISTANCE: f32 = 32767.0;
const SDF_PX: f32 = 8.0;

// Helper functio
2025-09-19 22:11:23.056 mbgl-glfw[86105:5326241] [INFO] {}[Render]: Successfully created vertex shader module for ContextShader
2025-09-19 22:11:23.057 mbgl-glfw[86105:5326241] [INFO] {}[Render]: Successfully created fragment shader module for ContextShader
2025-09-19 22:11:23.060 mbgl-glfw[86105:5326241] [INFO] {}[Render]: RenderFillLayer::update called for countries-fill with 1 tiles
2025-09-19 22:11:23.060 mbgl-glfw[86105:5326241] [INFO] {}[Render]: WebGPU: Creating TileLayerGroup: countries-fill
2025-09-19 22:11:23.060 mbgl-glfw[86105:5326241] [INFO] {}[Render]: RenderFillLayer: Added FillLayerTweaker to countries-fill
2025-09-19 22:11:23.060 mbgl-glfw[86105:5326241] [INFO] {}[Render]: WGSL vertex snippet for ContextShader

// Constants
const PI: f32 = 3.14159265358979323846;
const LINE_NORMAL_SCALE: f32 = 1.0 / 63.5;  // 1.0 / (127 / 2)
const MAX_LINE_DISTANCE: f32 = 32767.0;
const SDF_PX: f32 = 8.0;

// Helper functio
2025-09-19 22:11:23.060 mbgl-glfw[86105:5326241] [INFO] {}[Render]: Successfully created vertex shader module for ContextShader
2025-09-19 22:11:23.060 mbgl-glfw[86105:5326241] [INFO] {}[Render]: Successfully created fragment shader module for ContextShader
2025-09-19 22:11:23.060 mbgl-glfw[86105:5326241] [INFO] {}[Render]: WGSL vertex snippet for ContextShader

// Constants
const PI: f32 = 3.14159265358979323846;
const LINE_NORMAL_SCALE: f32 = 1.0 / 63.5;  // 1.0 / (127 / 2)
const MAX_LINE_DISTANCE: f32 = 32767.0;
const SDF_PX: f32 = 8.0;

// Helper functio
2025-09-19 22:11:23.060 mbgl-glfw[86105:5326241] [INFO] {}[Render]: Successfully created vertex shader module for ContextShader
2025-09-19 22:11:23.060 mbgl-glfw[86105:5326241] [INFO] {}[Render]: Successfully created fragment shader module for ContextShader
2025-09-19 22:11:23.060 mbgl-glfw[86105:5326241] [INFO] {}[Render]: Got 1 drawables from builder
2025-09-19 22:11:23.060 mbgl-glfw[86105:5326241] [INFO] {}[Render]: Drawable color mask before storing countries-fill/fill: R=1 G=1 B=1 A=1
2025-09-19 22:11:23.060 mbgl-glfw[86105:5326241] [INFO] {}[Render]:   Adding drawable to layer group for tile 0/0/0=>0
2025-09-19 22:11:23.060 mbgl-glfw[86105:5326241] [INFO] {}[Render]:   Total drawables added: 1
2025-09-19 22:11:23.060 mbgl-glfw[86105:5326241] [INFO] {}[Render]: Got 1 drawables from builder
2025-09-19 22:11:23.060 mbgl-glfw[86105:5326241] [INFO] {}[Render]: Drawable color mask before storing countries-fill/fill-outline: R=1 G=1 B=1 A=1
2025-09-19 22:11:23.060 mbgl-glfw[86105:5326241] [INFO] {}[Render]:   Adding drawable to layer group for tile 0/0/0=>0
2025-09-19 22:11:23.060 mbgl-glfw[86105:5326241] [INFO] {}[Render]:   Total drawables added: 2
2025-09-19 22:11:23.060 mbgl-glfw[86105:5326241] [INFO] {}[Render]: WebGPU: Creating TileLayerGroup: countries-boundary
2025-09-19 22:11:23.062 mbgl-glfw[86105:5326241] [INFO] {}[Render]: WebGPU: Creating TileLayerGroup: geolines
2025-09-19 22:11:23.062 mbgl-glfw[86105:5326241] [INFO] {}[Render]: WGSL vertex snippet for ContextShader

// Constants
const PI: f32 = 3.14159265358979323846;
const LINE_NORMAL_SCALE: f32 = 1.0 / 63.5;  // 1.0 / (127 / 2)
const MAX_LINE_DISTANCE: f32 = 32767.0;
const SDF_PX: f32 = 8.0;

// Helper functio
2025-09-19 22:11:23.063 mbgl-glfw[86105:5326241] [INFO] {}[Render]: Successfully created vertex shader module for ContextShader
2025-09-19 22:11:23.064 mbgl-glfw[86105:5326241] [INFO] {}[Render]: Successfully created fragment shader module for ContextShader
2025-09-19 22:11:23.064 mbgl-glfw[86105:5326241] [INFO] {}[Render]: WebGPU: Creating TileLayerGroup: geolines-label
2025-09-19 22:11:23.064 mbgl-glfw[86105:5326241] [INFO] {}[Render]: WebGPU: Creating TileLayerGroup: countries-label
2025-09-19 22:11:23.064 mbgl-glfw[86105:5326241] [INFO] {}[Render]: LayerGroupBase::runTweakers called for background with 1 tweakers
2025-09-19 22:11:23.064 mbgl-glfw[86105:5326241] [INFO] {}[Render]: LayerGroupBase::runTweakers called for coastline with 1 tweakers
2025-09-19 22:11:23.064 mbgl-glfw[86105:5326241] [INFO] {}[Render]: LayerGroupBase::runTweakers called for countries-fill with 1 tweakers
2025-09-19 22:11:23.064 mbgl-glfw[86105:5326241] [INFO] {}[Render]: FillLayerTweaker::execute called for countries-fill with 2 drawables
2025-09-19 22:11:23.064 mbgl-glfw[86105:5326241] [INFO] {}[Render]: LayerGroupBase::runTweakers called for countries-boundary with 1 tweakers
2025-09-19 22:11:23.064 mbgl-glfw[86105:5326241] [INFO] {}[Render]: LayerGroupBase::runTweakers called for geolines with 1 tweakers
2025-09-19 22:11:23.064 mbgl-glfw[86105:5326241] [INFO] {}[Render]: LayerGroupBase::runTweakers called for geolines-label with 1 tweakers
2025-09-19 22:11:23.064 mbgl-glfw[86105:5326241] [INFO] {}[Render]: FillLayerTweaker::execute called for crimea-fill with 2 drawables
2025-09-19 22:11:23.374 mbgl-glfw[86105:5326241] [INFO] {}[Render]: Creating pipeline with color mask R=1 G=1 B=1 A=1
2025-09-19 22:11:23.374 mbgl-glfw[86105:5326241] [INFO] {}[Render]: Unique vertex buffer bindings: 3
2025-09-19 22:11:23.374 mbgl-glfw[86105:5326241] [INFO] {}[Render]: Unique vertex buffer bindings: 1
2025-09-19 22:11:23.374 mbgl-glfw[86105:5326241] [INFO] {}[Render]: Creating pipeline with color mask R=1 G=1 B=1 A=1
2025-09-19 22:11:23.419 mbgl-glfw[86105:5326241] [INFO] {}[Render]: Unique vertex buffer bindings: 3
2025-09-19 22:11:23.419 mbgl-glfw[86105:5326241] [INFO] {}[Render]: Creating pipeline with color mask R=1 G=1 B=1 A=1
2025-09-19 22:11:23.463 mbgl-glfw[86105:5326241] [INFO] {}[Render]: Unique vertex buffer bindings: 3
2025-09-19 22:11:23.464 mbgl-glfw[86105:5326241] [INFO] {}[Render]: Creating pipeline with color mask R=1 G=1 B=1 A=1
2025-09-19 22:11:23.466 mbgl-glfw[86105:5326241] [INFO] {}[Render]: Unique vertex buffer bindings: 3
2025-09-19 22:11:23.466 mbgl-glfw[86105:5326241] [INFO] {}[Render]: Unique vertex buffer bindings: 3
2025-09-19 22:11:23.466 mbgl-glfw[86105:5326241] [INFO] {}[Render]: Creating pipeline with color mask R=1 G=1 B=1 A=1
2025-09-19 22:11:23.466 mbgl-glfw[86105:5326241] [INFO] {}[Render]: Creating pipeline with color mask R=1 G=1 B=1 A=1
2025-09-19 22:11:23.468 mbgl-glfw[86105:5326241] [INFO] {}[Render]: Creating pipeline with color mask R=1 G=1 B=1 A=1
2025-09-19 22:11:23.468 mbgl-glfw[86105:5326241] [INFO] {}[Render]: Unique vertex buffer bindings: 3
2025-09-19 22:11:23.468 mbgl-glfw[86105:5326241] [INFO] {}[Render]: Creating pipeline with color mask R=1 G=1 B=1 A=1
2025-09-19 22:11:23.468 mbgl-glfw[86105:5326241] [INFO] {}[Render]: Unique vertex buffer bindings: 1
2025-09-19 22:11:23.976 mbgl-glfw[86105:5326241] [INFO] {}[Render]: TilePyramid::update called for crimea needsRendering=1 needsRelayout=0 zoomRange=[0,18] currentZoom=2.000000
2025-09-19 22:11:23.976 mbgl-glfw[86105:5326241] [INFO] {}[Render]: RenderTileSetSource::update called for maplibre needsRendering=1 tileset=present cachedTileset=present
2025-09-19 22:11:23.978 mbgl-glfw[86105:5326241] [INFO] {}[Render]: Got 1 drawables from builder
2025-09-19 22:11:23.978 mbgl-glfw[86105:5326241] [INFO] {}[Render]: Drawable color mask before storing countries-fill/fill: R=1 G=1 B=1 A=1
2025-09-19 22:11:23.978 mbgl-glfw[86105:5326241] [INFO] {}[Render]:   Adding drawable to layer group for tile 2/1/2=>2
2025-09-19 22:11:23.978 mbgl-glfw[86105:5326241] [INFO] {}[Render]:   Total drawables added: 3
2025-09-19 22:11:23.978 mbgl-glfw[86105:5326241] [INFO] {}[Render]: Got 1 drawables from builder
2025-09-19 22:11:23.978 mbgl-glfw[86105:5326241] [INFO] {}[Render]: Drawable color mask before storing countries-fill/fill-outline: R=1 G=1 B=1 A=1
2025-09-19 22:11:23.978 mbgl-glfw[86105:5326241] [INFO] {}[Render]:   Adding drawable to layer group for tile 2/1/2=>2
2025-09-19 22:11:23.978 mbgl-glfw[86105:5326241] [INFO] {}[Render]:   Total drawables added: 4
2025-09-19 22:11:23.979 mbgl-glfw[86105:5326241] [INFO] {}[Render]: WGSL vertex snippet for ContextShader

// Constants
const PI: f32 = 3.14159265358979323846;
const LINE_NORMAL_SCALE: f32 = 1.0 / 63.5;  // 1.0 / (127 / 2)
const MAX_LINE_DISTANCE: f32 = 32767.0;
const SDF_PX: f32 = 8.0;

// Helper functio
2025-09-19 22:11:23.980 mbgl-glfw[86105:5326241] [INFO] {}[Render]: Successfully created vertex shader module for ContextShader
2025-09-19 22:11:23.980 mbgl-glfw[86105:5326241] [INFO] {}[Render]: Successfully created fragment shader module for ContextShader
2025-09-19 22:11:23.981 mbgl-glfw[86105:5326241] [INFO] {}[Render]: FillLayerTweaker::execute called for countries-fill with 4 drawables
2025-09-19 22:11:23.981 mbgl-glfw[86105:5326241] [INFO] {}[Render]: FillLayerTweaker::execute called for crimea-fill with 2 drawables
2025-09-19 22:11:24.078 mbgl-glfw[86105:5326241] [INFO] {}[Render]: Creating pipeline with color mask R=1 G=1 B=1 A=1
2025-09-19 22:11:24.078 mbgl-glfw[86105:5326241] [INFO] {}[Render]: Unique vertex buffer bindings: 3
2025-09-19 22:11:24.078 mbgl-glfw[86105:5326241] [INFO] {}[Render]: Creating pipeline with color mask R=1 G=1 B=1 A=1
2025-09-19 22:11:24.078 mbgl-glfw[86105:5326241] [INFO] {}[Render]: Unique vertex buffer bindings: 1
2025-09-19 22:11:24.078 mbgl-glfw[86105:5326241] [INFO] {}[Render]: Creating pipeline with color mask R=1 G=1 B=1 A=1
2025-09-19 22:11:24.078 mbgl-glfw[86105:5326241] [INFO] {}[Render]: Unique vertex buffer bindings: 3
2025-09-19 22:11:24.078 mbgl-glfw[86105:5326241] [INFO] {}[Render]: Creating pipeline with color mask R=1 G=1 B=1 A=1
2025-09-19 22:11:24.078 mbgl-glfw[86105:5326241] [INFO] {}[Render]: Unique vertex buffer bindings: 3
2025-09-19 22:11:24.078 mbgl-glfw[86105:5326241] [INFO] {}[Render]: Creating pipeline with color mask R=1 G=1 B=1 A=1
2025-09-19 22:11:24.078 mbgl-glfw[86105:5326241] [INFO] {}[Render]: Unique vertex buffer bindings: 3
2025-09-19 22:11:24.078 mbgl-glfw[86105:5326241] [INFO] {}[Render]: Creating pipeline with color mask R=1 G=1 B=1 A=1
2025-09-19 22:11:24.078 mbgl-glfw[86105:5326241] [INFO] {}[Render]: Unique vertex buffer bindings: 3
2025-09-19 22:11:24.078 mbgl-glfw[86105:5326241] [INFO] {}[Render]: Creating pipeline with color mask R=1 G=1 B=1 A=1
2025-09-19 22:11:24.078 mbgl-glfw[86105:5326241] [INFO] {}[Render]: Unique vertex buffer bindings: 3
2025-09-19 22:11:24.078 mbgl-glfw[86105:5326241] [INFO] {}[Render]: Unique vertex buffer bindings: 3
2025-09-19 22:11:24.078 mbgl-glfw[86105:5326241] [INFO] {}[Render]: Unique vertex buffer bindings: 3
2025-09-19 22:11:24.078 mbgl-glfw[86105:5326241] [INFO] {}[Render]: Unique vertex buffer bindings: 3
2025-09-19 22:11:24.080 mbgl-glfw[86105:5326241] [INFO] {}[Render]: Unique vertex buffer bindings: 3
2025-09-19 22:11:24.080 mbgl-glfw[86105:5326241] [INFO] {}[Render]: Unique vertex buffer bindings: 1
2025-09-19 22:11:24.625 mbgl-glfw[86105:5326241] [INFO] {}[Render]: RenderTileSetSource::update called for maplibre needsRendering=1 tileset=present cachedTileset=present
2025-09-19 22:11:24.670 mbgl-glfw[86105:5326241] [INFO] {}[Render]: Got 1 drawables from builder
2025-09-19 22:11:24.670 mbgl-glfw[86105:5326241] [INFO] {}[Render]: Drawable color mask before storing countries-fill/fill: R=1 G=1 B=1 A=1
2025-09-19 22:11:24.670 mbgl-glfw[86105:5326241] [INFO] {}[Render]:   Adding drawable to layer group for tile 2/1/0=>2
2025-09-19 22:11:24.670 mbgl-glfw[86105:5326241] [INFO] {}[Render]:   Total drawables added: 5
2025-09-19 22:11:24.670 mbgl-glfw[86105:5326241] [INFO] {}[Render]: Got 1 drawables from builder
2025-09-19 22:11:24.670 mbgl-glfw[86105:5326241] [INFO] {}[Render]: Drawable color mask before storing countries-fill/fill-outline: R=1 G=1 B=1 A=1
2025-09-19 22:11:24.670 mbgl-glfw[86105:5326241] [INFO] {}[Render]:   Adding drawable to layer group for tile 2/1/0=>2
2025-09-19 22:11:24.670 mbgl-glfw[86105:5326241] [INFO] {}[Render]:   Total drawables added: 6
2025-09-19 22:11:24.670 mbgl-glfw[86105:5326241] [INFO] {}[Render]: Got 1 drawables from builder
2025-09-19 22:11:24.670 mbgl-glfw[86105:5326241] [INFO] {}[Render]: Drawable color mask before storing countries-fill/fill: R=1 G=1 B=1 A=1
2025-09-19 22:11:24.670 mbgl-glfw[86105:5326241] [INFO] {}[Render]:   Adding drawable to layer group for tile 2/1/1=>2
2025-09-19 22:11:24.670 mbgl-glfw[86105:5326241] [INFO] {}[Render]:   Total drawables added: 7
2025-09-19 22:11:24.671 mbgl-glfw[86105:5326241] [INFO] {}[Render]: Got 1 drawables from builder
2025-09-19 22:11:24.671 mbgl-glfw[86105:5326241] [INFO] {}[Render]: Drawable color mask before storing countries-fill/fill-outline: R=1 G=1 B=1 A=1
2025-09-19 22:11:24.671 mbgl-glfw[86105:5326241] [INFO] {}[Render]:   Adding drawable to layer group for tile 2/1/1=>2
2025-09-19 22:11:24.671 mbgl-glfw[86105:5326241] [INFO] {}[Render]:   Total drawables added: 8
2025-09-19 22:11:24.671 mbgl-glfw[86105:5326241] [INFO] {}[Render]: Got 1 drawables from builder
2025-09-19 22:11:24.671 mbgl-glfw[86105:5326241] [INFO] {}[Render]: Drawable color mask before storing countries-fill/fill: R=1 G=1 B=1 A=1
2025-09-19 22:11:24.671 mbgl-glfw[86105:5326241] [INFO] {}[Render]:   Adding drawable to layer group for tile 2/2/0=>2
2025-09-19 22:11:24.671 mbgl-glfw[86105:5326241] [INFO] {}[Render]:   Total drawables added: 9
2025-09-19 22:11:24.671 mbgl-glfw[86105:5326241] [INFO] {}[Render]: Got 1 drawables from builder
2025-09-19 22:11:24.671 mbgl-glfw[86105:5326241] [INFO] {}[Render]: Drawable color mask before storing countries-fill/fill-outline: R=1 G=1 B=1 A=1
2025-09-19 22:11:24.671 mbgl-glfw[86105:5326241] [INFO] {}[Render]:   Adding drawable to layer group for tile 2/2/0=>2
2025-09-19 22:11:24.671 mbgl-glfw[86105:5326241] [INFO] {}[Render]:   Total drawables added: 10
2025-09-19 22:11:24.671 mbgl-glfw[86105:5326241] [INFO] {}[Render]: Got 1 drawables from builder
2025-09-19 22:11:24.671 mbgl-glfw[86105:5326241] [INFO] {}[Render]: Drawable color mask before storing countries-fill/fill: R=1 G=1 B=1 A=1
2025-09-19 22:11:24.671 mbgl-glfw[86105:5326241] [INFO] {}[Render]:   Adding drawable to layer group for tile 2/2/1=>2
2025-09-19 22:11:24.671 mbgl-glfw[86105:5326241] [INFO] {}[Render]:   Total drawables added: 11
2025-09-19 22:11:24.672 mbgl-glfw[86105:5326241] [INFO] {}[Render]: Got 1 drawables from builder
2025-09-19 22:11:24.672 mbgl-glfw[86105:5326241] [INFO] {}[Render]: Drawable color mask before storing countries-fill/fill-outline: R=1 G=1 B=1 A=1
2025-09-19 22:11:24.672 mbgl-glfw[86105:5326241] [INFO] {}[Render]:   Adding drawable to layer group for tile 2/2/1=>2
2025-09-19 22:11:24.672 mbgl-glfw[86105:5326241] [INFO] {}[Render]:   Total drawables added: 12
2025-09-19 22:11:24.672 mbgl-glfw[86105:5326241] [INFO] {}[Render]: Got 1 drawables from builder
2025-09-19 22:11:24.672 mbgl-glfw[86105:5326241] [INFO] {}[Render]: Drawable color mask before storing countries-fill/fill: R=1 G=1 B=1 A=1
2025-09-19 22:11:24.672 mbgl-glfw[86105:5326241] [INFO] {}[Render]:   Adding drawable to layer group for tile 2/2/2=>2
2025-09-19 22:11:24.672 mbgl-glfw[86105:5326241] [INFO] {}[Render]:   Total drawables added: 13
2025-09-19 22:11:24.672 mbgl-glfw[86105:5326241] [INFO] {}[Render]: Got 1 drawables from builder
2025-09-19 22:11:24.672 mbgl-glfw[86105:5326241] [INFO] {}[Render]: Drawable color mask before storing countries-fill/fill-outline: R=1 G=1 B=1 A=1
2025-09-19 22:11:24.672 mbgl-glfw[86105:5326241] [INFO] {}[Render]:   Adding drawable to layer group for tile 2/2/2=>2
2025-09-19 22:11:24.672 mbgl-glfw[86105:5326241] [INFO] {}[Render]:   Total drawables added: 14
2025-09-19 22:11:24.672 mbgl-glfw[86105:5326241] [INFO] {}[Render]: Got 1 drawables from builder
2025-09-19 22:11:24.672 mbgl-glfw[86105:5326241] [INFO] {}[Render]: Drawable color mask before storing countries-fill/fill: R=1 G=1 B=1 A=1
2025-09-19 22:11:24.672 mbgl-glfw[86105:5326241] [INFO] {}[Render]:   Adding drawable to layer group for tile 2/3/0=>2
2025-09-19 22:11:24.672 mbgl-glfw[86105:5326241] [INFO] {}[Render]:   Total drawables added: 15
2025-09-19 22:11:24.672 mbgl-glfw[86105:5326241] [INFO] {}[Render]: Got 1 drawables from builder
2025-09-19 22:11:24.672 mbgl-glfw[86105:5326241] [INFO] {}[Render]: Drawable color mask before storing countries-fill/fill-outline: R=1 G=1 B=1 A=1
2025-09-19 22:11:24.672 mbgl-glfw[86105:5326241] [INFO] {}[Render]:   Adding drawable to layer group for tile 2/3/0=>2
2025-09-19 22:11:24.672 mbgl-glfw[86105:5326241] [INFO] {}[Render]:   Total drawables added: 16
2025-09-19 22:11:24.672 mbgl-glfw[86105:5326241] [INFO] {}[Render]: Got 1 drawables from builder
2025-09-19 22:11:24.672 mbgl-glfw[86105:5326241] [INFO] {}[Render]: Drawable color mask before storing countries-fill/fill: R=1 G=1 B=1 A=1
2025-09-19 22:11:24.672 mbgl-glfw[86105:5326241] [INFO] {}[Render]:   Adding drawable to layer group for tile 2/3/1=>2
2025-09-19 22:11:24.672 mbgl-glfw[86105:5326241] [INFO] {}[Render]:   Total drawables added: 17
2025-09-19 22:11:24.672 mbgl-glfw[86105:5326241] [INFO] {}[Render]: Got 1 drawables from builder
2025-09-19 22:11:24.672 mbgl-glfw[86105:5326241] [INFO] {}[Render]: Drawable color mask before storing countries-fill/fill-outline: R=1 G=1 B=1 A=1
2025-09-19 22:11:24.672 mbgl-glfw[86105:5326241] [INFO] {}[Render]:   Adding drawable to layer group for tile 2/3/1=>2
2025-09-19 22:11:24.672 mbgl-glfw[86105:5326241] [INFO] {}[Render]:   Total drawables added: 18
2025-09-19 22:11:24.672 mbgl-glfw[86105:5326241] [INFO] {}[Render]: Got 1 drawables from builder
2025-09-19 22:11:24.672 mbgl-glfw[86105:5326241] [INFO] {}[Render]: Drawable color mask before storing countries-fill/fill: R=1 G=1 B=1 A=1
2025-09-19 22:11:24.672 mbgl-glfw[86105:5326241] [INFO] {}[Render]:   Adding drawable to layer group for tile 2/3/2=>2
2025-09-19 22:11:24.672 mbgl-glfw[86105:5326241] [INFO] {}[Render]:   Total drawables added: 19
2025-09-19 22:11:24.672 mbgl-glfw[86105:5326241] [INFO] {}[Render]: Got 1 drawables from builder
2025-09-19 22:11:24.673 mbgl-glfw[86105:5326241] [INFO] {}[Render]: Drawable color mask before storing countries-fill/fill-outline: R=1 G=1 B=1 A=1
2025-09-19 22:11:24.673 mbgl-glfw[86105:5326241] [INFO] {}[Render]:   Adding drawable to layer group for tile 2/3/2=>2
2025-09-19 22:11:24.673 mbgl-glfw[86105:5326241] [INFO] {}[Render]:   Total drawables added: 20
2025-09-19 22:11:24.715 mbgl-glfw[86105:5326241] [INFO] {}[Render]: FillLayerTweaker::execute called for countries-fill with 18 drawables
2025-09-19 22:11:24.715 mbgl-glfw[86105:5326241] [INFO] {}[Render]: FillLayerTweaker::execute called for crimea-fill with 2 drawables
2025-09-19 22:11:25.650 mbgl-glfw[86105:5326241] [INFO] {}[Render]: Unique vertex buffer bindings: 3
2025-09-19 22:11:25.650 mbgl-glfw[86105:5326241] [INFO] {}[Render]: Unique vertex buffer bindings: 1
2025-09-19 22:11:25.650 mbgl-glfw[86105:5326241] [INFO] {}[Render]: Unique vertex buffer bindings: 3
2025-09-19 22:11:25.650 mbgl-glfw[86105:5326241] [INFO] {}[Render]: Unique vertex buffer bindings: 3
2025-09-19 22:11:25.650 mbgl-glfw[86105:5326241] [INFO] {}[Render]: Unique vertex buffer bindings: 3
2025-09-19 22:11:25.650 mbgl-glfw[86105:5326241] [INFO] {}[Render]: Unique vertex buffer bindings: 3
2025-09-19 22:11:25.650 mbgl-glfw[86105:5326241] [INFO] {}[Render]: Unique vertex buffer bindings: 3
2025-09-19 22:11:25.650 mbgl-glfw[86105:5326241] [INFO] {}[Render]: Unique vertex buffer bindings: 3
2025-09-19 22:11:25.650 mbgl-glfw[86105:5326241] [INFO] {}[Render]: Unique vertex buffer bindings: 3
2025-09-19 22:11:25.650 mbgl-glfw[86105:5326241] [INFO] {}[Render]: Unique vertex buffer bindings: 3
2025-09-19 22:11:25.650 mbgl-glfw[86105:5326241] [INFO] {}[Render]: Unique vertex buffer bindings: 3
2025-09-19 22:11:25.650 mbgl-glfw[86105:5326241] [INFO] {}[Render]: Unique vertex buffer bindings: 3
2025-09-19 22:11:25.650 mbgl-glfw[86105:5326241] [INFO] {}[Render]: Unique vertex buffer bindings: 3
2025-09-19 22:11:25.650 mbgl-glfw[86105:5326241] [INFO] {}[Render]: Unique vertex buffer bindings: 3
2025-09-19 22:11:25.650 mbgl-glfw[86105:5326241] [INFO] {}[Render]: Unique vertex buffer bindings: 3
2025-09-19 22:11:25.650 mbgl-glfw[86105:5326241] [INFO] {}[Render]: Unique vertex buffer bindings: 3
2025-09-19 22:11:25.650 mbgl-glfw[86105:5326241] [INFO] {}[Render]: Unique vertex buffer bindings: 3
2025-09-19 22:11:25.650 mbgl-glfw[86105:5326241] [INFO] {}[Render]: Unique vertex buffer bindings: 3
2025-09-19 22:11:25.650 mbgl-glfw[86105:5326241] [INFO] {}[Render]: Unique vertex buffer bindings: 3
2025-09-19 22:11:25.650 mbgl-glfw[86105:5326241] [INFO] {}[Render]: Unique vertex buffer bindings: 3
2025-09-19 22:11:25.650 mbgl-glfw[86105:5326241] [INFO] {}[Render]: Unique vertex buffer bindings: 3
2025-09-19 22:11:25.650 mbgl-glfw[86105:5326241] [INFO] {}[Render]: Unique vertex buffer bindings: 3
2025-09-19 22:11:25.650 mbgl-glfw[86105:5326241] [INFO] {}[Render]: Unique vertex buffer bindings: 3
2025-09-19 22:11:25.650 mbgl-glfw[86105:5326241] [INFO] {}[Render]: Unique vertex buffer bindings: 3
2025-09-19 22:11:25.650 mbgl-glfw[86105:5326241] [INFO] {}[Render]: Unique vertex buffer bindings: 3
2025-09-19 22:11:25.650 mbgl-glfw[86105:5326241] [INFO] {}[Render]: Unique vertex buffer bindings: 3
2025-09-19 22:11:25.650 mbgl-glfw[86105:5326241] [INFO] {}[Render]: Unique vertex buffer bindings: 3
2025-09-19 22:11:25.650 mbgl-glfw[86105:5326241] [INFO] {}[Render]: Unique vertex buffer bindings: 3
2025-09-19 22:11:25.650 mbgl-glfw[86105:5326241] [INFO] {}[Render]: Unique vertex buffer bindings: 3
2025-09-19 22:11:25.650 mbgl-glfw[86105:5326241] [INFO] {}[Render]: Unique vertex buffer bindings: 3
2025-09-19 22:11:25.650 mbgl-glfw[86105:5326241] [INFO] {}[Render]: Unique vertex buffer bindings: 3
2025-09-19 22:11:25.650 mbgl-glfw[86105:5326241] [INFO] {}[Render]: Unique vertex buffer bindings: 3
2025-09-19 22:11:25.650 mbgl-glfw[86105:5326241] [INFO] {}[Render]: Unique vertex buffer bindings: 3
2025-09-19 22:11:25.650 mbgl-glfw[86105:5326241] [INFO] {}[Render]: Unique vertex buffer bindings: 3
2025-09-19 22:11:25.650 mbgl-glfw[86105:5326241] [INFO] {}[Render]: Unique vertex buffer bindings: 3
2025-09-19 22:11:25.650 mbgl-glfw[86105:5326241] [INFO] {}[Render]: Unique vertex buffer bindings: 3
2025-09-19 22:11:25.650 mbgl-glfw[86105:5326241] [INFO] {}[Render]: Unique vertex buffer bindings: 3
2025-09-19 22:11:25.650 mbgl-glfw[86105:5326241] [INFO] {}[Render]: Unique vertex buffer bindings: 3
2025-09-19 22:11:26.160 mbgl-glfw[86105:5326241] [INFO] {}[Render]: RenderTileSetSource::update called for maplibre needsRendering=1 tileset=present cachedTileset=present
2025-09-19 22:11:26.162 mbgl-glfw[86105:5326241] [INFO] {}[Render]: FillLayerTweaker::execute called for countries-fill with 18 drawables
2025-09-19 22:11:26.162 mbgl-glfw[86105:5326241] [INFO] {}[Render]: FillLayerTweaker::execute called for crimea-fill with 2 drawables
2025-09-19 22:11:26.714 mbgl-glfw[86105:5326241] [INFO] {}[Render]: RenderTileSetSource::update called for maplibre needsRendering=1 tileset=present cachedTileset=present
2025-09-19 22:11:26.716 mbgl-glfw[86105:5326241] [INFO] {}[Render]: FillLayerTweaker::execute called for countries-fill with 18 drawables
2025-09-19 22:11:27.551 mbgl-glfw[86105:5326241] [INFO] {}[Render]: RenderTileSetSource::update called for maplibre needsRendering=1 tileset=present cachedTileset=present
2025-09-19 22:11:28.094 mbgl-glfw[86105:5326241] [INFO] {}[Render]: RenderTileSetSource::update called for maplibre needsRendering=1 tileset=present cachedTileset=present
2025-09-19 22:11:28.641 mbgl-glfw[86105:5326241] [INFO] {}[Render]: RenderTileSetSource::update called for maplibre needsRendering=1 tileset=present cachedTileset=present
2025-09-19 22:11:34.115 mbgl-glfw[86105:5326241] [INFO] {}[Render]: Got 1 drawables from builder
2025-09-19 22:11:34.115 mbgl-glfw[86105:5326241] [INFO] {}[Render]: Drawable color mask before storing countries-fill/fill: R=1 G=1 B=1 A=1
2025-09-19 22:11:34.115 mbgl-glfw[86105:5326241] [INFO] {}[Render]:   Adding drawable to layer group for tile 2/1/2=>2
2025-09-19 22:11:34.115 mbgl-glfw[86105:5326241] [INFO] {}[Render]:   Total drawables added: 21
2025-09-19 22:11:34.115 mbgl-glfw[86105:5326241] [INFO] {}[Render]: Got 1 drawables from builder
2025-09-19 22:11:34.115 mbgl-glfw[86105:5326241] [INFO] {}[Render]: Drawable color mask before storing countries-fill/fill-outline: R=1 G=1 B=1 A=1
2025-09-19 22:11:34.115 mbgl-glfw[86105:5326241] [INFO] {}[Render]:   Adding drawable to layer group for tile 2/1/2=>2
2025-09-19 22:11:34.115 mbgl-glfw[86105:5326241] [INFO] {}[Render]:   Total drawables added: 22
2025-09-19 22:11:34.828 mbgl-glfw[86105:5326241] [INFO] {}[Render]: Got 1 drawables from builder
2025-09-19 22:11:34.828 mbgl-glfw[86105:5326241] [INFO] {}[Render]: Drawable color mask before storing countries-fill/fill: R=1 G=1 B=1 A=1
2025-09-19 22:11:34.828 mbgl-glfw[86105:5326241] [INFO] {}[Render]:   Adding drawable to layer group for tile 0/0/0=>0
2025-09-19 22:11:34.828 mbgl-glfw[86105:5326241] [INFO] {}[Render]:   Total drawables added: 23
2025-09-19 22:11:34.828 mbgl-glfw[86105:5326241] [INFO] {}[Render]: Got 1 drawables from builder
2025-09-19 22:11:34.828 mbgl-glfw[86105:5326241] [INFO] {}[Render]: Drawable color mask before storing countries-fill/fill-outline: R=1 G=1 B=1 A=1
2025-09-19 22:11:34.828 mbgl-glfw[86105:5326241] [INFO] {}[Render]:   Adding drawable to layer group for tile 0/0/0=>0
2025-09-19 22:11:34.828 mbgl-glfw[86105:5326241] [INFO] {}[Render]:   Total drawables added: 24
2025-09-19 22:11:34.828 mbgl-glfw[86105:5326241] [INFO] {}[Render]: Got 1 drawables from builder
2025-09-19 22:11:34.828 mbgl-glfw[86105:5326241] [INFO] {}[Render]: Drawable color mask before storing countries-fill/fill: R=1 G=1 B=1 A=1
2025-09-19 22:11:34.828 mbgl-glfw[86105:5326241] [INFO] {}[Render]:   Adding drawable to layer group for tile 1/0/0=>1
2025-09-19 22:11:34.828 mbgl-glfw[86105:5326241] [INFO] {}[Render]:   Total drawables added: 25
2025-09-19 22:11:34.829 mbgl-glfw[86105:5326241] [INFO] {}[Render]: Got 1 drawables from builder
2025-09-19 22:11:34.829 mbgl-glfw[86105:5326241] [INFO] {}[Render]: Drawable color mask before storing countries-fill/fill-outline: R=1 G=1 B=1 A=1
2025-09-19 22:11:34.829 mbgl-glfw[86105:5326241] [INFO] {}[Render]:   Adding drawable to layer group for tile 1/0/0=>1
2025-09-19 22:11:34.829 mbgl-glfw[86105:5326241] [INFO] {}[Render]:   Total drawables added: 26
2025-09-19 22:11:34.829 mbgl-glfw[86105:5326241] [INFO] {}[Render]: Got 1 drawables from builder
2025-09-19 22:11:34.829 mbgl-glfw[86105:5326241] [INFO] {}[Render]: Drawable color mask before storing countries-fill/fill: R=1 G=1 B=1 A=1
2025-09-19 22:11:34.829 mbgl-glfw[86105:5326241] [INFO] {}[Render]:   Adding drawable to layer group for tile 1/1/0=>1
2025-09-19 22:11:34.829 mbgl-glfw[86105:5326241] [INFO] {}[Render]:   Total drawables added: 27
2025-09-19 22:11:34.829 mbgl-glfw[86105:5326241] [INFO] {}[Render]: Got 1 drawables from builder
2025-09-19 22:11:34.829 mbgl-glfw[86105:5326241] [INFO] {}[Render]: Drawable color mask before storing countries-fill/fill-outline: R=1 G=1 B=1 A=1
2025-09-19 22:11:34.829 mbgl-glfw[86105:5326241] [INFO] {}[Render]:   Adding drawable to layer group for tile 1/1/0=>1
2025-09-19 22:11:34.829 mbgl-glfw[86105:5326241] [INFO] {}[Render]:   Total drawables added: 28
2025-09-19 22:11:34.829 mbgl-glfw[86105:5326241] [INFO] {}[Render]: Got 1 drawables from builder
2025-09-19 22:11:34.829 mbgl-glfw[86105:5326241] [INFO] {}[Render]: Drawable color mask before storing countries-fill/fill: R=1 G=1 B=1 A=1
2025-09-19 22:11:34.829 mbgl-glfw[86105:5326241] [INFO] {}[Render]:   Adding drawable to layer group for tile 1/1/1=>1
2025-09-19 22:11:34.829 mbgl-glfw[86105:5326241] [INFO] {}[Render]:   Total drawables added: 29
2025-09-19 22:11:34.829 mbgl-glfw[86105:5326241] [INFO] {}[Render]: Got 1 drawables from builder
2025-09-19 22:11:34.829 mbgl-glfw[86105:5326241] [INFO] {}[Render]: Drawable color mask before storing countries-fill/fill-outline: R=1 G=1 B=1 A=1
2025-09-19 22:11:34.829 mbgl-glfw[86105:5326241] [INFO] {}[Render]:   Adding drawable to layer group for tile 1/1/1=>1
2025-09-19 22:11:34.829 mbgl-glfw[86105:5326241] [INFO] {}[Render]:   Total drawables added: 30
2025-09-19 22:11:36.784 mbgl-glfw[86105:5326241] [INFO] {}[Render]: Got 1 drawables from builder
2025-09-19 22:11:36.788 mbgl-glfw[86105:5326241] [INFO] {}[Render]: Drawable color mask before storing crimea-fill/fill: R=1 G=1 B=1 A=1
2025-09-19 22:11:36.788 mbgl-glfw[86105:5326241] [INFO] {}[Render]:   Adding drawable to layer group for tile 1/0/0=>1
2025-09-19 22:11:36.788 mbgl-glfw[86105:5326241] [INFO] {}[Render]:   Total drawables added: 3
2025-09-19 22:11:36.788 mbgl-glfw[86105:5326241] [INFO] {}[Render]: Got 1 drawables from builder
2025-09-19 22:11:36.788 mbgl-glfw[86105:5326241] [INFO] {}[Render]: Drawable color mask before storing crimea-fill/fill-outline: R=1 G=1 B=1 A=1
2025-09-19 22:11:36.788 mbgl-glfw[86105:5326241] [INFO] {}[Render]:   Adding drawable to layer group for tile 1/0/0=>1
2025-09-19 22:11:36.788 mbgl-glfw[86105:5326241] [INFO] {}[Render]:   Total drawables added: 4
2025-09-19 22:11:36.788 mbgl-glfw[86105:5326241] [INFO] {}[Render]: Got 1 drawables from builder
2025-09-19 22:11:36.788 mbgl-glfw[86105:5326241] [INFO] {}[Render]: Drawable color mask before storing crimea-fill/fill: R=1 G=1 B=1 A=1
2025-09-19 22:11:36.788 mbgl-glfw[86105:5326241] [INFO] {}[Render]:   Adding drawable to layer group for tile 1/1/0=>1
2025-09-19 22:11:36.788 mbgl-glfw[86105:5326241] [INFO] {}[Render]:   Total drawables added: 5
2025-09-19 22:11:36.788 mbgl-glfw[86105:5326241] [INFO] {}[Render]: Got 1 drawables from builder
2025-09-19 22:11:36.788 mbgl-glfw[86105:5326241] [INFO] {}[Render]: Drawable color mask before storing crimea-fill/fill-outline: R=1 G=1 B=1 A=1
2025-09-19 22:11:36.788 mbgl-glfw[86105:5326241] [INFO] {}[Render]:   Adding drawable to layer group for tile 1/1/0=>1
2025-09-19 22:11:36.788 mbgl-glfw[86105:5326241] [INFO] {}[Render]:   Total drawables added: 6
2025-09-19 22:11:36.788 mbgl-glfw[86105:5326241] [INFO] {}[Render]: Got 1 drawables from builder
2025-09-19 22:11:36.788 mbgl-glfw[86105:5326241] [INFO] {}[Render]: Drawable color mask before storing crimea-fill/fill: R=1 G=1 B=1 A=1
2025-09-19 22:11:36.788 mbgl-glfw[86105:5326241] [INFO] {}[Render]:   Adding drawable to layer group for tile 1/0/0=>1
2025-09-19 22:11:36.788 mbgl-glfw[86105:5326241] [INFO] {}[Render]:   Total drawables added: 7
2025-09-19 22:11:36.788 mbgl-glfw[86105:5326241] [INFO] {}[Render]: Got 1 drawables from builder
2025-09-19 22:11:36.788 mbgl-glfw[86105:5326241] [INFO] {}[Render]: Drawable color mask before storing crimea-fill/fill-outline: R=1 G=1 B=1 A=1
2025-09-19 22:11:36.788 mbgl-glfw[86105:5326241] [INFO] {}[Render]:   Adding drawable to layer group for tile 1/0/0=>1
2025-09-19 22:11:36.788 mbgl-glfw[86105:5326241] [INFO] {}[Render]:   Total drawables added: 8
2025-09-19 22:11:37.367 mbgl-glfw[86105:5326241] [INFO] {}[Render]: Got 1 drawables from builder
2025-09-19 22:11:37.367 mbgl-glfw[86105:5326241] [INFO] {}[Render]: Drawable color mask before storing countries-fill/fill: R=1 G=1 B=1 A=1
2025-09-19 22:11:37.367 mbgl-glfw[86105:5326241] [INFO] {}[Render]:   Adding drawable to layer group for tile 1/0/1=>1
2025-09-19 22:11:37.367 mbgl-glfw[86105:5326241] [INFO] {}[Render]:   Total drawables added: 31
2025-09-19 22:11:37.367 mbgl-glfw[86105:5326241] [INFO] {}[Render]: Got 1 drawables from builder
2025-09-19 22:11:37.367 mbgl-glfw[86105:5326241] [INFO] {}[Render]: Drawable color mask before storing countries-fill/fill-outline: R=1 G=1 B=1 A=1
2025-09-19 22:11:37.367 mbgl-glfw[86105:5326241] [INFO] {}[Render]:   Adding drawable to layer group for tile 1/0/1=>1
2025-09-19 22:11:37.367 mbgl-glfw[86105:5326241] [INFO] {}[Render]:   Total drawables added: 32
2025-09-19 22:11:37.367 mbgl-glfw[86105:5326241] [INFO] {}[Render]: Got 1 drawables from builder
2025-09-19 22:11:37.367 mbgl-glfw[86105:5326241] [INFO] {}[Render]: Drawable color mask before storing countries-fill/fill: R=1 G=1 B=1 A=1
2025-09-19 22:11:37.367 mbgl-glfw[86105:5326241] [INFO] {}[Render]:   Adding drawable to layer group for tile 0/0/0=>0
2025-09-19 22:11:37.367 mbgl-glfw[86105:5326241] [INFO] {}[Render]:   Total drawables added: 33
2025-09-19 22:11:37.367 mbgl-glfw[86105:5326241] [INFO] {}[Render]: Got 1 drawables from builder
2025-09-19 22:11:37.367 mbgl-glfw[86105:5326241] [INFO] {}[Render]: Drawable color mask before storing countries-fill/fill-outline: R=1 G=1 B=1 A=1
2025-09-19 22:11:37.367 mbgl-glfw[86105:5326241] [INFO] {}[Render]:   Adding drawable to layer group for tile 0/0/0=>0
2025-09-19 22:11:37.368 mbgl-glfw[86105:5326241] [INFO] {}[Render]:   Total drawables added: 34
2025-09-19 22:11:38.375 mbgl-glfw[86105:5326241] [INFO] {}[Render]: Got 1 drawables from builder
2025-09-19 22:11:38.375 mbgl-glfw[86105:5326241] [INFO] {}[Render]: Drawable color mask before storing countries-fill/fill: R=1 G=1 B=1 A=1
2025-09-19 22:11:38.375 mbgl-glfw[86105:5326241] [INFO] {}[Render]:   Adding drawable to layer group for tile 1/0/0=>1
2025-09-19 22:11:38.375 mbgl-glfw[86105:5326241] [INFO] {}[Render]:   Total drawables added: 35
2025-09-19 22:11:38.375 mbgl-glfw[86105:5326241] [INFO] {}[Render]: Got 1 drawables from builder
2025-09-19 22:11:38.375 mbgl-glfw[86105:5326241] [INFO] {}[Render]: Drawable color mask before storing countries-fill/fill-outline: R=1 G=1 B=1 A=1
2025-09-19 22:11:38.375 mbgl-glfw[86105:5326241] [INFO] {}[Render]:   Adding drawable to layer group for tile 1/0/0=>1
2025-09-19 22:11:38.375 mbgl-glfw[86105:5326241] [INFO] {}[Render]:   Total drawables added: 36
