2026-06-22T13:17:35.3710920Z Current runner version: '2.335.1'
2026-06-22T13:17:35.3727720Z ##[group]Runner Image Provisioner
2026-06-22T13:17:35.3728310Z Hosted Compute Agent
2026-06-22T13:17:35.3728690Z Version: 20260527.539
2026-06-22T13:17:35.3729120Z Commit: a891dd388383b896fa6ac04a82c0b75cec981078
2026-06-22T13:17:35.3729610Z Build Date: 2026-05-27T21:39:57Z
2026-06-22T13:17:35.3730070Z Worker ID: {45d01df4-ebb4-4258-abdf-499afa414490}
2026-06-22T13:17:35.3730550Z Azure Region: westus
2026-06-22T13:17:35.3730930Z ##[endgroup]
2026-06-22T13:17:35.3731900Z ##[group]Operating System
2026-06-22T13:17:35.3732300Z macOS
2026-06-22T13:17:35.3732650Z 15.7.7
2026-06-22T13:17:35.3733060Z 24G720
2026-06-22T13:17:35.3733430Z ##[endgroup]
2026-06-22T13:17:35.3733800Z ##[group]Runner Image
2026-06-22T13:17:35.3734190Z Image: macos-15-arm64
2026-06-22T13:17:35.3734590Z Version: 20260610.0126.1
2026-06-22T13:17:35.3735450Z Included Software: https://github.com/actions/runner-images/blob/macos-15-arm64/20260610.0126/images/macos/macos-15-arm64-Readme.md
2026-06-22T13:17:35.3736490Z Image Release: https://github.com/actions/runner-images/releases/tag/macos-15-arm64%2F20260610.0126
2026-06-22T13:17:35.3737160Z ##[endgroup]
2026-06-22T13:17:35.3737860Z ##[group]GITHUB_TOKEN Permissions
2026-06-22T13:17:35.3739040Z Metadata: read
2026-06-22T13:17:35.3739420Z ##[endgroup]
2026-06-22T13:17:35.3740960Z Secret source: Actions
2026-06-22T13:17:35.3741420Z Prepare workflow directory
2026-06-22T13:17:35.4282200Z Prepare all required actions
2026-06-22T13:17:35.4312170Z Getting action download info
2026-06-22T13:17:35.7142290Z Download action repository 'actions/checkout@8e8c483db84b4bee98b60c0593521ed34d9990e8' (SHA:8e8c483db84b4bee98b60c0593521ed34d9990e8)
2026-06-22T13:17:36.0599190Z Download action repository 'actions/cache@668228422ae6a00e4ad889ee87cd7109ec5666a7' (SHA:668228422ae6a00e4ad889ee87cd7109ec5666a7)
2026-06-22T13:17:36.1875580Z Download action repository 'actions/upload-artifact@bbbca2ddaa5d8feaa63e36b76fdaad77386f024f' (SHA:bbbca2ddaa5d8feaa63e36b76fdaad77386f024f)
2026-06-22T13:17:36.2805020Z Download action repository 'aws-actions/configure-aws-credentials@8df5847569e6427dd6c4fb1cf565c83acfa8afa7' (SHA:8df5847569e6427dd6c4fb1cf565c83acfa8afa7)
2026-06-22T13:17:37.5048870Z Complete job name: ios-build
2026-06-22T13:17:37.5866670Z ##[group]Run actions/checkout@8e8c483db84b4bee98b60c0593521ed34d9990e8
2026-06-22T13:17:37.5867630Z with:
2026-06-22T13:17:37.5867990Z   submodules: false
2026-06-22T13:17:37.5868380Z   persist-credentials: false
2026-06-22T13:17:37.5868830Z   repository: louwers/maplibre-native
2026-06-22T13:17:37.5872320Z   token: ***
2026-06-22T13:17:37.5872690Z   ssh-strict: true
2026-06-22T13:17:37.5873070Z   ssh-user: git
2026-06-22T13:17:37.5873420Z   clean: true
2026-06-22T13:17:37.5873790Z   sparse-checkout-cone-mode: true
2026-06-22T13:17:37.5874220Z   fetch-depth: 1
2026-06-22T13:17:37.5874570Z   fetch-tags: false
2026-06-22T13:17:37.5874940Z   show-progress: true
2026-06-22T13:17:37.5880730Z   lfs: false
2026-06-22T13:17:37.5882010Z   set-safe-directory: true
2026-06-22T13:17:37.5885300Z env:
2026-06-22T13:17:37.5886470Z   BUILDTYPE: Debug
2026-06-22T13:17:37.5887560Z   HOMEBREW_NO_AUTO_UPDATE: 1
2026-06-22T13:17:37.5888770Z   HOMEBREW_NO_INSTALL_CLEANUP: 1
2026-06-22T13:17:37.5890350Z   IOS_BUNDLE_ID_PREFIX: com.louwers.maplibre-native.ci
2026-06-22T13:17:37.5891830Z ##[endgroup]
2026-06-22T13:17:38.1523440Z Syncing repository: louwers/maplibre-native
2026-06-22T13:17:38.1525120Z ##[group]Getting Git version info
2026-06-22T13:17:38.1525960Z Working directory is '/Users/runner/work/maplibre-native/maplibre-native'
2026-06-22T13:17:38.1527240Z [command]/opt/homebrew/bin/git version
2026-06-22T13:17:38.1808840Z git version 2.54.0
2026-06-22T13:17:38.1827940Z ##[endgroup]
2026-06-22T13:17:38.1842090Z Copying '/Users/runner/.gitconfig' to '/Users/runner/work/_temp/05ad2b5d-c406-45a2-a967-848fc9f9e97c/.gitconfig'
2026-06-22T13:17:38.1847020Z Temporarily overriding HOME='/Users/runner/work/_temp/05ad2b5d-c406-45a2-a967-848fc9f9e97c' before making global git config changes
2026-06-22T13:17:38.1849840Z Adding repository directory to the temporary git global config as a safe directory
2026-06-22T13:17:38.1852100Z [command]/opt/homebrew/bin/git config --global --add safe.directory /Users/runner/work/maplibre-native/maplibre-native
2026-06-22T13:17:38.1962090Z Deleting the contents of '/Users/runner/work/maplibre-native/maplibre-native'
2026-06-22T13:17:38.1964740Z ##[group]Initializing the repository
2026-06-22T13:17:38.1967640Z [command]/opt/homebrew/bin/git init /Users/runner/work/maplibre-native/maplibre-native
2026-06-22T13:17:38.2221860Z hint: Using 'master' as the name for the initial branch. This default branch name
2026-06-22T13:17:38.2225500Z hint: will change to "main" in Git 3.0. To configure the initial branch name
2026-06-22T13:17:38.2227610Z hint: to use in all of your new repositories, which will suppress this warning,
2026-06-22T13:17:38.2229150Z hint: call:
2026-06-22T13:17:38.2230230Z hint:
2026-06-22T13:17:38.2231380Z hint: 	git config --global init.defaultBranch <name>
2026-06-22T13:17:38.2232720Z hint:
2026-06-22T13:17:38.2233890Z hint: Names commonly chosen instead of 'master' are 'main', 'trunk' and
2026-06-22T13:17:38.2235940Z hint: 'development'. The just-created branch can be renamed via this command:
2026-06-22T13:17:38.2237480Z hint:
2026-06-22T13:17:38.2238330Z hint: 	git branch -m <name>
2026-06-22T13:17:38.2239310Z hint:
2026-06-22T13:17:38.2240550Z hint: Disable this message with "git config set advice.defaultBranchName false"
2026-06-22T13:17:38.2242810Z Initialized empty Git repository in /Users/runner/work/maplibre-native/maplibre-native/.git/
2026-06-22T13:17:38.2246780Z [command]/opt/homebrew/bin/git remote add origin https://github.com/louwers/maplibre-native
2026-06-22T13:17:38.2359730Z ##[endgroup]
2026-06-22T13:17:38.2361570Z ##[group]Disabling automatic garbage collection
2026-06-22T13:17:38.2362900Z [command]/opt/homebrew/bin/git config --local gc.auto 0
2026-06-22T13:17:38.2466850Z ##[endgroup]
2026-06-22T13:17:38.2470400Z ##[group]Setting up auth
2026-06-22T13:17:38.2482220Z Removing SSH command configuration
2026-06-22T13:17:38.2484380Z [command]/opt/homebrew/bin/git config --local --name-only --get-regexp core\.sshCommand
2026-06-22T13:17:38.2541310Z [command]/opt/homebrew/bin/git submodule foreach --recursive sh -c "git config --local --name-only --get-regexp 'core\.sshCommand' && git config --local --unset-all 'core.sshCommand' || :"
2026-06-22T13:17:38.4435410Z Removing HTTP extra header
2026-06-22T13:17:38.4441500Z [command]/opt/homebrew/bin/git config --local --name-only --get-regexp http\.https\:\/\/github\.com\/\.extraheader
2026-06-22T13:17:38.4517100Z [command]/opt/homebrew/bin/git submodule foreach --recursive sh -c "git config --local --name-only --get-regexp 'http\.https\:\/\/github\.com\/\.extraheader' && git config --local --unset-all 'http.https://github.com/.extraheader' || :"
2026-06-22T13:17:38.6222190Z Removing includeIf entries pointing to credentials config files
2026-06-22T13:17:38.6284260Z [command]/opt/homebrew/bin/git config --local --name-only --get-regexp ^includeIf\.gitdir:
2026-06-22T13:17:38.6362820Z [command]/opt/homebrew/bin/git submodule foreach --recursive git config --local --show-origin --name-only --get-regexp remote.origin.url
2026-06-22T13:17:38.7916780Z [command]/opt/homebrew/bin/git config --file /Users/runner/work/_temp/git-credentials-5a24ad35-e120-4124-83d5-7e864e435d9a.config http.https://github.com/.extraheader AUTHORIZATION: basic ***
2026-06-22T13:17:38.8069720Z [command]/opt/homebrew/bin/git config --local includeIf.gitdir:/Users/runner/work/maplibre-native/maplibre-native/.git.path /Users/runner/work/_temp/git-credentials-5a24ad35-e120-4124-83d5-7e864e435d9a.config
2026-06-22T13:17:38.8186960Z [command]/opt/homebrew/bin/git config --local includeIf.gitdir:/Users/runner/work/maplibre-native/maplibre-native/.git/worktrees/*.path /Users/runner/work/_temp/git-credentials-5a24ad35-e120-4124-83d5-7e864e435d9a.config
2026-06-22T13:17:38.8294200Z [command]/opt/homebrew/bin/git config --local includeIf.gitdir:/github/workspace/.git.path /github/runner_temp/git-credentials-5a24ad35-e120-4124-83d5-7e864e435d9a.config
2026-06-22T13:17:38.8382130Z [command]/opt/homebrew/bin/git config --local includeIf.gitdir:/github/workspace/.git/worktrees/*.path /github/runner_temp/git-credentials-5a24ad35-e120-4124-83d5-7e864e435d9a.config
2026-06-22T13:17:38.8474550Z ##[endgroup]
2026-06-22T13:17:38.8476520Z ##[group]Fetching the repository
2026-06-22T13:17:38.8491940Z [command]/opt/homebrew/bin/git -c protocol.version=2 fetch --no-tags --prune --no-recurse-submodules --depth=1 origin +9024ab87ed89b75ca6480dfbd6fed101a203918b:refs/remotes/origin/ios-ci-github-runner
2026-06-22T13:17:46.0813550Z From https://github.com/louwers/maplibre-native
2026-06-22T13:17:46.0924250Z  * [new ref]         9024ab87ed89b75ca6480dfbd6fed101a203918b -> origin/ios-ci-github-runner
2026-06-22T13:17:46.1234950Z ##[endgroup]
2026-06-22T13:17:46.1271550Z ##[group]Determining the checkout info
2026-06-22T13:17:46.1398580Z ##[endgroup]
2026-06-22T13:17:46.1449290Z [command]/opt/homebrew/bin/git sparse-checkout disable
2026-06-22T13:17:46.1559030Z [command]/opt/homebrew/bin/git config --local --unset-all extensions.worktreeConfig
2026-06-22T13:17:46.1571770Z ##[group]Checking out the ref
2026-06-22T13:17:46.1573640Z [command]/opt/homebrew/bin/git checkout --progress --force -B ios-ci-github-runner refs/remotes/origin/ios-ci-github-runner
2026-06-22T13:17:47.2749810Z Updating files:  22% (3539/15755)
2026-06-22T13:17:47.3023560Z Updating files:  23% (3624/15755)
2026-06-22T13:17:47.3602790Z Updating files:  24% (3782/15755)
2026-06-22T13:17:47.4137880Z Updating files:  25% (3939/15755)
2026-06-22T13:17:47.4847120Z Updating files:  26% (4097/15755)
2026-06-22T13:17:47.5155140Z Updating files:  27% (4254/15755)
2026-06-22T13:17:47.5420290Z Updating files:  28% (4412/15755)
2026-06-22T13:17:47.5843640Z Updating files:  29% (4569/15755)
2026-06-22T13:17:47.6196930Z Updating files:  30% (4727/15755)
2026-06-22T13:17:47.6618470Z Updating files:  31% (4885/15755)
2026-06-22T13:17:47.6878590Z Updating files:  32% (5042/15755)
2026-06-22T13:17:47.7535470Z Updating files:  33% (5200/15755)
2026-06-22T13:17:47.8975420Z Updating files:  34% (5357/15755)
2026-06-22T13:17:47.9436750Z Updating files:  35% (5515/15755)
2026-06-22T13:17:47.9725070Z Updating files:  36% (5672/15755)
2026-06-22T13:17:48.0010650Z Updating files:  37% (5830/15755)
2026-06-22T13:17:48.0499840Z Updating files:  38% (5987/15755)
2026-06-22T13:17:48.0809200Z Updating files:  39% (6145/15755)
2026-06-22T13:17:48.1275090Z Updating files:  40% (6302/15755)
2026-06-22T13:17:48.1851470Z Updating files:  41% (6460/15755)
2026-06-22T13:17:48.2911790Z Updating files:  41% (6582/15755)
2026-06-22T13:17:48.3234960Z Updating files:  42% (6618/15755)
2026-06-22T13:17:48.3611600Z Updating files:  43% (6775/15755)
2026-06-22T13:17:48.3878410Z Updating files:  44% (6933/15755)
2026-06-22T13:17:48.4153660Z Updating files:  45% (7090/15755)
2026-06-22T13:17:48.4418390Z Updating files:  46% (7248/15755)
2026-06-22T13:17:48.4755820Z Updating files:  47% (7405/15755)
2026-06-22T13:17:48.5068640Z Updating files:  48% (7563/15755)
2026-06-22T13:17:48.5409390Z Updating files:  49% (7720/15755)
2026-06-22T13:17:48.5724290Z Updating files:  50% (7878/15755)
2026-06-22T13:17:48.6030350Z Updating files:  51% (8036/15755)
2026-06-22T13:17:48.6345770Z Updating files:  52% (8193/15755)
2026-06-22T13:17:48.6605490Z Updating files:  53% (8351/15755)
2026-06-22T13:17:48.6840870Z Updating files:  54% (8508/15755)
2026-06-22T13:17:48.7231830Z Updating files:  55% (8666/15755)
2026-06-22T13:17:48.7724500Z Updating files:  56% (8823/15755)
2026-06-22T13:17:48.8217160Z Updating files:  57% (8981/15755)
2026-06-22T13:17:48.8690830Z Updating files:  58% (9138/15755)
2026-06-22T13:17:48.9134510Z Updating files:  59% (9296/15755)
2026-06-22T13:17:48.9500810Z Updating files:  60% (9453/15755)
2026-06-22T13:17:48.9933280Z Updating files:  61% (9611/15755)
2026-06-22T13:17:49.0275080Z Updating files:  62% (9769/15755)
2026-06-22T13:17:49.0658230Z Updating files:  63% (9926/15755)
2026-06-22T13:17:49.1018510Z Updating files:  64% (10084/15755)
2026-06-22T13:17:49.1351610Z Updating files:  65% (10241/15755)
2026-06-22T13:17:49.1609400Z Updating files:  66% (10399/15755)
2026-06-22T13:17:49.1824560Z Updating files:  67% (10556/15755)
2026-06-22T13:17:49.2158910Z Updating files:  67% (10623/15755)
2026-06-22T13:17:49.2598540Z Updating files:  68% (10714/15755)
2026-06-22T13:17:49.2958970Z Updating files:  69% (10871/15755)
2026-06-22T13:17:49.3351400Z Updating files:  70% (11029/15755)
2026-06-22T13:17:49.3652170Z Updating files:  71% (11187/15755)
2026-06-22T13:17:49.4094300Z Updating files:  72% (11344/15755)
2026-06-22T13:17:49.4386710Z Updating files:  73% (11502/15755)
2026-06-22T13:17:49.5030450Z Updating files:  74% (11659/15755)
2026-06-22T13:17:49.5662290Z Updating files:  75% (11817/15755)
2026-06-22T13:17:49.6046310Z Updating files:  76% (11974/15755)
2026-06-22T13:17:49.6664690Z Updating files:  77% (12132/15755)
2026-06-22T13:17:49.7476730Z Updating files:  78% (12289/15755)
2026-06-22T13:17:49.7775700Z Updating files:  79% (12447/15755)
2026-06-22T13:17:49.7931670Z Updating files:  80% (12604/15755)
2026-06-22T13:17:49.8285420Z Updating files:  81% (12762/15755)
2026-06-22T13:17:49.8644300Z Updating files:  82% (12920/15755)
2026-06-22T13:17:49.9043430Z Updating files:  83% (13077/15755)
2026-06-22T13:17:49.9470220Z Updating files:  84% (13235/15755)
2026-06-22T13:17:50.0303220Z Updating files:  85% (13392/15755)
2026-06-22T13:17:50.0674970Z Updating files:  86% (13550/15755)
2026-06-22T13:17:50.1074810Z Updating files:  87% (13707/15755)
2026-06-22T13:17:50.1522440Z Updating files:  88% (13865/15755)
2026-06-22T13:17:50.1831580Z Updating files:  89% (14022/15755)
2026-06-22T13:17:50.1869360Z Updating files:  89% (14150/15755)
2026-06-22T13:17:50.2291490Z Updating files:  90% (14180/15755)
2026-06-22T13:17:50.2872910Z Updating files:  91% (14338/15755)
2026-06-22T13:17:50.3211870Z Updating files:  92% (14495/15755)
2026-06-22T13:17:50.3586510Z Updating files:  93% (14653/15755)
2026-06-22T13:17:50.4064630Z Updating files:  94% (14810/15755)
2026-06-22T13:17:50.7585780Z Updating files:  95% (14968/15755)
2026-06-22T13:17:50.8201880Z Updating files:  96% (15125/15755)
2026-06-22T13:17:50.8485380Z Updating files:  97% (15283/15755)
2026-06-22T13:17:50.8777040Z Updating files:  98% (15440/15755)
2026-06-22T13:17:50.9884030Z Updating files:  99% (15598/15755)
2026-06-22T13:17:50.9885420Z Updating files: 100% (15755/15755)
2026-06-22T13:17:50.9886680Z Updating files: 100% (15755/15755), done.
2026-06-22T13:17:51.0381180Z Switched to a new branch 'ios-ci-github-runner'
2026-06-22T13:17:51.0411310Z branch 'ios-ci-github-runner' set up to track 'origin/ios-ci-github-runner'.
2026-06-22T13:17:51.0537420Z ##[endgroup]
2026-06-22T13:17:51.0832760Z [command]/opt/homebrew/bin/git log -1 --format=%H
2026-06-22T13:17:51.0964970Z 9024ab87ed89b75ca6480dfbd6fed101a203918b
2026-06-22T13:17:51.0986030Z ##[group]Removing auth
2026-06-22T13:17:51.0986420Z Removing SSH command configuration
2026-06-22T13:17:51.0990440Z [command]/opt/homebrew/bin/git config --local --name-only --get-regexp core\.sshCommand
2026-06-22T13:17:51.1071350Z [command]/opt/homebrew/bin/git submodule foreach --recursive sh -c "git config --local --name-only --get-regexp 'core\.sshCommand' && git config --local --unset-all 'core.sshCommand' || :"
2026-06-22T13:17:51.2603160Z Removing HTTP extra header
2026-06-22T13:17:51.2606650Z [command]/opt/homebrew/bin/git config --local --name-only --get-regexp http\.https\:\/\/github\.com\/\.extraheader
2026-06-22T13:17:51.2720850Z [command]/opt/homebrew/bin/git submodule foreach --recursive sh -c "git config --local --name-only --get-regexp 'http\.https\:\/\/github\.com\/\.extraheader' && git config --local --unset-all 'http.https://github.com/.extraheader' || :"
2026-06-22T13:17:51.4636390Z Removing includeIf entries pointing to credentials config files
2026-06-22T13:17:51.4644100Z [command]/opt/homebrew/bin/git config --local --name-only --get-regexp ^includeIf\.gitdir:
2026-06-22T13:17:51.4747590Z includeif.gitdir:/Users/runner/work/maplibre-native/maplibre-native/.git.path
2026-06-22T13:17:51.4749850Z includeif.gitdir:/Users/runner/work/maplibre-native/maplibre-native/.git/worktrees/*.path
2026-06-22T13:17:51.4750450Z includeif.gitdir:/github/workspace/.git.path
2026-06-22T13:17:51.4750810Z includeif.gitdir:/github/workspace/.git/worktrees/*.path
2026-06-22T13:17:51.4767250Z [command]/opt/homebrew/bin/git config --local --get-all includeif.gitdir:/Users/runner/work/maplibre-native/maplibre-native/.git.path
2026-06-22T13:17:51.4846540Z /Users/runner/work/_temp/git-credentials-5a24ad35-e120-4124-83d5-7e864e435d9a.config
2026-06-22T13:17:51.4884470Z [command]/opt/homebrew/bin/git config --local --unset includeif.gitdir:/Users/runner/work/maplibre-native/maplibre-native/.git.path /Users/runner/work/_temp/git-credentials-5a24ad35-e120-4124-83d5-7e864e435d9a.config
2026-06-22T13:17:51.4990020Z [command]/opt/homebrew/bin/git config --local --get-all includeif.gitdir:/Users/runner/work/maplibre-native/maplibre-native/.git/worktrees/*.path
2026-06-22T13:17:51.5099600Z /Users/runner/work/_temp/git-credentials-5a24ad35-e120-4124-83d5-7e864e435d9a.config
2026-06-22T13:17:51.5114950Z [command]/opt/homebrew/bin/git config --local --unset includeif.gitdir:/Users/runner/work/maplibre-native/maplibre-native/.git/worktrees/*.path /Users/runner/work/_temp/git-credentials-5a24ad35-e120-4124-83d5-7e864e435d9a.config
2026-06-22T13:17:51.5196460Z [command]/opt/homebrew/bin/git config --local --get-all includeif.gitdir:/github/workspace/.git.path
2026-06-22T13:17:51.5280540Z /github/runner_temp/git-credentials-5a24ad35-e120-4124-83d5-7e864e435d9a.config
2026-06-22T13:17:51.5288540Z [command]/opt/homebrew/bin/git config --local --unset includeif.gitdir:/github/workspace/.git.path /github/runner_temp/git-credentials-5a24ad35-e120-4124-83d5-7e864e435d9a.config
2026-06-22T13:17:51.5358410Z [command]/opt/homebrew/bin/git config --local --get-all includeif.gitdir:/github/workspace/.git/worktrees/*.path
2026-06-22T13:17:51.5418920Z /github/runner_temp/git-credentials-5a24ad35-e120-4124-83d5-7e864e435d9a.config
2026-06-22T13:17:51.5434590Z [command]/opt/homebrew/bin/git config --local --unset includeif.gitdir:/github/workspace/.git/worktrees/*.path /github/runner_temp/git-credentials-5a24ad35-e120-4124-83d5-7e864e435d9a.config
2026-06-22T13:17:51.5503970Z [command]/opt/homebrew/bin/git submodule foreach --recursive git config --local --show-origin --name-only --get-regexp remote.origin.url
2026-06-22T13:17:51.6810740Z Removing credentials config '/Users/runner/work/_temp/git-credentials-5a24ad35-e120-4124-83d5-7e864e435d9a.config'
2026-06-22T13:17:51.6839380Z ##[endgroup]
2026-06-22T13:17:51.7246830Z ##[group]Run find .git -type f -name "*.lock" -delete 2>/dev/null || true
2026-06-22T13:17:51.7247470Z [36;1mfind .git -type f -name "*.lock" -delete 2>/dev/null || true[0m
2026-06-22T13:17:51.7377110Z shell: /bin/bash --noprofile --norc -e -o pipefail {0}
2026-06-22T13:17:51.7377530Z env:
2026-06-22T13:17:51.7377890Z   BUILDTYPE: Debug
2026-06-22T13:17:51.7378150Z   HOMEBREW_NO_AUTO_UPDATE: 1
2026-06-22T13:17:51.7378580Z   HOMEBREW_NO_INSTALL_CLEANUP: 1
2026-06-22T13:17:51.7379010Z   IOS_BUNDLE_ID_PREFIX: com.louwers.maplibre-native.ci
2026-06-22T13:17:51.7379330Z ##[endgroup]
2026-06-22T13:17:51.8646470Z ##[group]Run git submodule update --init --recursive
2026-06-22T13:17:51.8647000Z [36;1mgit submodule update --init --recursive[0m
2026-06-22T13:17:51.8701750Z shell: /bin/bash --noprofile --norc -e -o pipefail {0}
2026-06-22T13:17:51.8702220Z env:
2026-06-22T13:17:51.8702500Z   BUILDTYPE: Debug
2026-06-22T13:17:51.8704140Z   HOMEBREW_NO_AUTO_UPDATE: 1
2026-06-22T13:17:51.8704550Z   HOMEBREW_NO_INSTALL_CLEANUP: 1
2026-06-22T13:17:51.8704880Z   IOS_BUNDLE_ID_PREFIX: com.louwers.maplibre-native.ci
2026-06-22T13:17:51.8705290Z ##[endgroup]
2026-06-22T13:17:52.0626630Z Submodule 'docs/doxygen/doxygen-awesome-css' (https://github.com/jothepro/doxygen-awesome-css.git) registered for path 'docs/doxygen/doxygen-awesome-css'
2026-06-22T13:17:52.0637310Z Submodule 'platform/windows/vendor/vcpkg' (https://github.com/microsoft/vcpkg.git) registered for path 'platform/windows/vendor/vcpkg'
2026-06-22T13:17:52.0725410Z Submodule 'vendor/PMTiles' (https://github.com/protomaps/PMTiles.git) registered for path 'vendor/PMTiles'
2026-06-22T13:17:52.0767000Z Submodule 'vendor/Vulkan-Headers' (https://github.com/KhronosGroup/Vulkan-Headers.git) registered for path 'vendor/Vulkan-Headers'
2026-06-22T13:17:52.0803710Z Submodule 'vendor/VulkanMemoryAllocator' (https://github.com/GPUOpen-LibrariesAndSDKs/VulkanMemoryAllocator.git) registered for path 'vendor/VulkanMemoryAllocator'
2026-06-22T13:17:52.0840360Z Submodule 'vendor/args' (https://github.com/Taywee/args.git) registered for path 'vendor/args'
2026-06-22T13:17:52.0871920Z Submodule 'vendor/benchmark' (https://github.com/google/benchmark.git) registered for path 'vendor/benchmark'
2026-06-22T13:17:52.0906080Z Submodule 'vendor/boost' (https://github.com/maplibre/maplibre-gl-native-boost.git) registered for path 'vendor/boost'
2026-06-22T13:17:52.0939230Z Submodule 'vendor/cpp-httplib' (https://github.com/yhirose/cpp-httplib.git) registered for path 'vendor/cpp-httplib'
2026-06-22T13:17:52.0974790Z Submodule 'vendor/earcut.hpp' (https://github.com/mapbox/earcut.hpp.git) registered for path 'vendor/earcut.hpp'
2026-06-22T13:17:52.1008110Z Submodule 'vendor/eternal' (https://github.com/mapbox/eternal.git) registered for path 'vendor/eternal'
2026-06-22T13:17:52.1044060Z Submodule 'vendor/expected-lite' (https://github.com/martinmoene/expected-lite.git) registered for path 'vendor/expected-lite'
2026-06-22T13:17:52.1081560Z Submodule 'vendor/filesystem' (https://github.com/gulrak/filesystem.git) registered for path 'vendor/filesystem'
2026-06-22T13:17:52.1122770Z Submodule 'vendor/harfbuzzFreetype/freetype' (https://github.com/freetype/freetype.git) registered for path 'vendor/freetype'
2026-06-22T13:17:52.1141700Z Submodule 'vendor/glslang' (https://github.com/KhronosGroup/glslang.git) registered for path 'vendor/glslang'
2026-06-22T13:17:52.1164390Z Submodule 'vendor/googletest' (https://github.com/google/googletest.git) registered for path 'vendor/googletest'
2026-06-22T13:17:52.1197510Z Submodule 'vendor/harfbuzzFreetype/harfbuzz' (https://github.com/harfbuzz/harfbuzz) registered for path 'vendor/harfbuzz'
2026-06-22T13:17:52.1231190Z Submodule 'vendor/kdbush.hpp' (https://github.com/mourner/kdbush.hpp.git) registered for path 'vendor/kdbush.hpp'
2026-06-22T13:17:52.1235610Z Submodule 'vendor/maplibre-native-base/deps/cheap-ruler-cpp' (https://github.com/mapbox/cheap-ruler-cpp.git) registered for path 'vendor/maplibre-native-base/deps/cheap-ruler-cpp'
2026-06-22T13:17:52.1239340Z Submodule 'vendor/maplibre-native-base/deps/geojson-vt-cpp' (https://github.com/mapbox/geojson-vt-cpp.git) registered for path 'vendor/maplibre-native-base/deps/geojson-vt-cpp'
2026-06-22T13:17:52.1269860Z Submodule 'vendor/maplibre-native-base/deps/geojson.hpp' (https://github.com/mapbox/geojson-cpp.git) registered for path 'vendor/maplibre-native-base/deps/geojson.hpp'
2026-06-22T13:17:52.1303460Z Submodule 'vendor/maplibre-native-base/deps/geometry.hpp' (https://github.com/mapbox/geometry.hpp.git) registered for path 'vendor/maplibre-native-base/deps/geometry.hpp'
2026-06-22T13:17:52.1305230Z Submodule 'vendor/maplibre-native-base/deps/jni.hpp' (https://github.com/mapbox/jni.hpp.git) registered for path 'vendor/maplibre-native-base/deps/jni.hpp'
2026-06-22T13:17:52.1310970Z Submodule 'vendor/maplibre-native-base/deps/pixelmatch-cpp' (https://github.com/mapbox/pixelmatch-cpp.git) registered for path 'vendor/maplibre-native-base/deps/pixelmatch-cpp'
2026-06-22T13:17:52.1324290Z Submodule 'vendor/maplibre-native-base/deps/shelf-pack-cpp' (https://github.com/mapbox/shelf-pack-cpp.git) registered for path 'vendor/maplibre-native-base/deps/shelf-pack-cpp'
2026-06-22T13:17:52.1325510Z Submodule 'vendor/maplibre-native-base/deps/variant' (https://github.com/mapbox/variant.git) registered for path 'vendor/maplibre-native-base/deps/variant'
2026-06-22T13:17:52.1339130Z Submodule 'vendor/maplibre-tile-spec' (https://github.com/maplibre/maplibre-tile-spec.git) registered for path 'vendor/maplibre-tile-spec'
2026-06-22T13:17:52.1342750Z Submodule 'vendor/polylabel' (https://github.com/mapbox/polylabel.git) registered for path 'vendor/polylabel'
2026-06-22T13:17:52.1345390Z Submodule 'vendor/protozero' (https://github.com/mapbox/protozero.git) registered for path 'vendor/protozero'
2026-06-22T13:17:52.1347270Z Submodule 'vendor/rapidjson' (https://github.com/Tencent/rapidjson.git) registered for path 'vendor/rapidjson'
2026-06-22T13:17:52.1350290Z Submodule 'vendor/supercluster' (https://github.com/mapbox/supercluster.hpp.git) registered for path 'vendor/supercluster'
2026-06-22T13:17:52.1352570Z Submodule 'vendor/unique_resource' (https://github.com/okdshin/unique_resource.git) registered for path 'vendor/unique_resource'
2026-06-22T13:17:52.1358040Z Submodule 'vendor/unordered_dense' (https://github.com/martinus/unordered_dense.git) registered for path 'vendor/unordered_dense'
2026-06-22T13:17:52.1360030Z Submodule 'vendor/vector-tile' (https://github.com/maplibre/mvt-cpp.git) registered for path 'vendor/vector-tile'
2026-06-22T13:17:52.1362700Z Submodule 'vendor/wagyu' (https://github.com/mapbox/wagyu.git) registered for path 'vendor/wagyu'
2026-06-22T13:17:52.1365370Z Submodule 'vendor/webgpu-cpp' (https://github.com/eliemichel/WebGPU-Cpp.git) registered for path 'vendor/webgpu-cpp'
2026-06-22T13:17:52.1367900Z Submodule 'vendor/wgpu-native' (https://github.com/gfx-rs/wgpu-native.git) registered for path 'vendor/wgpu-native'
2026-06-22T13:17:52.1369920Z Submodule 'vendor/zip-archive' (https://github.com/ZipArchive/ZipArchive.git) registered for path 'vendor/zip-archive'
2026-06-22T13:17:52.1371980Z Cloning into '/Users/runner/work/maplibre-native/maplibre-native/docs/doxygen/doxygen-awesome-css'...
2026-06-22T13:17:54.0971590Z Cloning into '/Users/runner/work/maplibre-native/maplibre-native/platform/windows/vendor/vcpkg'...
2026-06-22T13:18:08.7322300Z Cloning into '/Users/runner/work/maplibre-native/maplibre-native/vendor/PMTiles'...
2026-06-22T13:18:10.7958630Z Cloning into '/Users/runner/work/maplibre-native/maplibre-native/vendor/Vulkan-Headers'...
2026-06-22T13:18:22.7563120Z Cloning into '/Users/runner/work/maplibre-native/maplibre-native/vendor/VulkanMemoryAllocator'...
2026-06-22T13:18:26.3035790Z Cloning into '/Users/runner/work/maplibre-native/maplibre-native/vendor/args'...
2026-06-22T13:18:27.7169690Z Cloning into '/Users/runner/work/maplibre-native/maplibre-native/vendor/benchmark'...
2026-06-22T13:18:29.2309950Z Cloning into '/Users/runner/work/maplibre-native/maplibre-native/vendor/boost'...
2026-06-22T13:18:32.5071600Z Cloning into '/Users/runner/work/maplibre-native/maplibre-native/vendor/cpp-httplib'...
2026-06-22T13:18:34.6711030Z Cloning into '/Users/runner/work/maplibre-native/maplibre-native/vendor/earcut.hpp'...
2026-06-22T13:18:35.8620530Z Cloning into '/Users/runner/work/maplibre-native/maplibre-native/vendor/eternal'...
2026-06-22T13:18:36.6516470Z Cloning into '/Users/runner/work/maplibre-native/maplibre-native/vendor/expected-lite'...
2026-06-22T13:18:37.7334930Z Cloning into '/Users/runner/work/maplibre-native/maplibre-native/vendor/filesystem'...
2026-06-22T13:18:39.1483540Z Cloning into '/Users/runner/work/maplibre-native/maplibre-native/vendor/freetype'...
2026-06-22T13:18:44.5181350Z Cloning into '/Users/runner/work/maplibre-native/maplibre-native/vendor/glslang'...
2026-06-22T13:18:50.5775410Z Cloning into '/Users/runner/work/maplibre-native/maplibre-native/vendor/googletest'...
2026-06-22T13:18:53.3224190Z Cloning into '/Users/runner/work/maplibre-native/maplibre-native/vendor/harfbuzz'...
2026-06-22T13:19:01.7456200Z Cloning into '/Users/runner/work/maplibre-native/maplibre-native/vendor/kdbush.hpp'...
2026-06-22T13:19:02.5517020Z Cloning into '/Users/runner/work/maplibre-native/maplibre-native/vendor/maplibre-native-base/deps/cheap-ruler-cpp'...
2026-06-22T13:19:03.6835110Z Cloning into '/Users/runner/work/maplibre-native/maplibre-native/vendor/maplibre-native-base/deps/geojson-vt-cpp'...
2026-06-22T13:19:04.9781470Z Cloning into '/Users/runner/work/maplibre-native/maplibre-native/vendor/maplibre-native-base/deps/geojson.hpp'...
2026-06-22T13:19:05.8616670Z Cloning into '/Users/runner/work/maplibre-native/maplibre-native/vendor/maplibre-native-base/deps/geometry.hpp'...
2026-06-22T13:19:06.8017290Z Cloning into '/Users/runner/work/maplibre-native/maplibre-native/vendor/maplibre-native-base/deps/jni.hpp'...
2026-06-22T13:19:07.7942280Z Cloning into '/Users/runner/work/maplibre-native/maplibre-native/vendor/maplibre-native-base/deps/pixelmatch-cpp'...
2026-06-22T13:19:09.0935700Z Cloning into '/Users/runner/work/maplibre-native/maplibre-native/vendor/maplibre-native-base/deps/shelf-pack-cpp'...
2026-06-22T13:19:10.2909940Z Cloning into '/Users/runner/work/maplibre-native/maplibre-native/vendor/maplibre-native-base/deps/variant'...
2026-06-22T13:19:11.4381120Z Cloning into '/Users/runner/work/maplibre-native/maplibre-native/vendor/maplibre-tile-spec'...
2026-06-22T13:19:17.5250310Z Cloning into '/Users/runner/work/maplibre-native/maplibre-native/vendor/polylabel'...
2026-06-22T13:19:18.5025330Z Cloning into '/Users/runner/work/maplibre-native/maplibre-native/vendor/protozero'...
2026-06-22T13:19:19.8858780Z Cloning into '/Users/runner/work/maplibre-native/maplibre-native/vendor/rapidjson'...
2026-06-22T13:19:23.6114690Z Cloning into '/Users/runner/work/maplibre-native/maplibre-native/vendor/supercluster'...
2026-06-22T13:19:24.5063430Z Cloning into '/Users/runner/work/maplibre-native/maplibre-native/vendor/unique_resource'...
2026-06-22T13:19:25.5436200Z Cloning into '/Users/runner/work/maplibre-native/maplibre-native/vendor/unordered_dense'...
2026-06-22T13:19:26.8364020Z Cloning into '/Users/runner/work/maplibre-native/maplibre-native/vendor/vector-tile'...
2026-06-22T13:19:27.8116000Z Cloning into '/Users/runner/work/maplibre-native/maplibre-native/vendor/wagyu'...
2026-06-22T13:19:29.2453690Z Cloning into '/Users/runner/work/maplibre-native/maplibre-native/vendor/webgpu-cpp'...
2026-06-22T13:19:30.4686670Z Cloning into '/Users/runner/work/maplibre-native/maplibre-native/vendor/wgpu-native'...
2026-06-22T13:19:31.8255580Z Cloning into '/Users/runner/work/maplibre-native/maplibre-native/vendor/zip-archive'...
2026-06-22T13:19:33.4008930Z Submodule path 'docs/doxygen/doxygen-awesome-css': checked out 'a3c119b4797be2039761ec1fa0731f038e3026f6'
2026-06-22T13:19:35.6719400Z Submodule path 'platform/windows/vendor/vcpkg': checked out 'ce613c41372b23b1f51333815feb3edd87ef8a8b'
2026-06-22T13:19:35.7994340Z Submodule path 'vendor/PMTiles': checked out 'e232df55745642b39f0cc1edfc85df2633bce29c'
2026-06-22T13:19:36.0282250Z Submodule path 'vendor/Vulkan-Headers': checked out '015e25c3c91b70eb1a754d36fb14c4ba6ad9b0b9'
2026-06-22T13:19:36.1602700Z Submodule path 'vendor/VulkanMemoryAllocator': checked out '7942b798289f752dc23b0a79516fd8545febd718'
2026-06-22T13:19:36.2204490Z Submodule path 'vendor/args': checked out '016aa8a054dd88b8e1d2a020466ce38f310444cc'
2026-06-22T13:19:36.3125510Z Submodule path 'vendor/benchmark': checked out '344117638c8ff7e239044fd0fa7085839fc03021'
2026-06-22T13:19:37.0989430Z Submodule path 'vendor/boost': checked out 'c6eb4cbc932c74c1d341d6eece8eda2da018d1e0'
2026-06-22T13:19:37.2026820Z Submodule path 'vendor/cpp-httplib': checked out '30b7732565c4630263b43c34267a605a1511f794'
2026-06-22T13:19:37.2565770Z Submodule path 'vendor/earcut.hpp': checked out '0d0897a9dc462edf6396aedb335ddeb4aa302b78'
2026-06-22T13:19:37.2637640Z Submodule 'glfw' (https://github.com/glfw/glfw.git) registered for path 'vendor/earcut.hpp/glfw'
2026-06-22T13:19:37.2768040Z Cloning into '/Users/runner/work/maplibre-native/maplibre-native/vendor/earcut.hpp/glfw'...
2026-06-22T13:19:39.7310560Z Submodule path 'vendor/earcut.hpp/glfw': checked out '90e22947c60b0c1fa47cf1496790ce1942e4a5d8'
2026-06-22T13:19:39.7770260Z Submodule path 'vendor/eternal': checked out 'dd2f5b9ff38fcd36b59efd9d289127fa73efc6cb'
2026-06-22T13:19:39.7843810Z Submodule 'vendor/benchmark' (https://github.com/google/benchmark.git) registered for path 'vendor/eternal/vendor/benchmark'
2026-06-22T13:19:39.7991330Z Cloning into '/Users/runner/work/maplibre-native/maplibre-native/vendor/eternal/vendor/benchmark'...
2026-06-22T13:19:41.2148350Z Submodule path 'vendor/eternal/vendor/benchmark': checked out 'bb15a4e3bf4c5941ee7124d284ed9ef96e9a1c68'
2026-06-22T13:19:41.2661850Z Submodule path 'vendor/expected-lite': checked out '95b9cb015fa17baa749c2b396b335906e1596a9e'
2026-06-22T13:19:41.3176680Z Submodule path 'vendor/filesystem': checked out '9fda7b0afbd0640f482f4aea8720a8c0afd18740'
2026-06-22T13:19:41.6133680Z Submodule path 'vendor/freetype': checked out '42608f77f20749dd6ddc9e0536788eaad70ea4b5'
2026-06-22T13:19:41.6206930Z Submodule 'dlg' (https://github.com/nyorain/dlg.git) registered for path 'vendor/freetype/subprojects/dlg'
2026-06-22T13:19:41.6406850Z Cloning into '/Users/runner/work/maplibre-native/maplibre-native/vendor/freetype/subprojects/dlg'...
2026-06-22T13:19:42.9859850Z Submodule path 'vendor/freetype/subprojects/dlg': checked out '72dfcc858c040c54a6a0b88fcb7e70ee186d3167'
2026-06-22T13:19:43.7231760Z Submodule path 'vendor/glslang': checked out 'a92c61f8456fa9731c0b000a2c6fc52a740c2be7'
2026-06-22T13:19:43.8978010Z Submodule path 'vendor/googletest': checked out 'b514bdc898e2951020cbdca1304b75f5950d1f59'
2026-06-22T13:19:45.3204280Z Submodule path 'vendor/harfbuzz': checked out 'c1eb66d4159fec311334aee5c0a59384491d3989'
2026-06-22T13:19:45.3610770Z Submodule path 'vendor/kdbush.hpp': checked out 'e1e847bfe97c8cdc09edbe87a4e74babc512d18d'
2026-06-22T13:19:45.3676790Z Submodule '.mason' (https://github.com/mapbox/mason.git) registered for path 'vendor/kdbush.hpp/.mason'
2026-06-22T13:19:45.3801330Z Cloning into '/Users/runner/work/maplibre-native/maplibre-native/vendor/kdbush.hpp/.mason'...
2026-06-22T13:19:47.1177310Z Submodule path 'vendor/kdbush.hpp/.mason': checked out '1f9a7bb04855ad9ce673e0e27084eddd690b2752'
2026-06-22T13:19:47.1576100Z Submodule path 'vendor/maplibre-native-base/deps/cheap-ruler-cpp': checked out '2778eb89cb3b078d31ce225c7592360d6d9bb0a0'
2026-06-22T13:19:47.2461100Z Submodule path 'vendor/maplibre-native-base/deps/geojson-vt-cpp': checked out 'b0f25fec9eb068cdf6fb9556b3cd11fd3694abf0'
2026-06-22T13:19:47.2555550Z Submodule '.mason' (https://github.com/mapbox/mason.git) registered for path 'vendor/maplibre-native-base/deps/geojson-vt-cpp/.mason'
2026-06-22T13:19:47.2747040Z Cloning into '/Users/runner/work/maplibre-native/maplibre-native/vendor/maplibre-native-base/deps/geojson-vt-cpp/.mason'...
2026-06-22T13:19:49.2507710Z Submodule path 'vendor/maplibre-native-base/deps/geojson-vt-cpp/.mason': checked out '9e7f1d8d54ac6c60d09b9c4744d20dbfbc7bc860'
2026-06-22T13:19:49.3033510Z Submodule path 'vendor/maplibre-native-base/deps/geojson.hpp': checked out 'ca4638c545183d9c138464d93f2c20975c8c4808'
2026-06-22T13:19:49.3103760Z Submodule '.mason' (https://github.com/mapbox/mason) registered for path 'vendor/maplibre-native-base/deps/geojson.hpp/.mason'
2026-06-22T13:19:49.3225590Z Cloning into '/Users/runner/work/maplibre-native/maplibre-native/vendor/maplibre-native-base/deps/geojson.hpp/.mason'...
2026-06-22T13:19:51.2161650Z Submodule path 'vendor/maplibre-native-base/deps/geojson.hpp/.mason': checked out 'b1582f56531830b7e7015d291f8f0158e88c2246'
2026-06-22T13:19:51.2730580Z Submodule path 'vendor/maplibre-native-base/deps/geometry.hpp': checked out 'a5571a3ace5853e0d1e8d5fbdc87163c824ebeb7'
2026-06-22T13:19:51.3427470Z Submodule path 'vendor/maplibre-native-base/deps/jni.hpp': checked out '57ca9ed4bbeb22ed8d20a55063dcaa217ba47f42'
2026-06-22T13:19:51.4306150Z Submodule path 'vendor/maplibre-native-base/deps/pixelmatch-cpp': checked out '61f433cb485d6b08dc7fe97ae5f8717007c7bda1'
2026-06-22T13:19:51.4985360Z Submodule path 'vendor/maplibre-native-base/deps/shelf-pack-cpp': checked out '450f25f710c346f9c1583eab2749e011081ed20e'
2026-06-22T13:19:51.5481890Z Submodule path 'vendor/maplibre-native-base/deps/variant': checked out 'a2a4858345423a760eca300ec42acad1ad123aa3'
2026-06-22T13:19:51.5541710Z Submodule '.mason' (https://github.com/mapbox/mason.git) registered for path 'vendor/maplibre-native-base/deps/variant/.mason'
2026-06-22T13:19:51.5664190Z Cloning into '/Users/runner/work/maplibre-native/maplibre-native/vendor/maplibre-native-base/deps/variant/.mason'...
2026-06-22T13:19:53.2457200Z Submodule path 'vendor/maplibre-native-base/deps/variant/.mason': checked out '6adb140160cb549400f73ea35c1d9eb5782210e0'
2026-06-22T13:19:54.6487770Z Submodule path 'vendor/maplibre-tile-spec': checked out 'f493beb6272dafe172545ef314a3f044ee8c4dc1'
2026-06-22T13:19:54.6614170Z Submodule 'cpp/vendor/fastpfor' (https://github.com/fast-pack/FastPFor.git) registered for path 'vendor/maplibre-tile-spec/cpp/vendor/fastpfor'
2026-06-22T13:19:54.6617690Z Submodule 'cpp/vendor/googletest' (https://github.com/google/googletest.git) registered for path 'vendor/maplibre-tile-spec/cpp/vendor/googletest'
2026-06-22T13:19:54.6627420Z Submodule 'cpp/vendor/json' (https://github.com/nlohmann/json.git) registered for path 'vendor/maplibre-tile-spec/cpp/vendor/json'
2026-06-22T13:19:54.6632110Z Submodule 'cpp/vendor/simde' (https://github.com/simd-everywhere/simde.git) registered for path 'vendor/maplibre-tile-spec/cpp/vendor/simde'
2026-06-22T13:19:54.6783690Z Cloning into '/Users/runner/work/maplibre-native/maplibre-native/vendor/maplibre-tile-spec/cpp/vendor/fastpfor'...
2026-06-22T13:19:56.2557410Z Cloning into '/Users/runner/work/maplibre-native/maplibre-native/vendor/maplibre-tile-spec/cpp/vendor/googletest'...
2026-06-22T13:19:59.0774480Z Cloning into '/Users/runner/work/maplibre-native/maplibre-native/vendor/maplibre-tile-spec/cpp/vendor/json'...
2026-06-22T13:20:11.6118090Z Cloning into '/Users/runner/work/maplibre-native/maplibre-native/vendor/maplibre-tile-spec/cpp/vendor/simde'...
2026-06-22T13:20:16.6921260Z Submodule path 'vendor/maplibre-tile-spec/cpp/vendor/fastpfor': checked out '49d44d94773518ef26486f7a58f8da08e8a498bb'
2026-06-22T13:20:16.7778170Z Submodule path 'vendor/maplibre-tile-spec/cpp/vendor/googletest': checked out 'c00fd25b71a17e645e4567fcb465c3fa532827d2'
2026-06-22T13:20:16.9767770Z Submodule path 'vendor/maplibre-tile-spec/cpp/vendor/json': checked out '9cca280a4d0ccf0c08f47a99aa71d1b0e52f8d03'
2026-06-22T13:20:17.2749750Z Submodule path 'vendor/maplibre-tile-spec/cpp/vendor/simde': checked out '71fd833d9666141edcd1d3c109a80e228303d8d7'
2026-06-22T13:20:17.2910710Z Submodule 'munit' (https://github.com/nemequ/munit.git) registered for path 'vendor/maplibre-tile-spec/cpp/vendor/simde/test/munit'
2026-06-22T13:20:17.3128850Z Cloning into '/Users/runner/work/maplibre-native/maplibre-native/vendor/maplibre-tile-spec/cpp/vendor/simde/test/munit'...
2026-06-22T13:20:18.3984500Z Submodule path 'vendor/maplibre-tile-spec/cpp/vendor/simde/test/munit': checked out 'da8f73412998e4f1adf1100dc187533a51af77fd'
2026-06-22T13:20:18.4581090Z Submodule path 'vendor/polylabel': checked out '6ed5f1aef3510a6c43d7d9348078948a7e074868'
2026-06-22T13:20:18.4684010Z Submodule '.mason' (https://github.com/mapbox/mason) registered for path 'vendor/polylabel/.mason'
2026-06-22T13:20:18.4892900Z Cloning into '/Users/runner/work/maplibre-native/maplibre-native/vendor/polylabel/.mason'...
2026-06-22T13:20:20.1805010Z Submodule path 'vendor/polylabel/.mason': checked out '1f9a7bb04855ad9ce673e0e27084eddd690b2752'
2026-06-22T13:20:20.2842630Z Submodule path 'vendor/protozero': checked out 'f379578a3f7c8162aac0ac31c2696de09a5b5f93'
2026-06-22T13:20:20.3967400Z Submodule path 'vendor/rapidjson': checked out '27c3a8dc0e2c9218fe94986d249a12b5ed838f1d'
2026-06-22T13:20:20.4044810Z Submodule 'thirdparty/gtest' (https://github.com/google/googletest.git) registered for path 'vendor/rapidjson/thirdparty/gtest'
2026-06-22T13:20:20.4177640Z Cloning into '/Users/runner/work/maplibre-native/maplibre-native/vendor/rapidjson/thirdparty/gtest'...
2026-06-22T13:20:23.0033100Z Submodule path 'vendor/rapidjson/thirdparty/gtest': checked out 'ba96d0b1161f540656efdaed035b3c062b60e006'
2026-06-22T13:20:23.0434580Z Submodule path 'vendor/supercluster': checked out 'e5ba492754f865b475577fd85eecc3be70e050ce'
2026-06-22T13:20:23.0503130Z Submodule '.mason' (https://github.com/mapbox/mason) registered for path 'vendor/supercluster/.mason'
2026-06-22T13:20:23.0690610Z Cloning into '/Users/runner/work/maplibre-native/maplibre-native/vendor/supercluster/.mason'...
2026-06-22T13:20:24.8322300Z Submodule path 'vendor/supercluster/.mason': checked out 'e78d6d7c729f05e53a77f6156056974d13b8c32f'
2026-06-22T13:20:24.9022570Z Submodule path 'vendor/unique_resource': checked out 'cba309e92ec79a95be2aa5a324a688a06af8d40a'
2026-06-22T13:20:25.4188110Z Submodule path 'vendor/unordered_dense': checked out '729896c7ba8bbd9da5573679270133086d05b5dd'
2026-06-22T13:20:25.4913830Z Submodule path 'vendor/vector-tile': checked out '8ad3bf0b78bf9cb0dba0abaccec0c180e1c27ab3'
2026-06-22T13:20:25.4983930Z Submodule 'bench/mvt-bench-fixtures' (https://github.com/mapbox/mvt-bench-fixtures.git) registered for path 'vendor/vector-tile/bench/mvt-bench-fixtures'
2026-06-22T13:20:25.4990520Z Submodule 'tests/mvt-fixtures' (https://github.com/mapbox/mvt-fixtures.git) registered for path 'vendor/vector-tile/test/mvt-fixtures'
2026-06-22T13:20:25.5129330Z Cloning into '/Users/runner/work/maplibre-native/maplibre-native/vendor/vector-tile/bench/mvt-bench-fixtures'...
2026-06-22T13:20:26.9077460Z Cloning into '/Users/runner/work/maplibre-native/maplibre-native/vendor/vector-tile/test/mvt-fixtures'...
2026-06-22T13:20:28.8228470Z Submodule path 'vendor/vector-tile/bench/mvt-bench-fixtures': checked out '77758e86720801c5fb7db7a2c578bfe137eb8872'
2026-06-22T13:20:28.8807890Z Submodule path 'vendor/vector-tile/test/mvt-fixtures': checked out '2bf95cf80be810e1b20b92f178b26a739151a929'
2026-06-22T13:20:29.0373610Z Submodule path 'vendor/wagyu': checked out '9c87e553a51170e4ce85fd2ef3160bc3434eb751'
2026-06-22T13:20:29.0452300Z Submodule 'tests/geometry-test-data' (https://github.com/mapnik/geometry-test-data.git) registered for path 'vendor/wagyu/tests/geometry-test-data'
2026-06-22T13:20:29.0679670Z Cloning into '/Users/runner/work/maplibre-native/maplibre-native/vendor/wagyu/tests/geometry-test-data'...
2026-06-22T13:20:36.7190270Z Submodule path 'vendor/wagyu/tests/geometry-test-data': checked out 'a623c19a91947a9d29f9ec5625ce620ab42325dc'
2026-06-22T13:20:36.8192820Z Submodule path 'vendor/webgpu-cpp': checked out 'b9507d9753960e6ca0adabd7e91c97d8c8f6e2de'
2026-06-22T13:20:36.9069150Z Submodule path 'vendor/wgpu-native': checked out 'd2e3330ade4ae1bb238d76b485926f067e7ee64c'
2026-06-22T13:20:36.9184940Z Submodule 'examples/vendor/glfw' (https://github.com/glfw/glfw.git) registered for path 'vendor/wgpu-native/examples/vendor/glfw'
2026-06-22T13:20:36.9188280Z Submodule 'ffi/webgpu-headers' (https://github.com/webgpu-native/webgpu-headers) registered for path 'vendor/wgpu-native/ffi/webgpu-headers'
2026-06-22T13:20:36.9413600Z Cloning into '/Users/runner/work/maplibre-native/maplibre-native/vendor/wgpu-native/examples/vendor/glfw'...
2026-06-22T13:20:39.7175110Z Cloning into '/Users/runner/work/maplibre-native/maplibre-native/vendor/wgpu-native/ffi/webgpu-headers'...
2026-06-22T13:20:41.2010080Z Submodule path 'vendor/wgpu-native/examples/vendor/glfw': checked out 'b35641f4a3c62aa86a0b3c983d163bc0fe36026d'
2026-06-22T13:20:41.2603160Z Submodule path 'vendor/wgpu-native/ffi/webgpu-headers': checked out '7d3186c3dd2c708703524027b46b8703534ab3cc'
2026-06-22T13:20:41.4581090Z Submodule path 'vendor/zip-archive': checked out 'b145c6f3619619fb48715c479643e2f2e0e42d2d'
2026-06-22T13:20:41.4953030Z ##[group]Run scripts/ios-ci-install-signing-assets.sh
2026-06-22T13:20:41.4953650Z [36;1mscripts/ios-ci-install-signing-assets.sh[0m
2026-06-22T13:20:41.7101380Z shell: /bin/bash --noprofile --norc -e -o pipefail {0}
2026-06-22T13:20:41.7102940Z env:
2026-06-22T13:20:41.7103430Z   BUILDTYPE: Debug
2026-06-22T13:20:41.7104250Z   HOMEBREW_NO_AUTO_UPDATE: 1
2026-06-22T13:20:41.7105310Z   HOMEBREW_NO_INSTALL_CLEANUP: 1
2026-06-22T13:20:41.7106470Z   IOS_BUNDLE_ID_PREFIX: com.louwers.maplibre-native.ci
2026-06-22T13:20:41.7117370Z   BUILD_CERTIFICATE_BASE64: 
2026-06-22T13:20:41.7118150Z   P12_PASSWORD: 
2026-06-22T13:20:41.9453080Z   BUILD_PROVISION_PROFILE_BASE64: ***
2026-06-22T13:20:41.9453490Z   KEYCHAIN_PASSWORD: ***
2026-06-22T13:20:41.9453820Z   MAPTILER_API_KEY: 
2026-06-22T13:20:41.9454040Z ##[endgroup]
2026-06-22T13:20:42.0794130Z ##[error]BUILD_CERTIFICATE_BASE64 is required
2026-06-22T13:20:42.0811470Z ##[error]Process completed with exit code 1.
2026-06-22T13:20:42.1176050Z Post job cleanup.
2026-06-22T13:20:42.5929940Z [command]/opt/homebrew/bin/git version
2026-06-22T13:20:42.6033120Z git version 2.54.0
2026-06-22T13:20:42.6067460Z Copying '/Users/runner/.gitconfig' to '/Users/runner/work/_temp/37e0f855-5b37-4054-925b-1fdb8e05bf10/.gitconfig'
2026-06-22T13:20:42.6080250Z Temporarily overriding HOME='/Users/runner/work/_temp/37e0f855-5b37-4054-925b-1fdb8e05bf10' before making global git config changes
2026-06-22T13:20:42.6081220Z Adding repository directory to the temporary git global config as a safe directory
2026-06-22T13:20:42.6087880Z [command]/opt/homebrew/bin/git config --global --add safe.directory /Users/runner/work/maplibre-native/maplibre-native
2026-06-22T13:20:42.6254170Z Removing SSH command configuration
2026-06-22T13:20:42.6254820Z [command]/opt/homebrew/bin/git config --local --name-only --get-regexp core\.sshCommand
2026-06-22T13:20:42.6362510Z [command]/opt/homebrew/bin/git submodule foreach --recursive sh -c "git config --local --name-only --get-regexp 'core\.sshCommand' && git config --local --unset-all 'core.sshCommand' || :"
2026-06-22T13:20:42.8640320Z Entering 'docs/doxygen/doxygen-awesome-css'
2026-06-22T13:20:42.9264810Z Entering 'platform/windows/vendor/vcpkg'
2026-06-22T13:20:42.9556950Z Entering 'vendor/PMTiles'
2026-06-22T13:20:42.9811750Z Entering 'vendor/Vulkan-Headers'
2026-06-22T13:20:43.0093410Z Entering 'vendor/VulkanMemoryAllocator'
2026-06-22T13:20:43.0501060Z Entering 'vendor/args'
2026-06-22T13:20:43.0777360Z Entering 'vendor/benchmark'
2026-06-22T13:20:43.1080750Z Entering 'vendor/boost'
2026-06-22T13:20:43.1578740Z Entering 'vendor/cpp-httplib'
2026-06-22T13:20:43.1917480Z Entering 'vendor/earcut.hpp'
2026-06-22T13:20:43.2305230Z Entering 'vendor/earcut.hpp/glfw'
2026-06-22T13:20:43.2548530Z Entering 'vendor/eternal'
2026-06-22T13:20:43.2786150Z Entering 'vendor/eternal/vendor/benchmark'
2026-06-22T13:20:43.3154330Z Entering 'vendor/expected-lite'
2026-06-22T13:20:43.3496820Z Entering 'vendor/filesystem'
2026-06-22T13:20:43.3848870Z Entering 'vendor/freetype'
2026-06-22T13:20:43.4241400Z Entering 'vendor/freetype/subprojects/dlg'
2026-06-22T13:20:43.4483470Z Entering 'vendor/glslang'
2026-06-22T13:20:43.4847380Z Entering 'vendor/googletest'
2026-06-22T13:20:43.5066560Z Entering 'vendor/harfbuzz'
2026-06-22T13:20:43.5505690Z Entering 'vendor/kdbush.hpp'
2026-06-22T13:20:43.5824220Z Entering 'vendor/kdbush.hpp/.mason'
2026-06-22T13:20:43.6173020Z Entering 'vendor/maplibre-native-base/deps/cheap-ruler-cpp'
2026-06-22T13:20:43.6605560Z Entering 'vendor/maplibre-native-base/deps/geojson-vt-cpp'
2026-06-22T13:20:43.6964840Z Entering 'vendor/maplibre-native-base/deps/geojson-vt-cpp/.mason'
2026-06-22T13:20:43.7377730Z Entering 'vendor/maplibre-native-base/deps/geojson.hpp'
2026-06-22T13:20:43.7658460Z Entering 'vendor/maplibre-native-base/deps/geojson.hpp/.mason'
2026-06-22T13:20:43.7967140Z Entering 'vendor/maplibre-native-base/deps/geometry.hpp'
2026-06-22T13:20:43.8210130Z Entering 'vendor/maplibre-native-base/deps/jni.hpp'
2026-06-22T13:20:43.8438790Z Entering 'vendor/maplibre-native-base/deps/pixelmatch-cpp'
2026-06-22T13:20:43.8719250Z Entering 'vendor/maplibre-native-base/deps/shelf-pack-cpp'
2026-06-22T13:20:43.8937060Z Entering 'vendor/maplibre-native-base/deps/variant'
2026-06-22T13:20:43.9280160Z Entering 'vendor/maplibre-native-base/deps/variant/.mason'
2026-06-22T13:20:43.9628810Z Entering 'vendor/maplibre-tile-spec'
2026-06-22T13:20:43.9878600Z Entering 'vendor/maplibre-tile-spec/cpp/vendor/fastpfor'
2026-06-22T13:20:44.0245040Z Entering 'vendor/maplibre-tile-spec/cpp/vendor/googletest'
2026-06-22T13:20:44.0521470Z Entering 'vendor/maplibre-tile-spec/cpp/vendor/json'
2026-06-22T13:20:44.0797990Z Entering 'vendor/maplibre-tile-spec/cpp/vendor/simde'
2026-06-22T13:20:44.1025520Z Entering 'vendor/maplibre-tile-spec/cpp/vendor/simde/test/munit'
2026-06-22T13:20:44.1266730Z Entering 'vendor/polylabel'
2026-06-22T13:20:44.1547930Z Entering 'vendor/polylabel/.mason'
2026-06-22T13:20:44.1863820Z Entering 'vendor/protozero'
2026-06-22T13:20:44.2199810Z Entering 'vendor/rapidjson'
2026-06-22T13:20:44.2423310Z Entering 'vendor/rapidjson/thirdparty/gtest'
2026-06-22T13:20:44.2625490Z Entering 'vendor/supercluster'
2026-06-22T13:20:44.2913660Z Entering 'vendor/supercluster/.mason'
2026-06-22T13:20:44.3292580Z Entering 'vendor/unique_resource'
2026-06-22T13:20:44.3520970Z Entering 'vendor/unordered_dense'
2026-06-22T13:20:44.3775620Z Entering 'vendor/vector-tile'
2026-06-22T13:20:44.4035020Z Entering 'vendor/vector-tile/bench/mvt-bench-fixtures'
2026-06-22T13:20:44.4259780Z Entering 'vendor/vector-tile/test/mvt-fixtures'
2026-06-22T13:20:44.4551250Z Entering 'vendor/wagyu'
2026-06-22T13:20:44.4812190Z Entering 'vendor/wagyu/tests/geometry-test-data'
2026-06-22T13:20:44.5123420Z Entering 'vendor/webgpu-cpp'
2026-06-22T13:20:44.5424620Z Entering 'vendor/wgpu-native'
2026-06-22T13:20:44.5753380Z Entering 'vendor/wgpu-native/examples/vendor/glfw'
2026-06-22T13:20:44.6098050Z Entering 'vendor/wgpu-native/ffi/webgpu-headers'
2026-06-22T13:20:44.6410110Z Entering 'vendor/zip-archive'
2026-06-22T13:20:44.6757480Z Removing HTTP extra header
2026-06-22T13:20:44.6764170Z [command]/opt/homebrew/bin/git config --local --name-only --get-regexp http\.https\:\/\/github\.com\/\.extraheader
2026-06-22T13:20:44.6926940Z [command]/opt/homebrew/bin/git submodule foreach --recursive sh -c "git config --local --name-only --get-regexp 'http\.https\:\/\/github\.com\/\.extraheader' && git config --local --unset-all 'http.https://github.com/.extraheader' || :"
2026-06-22T13:20:44.7981320Z Entering 'docs/doxygen/doxygen-awesome-css'
2026-06-22T13:20:44.8257300Z Entering 'platform/windows/vendor/vcpkg'
2026-06-22T13:20:44.8500440Z Entering 'vendor/PMTiles'
2026-06-22T13:20:44.8750310Z Entering 'vendor/Vulkan-Headers'
2026-06-22T13:20:44.9015570Z Entering 'vendor/VulkanMemoryAllocator'
2026-06-22T13:20:44.9205710Z Entering 'vendor/args'
2026-06-22T13:20:44.9419830Z Entering 'vendor/benchmark'
2026-06-22T13:20:44.9735150Z Entering 'vendor/boost'
2026-06-22T13:20:45.0058540Z Entering 'vendor/cpp-httplib'
2026-06-22T13:20:45.0301310Z Entering 'vendor/earcut.hpp'
2026-06-22T13:20:45.0517550Z Entering 'vendor/earcut.hpp/glfw'
2026-06-22T13:20:45.0911370Z Entering 'vendor/eternal'
2026-06-22T13:20:45.1144160Z Entering 'vendor/eternal/vendor/benchmark'
2026-06-22T13:20:45.1522260Z Entering 'vendor/expected-lite'
2026-06-22T13:20:45.1791870Z Entering 'vendor/filesystem'
2026-06-22T13:20:45.2067760Z Entering 'vendor/freetype'
2026-06-22T13:20:45.2403560Z Entering 'vendor/freetype/subprojects/dlg'
2026-06-22T13:20:45.2731790Z Entering 'vendor/glslang'
2026-06-22T13:20:45.2979780Z Entering 'vendor/googletest'
2026-06-22T13:20:45.3287240Z Entering 'vendor/harfbuzz'
2026-06-22T13:20:45.3588790Z Entering 'vendor/kdbush.hpp'
2026-06-22T13:20:45.3866700Z Entering 'vendor/kdbush.hpp/.mason'
2026-06-22T13:20:45.4317780Z Entering 'vendor/maplibre-native-base/deps/cheap-ruler-cpp'
2026-06-22T13:20:45.4624740Z Entering 'vendor/maplibre-native-base/deps/geojson-vt-cpp'
2026-06-22T13:20:45.5001560Z Entering 'vendor/maplibre-native-base/deps/geojson-vt-cpp/.mason'
2026-06-22T13:20:45.5256570Z Entering 'vendor/maplibre-native-base/deps/geojson.hpp'
2026-06-22T13:20:45.5497690Z Entering 'vendor/maplibre-native-base/deps/geojson.hpp/.mason'
2026-06-22T13:20:45.5891630Z Entering 'vendor/maplibre-native-base/deps/geometry.hpp'
2026-06-22T13:20:45.6131500Z Entering 'vendor/maplibre-native-base/deps/jni.hpp'
2026-06-22T13:20:45.6449170Z Entering 'vendor/maplibre-native-base/deps/pixelmatch-cpp'
2026-06-22T13:20:45.6674190Z Entering 'vendor/maplibre-native-base/deps/shelf-pack-cpp'
2026-06-22T13:20:45.7002940Z Entering 'vendor/maplibre-native-base/deps/variant'
2026-06-22T13:20:45.7269490Z Entering 'vendor/maplibre-native-base/deps/variant/.mason'
2026-06-22T13:20:45.7532220Z Entering 'vendor/maplibre-tile-spec'
2026-06-22T13:20:45.7856670Z Entering 'vendor/maplibre-tile-spec/cpp/vendor/fastpfor'
2026-06-22T13:20:45.8073160Z Entering 'vendor/maplibre-tile-spec/cpp/vendor/googletest'
2026-06-22T13:20:45.8419520Z Entering 'vendor/maplibre-tile-spec/cpp/vendor/json'
2026-06-22T13:20:45.8707830Z Entering 'vendor/maplibre-tile-spec/cpp/vendor/simde'
2026-06-22T13:20:45.9145350Z Entering 'vendor/maplibre-tile-spec/cpp/vendor/simde/test/munit'
2026-06-22T13:20:45.9436540Z Entering 'vendor/polylabel'
2026-06-22T13:20:45.9839430Z Entering 'vendor/polylabel/.mason'
2026-06-22T13:20:46.0216930Z Entering 'vendor/protozero'
2026-06-22T13:20:46.0568680Z Entering 'vendor/rapidjson'
2026-06-22T13:20:46.0885060Z Entering 'vendor/rapidjson/thirdparty/gtest'
2026-06-22T13:20:46.1192330Z Entering 'vendor/supercluster'
2026-06-22T13:20:46.1470410Z Entering 'vendor/supercluster/.mason'
2026-06-22T13:20:46.1836080Z Entering 'vendor/unique_resource'
2026-06-22T13:20:46.2145640Z Entering 'vendor/unordered_dense'
2026-06-22T13:20:46.2474410Z Entering 'vendor/vector-tile'
2026-06-22T13:20:46.2729320Z Entering 'vendor/vector-tile/bench/mvt-bench-fixtures'
2026-06-22T13:20:46.3031860Z Entering 'vendor/vector-tile/test/mvt-fixtures'
2026-06-22T13:20:46.3252960Z Entering 'vendor/wagyu'
2026-06-22T13:20:46.3452760Z Entering 'vendor/wagyu/tests/geometry-test-data'
2026-06-22T13:20:46.3676620Z Entering 'vendor/webgpu-cpp'
2026-06-22T13:20:46.3985400Z Entering 'vendor/wgpu-native'
2026-06-22T13:20:46.4209360Z Entering 'vendor/wgpu-native/examples/vendor/glfw'
2026-06-22T13:20:46.4434170Z Entering 'vendor/wgpu-native/ffi/webgpu-headers'
2026-06-22T13:20:46.4636390Z Entering 'vendor/zip-archive'
2026-06-22T13:20:46.4855660Z Removing includeIf entries pointing to credentials config files
2026-06-22T13:20:46.4861510Z [command]/opt/homebrew/bin/git config --local --name-only --get-regexp ^includeIf\.gitdir:
2026-06-22T13:20:46.4929500Z [command]/opt/homebrew/bin/git submodule foreach --recursive git config --local --show-origin --name-only --get-regexp remote.origin.url
2026-06-22T13:20:46.5857160Z Entering 'docs/doxygen/doxygen-awesome-css'
2026-06-22T13:20:46.5958380Z file:/Users/runner/work/maplibre-native/maplibre-native/.git/modules/docs/doxygen/doxygen-awesome-css/config	remote.origin.url
2026-06-22T13:20:46.6035060Z Entering 'platform/windows/vendor/vcpkg'
2026-06-22T13:20:46.6130830Z file:/Users/runner/work/maplibre-native/maplibre-native/.git/modules/platform/windows/vendor/vcpkg/config	remote.origin.url
2026-06-22T13:20:46.6205460Z Entering 'vendor/PMTiles'
2026-06-22T13:20:46.6310620Z file:/Users/runner/work/maplibre-native/maplibre-native/.git/modules/vendor/PMTiles/config	remote.origin.url
2026-06-22T13:20:46.6387230Z Entering 'vendor/Vulkan-Headers'
2026-06-22T13:20:46.6481140Z file:/Users/runner/work/maplibre-native/maplibre-native/.git/modules/vendor/Vulkan-Headers/config	remote.origin.url
2026-06-22T13:20:46.6546040Z Entering 'vendor/VulkanMemoryAllocator'
2026-06-22T13:20:46.6651180Z file:/Users/runner/work/maplibre-native/maplibre-native/.git/modules/vendor/VulkanMemoryAllocator/config	remote.origin.url
2026-06-22T13:20:46.6717740Z Entering 'vendor/args'
2026-06-22T13:20:46.6828120Z file:/Users/runner/work/maplibre-native/maplibre-native/.git/modules/vendor/args/config	remote.origin.url
2026-06-22T13:20:46.6889420Z Entering 'vendor/benchmark'
2026-06-22T13:20:46.6993410Z file:/Users/runner/work/maplibre-native/maplibre-native/.git/modules/vendor/benchmark/config	remote.origin.url
2026-06-22T13:20:46.7091540Z Entering 'vendor/boost'
2026-06-22T13:20:46.7304540Z file:/Users/runner/work/maplibre-native/maplibre-native/.git/modules/vendor/boost/config	remote.origin.url
2026-06-22T13:20:46.7431490Z Entering 'vendor/cpp-httplib'
2026-06-22T13:20:46.7587980Z file:/Users/runner/work/maplibre-native/maplibre-native/.git/modules/vendor/cpp-httplib/config	remote.origin.url
2026-06-22T13:20:46.7717060Z Entering 'vendor/earcut.hpp'
2026-06-22T13:20:46.7828930Z file:/Users/runner/work/maplibre-native/maplibre-native/.git/modules/vendor/earcut.hpp/config	remote.origin.url
2026-06-22T13:20:46.7941750Z Entering 'vendor/earcut.hpp/glfw'
2026-06-22T13:20:46.8108750Z file:/Users/runner/work/maplibre-native/maplibre-native/.git/modules/vendor/earcut.hpp/modules/glfw/config	remote.origin.url
2026-06-22T13:20:46.8209540Z Entering 'vendor/eternal'
2026-06-22T13:20:46.8309750Z file:/Users/runner/work/maplibre-native/maplibre-native/.git/modules/vendor/eternal/config	remote.origin.url
2026-06-22T13:20:46.8373370Z Entering 'vendor/eternal/vendor/benchmark'
2026-06-22T13:20:46.8479590Z file:/Users/runner/work/maplibre-native/maplibre-native/.git/modules/vendor/eternal/modules/vendor/benchmark/config	remote.origin.url
2026-06-22T13:20:46.8545850Z Entering 'vendor/expected-lite'
2026-06-22T13:20:46.8710310Z file:/Users/runner/work/maplibre-native/maplibre-native/.git/modules/vendor/expected-lite/config	remote.origin.url
2026-06-22T13:20:46.8772520Z Entering 'vendor/filesystem'
2026-06-22T13:20:46.8874830Z file:/Users/runner/work/maplibre-native/maplibre-native/.git/modules/vendor/filesystem/config	remote.origin.url
2026-06-22T13:20:46.8965180Z Entering 'vendor/freetype'
2026-06-22T13:20:46.9044940Z file:/Users/runner/work/maplibre-native/maplibre-native/.git/modules/vendor/harfbuzzFreetype/freetype/config	remote.origin.url
2026-06-22T13:20:46.9103990Z Entering 'vendor/freetype/subprojects/dlg'
2026-06-22T13:20:46.9206440Z file:/Users/runner/work/maplibre-native/maplibre-native/.git/modules/vendor/harfbuzzFreetype/freetype/modules/dlg/config	remote.origin.url
2026-06-22T13:20:46.9361850Z Entering 'vendor/glslang'
2026-06-22T13:20:46.9461020Z file:/Users/runner/work/maplibre-native/maplibre-native/.git/modules/vendor/glslang/config	remote.origin.url
2026-06-22T13:20:46.9527770Z Entering 'vendor/googletest'
2026-06-22T13:20:46.9625710Z file:/Users/runner/work/maplibre-native/maplibre-native/.git/modules/vendor/googletest/config	remote.origin.url
2026-06-22T13:20:46.9681370Z Entering 'vendor/harfbuzz'
2026-06-22T13:20:46.9776310Z file:/Users/runner/work/maplibre-native/maplibre-native/.git/modules/vendor/harfbuzzFreetype/harfbuzz/config	remote.origin.url
2026-06-22T13:20:46.9837830Z Entering 'vendor/kdbush.hpp'
2026-06-22T13:20:46.9962060Z file:/Users/runner/work/maplibre-native/maplibre-native/.git/modules/vendor/kdbush.hpp/config	remote.origin.url
2026-06-22T13:20:47.0043310Z Entering 'vendor/kdbush.hpp/.mason'
2026-06-22T13:20:47.0135280Z file:/Users/runner/work/maplibre-native/maplibre-native/.git/modules/vendor/kdbush.hpp/modules/.mason/config	remote.origin.url
2026-06-22T13:20:47.0255270Z Entering 'vendor/maplibre-native-base/deps/cheap-ruler-cpp'
2026-06-22T13:20:47.0400440Z file:/Users/runner/work/maplibre-native/maplibre-native/.git/modules/vendor/maplibre-native-base/deps/cheap-ruler-cpp/config	remote.origin.url
2026-06-22T13:20:47.0499230Z Entering 'vendor/maplibre-native-base/deps/geojson-vt-cpp'
2026-06-22T13:20:47.0600300Z file:/Users/runner/work/maplibre-native/maplibre-native/.git/modules/vendor/maplibre-native-base/deps/geojson-vt-cpp/config	remote.origin.url
2026-06-22T13:20:47.0665550Z Entering 'vendor/maplibre-native-base/deps/geojson-vt-cpp/.mason'
2026-06-22T13:20:47.0759970Z file:/Users/runner/work/maplibre-native/maplibre-native/.git/modules/vendor/maplibre-native-base/deps/geojson-vt-cpp/modules/.mason/config	remote.origin.url
2026-06-22T13:20:47.0826640Z Entering 'vendor/maplibre-native-base/deps/geojson.hpp'
2026-06-22T13:20:47.0997760Z file:/Users/runner/work/maplibre-native/maplibre-native/.git/modules/vendor/maplibre-native-base/deps/geojson.hpp/config	remote.origin.url
2026-06-22T13:20:47.1059890Z Entering 'vendor/maplibre-native-base/deps/geojson.hpp/.mason'
2026-06-22T13:20:47.1172950Z file:/Users/runner/work/maplibre-native/maplibre-native/.git/modules/vendor/maplibre-native-base/deps/geojson.hpp/modules/.mason/config	remote.origin.url
2026-06-22T13:20:47.1245080Z Entering 'vendor/maplibre-native-base/deps/geometry.hpp'
2026-06-22T13:20:47.1338450Z file:/Users/runner/work/maplibre-native/maplibre-native/.git/modules/vendor/maplibre-native-base/deps/geometry.hpp/config	remote.origin.url
2026-06-22T13:20:47.1398060Z Entering 'vendor/maplibre-native-base/deps/jni.hpp'
2026-06-22T13:20:47.1508870Z file:/Users/runner/work/maplibre-native/maplibre-native/.git/modules/vendor/maplibre-native-base/deps/jni.hpp/config	remote.origin.url
2026-06-22T13:20:47.1572180Z Entering 'vendor/maplibre-native-base/deps/pixelmatch-cpp'
2026-06-22T13:20:47.1674290Z file:/Users/runner/work/maplibre-native/maplibre-native/.git/modules/vendor/maplibre-native-base/deps/pixelmatch-cpp/config	remote.origin.url
2026-06-22T13:20:47.1737800Z Entering 'vendor/maplibre-native-base/deps/shelf-pack-cpp'
2026-06-22T13:20:47.1878000Z file:/Users/runner/work/maplibre-native/maplibre-native/.git/modules/vendor/maplibre-native-base/deps/shelf-pack-cpp/config	remote.origin.url
2026-06-22T13:20:47.1936220Z Entering 'vendor/maplibre-native-base/deps/variant'
2026-06-22T13:20:47.2038070Z file:/Users/runner/work/maplibre-native/maplibre-native/.git/modules/vendor/maplibre-native-base/deps/variant/config	remote.origin.url
2026-06-22T13:20:47.2095720Z Entering 'vendor/maplibre-native-base/deps/variant/.mason'
2026-06-22T13:20:47.2186780Z file:/Users/runner/work/maplibre-native/maplibre-native/.git/modules/vendor/maplibre-native-base/deps/variant/modules/.mason/config	remote.origin.url
2026-06-22T13:20:47.2250190Z Entering 'vendor/maplibre-tile-spec'
2026-06-22T13:20:47.2403180Z file:/Users/runner/work/maplibre-native/maplibre-native/.git/modules/vendor/maplibre-tile-spec/config	remote.origin.url
2026-06-22T13:20:47.2512100Z Entering 'vendor/maplibre-tile-spec/cpp/vendor/fastpfor'
2026-06-22T13:20:47.2617850Z file:/Users/runner/work/maplibre-native/maplibre-native/.git/modules/vendor/maplibre-tile-spec/modules/cpp/vendor/fastpfor/config	remote.origin.url
2026-06-22T13:20:47.2678410Z Entering 'vendor/maplibre-tile-spec/cpp/vendor/googletest'
2026-06-22T13:20:47.2771370Z file:/Users/runner/work/maplibre-native/maplibre-native/.git/modules/vendor/maplibre-tile-spec/modules/cpp/vendor/googletest/config	remote.origin.url
2026-06-22T13:20:47.2831750Z Entering 'vendor/maplibre-tile-spec/cpp/vendor/json'
2026-06-22T13:20:47.2933400Z file:/Users/runner/work/maplibre-native/maplibre-native/.git/modules/vendor/maplibre-tile-spec/modules/cpp/vendor/json/config	remote.origin.url
2026-06-22T13:20:47.3011450Z Entering 'vendor/maplibre-tile-spec/cpp/vendor/simde'
2026-06-22T13:20:47.3150790Z file:/Users/runner/work/maplibre-native/maplibre-native/.git/modules/vendor/maplibre-tile-spec/modules/cpp/vendor/simde/config	remote.origin.url
2026-06-22T13:20:47.3221200Z Entering 'vendor/maplibre-tile-spec/cpp/vendor/simde/test/munit'
2026-06-22T13:20:47.3328710Z file:/Users/runner/work/maplibre-native/maplibre-native/.git/modules/vendor/maplibre-tile-spec/modules/cpp/vendor/simde/modules/munit/config	remote.origin.url
2026-06-22T13:20:47.3396180Z Entering 'vendor/polylabel'
2026-06-22T13:20:47.3495560Z file:/Users/runner/work/maplibre-native/maplibre-native/.git/modules/vendor/polylabel/config	remote.origin.url
2026-06-22T13:20:47.3555650Z Entering 'vendor/polylabel/.mason'
2026-06-22T13:20:47.3689940Z file:/Users/runner/work/maplibre-native/maplibre-native/.git/modules/vendor/polylabel/modules/.mason/config	remote.origin.url
2026-06-22T13:20:47.3759600Z Entering 'vendor/protozero'
2026-06-22T13:20:47.3871090Z file:/Users/runner/work/maplibre-native/maplibre-native/.git/modules/vendor/protozero/config	remote.origin.url
2026-06-22T13:20:47.3936010Z Entering 'vendor/rapidjson'
2026-06-22T13:20:47.4030230Z file:/Users/runner/work/maplibre-native/maplibre-native/.git/modules/vendor/rapidjson/config	remote.origin.url
2026-06-22T13:20:47.4096570Z Entering 'vendor/rapidjson/thirdparty/gtest'
2026-06-22T13:20:47.4201010Z file:/Users/runner/work/maplibre-native/maplibre-native/.git/modules/vendor/rapidjson/modules/thirdparty/gtest/config	remote.origin.url
2026-06-22T13:20:47.4390210Z Entering 'vendor/supercluster'
2026-06-22T13:20:47.4568710Z file:/Users/runner/work/maplibre-native/maplibre-native/.git/modules/vendor/supercluster/config	remote.origin.url
2026-06-22T13:20:47.4650200Z Entering 'vendor/supercluster/.mason'
2026-06-22T13:20:47.4808060Z file:/Users/runner/work/maplibre-native/maplibre-native/.git/modules/vendor/supercluster/modules/.mason/config	remote.origin.url
2026-06-22T13:20:47.4882960Z Entering 'vendor/unique_resource'
2026-06-22T13:20:47.5064040Z file:/Users/runner/work/maplibre-native/maplibre-native/.git/modules/vendor/unique_resource/config	remote.origin.url
2026-06-22T13:20:47.5155760Z Entering 'vendor/unordered_dense'
2026-06-22T13:20:47.5258580Z file:/Users/runner/work/maplibre-native/maplibre-native/.git/modules/vendor/unordered_dense/config	remote.origin.url
2026-06-22T13:20:47.5325420Z Entering 'vendor/vector-tile'
2026-06-22T13:20:47.5428970Z file:/Users/runner/work/maplibre-native/maplibre-native/.git/modules/vendor/vector-tile/config	remote.origin.url
2026-06-22T13:20:47.5492630Z Entering 'vendor/vector-tile/bench/mvt-bench-fixtures'
2026-06-22T13:20:47.5610680Z file:/Users/runner/work/maplibre-native/maplibre-native/.git/modules/vendor/vector-tile/modules/bench/mvt-bench-fixtures/config	remote.origin.url
2026-06-22T13:20:47.5685040Z Entering 'vendor/vector-tile/test/mvt-fixtures'
2026-06-22T13:20:47.5860660Z file:/Users/runner/work/maplibre-native/maplibre-native/.git/modules/vendor/vector-tile/modules/tests/mvt-fixtures/config	remote.origin.url
2026-06-22T13:20:47.5924810Z Entering 'vendor/wagyu'
2026-06-22T13:20:47.6022960Z file:/Users/runner/work/maplibre-native/maplibre-native/.git/modules/vendor/wagyu/config	remote.origin.url
2026-06-22T13:20:47.6083000Z Entering 'vendor/wagyu/tests/geometry-test-data'
2026-06-22T13:20:47.6177210Z file:/Users/runner/work/maplibre-native/maplibre-native/.git/modules/vendor/wagyu/modules/tests/geometry-test-data/config	remote.origin.url
2026-06-22T13:20:47.6274680Z Entering 'vendor/webgpu-cpp'
2026-06-22T13:20:47.6467600Z file:/Users/runner/work/maplibre-native/maplibre-native/.git/modules/vendor/webgpu-cpp/config	remote.origin.url
2026-06-22T13:20:47.6531280Z Entering 'vendor/wgpu-native'
2026-06-22T13:20:47.6631030Z file:/Users/runner/work/maplibre-native/maplibre-native/.git/modules/vendor/wgpu-native/config	remote.origin.url
2026-06-22T13:20:47.6698820Z Entering 'vendor/wgpu-native/examples/vendor/glfw'
2026-06-22T13:20:47.6801270Z file:/Users/runner/work/maplibre-native/maplibre-native/.git/modules/vendor/wgpu-native/modules/examples/vendor/glfw/config	remote.origin.url
2026-06-22T13:20:47.6916400Z Entering 'vendor/wgpu-native/ffi/webgpu-headers'
2026-06-22T13:20:47.7063630Z file:/Users/runner/work/maplibre-native/maplibre-native/.git/modules/vendor/wgpu-native/modules/ffi/webgpu-headers/config	remote.origin.url
2026-06-22T13:20:47.7120790Z Entering 'vendor/zip-archive'
2026-06-22T13:20:47.7210040Z file:/Users/runner/work/maplibre-native/maplibre-native/.git/modules/vendor/zip-archive/config	remote.origin.url
2026-06-22T13:20:47.7287360Z [command]/opt/homebrew/bin/git config --file /Users/runner/work/maplibre-native/maplibre-native/.git/modules/docs/doxygen/doxygen-awesome-css/config --name-only --get-regexp ^includeIf\.gitdir:
2026-06-22T13:20:47.7350020Z [command]/opt/homebrew/bin/git config --file /Users/runner/work/maplibre-native/maplibre-native/.git/modules/platform/windows/vendor/vcpkg/config --name-only --get-regexp ^includeIf\.gitdir:
2026-06-22T13:20:47.7412300Z [command]/opt/homebrew/bin/git config --file /Users/runner/work/maplibre-native/maplibre-native/.git/modules/vendor/PMTiles/config --name-only --get-regexp ^includeIf\.gitdir:
2026-06-22T13:20:47.7475040Z [command]/opt/homebrew/bin/git config --file /Users/runner/work/maplibre-native/maplibre-native/.git/modules/vendor/Vulkan-Headers/config --name-only --get-regexp ^includeIf\.gitdir:
2026-06-22T13:20:47.7573700Z [command]/opt/homebrew/bin/git config --file /Users/runner/work/maplibre-native/maplibre-native/.git/modules/vendor/VulkanMemoryAllocator/config --name-only --get-regexp ^includeIf\.gitdir:
2026-06-22T13:20:47.7642640Z [command]/opt/homebrew/bin/git config --file /Users/runner/work/maplibre-native/maplibre-native/.git/modules/vendor/args/config --name-only --get-regexp ^includeIf\.gitdir:
2026-06-22T13:20:47.7712190Z [command]/opt/homebrew/bin/git config --file /Users/runner/work/maplibre-native/maplibre-native/.git/modules/vendor/benchmark/config --name-only --get-regexp ^includeIf\.gitdir:
2026-06-22T13:20:47.7775020Z [command]/opt/homebrew/bin/git config --file /Users/runner/work/maplibre-native/maplibre-native/.git/modules/vendor/boost/config --name-only --get-regexp ^includeIf\.gitdir:
2026-06-22T13:20:47.7859490Z [command]/opt/homebrew/bin/git config --file /Users/runner/work/maplibre-native/maplibre-native/.git/modules/vendor/cpp-httplib/config --name-only --get-regexp ^includeIf\.gitdir:
2026-06-22T13:20:47.7918500Z [command]/opt/homebrew/bin/git config --file /Users/runner/work/maplibre-native/maplibre-native/.git/modules/vendor/earcut.hpp/config --name-only --get-regexp ^includeIf\.gitdir:
2026-06-22T13:20:47.7977120Z [command]/opt/homebrew/bin/git config --file /Users/runner/work/maplibre-native/maplibre-native/.git/modules/vendor/earcut.hpp/modules/glfw/config --name-only --get-regexp ^includeIf\.gitdir:
2026-06-22T13:20:47.8049430Z [command]/opt/homebrew/bin/git config --file /Users/runner/work/maplibre-native/maplibre-native/.git/modules/vendor/eternal/config --name-only --get-regexp ^includeIf\.gitdir:
2026-06-22T13:20:47.8112720Z [command]/opt/homebrew/bin/git config --file /Users/runner/work/maplibre-native/maplibre-native/.git/modules/vendor/eternal/modules/vendor/benchmark/config --name-only --get-regexp ^includeIf\.gitdir:
2026-06-22T13:20:47.8173790Z [command]/opt/homebrew/bin/git config --file /Users/runner/work/maplibre-native/maplibre-native/.git/modules/vendor/expected-lite/config --name-only --get-regexp ^includeIf\.gitdir:
2026-06-22T13:20:47.8251350Z [command]/opt/homebrew/bin/git config --file /Users/runner/work/maplibre-native/maplibre-native/.git/modules/vendor/filesystem/config --name-only --get-regexp ^includeIf\.gitdir:
2026-06-22T13:20:47.8313810Z [command]/opt/homebrew/bin/git config --file /Users/runner/work/maplibre-native/maplibre-native/.git/modules/vendor/harfbuzzFreetype/freetype/config --name-only --get-regexp ^includeIf\.gitdir:
2026-06-22T13:20:47.8406400Z [command]/opt/homebrew/bin/git config --file /Users/runner/work/maplibre-native/maplibre-native/.git/modules/vendor/harfbuzzFreetype/freetype/modules/dlg/config --name-only --get-regexp ^includeIf\.gitdir:
2026-06-22T13:20:47.8490760Z [command]/opt/homebrew/bin/git config --file /Users/runner/work/maplibre-native/maplibre-native/.git/modules/vendor/glslang/config --name-only --get-regexp ^includeIf\.gitdir:
2026-06-22T13:20:47.8519020Z [command]/opt/homebrew/bin/git config --file /Users/runner/work/maplibre-native/maplibre-native/.git/modules/vendor/googletest/config --name-only --get-regexp ^includeIf\.gitdir:
2026-06-22T13:20:47.8574360Z [command]/opt/homebrew/bin/git config --file /Users/runner/work/maplibre-native/maplibre-native/.git/modules/vendor/harfbuzzFreetype/harfbuzz/config --name-only --get-regexp ^includeIf\.gitdir:
2026-06-22T13:20:47.8633590Z [command]/opt/homebrew/bin/git config --file /Users/runner/work/maplibre-native/maplibre-native/.git/modules/vendor/kdbush.hpp/config --name-only --get-regexp ^includeIf\.gitdir:
2026-06-22T13:20:47.8692600Z [command]/opt/homebrew/bin/git config --file /Users/runner/work/maplibre-native/maplibre-native/.git/modules/vendor/kdbush.hpp/modules/.mason/config --name-only --get-regexp ^includeIf\.gitdir:
2026-06-22T13:20:47.8940460Z [command]/opt/homebrew/bin/git config --file /Users/runner/work/maplibre-native/maplibre-native/.git/modules/vendor/maplibre-native-base/deps/cheap-ruler-cpp/config --name-only --get-regexp ^includeIf\.gitdir:
2026-06-22T13:20:47.8951930Z [command]/opt/homebrew/bin/git config --file /Users/runner/work/maplibre-native/maplibre-native/.git/modules/vendor/maplibre-native-base/deps/geojson-vt-cpp/config --name-only --get-regexp ^includeIf\.gitdir:
2026-06-22T13:20:47.8986450Z [command]/opt/homebrew/bin/git config --file /Users/runner/work/maplibre-native/maplibre-native/.git/modules/vendor/maplibre-native-base/deps/geojson-vt-cpp/modules/.mason/config --name-only --get-regexp ^includeIf\.gitdir:
2026-06-22T13:20:47.9053480Z [command]/opt/homebrew/bin/git config --file /Users/runner/work/maplibre-native/maplibre-native/.git/modules/vendor/maplibre-native-base/deps/geojson.hpp/config --name-only --get-regexp ^includeIf\.gitdir:
2026-06-22T13:20:47.9116730Z [command]/opt/homebrew/bin/git config --file /Users/runner/work/maplibre-native/maplibre-native/.git/modules/vendor/maplibre-native-base/deps/geojson.hpp/modules/.mason/config --name-only --get-regexp ^includeIf\.gitdir:
2026-06-22T13:20:47.9186390Z [command]/opt/homebrew/bin/git config --file /Users/runner/work/maplibre-native/maplibre-native/.git/modules/vendor/maplibre-native-base/deps/geometry.hpp/config --name-only --get-regexp ^includeIf\.gitdir:
2026-06-22T13:20:47.9233610Z [command]/opt/homebrew/bin/git config --file /Users/runner/work/maplibre-native/maplibre-native/.git/modules/vendor/maplibre-native-base/deps/jni.hpp/config --name-only --get-regexp ^includeIf\.gitdir:
2026-06-22T13:20:47.9352840Z [command]/opt/homebrew/bin/git config --file /Users/runner/work/maplibre-native/maplibre-native/.git/modules/vendor/maplibre-native-base/deps/pixelmatch-cpp/config --name-only --get-regexp ^includeIf\.gitdir:
2026-06-22T13:20:47.9426410Z [command]/opt/homebrew/bin/git config --file /Users/runner/work/maplibre-native/maplibre-native/.git/modules/vendor/maplibre-native-base/deps/shelf-pack-cpp/config --name-only --get-regexp ^includeIf\.gitdir:
2026-06-22T13:20:47.9514450Z [command]/opt/homebrew/bin/git config --file /Users/runner/work/maplibre-native/maplibre-native/.git/modules/vendor/maplibre-native-base/deps/variant/config --name-only --get-regexp ^includeIf\.gitdir:
2026-06-22T13:20:47.9577440Z [command]/opt/homebrew/bin/git config --file /Users/runner/work/maplibre-native/maplibre-native/.git/modules/vendor/maplibre-native-base/deps/variant/modules/.mason/config --name-only --get-regexp ^includeIf\.gitdir:
2026-06-22T13:20:47.9748060Z [command]/opt/homebrew/bin/git config --file /Users/runner/work/maplibre-native/maplibre-native/.git/modules/vendor/maplibre-tile-spec/config --name-only --get-regexp ^includeIf\.gitdir:
2026-06-22T13:20:47.9752560Z [command]/opt/homebrew/bin/git config --file /Users/runner/work/maplibre-native/maplibre-native/.git/modules/vendor/maplibre-tile-spec/modules/cpp/vendor/fastpfor/config --name-only --get-regexp ^includeIf\.gitdir:
2026-06-22T13:20:47.9771880Z [command]/opt/homebrew/bin/git config --file /Users/runner/work/maplibre-native/maplibre-native/.git/modules/vendor/maplibre-tile-spec/modules/cpp/vendor/googletest/config --name-only --get-regexp ^includeIf\.gitdir:
2026-06-22T13:20:47.9853720Z [command]/opt/homebrew/bin/git config --file /Users/runner/work/maplibre-native/maplibre-native/.git/modules/vendor/maplibre-tile-spec/modules/cpp/vendor/json/config --name-only --get-regexp ^includeIf\.gitdir:
2026-06-22T13:20:47.9925040Z [command]/opt/homebrew/bin/git config --file /Users/runner/work/maplibre-native/maplibre-native/.git/modules/vendor/maplibre-tile-spec/modules/cpp/vendor/simde/config --name-only --get-regexp ^includeIf\.gitdir:
2026-06-22T13:20:48.0039880Z [command]/opt/homebrew/bin/git config --file /Users/runner/work/maplibre-native/maplibre-native/.git/modules/vendor/maplibre-tile-spec/modules/cpp/vendor/simde/modules/munit/config --name-only --get-regexp ^includeIf\.gitdir:
2026-06-22T13:20:48.0098210Z [command]/opt/homebrew/bin/git config --file /Users/runner/work/maplibre-native/maplibre-native/.git/modules/vendor/polylabel/config --name-only --get-regexp ^includeIf\.gitdir:
2026-06-22T13:20:48.0162390Z [command]/opt/homebrew/bin/git config --file /Users/runner/work/maplibre-native/maplibre-native/.git/modules/vendor/polylabel/modules/.mason/config --name-only --get-regexp ^includeIf\.gitdir:
2026-06-22T13:20:48.0213760Z [command]/opt/homebrew/bin/git config --file /Users/runner/work/maplibre-native/maplibre-native/.git/modules/vendor/protozero/config --name-only --get-regexp ^includeIf\.gitdir:
2026-06-22T13:20:48.0276260Z [command]/opt/homebrew/bin/git config --file /Users/runner/work/maplibre-native/maplibre-native/.git/modules/vendor/rapidjson/config --name-only --get-regexp ^includeIf\.gitdir:
2026-06-22T13:20:48.0339560Z [command]/opt/homebrew/bin/git config --file /Users/runner/work/maplibre-native/maplibre-native/.git/modules/vendor/rapidjson/modules/thirdparty/gtest/config --name-only --get-regexp ^includeIf\.gitdir:
2026-06-22T13:20:48.0397240Z [command]/opt/homebrew/bin/git config --file /Users/runner/work/maplibre-native/maplibre-native/.git/modules/vendor/supercluster/config --name-only --get-regexp ^includeIf\.gitdir:
2026-06-22T13:20:48.0454410Z [command]/opt/homebrew/bin/git config --file /Users/runner/work/maplibre-native/maplibre-native/.git/modules/vendor/supercluster/modules/.mason/config --name-only --get-regexp ^includeIf\.gitdir:
2026-06-22T13:20:48.0518320Z [command]/opt/homebrew/bin/git config --file /Users/runner/work/maplibre-native/maplibre-native/.git/modules/vendor/unique_resource/config --name-only --get-regexp ^includeIf\.gitdir:
2026-06-22T13:20:48.0576230Z [command]/opt/homebrew/bin/git config --file /Users/runner/work/maplibre-native/maplibre-native/.git/modules/vendor/unordered_dense/config --name-only --get-regexp ^includeIf\.gitdir:
2026-06-22T13:20:48.0642720Z [command]/opt/homebrew/bin/git config --file /Users/runner/work/maplibre-native/maplibre-native/.git/modules/vendor/vector-tile/config --name-only --get-regexp ^includeIf\.gitdir:
2026-06-22T13:20:48.0701590Z [command]/opt/homebrew/bin/git config --file /Users/runner/work/maplibre-native/maplibre-native/.git/modules/vendor/vector-tile/modules/bench/mvt-bench-fixtures/config --name-only --get-regexp ^includeIf\.gitdir:
2026-06-22T13:20:48.0758820Z [command]/opt/homebrew/bin/git config --file /Users/runner/work/maplibre-native/maplibre-native/.git/modules/vendor/vector-tile/modules/tests/mvt-fixtures/config --name-only --get-regexp ^includeIf\.gitdir:
2026-06-22T13:20:48.0826640Z [command]/opt/homebrew/bin/git config --file /Users/runner/work/maplibre-native/maplibre-native/.git/modules/vendor/wagyu/config --name-only --get-regexp ^includeIf\.gitdir:
2026-06-22T13:20:48.0886710Z [command]/opt/homebrew/bin/git config --file /Users/runner/work/maplibre-native/maplibre-native/.git/modules/vendor/wagyu/modules/tests/geometry-test-data/config --name-only --get-regexp ^includeIf\.gitdir:
2026-06-22T13:20:48.0948940Z [command]/opt/homebrew/bin/git config --file /Users/runner/work/maplibre-native/maplibre-native/.git/modules/vendor/webgpu-cpp/config --name-only --get-regexp ^includeIf\.gitdir:
2026-06-22T13:20:48.1023060Z [command]/opt/homebrew/bin/git config --file /Users/runner/work/maplibre-native/maplibre-native/.git/modules/vendor/wgpu-native/config --name-only --get-regexp ^includeIf\.gitdir:
2026-06-22T13:20:48.1086010Z [command]/opt/homebrew/bin/git config --file /Users/runner/work/maplibre-native/maplibre-native/.git/modules/vendor/wgpu-native/modules/examples/vendor/glfw/config --name-only --get-regexp ^includeIf\.gitdir:
2026-06-22T13:20:48.1152660Z [command]/opt/homebrew/bin/git config --file /Users/runner/work/maplibre-native/maplibre-native/.git/modules/vendor/wgpu-native/modules/ffi/webgpu-headers/config --name-only --get-regexp ^includeIf\.gitdir:
2026-06-22T13:20:48.1213570Z [command]/opt/homebrew/bin/git config --file /Users/runner/work/maplibre-native/maplibre-native/.git/modules/vendor/zip-archive/config --name-only --get-regexp ^includeIf\.gitdir:
2026-06-22T13:20:48.1508330Z Cleaning up orphan processes
